JasperGold Apps 2021.03 FCS 64 bits 2021.03.23 02:50:43 UTC

Any disclosure about the Cadence Design Systems software or its use
model to any third party violates the written Non-Disclosure Agreement
between Cadence Design Systems, Inc. and the customer.

THIS SOFTWARE CONTAINS CONFIDENTIAL INFORMATION AND TRADE SECRETS OF
CADENCE DESIGN SYSTEMS, INC. USE, DISCLOSURE, OR REPRODUCTION IS
PROHIBITED WITHOUT THE PRIOR EXPRESS WRITTEN PERMISSION OF CADENCE
DESIGN SYSTEMS, INC.

Copyright (C) 2000-2021 Cadence Design Systems, Inc. All Rights
Reserved.  Unpublished -- rights reserved under the copyright laws of
the United States.

This product includes software developed by others and redistributed
according to license agreement. See doc/third_party_readme.txt for
further details.

RESTRICTED RIGHTS LEGEND

Use, duplication, or disclosure by the Government is subject to
restrictions as set forth in subparagraph (c) (1) (ii) of the Rights in
Technical Data and Computer Software clause at DFARS 252.227-7013 or
subparagraphs (c) (1) and (2) of Commercial Computer Software -- Restricted
Rights at 48 CFR 52.227-19, as applicable.


                          Cadence Design Systems, Inc. 
                          2655 Seely Avenue
                          San Jose, CA 95134
                          Phone: 408.943.1234

For technical assistance visit http://support.cadence.com.

JasperGold Apps Analysis Session - /home/rk6650/VeriTriples/malik2627research/repos_6.24/ananthbhat94_DDR4MemoryController/jgproject/sessionLogs/session_0

INFO: successfully checked out license "jasper_fao".
INFO: reading configuration file "/home/rk6650/.config/jasper/jaspergold.conf".
% clear -all
INFO (IPF121): Cleared environment completely for new design analysis.
% 
% catch { analyze -sv -incdir /home/rk6650/VeriTriples/malik2627research/repos_6.24/ananthbhat94_DDR4MemoryController -incdir /home/rk6650/VeriTriples/malik2627research /home/rk6650/VeriTriples/malik2627research/repos_6.24/ananthbhat94_DDR4MemoryController/Memory.sv }
[-- (VERI-1482)] Analyzing Verilog file '/usr/licensed/cadence-20210126/jasper_2021.03/lib/verilog/packages/std/std.sv' into library 'std'
[-- (VERI-1482)] Analyzing Verilog file '/home/rk6650/VeriTriples/malik2627research/repos_6.24/ananthbhat94_DDR4MemoryController/Memory.sv'
[INFO (VERI-1328)] /home/rk6650/VeriTriples/malik2627research/repos_6.24/ananthbhat94_DDR4MemoryController/Memory.sv(6): analyzing included file '/home/rk6650/VeriTriples/malik2627research/repos_6.24/ananthbhat94_DDR4MemoryController/Definitions.pkg'
[WARN (VERI-2059)] /home/rk6650/VeriTriples/malik2627research/repos_6.24/ananthbhat94_DDR4MemoryController/Memory.sv(6): `include directive not isolated on its own line
[INFO (VERI-1328)] /home/rk6650/VeriTriples/malik2627research/repos_6.24/ananthbhat94_DDR4MemoryController/Memory.sv(198): analyzing included file '/home/rk6650/VeriTriples/malik2627research/repos_6.24/ananthbhat94_DDR4MemoryController/Definitions.pkg'
[WARN (VERI-2059)] /home/rk6650/VeriTriples/malik2627research/repos_6.24/ananthbhat94_DDR4MemoryController/Memory.sv(198): `include directive not isolated on its own line
[WARN (VERI-1223)] /home/rk6650/VeriTriples/malik2627research/repos_6.24/ananthbhat94_DDR4MemoryController/Memory.sv(297): constant expression cannot contain a hierarchical identifier
[WARN (VERI-1223)] /home/rk6650/VeriTriples/malik2627research/repos_6.24/ananthbhat94_DDR4MemoryController/Memory.sv(297): constant expression cannot contain a hierarchical identifier
[WARN (VERI-1223)] /home/rk6650/VeriTriples/malik2627research/repos_6.24/ananthbhat94_DDR4MemoryController/Memory.sv(297): constant expression cannot contain a hierarchical identifier
[WARN (VERI-1223)] /home/rk6650/VeriTriples/malik2627research/repos_6.24/ananthbhat94_DDR4MemoryController/Memory.sv(297): constant expression cannot contain a hierarchical identifier
0
% catch { analyze -sv -incdir /home/rk6650/VeriTriples/malik2627research/repos_6.24/ananthbhat94_DDR4MemoryController -incdir /home/rk6650/VeriTriples/malik2627research /home/rk6650/VeriTriples/malik2627research/repos_6.24/ananthbhat94_DDR4MemoryController/Send_command.sv }
[-- (VERI-1482)] Analyzing Verilog file '/home/rk6650/VeriTriples/malik2627research/repos_6.24/ananthbhat94_DDR4MemoryController/Send_command.sv'
[WARN (VERI-1223)] /home/rk6650/VeriTriples/malik2627research/repos_6.24/ananthbhat94_DDR4MemoryController/Send_command.sv(4): constant expression cannot contain a hierarchical identifier
[WARN (VERI-1223)] /home/rk6650/VeriTriples/malik2627research/repos_6.24/ananthbhat94_DDR4MemoryController/Send_command.sv(4): constant expression cannot contain a hierarchical identifier
[WARN (VERI-1223)] /home/rk6650/VeriTriples/malik2627research/repos_6.24/ananthbhat94_DDR4MemoryController/Send_command.sv(6): constant expression cannot contain a hierarchical identifier
[WARN (VERI-1223)] /home/rk6650/VeriTriples/malik2627research/repos_6.24/ananthbhat94_DDR4MemoryController/Send_command.sv(7): constant expression cannot contain a hierarchical identifier
0
% catch { analyze -sv -incdir /home/rk6650/VeriTriples/malik2627research/repos_6.24/ananthbhat94_DDR4MemoryController -incdir /home/rk6650/VeriTriples/malik2627research /home/rk6650/VeriTriples/malik2627research/repos_6.24/ananthbhat94_DDR4MemoryController/Controller_FSM.sv }
[-- (VERI-1482)] Analyzing Verilog file '/home/rk6650/VeriTriples/malik2627research/repos_6.24/ananthbhat94_DDR4MemoryController/Controller_FSM.sv'
[INFO (VERI-1328)] /home/rk6650/VeriTriples/malik2627research/repos_6.24/ananthbhat94_DDR4MemoryController/Controller_FSM.sv(10): analyzing included file '/home/rk6650/VeriTriples/malik2627research/repos_6.24/ananthbhat94_DDR4MemoryController/Definitions.pkg'
0
% 
% catch { analyze -sv -incdir /home/rk6650/VeriTriples/malik2627research/repos_6.24/ananthbhat94_DDR4MemoryController -incdir /home/rk6650/VeriTriples/malik2627research /home/rk6650/VeriTriples/malik2627research/repos_6.24/ananthbhat94_DDR4MemoryController/ReadWrite.sv }
[-- (VERI-1482)] Analyzing Verilog file '/home/rk6650/VeriTriples/malik2627research/repos_6.24/ananthbhat94_DDR4MemoryController/ReadWrite.sv'
0
% catch { analyze -sv -incdir /home/rk6650/VeriTriples/malik2627research/repos_6.24/ananthbhat94_DDR4MemoryController -incdir /home/rk6650/VeriTriples/malik2627research /home/rk6650/VeriTriples/malik2627research/repos_6.24/ananthbhat94_DDR4MemoryController/CalcMax.sv }
[-- (VERI-1482)] Analyzing Verilog file '/home/rk6650/VeriTriples/malik2627research/repos_6.24/ananthbhat94_DDR4MemoryController/CalcMax.sv'
0
% catch { analyze -sv -incdir /home/rk6650/VeriTriples/malik2627research/repos_6.24/ananthbhat94_DDR4MemoryController -incdir /home/rk6650/VeriTriples/malik2627research /home/rk6650/VeriTriples/malik2627research/repos_6.24/ananthbhat94_DDR4MemoryController/Receive_command.sv }
[-- (VERI-1482)] Analyzing Verilog file '/home/rk6650/VeriTriples/malik2627research/repos_6.24/ananthbhat94_DDR4MemoryController/Receive_command.sv'
[WARN (VERI-1223)] /home/rk6650/VeriTriples/malik2627research/repos_6.24/ananthbhat94_DDR4MemoryController/Receive_command.sv(8): constant expression cannot contain a hierarchical identifier
[WARN (VERI-1223)] /home/rk6650/VeriTriples/malik2627research/repos_6.24/ananthbhat94_DDR4MemoryController/Receive_command.sv(9): constant expression cannot contain a hierarchical identifier
[WARN (VERI-1223)] /home/rk6650/VeriTriples/malik2627research/repos_6.24/ananthbhat94_DDR4MemoryController/Receive_command.sv(12): constant expression cannot contain a hierarchical identifier
[WARN (VERI-1223)] /home/rk6650/VeriTriples/malik2627research/repos_6.24/ananthbhat94_DDR4MemoryController/Receive_command.sv(13): constant expression cannot contain a hierarchical identifier
0
% catch { analyze -sv -incdir /home/rk6650/VeriTriples/malik2627research/repos_6.24/ananthbhat94_DDR4MemoryController -incdir /home/rk6650/VeriTriples/malik2627research /home/rk6650/VeriTriples/malik2627research/repos_6.24/ananthbhat94_DDR4MemoryController/Scheduler.sv }
[-- (VERI-1482)] Analyzing Verilog file '/home/rk6650/VeriTriples/malik2627research/repos_6.24/ananthbhat94_DDR4MemoryController/Scheduler.sv'
[INFO (VERI-1328)] /home/rk6650/VeriTriples/malik2627research/repos_6.24/ananthbhat94_DDR4MemoryController/Scheduler.sv(7): analyzing included file '/home/rk6650/VeriTriples/malik2627research/repos_6.24/ananthbhat94_DDR4MemoryController/Definitions.pkg'
[WARN (VERI-2059)] /home/rk6650/VeriTriples/malik2627research/repos_6.24/ananthbhat94_DDR4MemoryController/Scheduler.sv(7): `include directive not isolated on its own line
0
% catch { analyze -sv -incdir /home/rk6650/VeriTriples/malik2627research/repos_6.24/ananthbhat94_DDR4MemoryController -incdir /home/rk6650/VeriTriples/malik2627research /home/rk6650/VeriTriples/malik2627research/repos_6.24/ananthbhat94_DDR4MemoryController/Read_data_comm.sv }
[-- (VERI-1482)] Analyzing Verilog file '/home/rk6650/VeriTriples/malik2627research/repos_6.24/ananthbhat94_DDR4MemoryController/Read_data_comm.sv'
[WARN (VERI-1223)] /home/rk6650/VeriTriples/malik2627research/repos_6.24/ananthbhat94_DDR4MemoryController/Read_data_comm.sv(10): constant expression cannot contain a hierarchical identifier
[WARN (VERI-1223)] /home/rk6650/VeriTriples/malik2627research/repos_6.24/ananthbhat94_DDR4MemoryController/Read_data_comm.sv(21): constant expression cannot contain a hierarchical identifier
0
% catch { analyze -sv -incdir /home/rk6650/VeriTriples/malik2627research/repos_6.24/ananthbhat94_DDR4MemoryController -incdir /home/rk6650/VeriTriples/malik2627research /home/rk6650/VeriTriples/malik2627research/repos_6.24/ananthbhat94_DDR4MemoryController/MemoryController.sv }
[-- (VERI-1482)] Analyzing Verilog file '/home/rk6650/VeriTriples/malik2627research/repos_6.24/ananthbhat94_DDR4MemoryController/MemoryController.sv'
[INFO (VERI-1328)] /home/rk6650/VeriTriples/malik2627research/repos_6.24/ananthbhat94_DDR4MemoryController/MemoryController.sv(8): analyzing included file '/home/rk6650/VeriTriples/malik2627research/repos_6.24/ananthbhat94_DDR4MemoryController/Definitions.pkg'
0
% catch { analyze -sv -incdir /home/rk6650/VeriTriples/malik2627research/repos_6.24/ananthbhat94_DDR4MemoryController -incdir /home/rk6650/VeriTriples/malik2627research /home/rk6650/VeriTriples/malik2627research/repos_6.24/ananthbhat94_DDR4MemoryController/ShiftReg.sv }
[-- (VERI-1482)] Analyzing Verilog file '/home/rk6650/VeriTriples/malik2627research/repos_6.24/ananthbhat94_DDR4MemoryController/ShiftReg.sv'
[INFO (VERI-1328)] /home/rk6650/VeriTriples/malik2627research/repos_6.24/ananthbhat94_DDR4MemoryController/ShiftReg.sv(6): analyzing included file '/home/rk6650/VeriTriples/malik2627research/repos_6.24/ananthbhat94_DDR4MemoryController/Definitions.pkg'
[WARN (VERI-2059)] /home/rk6650/VeriTriples/malik2627research/repos_6.24/ananthbhat94_DDR4MemoryController/ShiftReg.sv(6): `include directive not isolated on its own line
[INFO (VERI-1328)] /home/rk6650/VeriTriples/malik2627research/repos_6.24/ananthbhat94_DDR4MemoryController/ShiftReg.sv(29): analyzing included file '/home/rk6650/VeriTriples/malik2627research/repos_6.24/ananthbhat94_DDR4MemoryController/Definitions.pkg'
[WARN (VERI-2059)] /home/rk6650/VeriTriples/malik2627research/repos_6.24/ananthbhat94_DDR4MemoryController/ShiftReg.sv(29): `include directive not isolated on its own line
0
% catch { analyze -sv -incdir /home/rk6650/VeriTriples/malik2627research/repos_6.24/ananthbhat94_DDR4MemoryController -incdir /home/rk6650/VeriTriples/malik2627research /home/rk6650/VeriTriples/malik2627research/repos_6.24/ananthbhat94_DDR4MemoryController/Timer.sv }
[-- (VERI-1482)] Analyzing Verilog file '/home/rk6650/VeriTriples/malik2627research/repos_6.24/ananthbhat94_DDR4MemoryController/Timer.sv'
0
% 
% catch { analyze -sv -incdir /home/rk6650/VeriTriples/malik2627research/repos_6.24/ananthbhat94_DDR4MemoryController -incdir /home/rk6650/VeriTriples/malik2627research /home/rk6650/VeriTriples/malik2627research/repos_6.24/ananthbhat94_DDR4MemoryController/Memory.sv }
[-- (VERI-1482)] Analyzing Verilog file '/home/rk6650/VeriTriples/malik2627research/repos_6.24/ananthbhat94_DDR4MemoryController/Memory.sv'
[WARN (VERI-1295)] /home/rk6650/VeriTriples/malik2627research/repos_6.24/ananthbhat94_DDR4MemoryController/Memory.sv(4): macro 'DPRINT' redefined
[INFO (VERI-1328)] /home/rk6650/VeriTriples/malik2627research/repos_6.24/ananthbhat94_DDR4MemoryController/Memory.sv(6): analyzing included file '/home/rk6650/VeriTriples/malik2627research/repos_6.24/ananthbhat94_DDR4MemoryController/Definitions.pkg'
[WARN (VERI-2059)] /home/rk6650/VeriTriples/malik2627research/repos_6.24/ananthbhat94_DDR4MemoryController/Memory.sv(6): `include directive not isolated on its own line
[WARN (VERI-1206)] /home/rk6650/VeriTriples/malik2627research/repos_6.24/ananthbhat94_DDR4MemoryController/Memory.sv(192): overwriting previous definition of module 'Memory'
[INFO (VERI-2142)] /home/rk6650/VeriTriples/malik2627research/repos_6.24/ananthbhat94_DDR4MemoryController/Memory.sv(192): previous definition of design element 'Memory' is here
[INFO (VERI-1328)] /home/rk6650/VeriTriples/malik2627research/repos_6.24/ananthbhat94_DDR4MemoryController/Memory.sv(198): analyzing included file '/home/rk6650/VeriTriples/malik2627research/repos_6.24/ananthbhat94_DDR4MemoryController/Definitions.pkg'
[WARN (VERI-2059)] /home/rk6650/VeriTriples/malik2627research/repos_6.24/ananthbhat94_DDR4MemoryController/Memory.sv(198): `include directive not isolated on its own line
[WARN (VERI-1223)] /home/rk6650/VeriTriples/malik2627research/repos_6.24/ananthbhat94_DDR4MemoryController/Memory.sv(297): constant expression cannot contain a hierarchical identifier
[WARN (VERI-1223)] /home/rk6650/VeriTriples/malik2627research/repos_6.24/ananthbhat94_DDR4MemoryController/Memory.sv(297): constant expression cannot contain a hierarchical identifier
[WARN (VERI-1223)] /home/rk6650/VeriTriples/malik2627research/repos_6.24/ananthbhat94_DDR4MemoryController/Memory.sv(297): constant expression cannot contain a hierarchical identifier
[WARN (VERI-1223)] /home/rk6650/VeriTriples/malik2627research/repos_6.24/ananthbhat94_DDR4MemoryController/Memory.sv(297): constant expression cannot contain a hierarchical identifier
[WARN (VERI-1206)] /home/rk6650/VeriTriples/malik2627research/repos_6.24/ananthbhat94_DDR4MemoryController/Memory.sv(304): overwriting previous definition of module 'MemoryFSM'
[INFO (VERI-2142)] /home/rk6650/VeriTriples/malik2627research/repos_6.24/ananthbhat94_DDR4MemoryController/Memory.sv(304): previous definition of design element 'MemoryFSM' is here
0
% catch { analyze -sv -incdir /home/rk6650/VeriTriples/malik2627research/repos_6.24/ananthbhat94_DDR4MemoryController -incdir /home/rk6650/VeriTriples/malik2627research /home/rk6650/VeriTriples/malik2627research/repos_6.24/ananthbhat94_DDR4MemoryController/Controller_FSM.sv }
[-- (VERI-1482)] Analyzing Verilog file '/home/rk6650/VeriTriples/malik2627research/repos_6.24/ananthbhat94_DDR4MemoryController/Controller_FSM.sv'
[INFO (VERI-1328)] /home/rk6650/VeriTriples/malik2627research/repos_6.24/ananthbhat94_DDR4MemoryController/Controller_FSM.sv(10): analyzing included file '/home/rk6650/VeriTriples/malik2627research/repos_6.24/ananthbhat94_DDR4MemoryController/Definitions.pkg'
[WARN (VERI-1206)] /home/rk6650/VeriTriples/malik2627research/repos_6.24/ananthbhat94_DDR4MemoryController/Controller_FSM.sv(242): overwriting previous definition of module 'MemContFSM'
[INFO (VERI-2142)] /home/rk6650/VeriTriples/malik2627research/repos_6.24/ananthbhat94_DDR4MemoryController/Controller_FSM.sv(242): previous definition of design element 'MemContFSM' is here
0
% 
% 
%             if {[catch {elaborate -top receive_read_data} err]} {
            puts "ELAB ERROR: $err"
            exit
            }
INFO (ISW003): Top module name is "receive_read_data".
[ERROR (VERI-1128)] /home/rk6650/VeriTriples/malik2627research/repos_6.24/ananthbhat94_DDR4MemoryController/Read_data_comm.sv(21): 'C2MInterface' is not declared
[INFO (VERI-8000)] /home/rk6650/VeriTriples/malik2627research/repos_6.24/ananthbhat94_DDR4MemoryController/Read_data_comm.sv(21): Creating net C2MInterface.Cache_data
[INFO (VERI-8000)] /home/rk6650/VeriTriples/malik2627research/repos_6.24/ananthbhat94_DDR4MemoryController/Read_data_comm.sv(21): Creating net IF.DWIDTH
[ERROR (VERI-1103)] /home/rk6650/VeriTriples/malik2627research/repos_6.24/ananthbhat94_DDR4MemoryController/Read_data_comm.sv(21): range index value is not constant
[INFO (VERI-1073)] /home/rk6650/VeriTriples/malik2627research/repos_6.24/ananthbhat94_DDR4MemoryController/Read_data_comm.sv(20): module 'receive_read_data' remains a black box due to errors in its contents
[ERROR (VDB-9017)] Module receive_read_data could not be elaborated
Summary of errors detected:
	[ERROR (VERI-1128)] /home/rk6650/VeriTriples/malik2627research/repos_6.24/ananthbhat94_DDR4MemoryController/Read_data_comm.sv(21): 'C2MInterface' is not declared
	[ERROR (VERI-1103)] /home/rk6650/VeriTriples/malik2627research/repos_6.24/ananthbhat94_DDR4MemoryController/Read_data_comm.sv(21): range index value is not constant
	[ERROR (VDB-9017)] Module receive_read_data could not be elaborated
ELAB ERROR: ERROR (ENL034): 3 errors detected in the design file(s).

% INFO (IPL005): Received request to exit from the console.
INFO (IPL018): The peak resident set memory use for this session was 0.418 GB.
INFO (IPL014): Waiting for the Tcl-thread to exit.
INFO (IPL015): The Tcl-thread exited with status 0.
INFO (IPL016): Exiting the analysis session with status 0.
