JasperGold Apps 2021.03 FCS 64 bits 2021.03.23 02:50:43 UTC

Any disclosure about the Cadence Design Systems software or its use
model to any third party violates the written Non-Disclosure Agreement
between Cadence Design Systems, Inc. and the customer.

THIS SOFTWARE CONTAINS CONFIDENTIAL INFORMATION AND TRADE SECRETS OF
CADENCE DESIGN SYSTEMS, INC. USE, DISCLOSURE, OR REPRODUCTION IS
PROHIBITED WITHOUT THE PRIOR EXPRESS WRITTEN PERMISSION OF CADENCE
DESIGN SYSTEMS, INC.

Copyright (C) 2000-2021 Cadence Design Systems, Inc. All Rights
Reserved.  Unpublished -- rights reserved under the copyright laws of
the United States.

This product includes software developed by others and redistributed
according to license agreement. See doc/third_party_readme.txt for
further details.

RESTRICTED RIGHTS LEGEND

Use, duplication, or disclosure by the Government is subject to
restrictions as set forth in subparagraph (c) (1) (ii) of the Rights in
Technical Data and Computer Software clause at DFARS 252.227-7013 or
subparagraphs (c) (1) and (2) of Commercial Computer Software -- Restricted
Rights at 48 CFR 52.227-19, as applicable.


                          Cadence Design Systems, Inc. 
                          2655 Seely Avenue
                          San Jose, CA 95134
                          Phone: 408.943.1234

For technical assistance visit http://support.cadence.com.

JasperGold Apps Analysis Session - /home/rk6650/VeriTriples/malik2627research/repos_6.24/Aquaticfuller_OpenExSys_NoC/jgproject/sessionLogs/session_0

INFO: successfully checked out license "jasper_fao".
INFO: reading configuration file "/home/rk6650/.config/jasper/jaspergold.conf".
% clear -all
INFO (IPF121): Cleared environment completely for new design analysis.
% 
% catch { analyze -sv -incdir /home/rk6650/VeriTriples/malik2627research -incdir /home/rk6650/VeriTriples/malik2627research/rtl -incdir /home/rk6650/VeriTriples/malik2627research/rtl/include -incdir /home/rk6650/VeriTriples/malik2627research/rtl/model -incdir /home/rk6650/VeriTriples/malik2627research/rtl/model/cells -incdir /home/rk6650/VeriTriples/malik2627research/rtl/ruby -incdir /home/rk6650/VeriTriples/malik2627research/rtl/util -incdir /home/rk6650/VeriTriples/malik2627research/tb /home/rk6650/VeriTriples/malik2627research/repos_6.24/Aquaticfuller_OpenExSys_NoC/tb/v_noc_pkg.sv }
[-- (VERI-1482)] Analyzing Verilog file '/usr/licensed/cadence-20210126/jasper_2021.03/lib/verilog/packages/std/std.sv' into library 'std'
[-- (VERI-1482)] Analyzing Verilog file '/home/rk6650/VeriTriples/malik2627research/repos_6.24/Aquaticfuller_OpenExSys_NoC/tb/v_noc_pkg.sv'
[ERROR (VERI-1128)] /home/rk6650/VeriTriples/malik2627research/repos_6.24/Aquaticfuller_OpenExSys_NoC/tb/v_noc_pkg.sv(8): 'rvh_noc_pkg' is not declared
[ERROR (VERI-1128)] /home/rk6650/VeriTriples/malik2627research/repos_6.24/Aquaticfuller_OpenExSys_NoC/tb/v_noc_pkg.sv(12): 'FLIT_LENGTH' is not declared
[ERROR (VERI-1128)] /home/rk6650/VeriTriples/malik2627research/repos_6.24/Aquaticfuller_OpenExSys_NoC/tb/v_noc_pkg.sv(12): 'QoS_Value_Width' is not declared
[ERROR (VERI-1128)] /home/rk6650/VeriTriples/malik2627research/repos_6.24/Aquaticfuller_OpenExSys_NoC/tb/v_noc_pkg.sv(12): 'TxnID_Width' is not declared
[ERROR (VERI-1128)] /home/rk6650/VeriTriples/malik2627research/repos_6.24/Aquaticfuller_OpenExSys_NoC/tb/v_noc_pkg.sv(19): 'QoS_Value_Width' is not declared
[ERROR (VERI-1952)] /home/rk6650/VeriTriples/malik2627research/repos_6.24/Aquaticfuller_OpenExSys_NoC/tb/v_noc_pkg.sv(19): range must be bounded by constant expressions
[ERROR (VERI-1128)] /home/rk6650/VeriTriples/malik2627research/repos_6.24/Aquaticfuller_OpenExSys_NoC/tb/v_noc_pkg.sv(30): 'VC_ID_NUM_MAX_W' is not declared
[ERROR (VERI-1952)] /home/rk6650/VeriTriples/malik2627research/repos_6.24/Aquaticfuller_OpenExSys_NoC/tb/v_noc_pkg.sv(30): range must be bounded by constant expressions
[ERROR (VERI-1128)] /home/rk6650/VeriTriples/malik2627research/repos_6.24/Aquaticfuller_OpenExSys_NoC/tb/v_noc_pkg.sv(34): 'QoS_Value_Width' is not declared
[ERROR (VERI-1952)] /home/rk6650/VeriTriples/malik2627research/repos_6.24/Aquaticfuller_OpenExSys_NoC/tb/v_noc_pkg.sv(34): range must be bounded by constant expressions
[ERROR (VERI-1072)] /home/rk6650/VeriTriples/malik2627research/repos_6.24/Aquaticfuller_OpenExSys_NoC/tb/v_noc_pkg.sv(56): package 'v_noc_pkg' ignored due to previous errors
Summary of errors detected:
	[ERROR (VERI-1128)] /home/rk6650/VeriTriples/malik2627research/repos_6.24/Aquaticfuller_OpenExSys_NoC/tb/v_noc_pkg.sv(8): 'rvh_noc_pkg' is not declared
	[ERROR (VERI-1128)] /home/rk6650/VeriTriples/malik2627research/repos_6.24/Aquaticfuller_OpenExSys_NoC/tb/v_noc_pkg.sv(12): 'FLIT_LENGTH' is not declared
	[ERROR (VERI-1128)] /home/rk6650/VeriTriples/malik2627research/repos_6.24/Aquaticfuller_OpenExSys_NoC/tb/v_noc_pkg.sv(12): 'QoS_Value_Width' is not declared
	[ERROR (VERI-1128)] /home/rk6650/VeriTriples/malik2627research/repos_6.24/Aquaticfuller_OpenExSys_NoC/tb/v_noc_pkg.sv(12): 'TxnID_Width' is not declared
	[ERROR (VERI-1128)] /home/rk6650/VeriTriples/malik2627research/repos_6.24/Aquaticfuller_OpenExSys_NoC/tb/v_noc_pkg.sv(19): 'QoS_Value_Width' is not declared
	[ERROR (VERI-1952)] /home/rk6650/VeriTriples/malik2627research/repos_6.24/Aquaticfuller_OpenExSys_NoC/tb/v_noc_pkg.sv(19): range must be bounded by constant expressions
	[ERROR (VERI-1128)] /home/rk6650/VeriTriples/malik2627research/repos_6.24/Aquaticfuller_OpenExSys_NoC/tb/v_noc_pkg.sv(30): 'VC_ID_NUM_MAX_W' is not declared
	[ERROR (VERI-1952)] /home/rk6650/VeriTriples/malik2627research/repos_6.24/Aquaticfuller_OpenExSys_NoC/tb/v_noc_pkg.sv(30): range must be bounded by constant expressions
	[ERROR (VERI-1128)] /home/rk6650/VeriTriples/malik2627research/repos_6.24/Aquaticfuller_OpenExSys_NoC/tb/v_noc_pkg.sv(34): 'QoS_Value_Width' is not declared
	[ERROR (VERI-1952)] /home/rk6650/VeriTriples/malik2627research/repos_6.24/Aquaticfuller_OpenExSys_NoC/tb/v_noc_pkg.sv(34): range must be bounded by constant expressions
	[ERROR (VERI-1072)] /home/rk6650/VeriTriples/malik2627research/repos_6.24/Aquaticfuller_OpenExSys_NoC/tb/v_noc_pkg.sv(56): package 'v_noc_pkg' ignored due to previous errors
1
% catch { analyze -sv -incdir /home/rk6650/VeriTriples/malik2627research -incdir /home/rk6650/VeriTriples/malik2627research/rtl -incdir /home/rk6650/VeriTriples/malik2627research/rtl/include -incdir /home/rk6650/VeriTriples/malik2627research/rtl/model -incdir /home/rk6650/VeriTriples/malik2627research/rtl/model/cells -incdir /home/rk6650/VeriTriples/malik2627research/rtl/ruby -incdir /home/rk6650/VeriTriples/malik2627research/rtl/util -incdir /home/rk6650/VeriTriples/malik2627research/tb /home/rk6650/VeriTriples/malik2627research/repos_6.24/Aquaticfuller_OpenExSys_NoC/rtl/include/rvh_noc_pkg.sv }
[-- (VERI-1482)] Analyzing Verilog file '/home/rk6650/VeriTriples/malik2627research/repos_6.24/Aquaticfuller_OpenExSys_NoC/rtl/include/rvh_noc_pkg.sv'
[WARN (VERI-2418)] /home/rk6650/VeriTriples/malik2627research/repos_6.24/Aquaticfuller_OpenExSys_NoC/rtl/include/rvh_noc_pkg.sv(179): parameter 'NODE_NUM_X_DIMESION' declared inside package 'rvh_noc_pkg' shall be treated as localparam
[WARN (VERI-2418)] /home/rk6650/VeriTriples/malik2627research/repos_6.24/Aquaticfuller_OpenExSys_NoC/rtl/include/rvh_noc_pkg.sv(180): parameter 'NODE_NUM_Y_DIMESION' declared inside package 'rvh_noc_pkg' shall be treated as localparam
[WARN (VERI-2418)] /home/rk6650/VeriTriples/malik2627research/repos_6.24/Aquaticfuller_OpenExSys_NoC/rtl/include/rvh_noc_pkg.sv(183): parameter 'INPUT_PORT_NUM' declared inside package 'rvh_noc_pkg' shall be treated as localparam
[WARN (VERI-2418)] /home/rk6650/VeriTriples/malik2627research/repos_6.24/Aquaticfuller_OpenExSys_NoC/rtl/include/rvh_noc_pkg.sv(184): parameter 'OUTPUT_PORT_NUM' declared inside package 'rvh_noc_pkg' shall be treated as localparam
[WARN (VERI-2418)] /home/rk6650/VeriTriples/malik2627research/repos_6.24/Aquaticfuller_OpenExSys_NoC/rtl/include/rvh_noc_pkg.sv(185): parameter 'LOCAL_PORT_NUM' declared inside package 'rvh_noc_pkg' shall be treated as localparam
[WARN (VERI-2418)] /home/rk6650/VeriTriples/malik2627research/repos_6.24/Aquaticfuller_OpenExSys_NoC/rtl/include/rvh_noc_pkg.sv(202): parameter 'FLIT_LENGTH' declared inside package 'rvh_noc_pkg' shall be treated as localparam
[WARN (VERI-2418)] /home/rk6650/VeriTriples/malik2627research/repos_6.24/Aquaticfuller_OpenExSys_NoC/rtl/include/rvh_noc_pkg.sv(205): parameter 'flit_payload_t' declared inside package 'rvh_noc_pkg' shall be treated as localparam
[WARN (VERI-2418)] /home/rk6650/VeriTriples/malik2627research/repos_6.24/Aquaticfuller_OpenExSys_NoC/rtl/include/rvh_noc_pkg.sv(219): parameter 'VC_NUM_INPUT_N' declared inside package 'rvh_noc_pkg' shall be treated as localparam
[WARN (VERI-2418)] /home/rk6650/VeriTriples/malik2627research/repos_6.24/Aquaticfuller_OpenExSys_NoC/rtl/include/rvh_noc_pkg.sv(220): parameter 'VC_NUM_INPUT_S' declared inside package 'rvh_noc_pkg' shall be treated as localparam
[WARN (VERI-2418)] /home/rk6650/VeriTriples/malik2627research/repos_6.24/Aquaticfuller_OpenExSys_NoC/rtl/include/rvh_noc_pkg.sv(221): parameter 'VC_NUM_INPUT_E' declared inside package 'rvh_noc_pkg' shall be treated as localparam
[WARN (VERI-2418)] /home/rk6650/VeriTriples/malik2627research/repos_6.24/Aquaticfuller_OpenExSys_NoC/rtl/include/rvh_noc_pkg.sv(222): parameter 'VC_NUM_INPUT_W' declared inside package 'rvh_noc_pkg' shall be treated as localparam
[WARN (VERI-2418)] /home/rk6650/VeriTriples/malik2627research/repos_6.24/Aquaticfuller_OpenExSys_NoC/rtl/include/rvh_noc_pkg.sv(226): parameter 'VC_NUM_INPUT_L' declared inside package 'rvh_noc_pkg' shall be treated as localparam
[WARN (VERI-2418)] /home/rk6650/VeriTriples/malik2627research/repos_6.24/Aquaticfuller_OpenExSys_NoC/rtl/include/rvh_noc_pkg.sv(229): parameter 'SA_GLOBAL_INPUT_NUM_N' declared inside package 'rvh_noc_pkg' shall be treated as localparam
[WARN (VERI-2418)] /home/rk6650/VeriTriples/malik2627research/repos_6.24/Aquaticfuller_OpenExSys_NoC/rtl/include/rvh_noc_pkg.sv(230): parameter 'SA_GLOBAL_INPUT_NUM_S' declared inside package 'rvh_noc_pkg' shall be treated as localparam
[WARN (VERI-2418)] /home/rk6650/VeriTriples/malik2627research/repos_6.24/Aquaticfuller_OpenExSys_NoC/rtl/include/rvh_noc_pkg.sv(231): parameter 'SA_GLOBAL_INPUT_NUM_E' declared inside package 'rvh_noc_pkg' shall be treated as localparam
[WARN (VERI-2418)] /home/rk6650/VeriTriples/malik2627research/repos_6.24/Aquaticfuller_OpenExSys_NoC/rtl/include/rvh_noc_pkg.sv(232): parameter 'SA_GLOBAL_INPUT_NUM_W' declared inside package 'rvh_noc_pkg' shall be treated as localparam
[WARN (VERI-2418)] /home/rk6650/VeriTriples/malik2627research/repos_6.24/Aquaticfuller_OpenExSys_NoC/rtl/include/rvh_noc_pkg.sv(236): parameter 'SA_GLOBAL_INPUT_NUM_L' declared inside package 'rvh_noc_pkg' shall be treated as localparam
[WARN (VERI-2418)] /home/rk6650/VeriTriples/malik2627research/repos_6.24/Aquaticfuller_OpenExSys_NoC/rtl/include/rvh_noc_pkg.sv(244): parameter 'VC_NUM_OUTPUT_N' declared inside package 'rvh_noc_pkg' shall be treated as localparam
[WARN (VERI-2418)] /home/rk6650/VeriTriples/malik2627research/repos_6.24/Aquaticfuller_OpenExSys_NoC/rtl/include/rvh_noc_pkg.sv(245): parameter 'VC_NUM_OUTPUT_S' declared inside package 'rvh_noc_pkg' shall be treated as localparam
[WARN (VERI-2418)] /home/rk6650/VeriTriples/malik2627research/repos_6.24/Aquaticfuller_OpenExSys_NoC/rtl/include/rvh_noc_pkg.sv(246): parameter 'VC_NUM_OUTPUT_E' declared inside package 'rvh_noc_pkg' shall be treated as localparam
[WARN (VERI-2418)] /home/rk6650/VeriTriples/malik2627research/repos_6.24/Aquaticfuller_OpenExSys_NoC/rtl/include/rvh_noc_pkg.sv(247): parameter 'VC_NUM_OUTPUT_W' declared inside package 'rvh_noc_pkg' shall be treated as localparam
[WARN (VERI-2418)] /home/rk6650/VeriTriples/malik2627research/repos_6.24/Aquaticfuller_OpenExSys_NoC/rtl/include/rvh_noc_pkg.sv(249): parameter 'VC_NUM_OUTPUT_L' declared inside package 'rvh_noc_pkg' shall be treated as localparam
[WARN (VERI-2418)] /home/rk6650/VeriTriples/malik2627research/repos_6.24/Aquaticfuller_OpenExSys_NoC/rtl/include/rvh_noc_pkg.sv(250): parameter 'VC_DEPTH_INPUT_N' declared inside package 'rvh_noc_pkg' shall be treated as localparam
[WARN (VERI-2418)] /home/rk6650/VeriTriples/malik2627research/repos_6.24/Aquaticfuller_OpenExSys_NoC/rtl/include/rvh_noc_pkg.sv(251): parameter 'VC_DEPTH_INPUT_S' declared inside package 'rvh_noc_pkg' shall be treated as localparam
[WARN (VERI-2418)] /home/rk6650/VeriTriples/malik2627research/repos_6.24/Aquaticfuller_OpenExSys_NoC/rtl/include/rvh_noc_pkg.sv(252): parameter 'VC_DEPTH_INPUT_E' declared inside package 'rvh_noc_pkg' shall be treated as localparam
[WARN (VERI-2418)] /home/rk6650/VeriTriples/malik2627research/repos_6.24/Aquaticfuller_OpenExSys_NoC/rtl/include/rvh_noc_pkg.sv(253): parameter 'VC_DEPTH_INPUT_W' declared inside package 'rvh_noc_pkg' shall be treated as localparam
[WARN (VERI-2418)] /home/rk6650/VeriTriples/malik2627research/repos_6.24/Aquaticfuller_OpenExSys_NoC/rtl/include/rvh_noc_pkg.sv(254): parameter 'VC_DEPTH_INPUT_L' declared inside package 'rvh_noc_pkg' shall be treated as localparam
0
% 
% catch { analyze -sv -incdir /home/rk6650/VeriTriples/malik2627research -incdir /home/rk6650/VeriTriples/malik2627research/rtl -incdir /home/rk6650/VeriTriples/malik2627research/rtl/include -incdir /home/rk6650/VeriTriples/malik2627research/rtl/model -incdir /home/rk6650/VeriTriples/malik2627research/rtl/model/cells -incdir /home/rk6650/VeriTriples/malik2627research/rtl/ruby -incdir /home/rk6650/VeriTriples/malik2627research/rtl/util -incdir /home/rk6650/VeriTriples/malik2627research/tb /home/rk6650/VeriTriples/malik2627research/repos_6.24/Aquaticfuller_OpenExSys_NoC/rtl/util/onehot_mux.sv }
[-- (VERI-1482)] Analyzing Verilog file '/home/rk6650/VeriTriples/malik2627research/repos_6.24/Aquaticfuller_OpenExSys_NoC/rtl/util/onehot_mux.sv'
0
% catch { analyze -sv -incdir /home/rk6650/VeriTriples/malik2627research -incdir /home/rk6650/VeriTriples/malik2627research/rtl -incdir /home/rk6650/VeriTriples/malik2627research/rtl/include -incdir /home/rk6650/VeriTriples/malik2627research/rtl/model -incdir /home/rk6650/VeriTriples/malik2627research/rtl/model/cells -incdir /home/rk6650/VeriTriples/malik2627research/rtl/ruby -incdir /home/rk6650/VeriTriples/malik2627research/rtl/util -incdir /home/rk6650/VeriTriples/malik2627research/tb /home/rk6650/VeriTriples/malik2627research/repos_6.24/Aquaticfuller_OpenExSys_NoC/rtl/util/one_hot_priority_encoder.sv }
[-- (VERI-1482)] Analyzing Verilog file '/home/rk6650/VeriTriples/malik2627research/repos_6.24/Aquaticfuller_OpenExSys_NoC/rtl/util/one_hot_priority_encoder.sv'
0
% catch { analyze -sv -incdir /home/rk6650/VeriTriples/malik2627research -incdir /home/rk6650/VeriTriples/malik2627research/rtl -incdir /home/rk6650/VeriTriples/malik2627research/rtl/include -incdir /home/rk6650/VeriTriples/malik2627research/rtl/model -incdir /home/rk6650/VeriTriples/malik2627research/rtl/model/cells -incdir /home/rk6650/VeriTriples/malik2627research/rtl/ruby -incdir /home/rk6650/VeriTriples/malik2627research/rtl/util -incdir /home/rk6650/VeriTriples/malik2627research/tb /home/rk6650/VeriTriples/malik2627research/repos_6.24/Aquaticfuller_OpenExSys_NoC/rtl/util/freelist.sv }
[-- (VERI-1482)] Analyzing Verilog file '/home/rk6650/VeriTriples/malik2627research/repos_6.24/Aquaticfuller_OpenExSys_NoC/rtl/util/freelist.sv'
0
% catch { analyze -sv -incdir /home/rk6650/VeriTriples/malik2627research -incdir /home/rk6650/VeriTriples/malik2627research/rtl -incdir /home/rk6650/VeriTriples/malik2627research/rtl/include -incdir /home/rk6650/VeriTriples/malik2627research/rtl/model -incdir /home/rk6650/VeriTriples/malik2627research/rtl/model/cells -incdir /home/rk6650/VeriTriples/malik2627research/rtl/ruby -incdir /home/rk6650/VeriTriples/malik2627research/rtl/util -incdir /home/rk6650/VeriTriples/malik2627research/tb /home/rk6650/VeriTriples/malik2627research/repos_6.24/Aquaticfuller_OpenExSys_NoC/rtl/ruby/ut_lib.sv }
[-- (VERI-1482)] Analyzing Verilog file '/home/rk6650/VeriTriples/malik2627research/repos_6.24/Aquaticfuller_OpenExSys_NoC/rtl/ruby/ut_lib.sv'
[ERROR (VERI-1817)] /home/rk6650/VeriTriples/malik2627research/repos_6.24/Aquaticfuller_OpenExSys_NoC/rtl/ruby/ut_lib.sv(3): parameter initial value cannot be omitted in this mode of Verilog
[ERROR (VERI-1072)] /home/rk6650/VeriTriples/malik2627research/repos_6.24/Aquaticfuller_OpenExSys_NoC/rtl/ruby/ut_lib.sv(151): module 'LFSR' ignored due to previous errors
[ERROR (VERI-1072)] /home/rk6650/VeriTriples/malik2627research/repos_6.24/Aquaticfuller_OpenExSys_NoC/rtl/ruby/ut_lib.sv(240): module 'id_pool_2w1r' ignored due to previous errors
Summary of errors detected:
	[ERROR (VERI-1817)] /home/rk6650/VeriTriples/malik2627research/repos_6.24/Aquaticfuller_OpenExSys_NoC/rtl/ruby/ut_lib.sv(3): parameter initial value cannot be omitted in this mode of Verilog
	[ERROR (VERI-1072)] /home/rk6650/VeriTriples/malik2627research/repos_6.24/Aquaticfuller_OpenExSys_NoC/rtl/ruby/ut_lib.sv(151): module 'LFSR' ignored due to previous errors
	[ERROR (VERI-1072)] /home/rk6650/VeriTriples/malik2627research/repos_6.24/Aquaticfuller_OpenExSys_NoC/rtl/ruby/ut_lib.sv(240): module 'id_pool_2w1r' ignored due to previous errors
1
% catch { analyze -sv -incdir /home/rk6650/VeriTriples/malik2627research -incdir /home/rk6650/VeriTriples/malik2627research/rtl -incdir /home/rk6650/VeriTriples/malik2627research/rtl/include -incdir /home/rk6650/VeriTriples/malik2627research/rtl/model -incdir /home/rk6650/VeriTriples/malik2627research/rtl/model/cells -incdir /home/rk6650/VeriTriples/malik2627research/rtl/ruby -incdir /home/rk6650/VeriTriples/malik2627research/rtl/util -incdir /home/rk6650/VeriTriples/malik2627research/tb /home/rk6650/VeriTriples/malik2627research/repos_6.24/Aquaticfuller_OpenExSys_NoC/rtl/util/usage_manager.sv }
[-- (VERI-1482)] Analyzing Verilog file '/home/rk6650/VeriTriples/malik2627research/repos_6.24/Aquaticfuller_OpenExSys_NoC/rtl/util/usage_manager.sv'
0
% catch { analyze -sv -incdir /home/rk6650/VeriTriples/malik2627research -incdir /home/rk6650/VeriTriples/malik2627research/rtl -incdir /home/rk6650/VeriTriples/malik2627research/rtl/include -incdir /home/rk6650/VeriTriples/malik2627research/rtl/model -incdir /home/rk6650/VeriTriples/malik2627research/rtl/model/cells -incdir /home/rk6650/VeriTriples/malik2627research/rtl/ruby -incdir /home/rk6650/VeriTriples/malik2627research/rtl/util -incdir /home/rk6650/VeriTriples/malik2627research/tb /home/rk6650/VeriTriples/malik2627research/repos_6.24/Aquaticfuller_OpenExSys_NoC/rtl/util/mp_fifo.sv }
[-- (VERI-1482)] Analyzing Verilog file '/home/rk6650/VeriTriples/malik2627research/repos_6.24/Aquaticfuller_OpenExSys_NoC/rtl/util/mp_fifo.sv'
0
% catch { analyze -sv -incdir /home/rk6650/VeriTriples/malik2627research -incdir /home/rk6650/VeriTriples/malik2627research/rtl -incdir /home/rk6650/VeriTriples/malik2627research/rtl/include -incdir /home/rk6650/VeriTriples/malik2627research/rtl/model -incdir /home/rk6650/VeriTriples/malik2627research/rtl/model/cells -incdir /home/rk6650/VeriTriples/malik2627research/rtl/ruby -incdir /home/rk6650/VeriTriples/malik2627research/rtl/util -incdir /home/rk6650/VeriTriples/malik2627research/tb /home/rk6650/VeriTriples/malik2627research/repos_6.24/Aquaticfuller_OpenExSys_NoC/rtl/util/one_counter.sv }
[-- (VERI-1482)] Analyzing Verilog file '/home/rk6650/VeriTriples/malik2627research/repos_6.24/Aquaticfuller_OpenExSys_NoC/rtl/util/one_counter.sv'
0
% 
% catch { analyze -sv -incdir /home/rk6650/VeriTriples/malik2627research -incdir /home/rk6650/VeriTriples/malik2627research/rtl -incdir /home/rk6650/VeriTriples/malik2627research/rtl/include -incdir /home/rk6650/VeriTriples/malik2627research/rtl/model -incdir /home/rk6650/VeriTriples/malik2627research/rtl/model/cells -incdir /home/rk6650/VeriTriples/malik2627research/rtl/ruby -incdir /home/rk6650/VeriTriples/malik2627research/rtl/util -incdir /home/rk6650/VeriTriples/malik2627research/tb /home/rk6650/VeriTriples/malik2627research/repos_6.24/Aquaticfuller_OpenExSys_NoC/rtl/util/left_circular_rotate.sv }
[-- (VERI-1482)] Analyzing Verilog file '/home/rk6650/VeriTriples/malik2627research/repos_6.24/Aquaticfuller_OpenExSys_NoC/rtl/util/left_circular_rotate.sv'
0
% catch { analyze -sv -incdir /home/rk6650/VeriTriples/malik2627research -incdir /home/rk6650/VeriTriples/malik2627research/rtl -incdir /home/rk6650/VeriTriples/malik2627research/rtl/include -incdir /home/rk6650/VeriTriples/malik2627research/rtl/model -incdir /home/rk6650/VeriTriples/malik2627research/rtl/model/cells -incdir /home/rk6650/VeriTriples/malik2627research/rtl/ruby -incdir /home/rk6650/VeriTriples/malik2627research/rtl/util -incdir /home/rk6650/VeriTriples/malik2627research/tb /home/rk6650/VeriTriples/malik2627research/repos_6.24/Aquaticfuller_OpenExSys_NoC/rtl/model/cells/std_dffr.sv }
[-- (VERI-1482)] Analyzing Verilog file '/home/rk6650/VeriTriples/malik2627research/repos_6.24/Aquaticfuller_OpenExSys_NoC/rtl/model/cells/std_dffr.sv'
0
% catch { analyze -sv -incdir /home/rk6650/VeriTriples/malik2627research -incdir /home/rk6650/VeriTriples/malik2627research/rtl -incdir /home/rk6650/VeriTriples/malik2627research/rtl/include -incdir /home/rk6650/VeriTriples/malik2627research/rtl/model -incdir /home/rk6650/VeriTriples/malik2627research/rtl/model/cells -incdir /home/rk6650/VeriTriples/malik2627research/rtl/ruby -incdir /home/rk6650/VeriTriples/malik2627research/rtl/util -incdir /home/rk6650/VeriTriples/malik2627research/tb /home/rk6650/VeriTriples/malik2627research/repos_6.24/Aquaticfuller_OpenExSys_NoC/rtl/model/cells/std_dffe.sv }
[-- (VERI-1482)] Analyzing Verilog file '/home/rk6650/VeriTriples/malik2627research/repos_6.24/Aquaticfuller_OpenExSys_NoC/rtl/model/cells/std_dffe.sv'
0
% catch { analyze -sv -incdir /home/rk6650/VeriTriples/malik2627research -incdir /home/rk6650/VeriTriples/malik2627research/rtl -incdir /home/rk6650/VeriTriples/malik2627research/rtl/include -incdir /home/rk6650/VeriTriples/malik2627research/rtl/model -incdir /home/rk6650/VeriTriples/malik2627research/rtl/model/cells -incdir /home/rk6650/VeriTriples/malik2627research/rtl/ruby -incdir /home/rk6650/VeriTriples/malik2627research/rtl/util -incdir /home/rk6650/VeriTriples/malik2627research/tb /home/rk6650/VeriTriples/malik2627research/repos_6.24/Aquaticfuller_OpenExSys_NoC/rtl/util/oh2idx.sv }
[-- (VERI-1482)] Analyzing Verilog file '/home/rk6650/VeriTriples/malik2627research/repos_6.24/Aquaticfuller_OpenExSys_NoC/rtl/util/oh2idx.sv'
0
% catch { analyze -sv -incdir /home/rk6650/VeriTriples/malik2627research -incdir /home/rk6650/VeriTriples/malik2627research/rtl -incdir /home/rk6650/VeriTriples/malik2627research/rtl/include -incdir /home/rk6650/VeriTriples/malik2627research/rtl/model -incdir /home/rk6650/VeriTriples/malik2627research/rtl/model/cells -incdir /home/rk6650/VeriTriples/malik2627research/rtl/ruby -incdir /home/rk6650/VeriTriples/malik2627research/rtl/util -incdir /home/rk6650/VeriTriples/malik2627research/tb /home/rk6650/VeriTriples/malik2627research/repos_6.24/Aquaticfuller_OpenExSys_NoC/rtl/model/simple_dual_one_clock.v }
[-- (VERI-1482)] Analyzing Verilog file '/home/rk6650/VeriTriples/malik2627research/repos_6.24/Aquaticfuller_OpenExSys_NoC/rtl/model/simple_dual_one_clock.v'
0
% catch { analyze -sv -incdir /home/rk6650/VeriTriples/malik2627research -incdir /home/rk6650/VeriTriples/malik2627research/rtl -incdir /home/rk6650/VeriTriples/malik2627research/rtl/include -incdir /home/rk6650/VeriTriples/malik2627research/rtl/model -incdir /home/rk6650/VeriTriples/malik2627research/rtl/model/cells -incdir /home/rk6650/VeriTriples/malik2627research/rtl/ruby -incdir /home/rk6650/VeriTriples/malik2627research/rtl/util -incdir /home/rk6650/VeriTriples/malik2627research/tb /home/rk6650/VeriTriples/malik2627research/repos_6.24/Aquaticfuller_OpenExSys_NoC/rtl/model/cells/std_dffre.sv }
[-- (VERI-1482)] Analyzing Verilog file '/home/rk6650/VeriTriples/malik2627research/repos_6.24/Aquaticfuller_OpenExSys_NoC/rtl/model/cells/std_dffre.sv'
0
% catch { analyze -sv -incdir /home/rk6650/VeriTriples/malik2627research -incdir /home/rk6650/VeriTriples/malik2627research/rtl -incdir /home/rk6650/VeriTriples/malik2627research/rtl/include -incdir /home/rk6650/VeriTriples/malik2627research/rtl/model -incdir /home/rk6650/VeriTriples/malik2627research/rtl/model/cells -incdir /home/rk6650/VeriTriples/malik2627research/rtl/ruby -incdir /home/rk6650/VeriTriples/malik2627research/rtl/util -incdir /home/rk6650/VeriTriples/malik2627research/tb /home/rk6650/VeriTriples/malik2627research/repos_6.24/Aquaticfuller_OpenExSys_NoC/rtl/util/one_hot_rr_arb.sv }
[-- (VERI-1482)] Analyzing Verilog file '/home/rk6650/VeriTriples/malik2627research/repos_6.24/Aquaticfuller_OpenExSys_NoC/rtl/util/one_hot_rr_arb.sv'
0
% catch { analyze -sv -incdir /home/rk6650/VeriTriples/malik2627research -incdir /home/rk6650/VeriTriples/malik2627research/rtl -incdir /home/rk6650/VeriTriples/malik2627research/rtl/include -incdir /home/rk6650/VeriTriples/malik2627research/rtl/model -incdir /home/rk6650/VeriTriples/malik2627research/rtl/model/cells -incdir /home/rk6650/VeriTriples/malik2627research/rtl/ruby -incdir /home/rk6650/VeriTriples/malik2627research/rtl/util -incdir /home/rk6650/VeriTriples/malik2627research/tb /home/rk6650/VeriTriples/malik2627research/repos_6.24/Aquaticfuller_OpenExSys_NoC/rtl/model/cells/std_dffrve.sv }
[-- (VERI-1482)] Analyzing Verilog file '/home/rk6650/VeriTriples/malik2627research/repos_6.24/Aquaticfuller_OpenExSys_NoC/rtl/model/cells/std_dffrve.sv'
0
% 
% catch { analyze -sv -incdir /home/rk6650/VeriTriples/malik2627research -incdir /home/rk6650/VeriTriples/malik2627research/rtl -incdir /home/rk6650/VeriTriples/malik2627research/rtl/include -incdir /home/rk6650/VeriTriples/malik2627research/rtl/model -incdir /home/rk6650/VeriTriples/malik2627research/rtl/model/cells -incdir /home/rk6650/VeriTriples/malik2627research/rtl/ruby -incdir /home/rk6650/VeriTriples/malik2627research/rtl/util -incdir /home/rk6650/VeriTriples/malik2627research/tb /home/rk6650/VeriTriples/malik2627research/repos_6.24/Aquaticfuller_OpenExSys_NoC/tb/v_sender.sv }
[-- (VERI-1482)] Analyzing Verilog file '/home/rk6650/VeriTriples/malik2627research/repos_6.24/Aquaticfuller_OpenExSys_NoC/tb/v_sender.sv'
[ERROR (VERI-1128)] /home/rk6650/VeriTriples/malik2627research/repos_6.24/Aquaticfuller_OpenExSys_NoC/tb/v_sender.sv(3): 'v_noc_pkg' is not declared
[ERROR (VERI-1128)] /home/rk6650/VeriTriples/malik2627research/repos_6.24/Aquaticfuller_OpenExSys_NoC/tb/v_sender.sv(37): 'test_case_t' is not declared
[ERROR (VERI-1128)] /home/rk6650/VeriTriples/malik2627research/repos_6.24/Aquaticfuller_OpenExSys_NoC/tb/v_sender.sv(42): 'scoreboard_entry_t' is not declared
[ERROR (VERI-1128)] /home/rk6650/VeriTriples/malik2627research/repos_6.24/Aquaticfuller_OpenExSys_NoC/tb/v_sender.sv(67): 'test_case_t' is not declared
[ERROR (VERI-1188)] /home/rk6650/VeriTriples/malik2627research/repos_6.24/Aquaticfuller_OpenExSys_NoC/tb/v_sender.sv(151): 'FLIT_DATA_LENGTH' is not a constant
[ERROR (VERI-1072)] /home/rk6650/VeriTriples/malik2627research/repos_6.24/Aquaticfuller_OpenExSys_NoC/tb/v_sender.sv(210): module 'v_sender' ignored due to previous errors
Summary of errors detected:
	[ERROR (VERI-1128)] /home/rk6650/VeriTriples/malik2627research/repos_6.24/Aquaticfuller_OpenExSys_NoC/tb/v_sender.sv(3): 'v_noc_pkg' is not declared
	[ERROR (VERI-1128)] /home/rk6650/VeriTriples/malik2627research/repos_6.24/Aquaticfuller_OpenExSys_NoC/tb/v_sender.sv(37): 'test_case_t' is not declared
	[ERROR (VERI-1128)] /home/rk6650/VeriTriples/malik2627research/repos_6.24/Aquaticfuller_OpenExSys_NoC/tb/v_sender.sv(42): 'scoreboard_entry_t' is not declared
	[ERROR (VERI-1128)] /home/rk6650/VeriTriples/malik2627research/repos_6.24/Aquaticfuller_OpenExSys_NoC/tb/v_sender.sv(67): 'test_case_t' is not declared
	[ERROR (VERI-1188)] /home/rk6650/VeriTriples/malik2627research/repos_6.24/Aquaticfuller_OpenExSys_NoC/tb/v_sender.sv(151): 'FLIT_DATA_LENGTH' is not a constant
	[ERROR (VERI-1072)] /home/rk6650/VeriTriples/malik2627research/repos_6.24/Aquaticfuller_OpenExSys_NoC/tb/v_sender.sv(210): module 'v_sender' ignored due to previous errors
1
% catch { analyze -sv -incdir /home/rk6650/VeriTriples/malik2627research -incdir /home/rk6650/VeriTriples/malik2627research/rtl -incdir /home/rk6650/VeriTriples/malik2627research/rtl/include -incdir /home/rk6650/VeriTriples/malik2627research/rtl/model -incdir /home/rk6650/VeriTriples/malik2627research/rtl/model/cells -incdir /home/rk6650/VeriTriples/malik2627research/rtl/ruby -incdir /home/rk6650/VeriTriples/malik2627research/rtl/util -incdir /home/rk6650/VeriTriples/malik2627research/tb /home/rk6650/VeriTriples/malik2627research/repos_6.24/Aquaticfuller_OpenExSys_NoC/rtl/output_port_vc_credit_counter.sv }
[-- (VERI-1482)] Analyzing Verilog file '/home/rk6650/VeriTriples/malik2627research/repos_6.24/Aquaticfuller_OpenExSys_NoC/rtl/output_port_vc_credit_counter.sv'
0
% catch { analyze -sv -incdir /home/rk6650/VeriTriples/malik2627research -incdir /home/rk6650/VeriTriples/malik2627research/rtl -incdir /home/rk6650/VeriTriples/malik2627research/rtl/include -incdir /home/rk6650/VeriTriples/malik2627research/rtl/model -incdir /home/rk6650/VeriTriples/malik2627research/rtl/model/cells -incdir /home/rk6650/VeriTriples/malik2627research/rtl/ruby -incdir /home/rk6650/VeriTriples/malik2627research/rtl/util -incdir /home/rk6650/VeriTriples/malik2627research/tb /home/rk6650/VeriTriples/malik2627research/repos_6.24/Aquaticfuller_OpenExSys_NoC/tb/v_scoreboard.sv }
[-- (VERI-1482)] Analyzing Verilog file '/home/rk6650/VeriTriples/malik2627research/repos_6.24/Aquaticfuller_OpenExSys_NoC/tb/v_scoreboard.sv'
[ERROR (VERI-1128)] /home/rk6650/VeriTriples/malik2627research/repos_6.24/Aquaticfuller_OpenExSys_NoC/tb/v_scoreboard.sv(3): 'v_noc_pkg' is not declared
[ERROR (VERI-1128)] /home/rk6650/VeriTriples/malik2627research/repos_6.24/Aquaticfuller_OpenExSys_NoC/tb/v_scoreboard.sv(21): 'scoreboard_entry_t' is not declared
[ERROR (VERI-1128)] /home/rk6650/VeriTriples/malik2627research/repos_6.24/Aquaticfuller_OpenExSys_NoC/tb/v_scoreboard.sv(26): 'receiver_info_t' is not declared
[ERROR (VERI-1072)] /home/rk6650/VeriTriples/malik2627research/repos_6.24/Aquaticfuller_OpenExSys_NoC/tb/v_scoreboard.sv(500): module 'v_scoreboard' ignored due to previous errors
Summary of errors detected:
	[ERROR (VERI-1128)] /home/rk6650/VeriTriples/malik2627research/repos_6.24/Aquaticfuller_OpenExSys_NoC/tb/v_scoreboard.sv(3): 'v_noc_pkg' is not declared
	[ERROR (VERI-1128)] /home/rk6650/VeriTriples/malik2627research/repos_6.24/Aquaticfuller_OpenExSys_NoC/tb/v_scoreboard.sv(21): 'scoreboard_entry_t' is not declared
	[ERROR (VERI-1128)] /home/rk6650/VeriTriples/malik2627research/repos_6.24/Aquaticfuller_OpenExSys_NoC/tb/v_scoreboard.sv(26): 'receiver_info_t' is not declared
	[ERROR (VERI-1072)] /home/rk6650/VeriTriples/malik2627research/repos_6.24/Aquaticfuller_OpenExSys_NoC/tb/v_scoreboard.sv(500): module 'v_scoreboard' ignored due to previous errors
1
% catch { analyze -sv -incdir /home/rk6650/VeriTriples/malik2627research -incdir /home/rk6650/VeriTriples/malik2627research/rtl -incdir /home/rk6650/VeriTriples/malik2627research/rtl/include -incdir /home/rk6650/VeriTriples/malik2627research/rtl/model -incdir /home/rk6650/VeriTriples/malik2627research/rtl/model/cells -incdir /home/rk6650/VeriTriples/malik2627research/rtl/ruby -incdir /home/rk6650/VeriTriples/malik2627research/rtl/util -incdir /home/rk6650/VeriTriples/malik2627research/tb /home/rk6650/VeriTriples/malik2627research/repos_6.24/Aquaticfuller_OpenExSys_NoC/rtl/input_port_vc.sv }
[-- (VERI-1482)] Analyzing Verilog file '/home/rk6650/VeriTriples/malik2627research/repos_6.24/Aquaticfuller_OpenExSys_NoC/rtl/input_port_vc.sv'
0
% 
% 
%             if {[catch {elaborate -top std_dffre} err]} {
            puts "ELAB ERROR: $err"
            exit
            }
INFO (ISW003): Top module name is "std_dffre".
[INFO (HIER-8002)] /home/rk6650/VeriTriples/malik2627research/repos_6.24/Aquaticfuller_OpenExSys_NoC/rtl/model/cells/std_dffre.sv(36): Disabling old hierarchical reference handler
[INFO (VERI-1018)] /home/rk6650/VeriTriples/malik2627research/repos_6.24/Aquaticfuller_OpenExSys_NoC/rtl/model/cells/std_dffre.sv(11): compiling module 'std_dffre'
INFO (INL208): Elaboration synthesis summary:
  Number of synthesized netlists          1 (0 packages)
  Single run mode                         On
  Pipeline                                On (1 pipelined netlists)
  Late hierarchical reference connection  On
  Number of analyzed Verilog modules      17 (1 synthesized)
  Number of analyzed VHDL entities        0 (0 synthesized)
INFO (INL003): Clearing all state information (assumes, stopats, and so forth).
[<embedded>] %         
[<embedded>] %         clock -infer
INFO (ICK007): The tool has inferred "clk" as a primary clock.
WARNING (WCK024): All inferred clocks were declared with both factor and phase equal to 1.
clk
[<embedded>] %         clock -list
User-defined clocks:
------------
0:	clk clk 1 1
------------
Rated : 
------------

clk
[<embedded>] %         reset -list
[<embedded>] %         prove -all -time_limit 30s
Ncustom1: Custom engine code is hT3Ng7hPPfiYQOTDZ3qhYOwGAM51eA+J/FjkM5shLioAsqhgLR4Ft+O1BuKG6ilQ83B9tLXSl+CwjiTMAQA
AMcustom2: Custom engine code is hT3Ng7hP/feYQOTDZ3qhYOwGAM51eA+J/FjkM5shLioAsqhgLR4Ft+O1BuKG6ilQ83B9tLXSmmqwm7g9AQA

==============================================================
SUMMARY
==============================================================
           Properties Considered              : 0
                 assertions                   : 0
                  - proven                    : 0
                  - bounded_proven (user)     : 0
                  - bounded_proven (auto)     : 0
                  - marked_proven             : 0
                  - cex                       : 0
                  - ar_cex                    : 0
                  - undetermined              : 0
                  - unknown                   : 0
                  - error                     : 0
                 covers                       : 0
                  - unreachable               : 0
                  - bounded_unreachable (user): 0
                  - covered                   : 0
                  - ar_covered                : 0
                  - undetermined              : 0
                  - unknown                   : 0
                  - error                     : 0
no_properties
[<embedded>] %         report -all -out jasper_runs_6.24/Aquaticfuller_OpenExSys_NoC/misc/results.rpt
ERROR (ESW087): No such switch "-out".

ERROR: problem encountered at line 38 in file /home/rk6650/VeriTriples/malik2627research/jasper_runs_6.24/Aquaticfuller_OpenExSys_NoC/misc/run.tcl

[<embedded>] % INFO (IPL005): Received request to exit from the console.
INFO: Waiting for proof threads to stop...
INFO: Proof threads stopped.
INFO (IPL018): The peak resident set memory use for this session was 0.421 GB.
INFO (IPL014): Waiting for the Tcl-thread to exit.
INFO (IPL015): The Tcl-thread exited with status 1.
INFO (IPL016): Exiting the analysis session with status 1.
