JasperGold Apps 2021.03 FCS 64 bits 2021.03.23 02:50:43 UTC

Any disclosure about the Cadence Design Systems software or its use
model to any third party violates the written Non-Disclosure Agreement
between Cadence Design Systems, Inc. and the customer.

THIS SOFTWARE CONTAINS CONFIDENTIAL INFORMATION AND TRADE SECRETS OF
CADENCE DESIGN SYSTEMS, INC. USE, DISCLOSURE, OR REPRODUCTION IS
PROHIBITED WITHOUT THE PRIOR EXPRESS WRITTEN PERMISSION OF CADENCE
DESIGN SYSTEMS, INC.

Copyright (C) 2000-2021 Cadence Design Systems, Inc. All Rights
Reserved.  Unpublished -- rights reserved under the copyright laws of
the United States.

This product includes software developed by others and redistributed
according to license agreement. See doc/third_party_readme.txt for
further details.

RESTRICTED RIGHTS LEGEND

Use, duplication, or disclosure by the Government is subject to
restrictions as set forth in subparagraph (c) (1) (ii) of the Rights in
Technical Data and Computer Software clause at DFARS 252.227-7013 or
subparagraphs (c) (1) and (2) of Commercial Computer Software -- Restricted
Rights at 48 CFR 52.227-19, as applicable.


                          Cadence Design Systems, Inc. 
                          2655 Seely Avenue
                          San Jose, CA 95134
                          Phone: 408.943.1234

For technical assistance visit http://support.cadence.com.

JasperGold Apps Analysis Session - /home/rk6650/VeriTriples/malik2627research/repos_6.24/SkylerYCW_NCTU_2022_Spring_ICLab/jgproject/sessionLogs/session_0

INFO: successfully checked out license "jasper_fao".
INFO: reading configuration file "/home/rk6650/.config/jasper/jaspergold.conf".
% clear -all
INFO (IPF121): Cleared environment completely for new design analysis.
% 
% catch { analyze -sv -incdir /home/rk6650/VeriTriples/malik2627research -incdir /home/rk6650/VeriTriples/malik2627research/Lab01 -incdir /home/rk6650/VeriTriples/malik2627research/Lab02 -incdir /home/rk6650/VeriTriples/malik2627research/Lab03 -incdir /home/rk6650/VeriTriples/malik2627research/Lab04 -incdir /home/rk6650/VeriTriples/malik2627research/Lab05 -incdir /home/rk6650/VeriTriples/malik2627research/Lab06 -incdir /home/rk6650/VeriTriples/malik2627research/Lab08 -incdir /home/rk6650/VeriTriples/malik2627research/Lab09 -incdir /home/rk6650/VeriTriples/malik2627research/Lab10 -incdir /home/rk6650/VeriTriples/malik2627research/Lab11 -incdir /home/rk6650/VeriTriples/malik2627research/Lab12 -incdir /home/rk6650/VeriTriples/malik2627research/Midterm_Project -incdir /home/rk6650/VeriTriples/malik2627research/OT /home/rk6650/VeriTriples/malik2627research/repos_6.24/SkylerYCW_NCTU_2022_Spring_ICLab/Lab03/PATTERN_iclab003.v }
[-- (VERI-1482)] Analyzing Verilog file '/usr/licensed/cadence-20210126/jasper_2021.03/lib/verilog/packages/std/std.sv' into library 'std'
[-- (VERI-1482)] Analyzing Verilog file '/home/rk6650/VeriTriples/malik2627research/repos_6.24/SkylerYCW_NCTU_2022_Spring_ICLab/Lab03/PATTERN_iclab003.v'
[ERROR (VERI-1158)] /home/rk6650/VeriTriples/malik2627research/repos_6.24/SkylerYCW_NCTU_2022_Spring_ICLab/Lab03/PATTERN_iclab003.v(66): use of undefined macro 'CYCLE_TIME'
[ERROR (VERI-1137)] /home/rk6650/VeriTriples/malik2627research/repos_6.24/SkylerYCW_NCTU_2022_Spring_ICLab/Lab03/PATTERN_iclab003.v(66): syntax error near '/'
[ERROR (VERI-1137)] /home/rk6650/VeriTriples/malik2627research/repos_6.24/SkylerYCW_NCTU_2022_Spring_ICLab/Lab03/PATTERN_iclab003.v(531): syntax error near ')'
[ERROR (VERI-1281)] /home/rk6650/VeriTriples/malik2627research/repos_6.24/SkylerYCW_NCTU_2022_Spring_ICLab/Lab03/PATTERN_iclab003.v(66): 'clk' is not a type
[WARN (VERI-1376)] /home/rk6650/VeriTriples/malik2627research/repos_6.24/SkylerYCW_NCTU_2022_Spring_ICLab/Lab03/PATTERN_iclab003.v(530): missing or empty argument against format specification for 'display'
[WARN (VERI-1376)] /home/rk6650/VeriTriples/malik2627research/repos_6.24/SkylerYCW_NCTU_2022_Spring_ICLab/Lab03/PATTERN_iclab003.v(531): missing or empty argument against format specification for 'display'
[ERROR (VERI-1072)] /home/rk6650/VeriTriples/malik2627research/repos_6.24/SkylerYCW_NCTU_2022_Spring_ICLab/Lab03/PATTERN_iclab003.v(536): module 'PATTERN' ignored due to previous errors
Summary of errors detected:
	[ERROR (VERI-1158)] /home/rk6650/VeriTriples/malik2627research/repos_6.24/SkylerYCW_NCTU_2022_Spring_ICLab/Lab03/PATTERN_iclab003.v(66): use of undefined macro 'CYCLE_TIME'
	[ERROR (VERI-1137)] /home/rk6650/VeriTriples/malik2627research/repos_6.24/SkylerYCW_NCTU_2022_Spring_ICLab/Lab03/PATTERN_iclab003.v(66): syntax error near '/'
	[ERROR (VERI-1137)] /home/rk6650/VeriTriples/malik2627research/repos_6.24/SkylerYCW_NCTU_2022_Spring_ICLab/Lab03/PATTERN_iclab003.v(531): syntax error near ')'
	[ERROR (VERI-1281)] /home/rk6650/VeriTriples/malik2627research/repos_6.24/SkylerYCW_NCTU_2022_Spring_ICLab/Lab03/PATTERN_iclab003.v(66): 'clk' is not a type
	[ERROR (VERI-1072)] /home/rk6650/VeriTriples/malik2627research/repos_6.24/SkylerYCW_NCTU_2022_Spring_ICLab/Lab03/PATTERN_iclab003.v(536): module 'PATTERN' ignored due to previous errors
1
% 
% catch { analyze -sv -incdir /home/rk6650/VeriTriples/malik2627research -incdir /home/rk6650/VeriTriples/malik2627research/Lab01 -incdir /home/rk6650/VeriTriples/malik2627research/Lab02 -incdir /home/rk6650/VeriTriples/malik2627research/Lab03 -incdir /home/rk6650/VeriTriples/malik2627research/Lab04 -incdir /home/rk6650/VeriTriples/malik2627research/Lab05 -incdir /home/rk6650/VeriTriples/malik2627research/Lab06 -incdir /home/rk6650/VeriTriples/malik2627research/Lab08 -incdir /home/rk6650/VeriTriples/malik2627research/Lab09 -incdir /home/rk6650/VeriTriples/malik2627research/Lab10 -incdir /home/rk6650/VeriTriples/malik2627research/Lab11 -incdir /home/rk6650/VeriTriples/malik2627research/Lab12 -incdir /home/rk6650/VeriTriples/malik2627research/Midterm_Project -incdir /home/rk6650/VeriTriples/malik2627research/OT /home/rk6650/VeriTriples/malik2627research/repos_6.24/SkylerYCW_NCTU_2022_Spring_ICLab/Lab04/NN_iclab003.v }
[-- (VERI-1482)] Analyzing Verilog file '/home/rk6650/VeriTriples/malik2627research/repos_6.24/SkylerYCW_NCTU_2022_Spring_ICLab/Lab04/NN_iclab003.v'
0
% catch { analyze -sv -incdir /home/rk6650/VeriTriples/malik2627research -incdir /home/rk6650/VeriTriples/malik2627research/Lab01 -incdir /home/rk6650/VeriTriples/malik2627research/Lab02 -incdir /home/rk6650/VeriTriples/malik2627research/Lab03 -incdir /home/rk6650/VeriTriples/malik2627research/Lab04 -incdir /home/rk6650/VeriTriples/malik2627research/Lab05 -incdir /home/rk6650/VeriTriples/malik2627research/Lab06 -incdir /home/rk6650/VeriTriples/malik2627research/Lab08 -incdir /home/rk6650/VeriTriples/malik2627research/Lab09 -incdir /home/rk6650/VeriTriples/malik2627research/Lab10 -incdir /home/rk6650/VeriTriples/malik2627research/Lab11 -incdir /home/rk6650/VeriTriples/malik2627research/Lab12 -incdir /home/rk6650/VeriTriples/malik2627research/Midterm_Project -incdir /home/rk6650/VeriTriples/malik2627research/OT /home/rk6650/VeriTriples/malik2627research/repos_6.24/SkylerYCW_NCTU_2022_Spring_ICLab/Lab02/WD_iclab003.v }
[-- (VERI-1482)] Analyzing Verilog file '/home/rk6650/VeriTriples/malik2627research/repos_6.24/SkylerYCW_NCTU_2022_Spring_ICLab/Lab02/WD_iclab003.v'
0
% catch { analyze -sv -incdir /home/rk6650/VeriTriples/malik2627research -incdir /home/rk6650/VeriTriples/malik2627research/Lab01 -incdir /home/rk6650/VeriTriples/malik2627research/Lab02 -incdir /home/rk6650/VeriTriples/malik2627research/Lab03 -incdir /home/rk6650/VeriTriples/malik2627research/Lab04 -incdir /home/rk6650/VeriTriples/malik2627research/Lab05 -incdir /home/rk6650/VeriTriples/malik2627research/Lab06 -incdir /home/rk6650/VeriTriples/malik2627research/Lab08 -incdir /home/rk6650/VeriTriples/malik2627research/Lab09 -incdir /home/rk6650/VeriTriples/malik2627research/Lab10 -incdir /home/rk6650/VeriTriples/malik2627research/Lab11 -incdir /home/rk6650/VeriTriples/malik2627research/Lab12 -incdir /home/rk6650/VeriTriples/malik2627research/Midterm_Project -incdir /home/rk6650/VeriTriples/malik2627research/OT /home/rk6650/VeriTriples/malik2627research/repos_6.24/SkylerYCW_NCTU_2022_Spring_ICLab/Lab09/CHECKER_iclab003.sv }
[-- (VERI-1482)] Analyzing Verilog file '/home/rk6650/VeriTriples/malik2627research/repos_6.24/SkylerYCW_NCTU_2022_Spring_ICLab/Lab09/CHECKER_iclab003.sv'
[ERROR (VERI-1128)] /home/rk6650/VeriTriples/malik2627research/repos_6.24/SkylerYCW_NCTU_2022_Spring_ICLab/Lab09/CHECKER_iclab003.sv(11): 'usertype' is not declared
[ERROR (VERI-1128)] /home/rk6650/VeriTriples/malik2627research/repos_6.24/SkylerYCW_NCTU_2022_Spring_ICLab/Lab09/CHECKER_iclab003.sv(26): 'No_stage' is not declared
[ERROR (VERI-1128)] /home/rk6650/VeriTriples/malik2627research/repos_6.24/SkylerYCW_NCTU_2022_Spring_ICLab/Lab09/CHECKER_iclab003.sv(27): 'Lowest' is not declared
[ERROR (VERI-1128)] /home/rk6650/VeriTriples/malik2627research/repos_6.24/SkylerYCW_NCTU_2022_Spring_ICLab/Lab09/CHECKER_iclab003.sv(28): 'Middle' is not declared
[ERROR (VERI-1128)] /home/rk6650/VeriTriples/malik2627research/repos_6.24/SkylerYCW_NCTU_2022_Spring_ICLab/Lab09/CHECKER_iclab003.sv(29): 'Highest' is not declared
[ERROR (VERI-1128)] /home/rk6650/VeriTriples/malik2627research/repos_6.24/SkylerYCW_NCTU_2022_Spring_ICLab/Lab09/CHECKER_iclab003.sv(33): 'No_type' is not declared
[ERROR (VERI-1128)] /home/rk6650/VeriTriples/malik2627research/repos_6.24/SkylerYCW_NCTU_2022_Spring_ICLab/Lab09/CHECKER_iclab003.sv(34): 'Grass' is not declared
[ERROR (VERI-1128)] /home/rk6650/VeriTriples/malik2627research/repos_6.24/SkylerYCW_NCTU_2022_Spring_ICLab/Lab09/CHECKER_iclab003.sv(35): 'Fire' is not declared
[ERROR (VERI-1128)] /home/rk6650/VeriTriples/malik2627research/repos_6.24/SkylerYCW_NCTU_2022_Spring_ICLab/Lab09/CHECKER_iclab003.sv(36): 'Water' is not declared
[ERROR (VERI-1128)] /home/rk6650/VeriTriples/malik2627research/repos_6.24/SkylerYCW_NCTU_2022_Spring_ICLab/Lab09/CHECKER_iclab003.sv(37): 'Electric' is not declared
[ERROR (VERI-1128)] /home/rk6650/VeriTriples/malik2627research/repos_6.24/SkylerYCW_NCTU_2022_Spring_ICLab/Lab09/CHECKER_iclab003.sv(38): 'Normal' is not declared
[ERROR (VERI-1128)] /home/rk6650/VeriTriples/malik2627research/repos_6.24/SkylerYCW_NCTU_2022_Spring_ICLab/Lab09/CHECKER_iclab003.sv(58): 'Buy' is not declared
[ERROR (VERI-1128)] /home/rk6650/VeriTriples/malik2627research/repos_6.24/SkylerYCW_NCTU_2022_Spring_ICLab/Lab09/CHECKER_iclab003.sv(58): 'Sell' is not declared
[ERROR (VERI-1128)] /home/rk6650/VeriTriples/malik2627research/repos_6.24/SkylerYCW_NCTU_2022_Spring_ICLab/Lab09/CHECKER_iclab003.sv(58): 'Deposit' is not declared
[ERROR (VERI-1128)] /home/rk6650/VeriTriples/malik2627research/repos_6.24/SkylerYCW_NCTU_2022_Spring_ICLab/Lab09/CHECKER_iclab003.sv(58): 'Check' is not declared
[ERROR (VERI-1128)] /home/rk6650/VeriTriples/malik2627research/repos_6.24/SkylerYCW_NCTU_2022_Spring_ICLab/Lab09/CHECKER_iclab003.sv(58): 'Use_item' is not declared
[ERROR (VERI-1128)] /home/rk6650/VeriTriples/malik2627research/repos_6.24/SkylerYCW_NCTU_2022_Spring_ICLab/Lab09/CHECKER_iclab003.sv(58): 'Attack' is not declared
[ERROR (VERI-1128)] /home/rk6650/VeriTriples/malik2627research/repos_6.24/SkylerYCW_NCTU_2022_Spring_ICLab/Lab09/CHECKER_iclab003.sv(58): 'Buy' is not declared
[ERROR (VERI-1128)] /home/rk6650/VeriTriples/malik2627research/repos_6.24/SkylerYCW_NCTU_2022_Spring_ICLab/Lab09/CHECKER_iclab003.sv(58): 'Sell' is not declared
[INFO (VMSG-1000)] Too many errors. Further error messages will be suppressed.
Summary of errors detected:
	[ERROR (VERI-1128)] /home/rk6650/VeriTriples/malik2627research/repos_6.24/SkylerYCW_NCTU_2022_Spring_ICLab/Lab09/CHECKER_iclab003.sv(11): 'usertype' is not declared
	[ERROR (VERI-1128)] /home/rk6650/VeriTriples/malik2627research/repos_6.24/SkylerYCW_NCTU_2022_Spring_ICLab/Lab09/CHECKER_iclab003.sv(26): 'No_stage' is not declared
	[ERROR (VERI-1128)] /home/rk6650/VeriTriples/malik2627research/repos_6.24/SkylerYCW_NCTU_2022_Spring_ICLab/Lab09/CHECKER_iclab003.sv(27): 'Lowest' is not declared
	[ERROR (VERI-1128)] /home/rk6650/VeriTriples/malik2627research/repos_6.24/SkylerYCW_NCTU_2022_Spring_ICLab/Lab09/CHECKER_iclab003.sv(28): 'Middle' is not declared
	[ERROR (VERI-1128)] /home/rk6650/VeriTriples/malik2627research/repos_6.24/SkylerYCW_NCTU_2022_Spring_ICLab/Lab09/CHECKER_iclab003.sv(29): 'Highest' is not declared
	[ERROR (VERI-1128)] /home/rk6650/VeriTriples/malik2627research/repos_6.24/SkylerYCW_NCTU_2022_Spring_ICLab/Lab09/CHECKER_iclab003.sv(33): 'No_type' is not declared
	[ERROR (VERI-1128)] /home/rk6650/VeriTriples/malik2627research/repos_6.24/SkylerYCW_NCTU_2022_Spring_ICLab/Lab09/CHECKER_iclab003.sv(34): 'Grass' is not declared
	[ERROR (VERI-1128)] /home/rk6650/VeriTriples/malik2627research/repos_6.24/SkylerYCW_NCTU_2022_Spring_ICLab/Lab09/CHECKER_iclab003.sv(35): 'Fire' is not declared
	[ERROR (VERI-1128)] /home/rk6650/VeriTriples/malik2627research/repos_6.24/SkylerYCW_NCTU_2022_Spring_ICLab/Lab09/CHECKER_iclab003.sv(36): 'Water' is not declared
	[ERROR (VERI-1128)] /home/rk6650/VeriTriples/malik2627research/repos_6.24/SkylerYCW_NCTU_2022_Spring_ICLab/Lab09/CHECKER_iclab003.sv(37): 'Electric' is not declared
	[ERROR (VERI-1128)] /home/rk6650/VeriTriples/malik2627research/repos_6.24/SkylerYCW_NCTU_2022_Spring_ICLab/Lab09/CHECKER_iclab003.sv(38): 'Normal' is not declared
	[ERROR (VERI-1128)] /home/rk6650/VeriTriples/malik2627research/repos_6.24/SkylerYCW_NCTU_2022_Spring_ICLab/Lab09/CHECKER_iclab003.sv(58): 'Buy' is not declared
	[ERROR (VERI-1128)] /home/rk6650/VeriTriples/malik2627research/repos_6.24/SkylerYCW_NCTU_2022_Spring_ICLab/Lab09/CHECKER_iclab003.sv(58): 'Sell' is not declared
	[ERROR (VERI-1128)] /home/rk6650/VeriTriples/malik2627research/repos_6.24/SkylerYCW_NCTU_2022_Spring_ICLab/Lab09/CHECKER_iclab003.sv(58): 'Deposit' is not declared
	[ERROR (VERI-1128)] /home/rk6650/VeriTriples/malik2627research/repos_6.24/SkylerYCW_NCTU_2022_Spring_ICLab/Lab09/CHECKER_iclab003.sv(58): 'Check' is not declared
	[ERROR (VERI-1128)] /home/rk6650/VeriTriples/malik2627research/repos_6.24/SkylerYCW_NCTU_2022_Spring_ICLab/Lab09/CHECKER_iclab003.sv(58): 'Use_item' is not declared
	[ERROR (VERI-1128)] /home/rk6650/VeriTriples/malik2627research/repos_6.24/SkylerYCW_NCTU_2022_Spring_ICLab/Lab09/CHECKER_iclab003.sv(58): 'Attack' is not declared
	[ERROR (VERI-1128)] /home/rk6650/VeriTriples/malik2627research/repos_6.24/SkylerYCW_NCTU_2022_Spring_ICLab/Lab09/CHECKER_iclab003.sv(58): 'Buy' is not declared
	[ERROR (VERI-1128)] /home/rk6650/VeriTriples/malik2627research/repos_6.24/SkylerYCW_NCTU_2022_Spring_ICLab/Lab09/CHECKER_iclab003.sv(58): 'Sell' is not declared
1
% catch { analyze -sv -incdir /home/rk6650/VeriTriples/malik2627research -incdir /home/rk6650/VeriTriples/malik2627research/Lab01 -incdir /home/rk6650/VeriTriples/malik2627research/Lab02 -incdir /home/rk6650/VeriTriples/malik2627research/Lab03 -incdir /home/rk6650/VeriTriples/malik2627research/Lab04 -incdir /home/rk6650/VeriTriples/malik2627research/Lab05 -incdir /home/rk6650/VeriTriples/malik2627research/Lab06 -incdir /home/rk6650/VeriTriples/malik2627research/Lab08 -incdir /home/rk6650/VeriTriples/malik2627research/Lab09 -incdir /home/rk6650/VeriTriples/malik2627research/Lab10 -incdir /home/rk6650/VeriTriples/malik2627research/Lab11 -incdir /home/rk6650/VeriTriples/malik2627research/Lab12 -incdir /home/rk6650/VeriTriples/malik2627research/Midterm_Project -incdir /home/rk6650/VeriTriples/malik2627research/OT /home/rk6650/VeriTriples/malik2627research/repos_6.24/SkylerYCW_NCTU_2022_Spring_ICLab/Lab03/ESCAPE_iclab003.v }
[-- (VERI-1482)] Analyzing Verilog file '/home/rk6650/VeriTriples/malik2627research/repos_6.24/SkylerYCW_NCTU_2022_Spring_ICLab/Lab03/ESCAPE_iclab003.v'
0
% catch { analyze -sv -incdir /home/rk6650/VeriTriples/malik2627research -incdir /home/rk6650/VeriTriples/malik2627research/Lab01 -incdir /home/rk6650/VeriTriples/malik2627research/Lab02 -incdir /home/rk6650/VeriTriples/malik2627research/Lab03 -incdir /home/rk6650/VeriTriples/malik2627research/Lab04 -incdir /home/rk6650/VeriTriples/malik2627research/Lab05 -incdir /home/rk6650/VeriTriples/malik2627research/Lab06 -incdir /home/rk6650/VeriTriples/malik2627research/Lab08 -incdir /home/rk6650/VeriTriples/malik2627research/Lab09 -incdir /home/rk6650/VeriTriples/malik2627research/Lab10 -incdir /home/rk6650/VeriTriples/malik2627research/Lab11 -incdir /home/rk6650/VeriTriples/malik2627research/Lab12 -incdir /home/rk6650/VeriTriples/malik2627research/Midterm_Project -incdir /home/rk6650/VeriTriples/malik2627research/OT /home/rk6650/VeriTriples/malik2627research/repos_6.24/SkylerYCW_NCTU_2022_Spring_ICLab/Lab12/CHIP_SHELL.v }
[-- (VERI-1482)] Analyzing Verilog file '/home/rk6650/VeriTriples/malik2627research/repos_6.24/SkylerYCW_NCTU_2022_Spring_ICLab/Lab12/CHIP_SHELL.v'
0
% catch { analyze -sv -incdir /home/rk6650/VeriTriples/malik2627research -incdir /home/rk6650/VeriTriples/malik2627research/Lab01 -incdir /home/rk6650/VeriTriples/malik2627research/Lab02 -incdir /home/rk6650/VeriTriples/malik2627research/Lab03 -incdir /home/rk6650/VeriTriples/malik2627research/Lab04 -incdir /home/rk6650/VeriTriples/malik2627research/Lab05 -incdir /home/rk6650/VeriTriples/malik2627research/Lab06 -incdir /home/rk6650/VeriTriples/malik2627research/Lab08 -incdir /home/rk6650/VeriTriples/malik2627research/Lab09 -incdir /home/rk6650/VeriTriples/malik2627research/Lab10 -incdir /home/rk6650/VeriTriples/malik2627research/Lab11 -incdir /home/rk6650/VeriTriples/malik2627research/Lab12 -incdir /home/rk6650/VeriTriples/malik2627research/Midterm_Project -incdir /home/rk6650/VeriTriples/malik2627research/OT /home/rk6650/VeriTriples/malik2627research/repos_6.24/SkylerYCW_NCTU_2022_Spring_ICLab/Lab01/CC_iclab003.v }
[-- (VERI-1482)] Analyzing Verilog file '/home/rk6650/VeriTriples/malik2627research/repos_6.24/SkylerYCW_NCTU_2022_Spring_ICLab/Lab01/CC_iclab003.v'
0
% catch { analyze -sv -incdir /home/rk6650/VeriTriples/malik2627research -incdir /home/rk6650/VeriTriples/malik2627research/Lab01 -incdir /home/rk6650/VeriTriples/malik2627research/Lab02 -incdir /home/rk6650/VeriTriples/malik2627research/Lab03 -incdir /home/rk6650/VeriTriples/malik2627research/Lab04 -incdir /home/rk6650/VeriTriples/malik2627research/Lab05 -incdir /home/rk6650/VeriTriples/malik2627research/Lab06 -incdir /home/rk6650/VeriTriples/malik2627research/Lab08 -incdir /home/rk6650/VeriTriples/malik2627research/Lab09 -incdir /home/rk6650/VeriTriples/malik2627research/Lab10 -incdir /home/rk6650/VeriTriples/malik2627research/Lab11 -incdir /home/rk6650/VeriTriples/malik2627research/Lab12 -incdir /home/rk6650/VeriTriples/malik2627research/Midterm_Project -incdir /home/rk6650/VeriTriples/malik2627research/OT /home/rk6650/VeriTriples/malik2627research/repos_6.24/SkylerYCW_NCTU_2022_Spring_ICLab/Lab06/RSA_TOP_iclab003.v }
[-- (VERI-1482)] Analyzing Verilog file '/home/rk6650/VeriTriples/malik2627research/repos_6.24/SkylerYCW_NCTU_2022_Spring_ICLab/Lab06/RSA_TOP_iclab003.v'
0
% catch { analyze -sv -incdir /home/rk6650/VeriTriples/malik2627research -incdir /home/rk6650/VeriTriples/malik2627research/Lab01 -incdir /home/rk6650/VeriTriples/malik2627research/Lab02 -incdir /home/rk6650/VeriTriples/malik2627research/Lab03 -incdir /home/rk6650/VeriTriples/malik2627research/Lab04 -incdir /home/rk6650/VeriTriples/malik2627research/Lab05 -incdir /home/rk6650/VeriTriples/malik2627research/Lab06 -incdir /home/rk6650/VeriTriples/malik2627research/Lab08 -incdir /home/rk6650/VeriTriples/malik2627research/Lab09 -incdir /home/rk6650/VeriTriples/malik2627research/Lab10 -incdir /home/rk6650/VeriTriples/malik2627research/Lab11 -incdir /home/rk6650/VeriTriples/malik2627research/Lab12 -incdir /home/rk6650/VeriTriples/malik2627research/Midterm_Project -incdir /home/rk6650/VeriTriples/malik2627research/OT /home/rk6650/VeriTriples/malik2627research/repos_6.24/SkylerYCW_NCTU_2022_Spring_ICLab/Lab06/RSA_IP_iclab003.v }
[-- (VERI-1482)] Analyzing Verilog file '/home/rk6650/VeriTriples/malik2627research/repos_6.24/SkylerYCW_NCTU_2022_Spring_ICLab/Lab06/RSA_IP_iclab003.v'
0
% catch { analyze -sv -incdir /home/rk6650/VeriTriples/malik2627research -incdir /home/rk6650/VeriTriples/malik2627research/Lab01 -incdir /home/rk6650/VeriTriples/malik2627research/Lab02 -incdir /home/rk6650/VeriTriples/malik2627research/Lab03 -incdir /home/rk6650/VeriTriples/malik2627research/Lab04 -incdir /home/rk6650/VeriTriples/malik2627research/Lab05 -incdir /home/rk6650/VeriTriples/malik2627research/Lab06 -incdir /home/rk6650/VeriTriples/malik2627research/Lab08 -incdir /home/rk6650/VeriTriples/malik2627research/Lab09 -incdir /home/rk6650/VeriTriples/malik2627research/Lab10 -incdir /home/rk6650/VeriTriples/malik2627research/Lab11 -incdir /home/rk6650/VeriTriples/malik2627research/Lab12 -incdir /home/rk6650/VeriTriples/malik2627research/Midterm_Project -incdir /home/rk6650/VeriTriples/malik2627research/OT /home/rk6650/VeriTriples/malik2627research/repos_6.24/SkylerYCW_NCTU_2022_Spring_ICLab/Lab11/CHIP_iclab003.v }
[-- (VERI-1482)] Analyzing Verilog file '/home/rk6650/VeriTriples/malik2627research/repos_6.24/SkylerYCW_NCTU_2022_Spring_ICLab/Lab11/CHIP_iclab003.v'
[WARN (VERI-1206)] /home/rk6650/VeriTriples/malik2627research/repos_6.24/SkylerYCW_NCTU_2022_Spring_ICLab/Lab11/CHIP_iclab003.v(2420): overwriting previous definition of module 'CHIP'
[INFO (VERI-2142)] /home/rk6650/VeriTriples/malik2627research/repos_6.24/SkylerYCW_NCTU_2022_Spring_ICLab/Lab12/CHIP_SHELL.v(143): previous definition of design element 'CHIP' is here
0
% catch { analyze -sv -incdir /home/rk6650/VeriTriples/malik2627research -incdir /home/rk6650/VeriTriples/malik2627research/Lab01 -incdir /home/rk6650/VeriTriples/malik2627research/Lab02 -incdir /home/rk6650/VeriTriples/malik2627research/Lab03 -incdir /home/rk6650/VeriTriples/malik2627research/Lab04 -incdir /home/rk6650/VeriTriples/malik2627research/Lab05 -incdir /home/rk6650/VeriTriples/malik2627research/Lab06 -incdir /home/rk6650/VeriTriples/malik2627research/Lab08 -incdir /home/rk6650/VeriTriples/malik2627research/Lab09 -incdir /home/rk6650/VeriTriples/malik2627research/Lab10 -incdir /home/rk6650/VeriTriples/malik2627research/Lab11 -incdir /home/rk6650/VeriTriples/malik2627research/Lab12 -incdir /home/rk6650/VeriTriples/malik2627research/Midterm_Project -incdir /home/rk6650/VeriTriples/malik2627research/OT /home/rk6650/VeriTriples/malik2627research/repos_6.24/SkylerYCW_NCTU_2022_Spring_ICLab/Lab08/bridge_iclab003.sv }
[-- (VERI-1482)] Analyzing Verilog file '/home/rk6650/VeriTriples/malik2627research/repos_6.24/SkylerYCW_NCTU_2022_Spring_ICLab/Lab08/bridge_iclab003.sv'
0
% catch { analyze -sv -incdir /home/rk6650/VeriTriples/malik2627research -incdir /home/rk6650/VeriTriples/malik2627research/Lab01 -incdir /home/rk6650/VeriTriples/malik2627research/Lab02 -incdir /home/rk6650/VeriTriples/malik2627research/Lab03 -incdir /home/rk6650/VeriTriples/malik2627research/Lab04 -incdir /home/rk6650/VeriTriples/malik2627research/Lab05 -incdir /home/rk6650/VeriTriples/malik2627research/Lab06 -incdir /home/rk6650/VeriTriples/malik2627research/Lab08 -incdir /home/rk6650/VeriTriples/malik2627research/Lab09 -incdir /home/rk6650/VeriTriples/malik2627research/Lab10 -incdir /home/rk6650/VeriTriples/malik2627research/Lab11 -incdir /home/rk6650/VeriTriples/malik2627research/Lab12 -incdir /home/rk6650/VeriTriples/malik2627research/Midterm_Project -incdir /home/rk6650/VeriTriples/malik2627research/OT /home/rk6650/VeriTriples/malik2627research/repos_6.24/SkylerYCW_NCTU_2022_Spring_ICLab/Midterm_Project/TOF_iclab003.v }
[-- (VERI-1482)] Analyzing Verilog file '/home/rk6650/VeriTriples/malik2627research/repos_6.24/SkylerYCW_NCTU_2022_Spring_ICLab/Midterm_Project/TOF_iclab003.v'
0
% catch { analyze -sv -incdir /home/rk6650/VeriTriples/malik2627research -incdir /home/rk6650/VeriTriples/malik2627research/Lab01 -incdir /home/rk6650/VeriTriples/malik2627research/Lab02 -incdir /home/rk6650/VeriTriples/malik2627research/Lab03 -incdir /home/rk6650/VeriTriples/malik2627research/Lab04 -incdir /home/rk6650/VeriTriples/malik2627research/Lab05 -incdir /home/rk6650/VeriTriples/malik2627research/Lab06 -incdir /home/rk6650/VeriTriples/malik2627research/Lab08 -incdir /home/rk6650/VeriTriples/malik2627research/Lab09 -incdir /home/rk6650/VeriTriples/malik2627research/Lab10 -incdir /home/rk6650/VeriTriples/malik2627research/Lab11 -incdir /home/rk6650/VeriTriples/malik2627research/Lab12 -incdir /home/rk6650/VeriTriples/malik2627research/Midterm_Project -incdir /home/rk6650/VeriTriples/malik2627research/OT /home/rk6650/VeriTriples/malik2627research/repos_6.24/SkylerYCW_NCTU_2022_Spring_ICLab/OT/CORDIC_iclab003.v }
[-- (VERI-1482)] Analyzing Verilog file '/home/rk6650/VeriTriples/malik2627research/repos_6.24/SkylerYCW_NCTU_2022_Spring_ICLab/OT/CORDIC_iclab003.v'
0
% catch { analyze -sv -incdir /home/rk6650/VeriTriples/malik2627research -incdir /home/rk6650/VeriTriples/malik2627research/Lab01 -incdir /home/rk6650/VeriTriples/malik2627research/Lab02 -incdir /home/rk6650/VeriTriples/malik2627research/Lab03 -incdir /home/rk6650/VeriTriples/malik2627research/Lab04 -incdir /home/rk6650/VeriTriples/malik2627research/Lab05 -incdir /home/rk6650/VeriTriples/malik2627research/Lab06 -incdir /home/rk6650/VeriTriples/malik2627research/Lab08 -incdir /home/rk6650/VeriTriples/malik2627research/Lab09 -incdir /home/rk6650/VeriTriples/malik2627research/Lab10 -incdir /home/rk6650/VeriTriples/malik2627research/Lab11 -incdir /home/rk6650/VeriTriples/malik2627research/Lab12 -incdir /home/rk6650/VeriTriples/malik2627research/Midterm_Project -incdir /home/rk6650/VeriTriples/malik2627research/OT /home/rk6650/VeriTriples/malik2627research/repos_6.24/SkylerYCW_NCTU_2022_Spring_ICLab/Lab10/IDC_wocg_iclab003.v }
[-- (VERI-1482)] Analyzing Verilog file '/home/rk6650/VeriTriples/malik2627research/repos_6.24/SkylerYCW_NCTU_2022_Spring_ICLab/Lab10/IDC_wocg_iclab003.v'
0
% catch { analyze -sv -incdir /home/rk6650/VeriTriples/malik2627research -incdir /home/rk6650/VeriTriples/malik2627research/Lab01 -incdir /home/rk6650/VeriTriples/malik2627research/Lab02 -incdir /home/rk6650/VeriTriples/malik2627research/Lab03 -incdir /home/rk6650/VeriTriples/malik2627research/Lab04 -incdir /home/rk6650/VeriTriples/malik2627research/Lab05 -incdir /home/rk6650/VeriTriples/malik2627research/Lab06 -incdir /home/rk6650/VeriTriples/malik2627research/Lab08 -incdir /home/rk6650/VeriTriples/malik2627research/Lab09 -incdir /home/rk6650/VeriTriples/malik2627research/Lab10 -incdir /home/rk6650/VeriTriples/malik2627research/Lab11 -incdir /home/rk6650/VeriTriples/malik2627research/Lab12 -incdir /home/rk6650/VeriTriples/malik2627research/Midterm_Project -incdir /home/rk6650/VeriTriples/malik2627research/OT /home/rk6650/VeriTriples/malik2627research/repos_6.24/SkylerYCW_NCTU_2022_Spring_ICLab/Lab08/pokemon_iclab003.sv }
[-- (VERI-1482)] Analyzing Verilog file '/home/rk6650/VeriTriples/malik2627research/repos_6.24/SkylerYCW_NCTU_2022_Spring_ICLab/Lab08/pokemon_iclab003.sv'
[ERROR (VERI-1128)] /home/rk6650/VeriTriples/malik2627research/repos_6.24/SkylerYCW_NCTU_2022_Spring_ICLab/Lab08/pokemon_iclab003.sv(2): 'usertype' is not declared
[ERROR (VERI-1128)] /home/rk6650/VeriTriples/malik2627research/repos_6.24/SkylerYCW_NCTU_2022_Spring_ICLab/Lab08/pokemon_iclab003.sv(144): 'Buy' is not declared
[ERROR (VERI-1128)] /home/rk6650/VeriTriples/malik2627research/repos_6.24/SkylerYCW_NCTU_2022_Spring_ICLab/Lab08/pokemon_iclab003.sv(145): 'Sell' is not declared
[ERROR (VERI-1128)] /home/rk6650/VeriTriples/malik2627research/repos_6.24/SkylerYCW_NCTU_2022_Spring_ICLab/Lab08/pokemon_iclab003.sv(146): 'Deposit' is not declared
[ERROR (VERI-1128)] /home/rk6650/VeriTriples/malik2627research/repos_6.24/SkylerYCW_NCTU_2022_Spring_ICLab/Lab08/pokemon_iclab003.sv(147): 'Use_item' is not declared
[ERROR (VERI-1128)] /home/rk6650/VeriTriples/malik2627research/repos_6.24/SkylerYCW_NCTU_2022_Spring_ICLab/Lab08/pokemon_iclab003.sv(148): 'Check' is not declared
[ERROR (VERI-1128)] /home/rk6650/VeriTriples/malik2627research/repos_6.24/SkylerYCW_NCTU_2022_Spring_ICLab/Lab08/pokemon_iclab003.sv(149): 'Attack' is not declared
[ERROR (VERI-1128)] /home/rk6650/VeriTriples/malik2627research/repos_6.24/SkylerYCW_NCTU_2022_Spring_ICLab/Lab08/pokemon_iclab003.sv(270): 'Attack' is not declared
[ERROR (VERI-1128)] /home/rk6650/VeriTriples/malik2627research/repos_6.24/SkylerYCW_NCTU_2022_Spring_ICLab/Lab08/pokemon_iclab003.sv(295): 'Attack' is not declared
[ERROR (VERI-1128)] /home/rk6650/VeriTriples/malik2627research/repos_6.24/SkylerYCW_NCTU_2022_Spring_ICLab/Lab08/pokemon_iclab003.sv(371): 'No_item' is not declared
[ERROR (VERI-1128)] /home/rk6650/VeriTriples/malik2627research/repos_6.24/SkylerYCW_NCTU_2022_Spring_ICLab/Lab08/pokemon_iclab003.sv(374): 'No_type' is not declared
[ERROR (VERI-1128)] /home/rk6650/VeriTriples/malik2627research/repos_6.24/SkylerYCW_NCTU_2022_Spring_ICLab/Lab08/pokemon_iclab003.sv(374): 'No_stage' is not declared
[ERROR (VERI-1128)] /home/rk6650/VeriTriples/malik2627research/repos_6.24/SkylerYCW_NCTU_2022_Spring_ICLab/Lab08/pokemon_iclab003.sv(378): 'Grass' is not declared
[ERROR (VERI-1128)] /home/rk6650/VeriTriples/malik2627research/repos_6.24/SkylerYCW_NCTU_2022_Spring_ICLab/Lab08/pokemon_iclab003.sv(379): 'Lowest' is not declared
[ERROR (VERI-1128)] /home/rk6650/VeriTriples/malik2627research/repos_6.24/SkylerYCW_NCTU_2022_Spring_ICLab/Lab08/pokemon_iclab003.sv(385): 'Fire' is not declared
[ERROR (VERI-1128)] /home/rk6650/VeriTriples/malik2627research/repos_6.24/SkylerYCW_NCTU_2022_Spring_ICLab/Lab08/pokemon_iclab003.sv(386): 'Lowest' is not declared
[ERROR (VERI-1128)] /home/rk6650/VeriTriples/malik2627research/repos_6.24/SkylerYCW_NCTU_2022_Spring_ICLab/Lab08/pokemon_iclab003.sv(392): 'Water' is not declared
[ERROR (VERI-1128)] /home/rk6650/VeriTriples/malik2627research/repos_6.24/SkylerYCW_NCTU_2022_Spring_ICLab/Lab08/pokemon_iclab003.sv(393): 'Lowest' is not declared
[ERROR (VERI-1128)] /home/rk6650/VeriTriples/malik2627research/repos_6.24/SkylerYCW_NCTU_2022_Spring_ICLab/Lab08/pokemon_iclab003.sv(399): 'Electric' is not declared
[INFO (VMSG-1000)] Too many errors. Further error messages will be suppressed.
Summary of errors detected:
	[ERROR (VERI-1128)] /home/rk6650/VeriTriples/malik2627research/repos_6.24/SkylerYCW_NCTU_2022_Spring_ICLab/Lab08/pokemon_iclab003.sv(2): 'usertype' is not declared
	[ERROR (VERI-1128)] /home/rk6650/VeriTriples/malik2627research/repos_6.24/SkylerYCW_NCTU_2022_Spring_ICLab/Lab08/pokemon_iclab003.sv(144): 'Buy' is not declared
	[ERROR (VERI-1128)] /home/rk6650/VeriTriples/malik2627research/repos_6.24/SkylerYCW_NCTU_2022_Spring_ICLab/Lab08/pokemon_iclab003.sv(145): 'Sell' is not declared
	[ERROR (VERI-1128)] /home/rk6650/VeriTriples/malik2627research/repos_6.24/SkylerYCW_NCTU_2022_Spring_ICLab/Lab08/pokemon_iclab003.sv(146): 'Deposit' is not declared
	[ERROR (VERI-1128)] /home/rk6650/VeriTriples/malik2627research/repos_6.24/SkylerYCW_NCTU_2022_Spring_ICLab/Lab08/pokemon_iclab003.sv(147): 'Use_item' is not declared
	[ERROR (VERI-1128)] /home/rk6650/VeriTriples/malik2627research/repos_6.24/SkylerYCW_NCTU_2022_Spring_ICLab/Lab08/pokemon_iclab003.sv(148): 'Check' is not declared
	[ERROR (VERI-1128)] /home/rk6650/VeriTriples/malik2627research/repos_6.24/SkylerYCW_NCTU_2022_Spring_ICLab/Lab08/pokemon_iclab003.sv(149): 'Attack' is not declared
	[ERROR (VERI-1128)] /home/rk6650/VeriTriples/malik2627research/repos_6.24/SkylerYCW_NCTU_2022_Spring_ICLab/Lab08/pokemon_iclab003.sv(270): 'Attack' is not declared
	[ERROR (VERI-1128)] /home/rk6650/VeriTriples/malik2627research/repos_6.24/SkylerYCW_NCTU_2022_Spring_ICLab/Lab08/pokemon_iclab003.sv(295): 'Attack' is not declared
	[ERROR (VERI-1128)] /home/rk6650/VeriTriples/malik2627research/repos_6.24/SkylerYCW_NCTU_2022_Spring_ICLab/Lab08/pokemon_iclab003.sv(371): 'No_item' is not declared
	[ERROR (VERI-1128)] /home/rk6650/VeriTriples/malik2627research/repos_6.24/SkylerYCW_NCTU_2022_Spring_ICLab/Lab08/pokemon_iclab003.sv(374): 'No_type' is not declared
	[ERROR (VERI-1128)] /home/rk6650/VeriTriples/malik2627research/repos_6.24/SkylerYCW_NCTU_2022_Spring_ICLab/Lab08/pokemon_iclab003.sv(374): 'No_stage' is not declared
	[ERROR (VERI-1128)] /home/rk6650/VeriTriples/malik2627research/repos_6.24/SkylerYCW_NCTU_2022_Spring_ICLab/Lab08/pokemon_iclab003.sv(378): 'Grass' is not declared
	[ERROR (VERI-1128)] /home/rk6650/VeriTriples/malik2627research/repos_6.24/SkylerYCW_NCTU_2022_Spring_ICLab/Lab08/pokemon_iclab003.sv(379): 'Lowest' is not declared
	[ERROR (VERI-1128)] /home/rk6650/VeriTriples/malik2627research/repos_6.24/SkylerYCW_NCTU_2022_Spring_ICLab/Lab08/pokemon_iclab003.sv(385): 'Fire' is not declared
	[ERROR (VERI-1128)] /home/rk6650/VeriTriples/malik2627research/repos_6.24/SkylerYCW_NCTU_2022_Spring_ICLab/Lab08/pokemon_iclab003.sv(386): 'Lowest' is not declared
	[ERROR (VERI-1128)] /home/rk6650/VeriTriples/malik2627research/repos_6.24/SkylerYCW_NCTU_2022_Spring_ICLab/Lab08/pokemon_iclab003.sv(392): 'Water' is not declared
	[ERROR (VERI-1128)] /home/rk6650/VeriTriples/malik2627research/repos_6.24/SkylerYCW_NCTU_2022_Spring_ICLab/Lab08/pokemon_iclab003.sv(393): 'Lowest' is not declared
	[ERROR (VERI-1128)] /home/rk6650/VeriTriples/malik2627research/repos_6.24/SkylerYCW_NCTU_2022_Spring_ICLab/Lab08/pokemon_iclab003.sv(399): 'Electric' is not declared
1
% catch { analyze -sv -incdir /home/rk6650/VeriTriples/malik2627research -incdir /home/rk6650/VeriTriples/malik2627research/Lab01 -incdir /home/rk6650/VeriTriples/malik2627research/Lab02 -incdir /home/rk6650/VeriTriples/malik2627research/Lab03 -incdir /home/rk6650/VeriTriples/malik2627research/Lab04 -incdir /home/rk6650/VeriTriples/malik2627research/Lab05 -incdir /home/rk6650/VeriTriples/malik2627research/Lab06 -incdir /home/rk6650/VeriTriples/malik2627research/Lab08 -incdir /home/rk6650/VeriTriples/malik2627research/Lab09 -incdir /home/rk6650/VeriTriples/malik2627research/Lab10 -incdir /home/rk6650/VeriTriples/malik2627research/Lab11 -incdir /home/rk6650/VeriTriples/malik2627research/Lab12 -incdir /home/rk6650/VeriTriples/malik2627research/Midterm_Project -incdir /home/rk6650/VeriTriples/malik2627research/OT /home/rk6650/VeriTriples/malik2627research/repos_6.24/SkylerYCW_NCTU_2022_Spring_ICLab/Lab05/TMIP_iclab003.v }
[-- (VERI-1482)] Analyzing Verilog file '/home/rk6650/VeriTriples/malik2627research/repos_6.24/SkylerYCW_NCTU_2022_Spring_ICLab/Lab05/TMIP_iclab003.v'
0
% 
% catch { analyze -sv -incdir /home/rk6650/VeriTriples/malik2627research -incdir /home/rk6650/VeriTriples/malik2627research/Lab01 -incdir /home/rk6650/VeriTriples/malik2627research/Lab02 -incdir /home/rk6650/VeriTriples/malik2627research/Lab03 -incdir /home/rk6650/VeriTriples/malik2627research/Lab04 -incdir /home/rk6650/VeriTriples/malik2627research/Lab05 -incdir /home/rk6650/VeriTriples/malik2627research/Lab06 -incdir /home/rk6650/VeriTriples/malik2627research/Lab08 -incdir /home/rk6650/VeriTriples/malik2627research/Lab09 -incdir /home/rk6650/VeriTriples/malik2627research/Lab10 -incdir /home/rk6650/VeriTriples/malik2627research/Lab11 -incdir /home/rk6650/VeriTriples/malik2627research/Lab12 -incdir /home/rk6650/VeriTriples/malik2627research/Midterm_Project -incdir /home/rk6650/VeriTriples/malik2627research/OT /home/rk6650/VeriTriples/malik2627research/repos_6.24/SkylerYCW_NCTU_2022_Spring_ICLab/Lab09/CHECKER_iclab003.sv }
[-- (VERI-1482)] Analyzing Verilog file '/home/rk6650/VeriTriples/malik2627research/repos_6.24/SkylerYCW_NCTU_2022_Spring_ICLab/Lab09/CHECKER_iclab003.sv'
[ERROR (VERI-1128)] /home/rk6650/VeriTriples/malik2627research/repos_6.24/SkylerYCW_NCTU_2022_Spring_ICLab/Lab09/CHECKER_iclab003.sv(11): 'usertype' is not declared
[ERROR (VERI-1128)] /home/rk6650/VeriTriples/malik2627research/repos_6.24/SkylerYCW_NCTU_2022_Spring_ICLab/Lab09/CHECKER_iclab003.sv(26): 'No_stage' is not declared
[ERROR (VERI-1128)] /home/rk6650/VeriTriples/malik2627research/repos_6.24/SkylerYCW_NCTU_2022_Spring_ICLab/Lab09/CHECKER_iclab003.sv(27): 'Lowest' is not declared
[ERROR (VERI-1128)] /home/rk6650/VeriTriples/malik2627research/repos_6.24/SkylerYCW_NCTU_2022_Spring_ICLab/Lab09/CHECKER_iclab003.sv(28): 'Middle' is not declared
[ERROR (VERI-1128)] /home/rk6650/VeriTriples/malik2627research/repos_6.24/SkylerYCW_NCTU_2022_Spring_ICLab/Lab09/CHECKER_iclab003.sv(29): 'Highest' is not declared
[ERROR (VERI-1128)] /home/rk6650/VeriTriples/malik2627research/repos_6.24/SkylerYCW_NCTU_2022_Spring_ICLab/Lab09/CHECKER_iclab003.sv(33): 'No_type' is not declared
[ERROR (VERI-1128)] /home/rk6650/VeriTriples/malik2627research/repos_6.24/SkylerYCW_NCTU_2022_Spring_ICLab/Lab09/CHECKER_iclab003.sv(34): 'Grass' is not declared
[ERROR (VERI-1128)] /home/rk6650/VeriTriples/malik2627research/repos_6.24/SkylerYCW_NCTU_2022_Spring_ICLab/Lab09/CHECKER_iclab003.sv(35): 'Fire' is not declared
[ERROR (VERI-1128)] /home/rk6650/VeriTriples/malik2627research/repos_6.24/SkylerYCW_NCTU_2022_Spring_ICLab/Lab09/CHECKER_iclab003.sv(36): 'Water' is not declared
[ERROR (VERI-1128)] /home/rk6650/VeriTriples/malik2627research/repos_6.24/SkylerYCW_NCTU_2022_Spring_ICLab/Lab09/CHECKER_iclab003.sv(37): 'Electric' is not declared
[ERROR (VERI-1128)] /home/rk6650/VeriTriples/malik2627research/repos_6.24/SkylerYCW_NCTU_2022_Spring_ICLab/Lab09/CHECKER_iclab003.sv(38): 'Normal' is not declared
[ERROR (VERI-1128)] /home/rk6650/VeriTriples/malik2627research/repos_6.24/SkylerYCW_NCTU_2022_Spring_ICLab/Lab09/CHECKER_iclab003.sv(58): 'Buy' is not declared
[ERROR (VERI-1128)] /home/rk6650/VeriTriples/malik2627research/repos_6.24/SkylerYCW_NCTU_2022_Spring_ICLab/Lab09/CHECKER_iclab003.sv(58): 'Sell' is not declared
[ERROR (VERI-1128)] /home/rk6650/VeriTriples/malik2627research/repos_6.24/SkylerYCW_NCTU_2022_Spring_ICLab/Lab09/CHECKER_iclab003.sv(58): 'Deposit' is not declared
[ERROR (VERI-1128)] /home/rk6650/VeriTriples/malik2627research/repos_6.24/SkylerYCW_NCTU_2022_Spring_ICLab/Lab09/CHECKER_iclab003.sv(58): 'Check' is not declared
[ERROR (VERI-1128)] /home/rk6650/VeriTriples/malik2627research/repos_6.24/SkylerYCW_NCTU_2022_Spring_ICLab/Lab09/CHECKER_iclab003.sv(58): 'Use_item' is not declared
[ERROR (VERI-1128)] /home/rk6650/VeriTriples/malik2627research/repos_6.24/SkylerYCW_NCTU_2022_Spring_ICLab/Lab09/CHECKER_iclab003.sv(58): 'Attack' is not declared
[ERROR (VERI-1128)] /home/rk6650/VeriTriples/malik2627research/repos_6.24/SkylerYCW_NCTU_2022_Spring_ICLab/Lab09/CHECKER_iclab003.sv(58): 'Buy' is not declared
[ERROR (VERI-1128)] /home/rk6650/VeriTriples/malik2627research/repos_6.24/SkylerYCW_NCTU_2022_Spring_ICLab/Lab09/CHECKER_iclab003.sv(58): 'Sell' is not declared
[INFO (VMSG-1000)] Too many errors. Further error messages will be suppressed.
Summary of errors detected:
	[ERROR (VERI-1128)] /home/rk6650/VeriTriples/malik2627research/repos_6.24/SkylerYCW_NCTU_2022_Spring_ICLab/Lab09/CHECKER_iclab003.sv(11): 'usertype' is not declared
	[ERROR (VERI-1128)] /home/rk6650/VeriTriples/malik2627research/repos_6.24/SkylerYCW_NCTU_2022_Spring_ICLab/Lab09/CHECKER_iclab003.sv(26): 'No_stage' is not declared
	[ERROR (VERI-1128)] /home/rk6650/VeriTriples/malik2627research/repos_6.24/SkylerYCW_NCTU_2022_Spring_ICLab/Lab09/CHECKER_iclab003.sv(27): 'Lowest' is not declared
	[ERROR (VERI-1128)] /home/rk6650/VeriTriples/malik2627research/repos_6.24/SkylerYCW_NCTU_2022_Spring_ICLab/Lab09/CHECKER_iclab003.sv(28): 'Middle' is not declared
	[ERROR (VERI-1128)] /home/rk6650/VeriTriples/malik2627research/repos_6.24/SkylerYCW_NCTU_2022_Spring_ICLab/Lab09/CHECKER_iclab003.sv(29): 'Highest' is not declared
	[ERROR (VERI-1128)] /home/rk6650/VeriTriples/malik2627research/repos_6.24/SkylerYCW_NCTU_2022_Spring_ICLab/Lab09/CHECKER_iclab003.sv(33): 'No_type' is not declared
	[ERROR (VERI-1128)] /home/rk6650/VeriTriples/malik2627research/repos_6.24/SkylerYCW_NCTU_2022_Spring_ICLab/Lab09/CHECKER_iclab003.sv(34): 'Grass' is not declared
	[ERROR (VERI-1128)] /home/rk6650/VeriTriples/malik2627research/repos_6.24/SkylerYCW_NCTU_2022_Spring_ICLab/Lab09/CHECKER_iclab003.sv(35): 'Fire' is not declared
	[ERROR (VERI-1128)] /home/rk6650/VeriTriples/malik2627research/repos_6.24/SkylerYCW_NCTU_2022_Spring_ICLab/Lab09/CHECKER_iclab003.sv(36): 'Water' is not declared
	[ERROR (VERI-1128)] /home/rk6650/VeriTriples/malik2627research/repos_6.24/SkylerYCW_NCTU_2022_Spring_ICLab/Lab09/CHECKER_iclab003.sv(37): 'Electric' is not declared
	[ERROR (VERI-1128)] /home/rk6650/VeriTriples/malik2627research/repos_6.24/SkylerYCW_NCTU_2022_Spring_ICLab/Lab09/CHECKER_iclab003.sv(38): 'Normal' is not declared
	[ERROR (VERI-1128)] /home/rk6650/VeriTriples/malik2627research/repos_6.24/SkylerYCW_NCTU_2022_Spring_ICLab/Lab09/CHECKER_iclab003.sv(58): 'Buy' is not declared
	[ERROR (VERI-1128)] /home/rk6650/VeriTriples/malik2627research/repos_6.24/SkylerYCW_NCTU_2022_Spring_ICLab/Lab09/CHECKER_iclab003.sv(58): 'Sell' is not declared
	[ERROR (VERI-1128)] /home/rk6650/VeriTriples/malik2627research/repos_6.24/SkylerYCW_NCTU_2022_Spring_ICLab/Lab09/CHECKER_iclab003.sv(58): 'Deposit' is not declared
	[ERROR (VERI-1128)] /home/rk6650/VeriTriples/malik2627research/repos_6.24/SkylerYCW_NCTU_2022_Spring_ICLab/Lab09/CHECKER_iclab003.sv(58): 'Check' is not declared
	[ERROR (VERI-1128)] /home/rk6650/VeriTriples/malik2627research/repos_6.24/SkylerYCW_NCTU_2022_Spring_ICLab/Lab09/CHECKER_iclab003.sv(58): 'Use_item' is not declared
	[ERROR (VERI-1128)] /home/rk6650/VeriTriples/malik2627research/repos_6.24/SkylerYCW_NCTU_2022_Spring_ICLab/Lab09/CHECKER_iclab003.sv(58): 'Attack' is not declared
	[ERROR (VERI-1128)] /home/rk6650/VeriTriples/malik2627research/repos_6.24/SkylerYCW_NCTU_2022_Spring_ICLab/Lab09/CHECKER_iclab003.sv(58): 'Buy' is not declared
	[ERROR (VERI-1128)] /home/rk6650/VeriTriples/malik2627research/repos_6.24/SkylerYCW_NCTU_2022_Spring_ICLab/Lab09/CHECKER_iclab003.sv(58): 'Sell' is not declared
1
% 
% 
%             if {[catch {elaborate -top bridge} err]} {
            puts "ELAB ERROR: $err"
            exit
            }
INFO (ISW003): Top module name is "bridge".
[ERROR (VERI-1128)] /home/rk6650/VeriTriples/malik2627research/repos_6.24/SkylerYCW_NCTU_2022_Spring_ICLab/Lab08/bridge_iclab003.sv(1): 'INF' is not declared
[INFO (VERI-8000)] /home/rk6650/VeriTriples/malik2627research/repos_6.24/SkylerYCW_NCTU_2022_Spring_ICLab/Lab08/bridge_iclab003.sv(1): Creating net INF.bridge_inf
[ERROR (VDB-9017)] Module bridge could not be elaborated
Summary of errors detected:
	[ERROR (VERI-1128)] /home/rk6650/VeriTriples/malik2627research/repos_6.24/SkylerYCW_NCTU_2022_Spring_ICLab/Lab08/bridge_iclab003.sv(1): 'INF' is not declared
	[ERROR (VDB-9017)] Module bridge could not be elaborated
ELAB ERROR: ERROR (ENL034): 2 errors detected in the design file(s).

% INFO (IPL005): Received request to exit from the console.
INFO (IPL018): The peak resident set memory use for this session was 0.419 GB.
INFO (IPL014): Waiting for the Tcl-thread to exit.
INFO (IPL015): The Tcl-thread exited with status 0.
INFO (IPL016): Exiting the analysis session with status 0.
