JasperGold Apps 2021.03 FCS 64 bits 2021.03.23 02:50:43 UTC

Any disclosure about the Cadence Design Systems software or its use
model to any third party violates the written Non-Disclosure Agreement
between Cadence Design Systems, Inc. and the customer.

THIS SOFTWARE CONTAINS CONFIDENTIAL INFORMATION AND TRADE SECRETS OF
CADENCE DESIGN SYSTEMS, INC. USE, DISCLOSURE, OR REPRODUCTION IS
PROHIBITED WITHOUT THE PRIOR EXPRESS WRITTEN PERMISSION OF CADENCE
DESIGN SYSTEMS, INC.

Copyright (C) 2000-2021 Cadence Design Systems, Inc. All Rights
Reserved.  Unpublished -- rights reserved under the copyright laws of
the United States.

This product includes software developed by others and redistributed
according to license agreement. See doc/third_party_readme.txt for
further details.

RESTRICTED RIGHTS LEGEND

Use, duplication, or disclosure by the Government is subject to
restrictions as set forth in subparagraph (c) (1) (ii) of the Rights in
Technical Data and Computer Software clause at DFARS 252.227-7013 or
subparagraphs (c) (1) and (2) of Commercial Computer Software -- Restricted
Rights at 48 CFR 52.227-19, as applicable.


                          Cadence Design Systems, Inc. 
                          2655 Seely Avenue
                          San Jose, CA 95134
                          Phone: 408.943.1234

For technical assistance visit http://support.cadence.com.

JasperGold Apps Analysis Session - /home/rk6650/VeriTriples/malik2627research/repos_6.24/MBleaux_Calculator_Verilog/jgproject/sessionLogs/session_0

INFO: successfully checked out license "jasper_fao".
INFO: reading configuration file "/home/rk6650/.config/jasper/jaspergold.conf".
% clear -all
INFO (IPF121): Cleared environment completely for new design analysis.
% 
% catch { analyze -sv -incdir /home/rk6650/VeriTriples/malik2627research -incdir /home/rk6650/VeriTriples/malik2627research/SRC/BENCH -incdir /home/rk6650/VeriTriples/malik2627research/SRC/BENCH/others -incdir /home/rk6650/VeriTriples/malik2627research/SRC/RTL/others -incdir /home/rk6650/VeriTriples/malik2627research/others -incdir /home/rk6650/VeriTriples/malik2627research/yosys/work_out/src /home/rk6650/VeriTriples/malik2627research/repos_6.24/MBleaux_Calculator_Verilog/yosys/work_out/src/wrapper.v }
[-- (VERI-1482)] Analyzing Verilog file '/usr/licensed/cadence-20210126/jasper_2021.03/lib/verilog/packages/std/std.sv' into library 'std'
[-- (VERI-1482)] Analyzing Verilog file '/home/rk6650/VeriTriples/malik2627research/repos_6.24/MBleaux_Calculator_Verilog/yosys/work_out/src/wrapper.v'
0
% catch { analyze -sv -incdir /home/rk6650/VeriTriples/malik2627research -incdir /home/rk6650/VeriTriples/malik2627research/SRC/BENCH -incdir /home/rk6650/VeriTriples/malik2627research/SRC/BENCH/others -incdir /home/rk6650/VeriTriples/malik2627research/SRC/RTL/others -incdir /home/rk6650/VeriTriples/malik2627research/others -incdir /home/rk6650/VeriTriples/malik2627research/yosys/work_out/src /home/rk6650/VeriTriples/malik2627research/repos_6.24/MBleaux_Calculator_Verilog/SRC/RTL/others/mult_nbits.v }
[-- (VERI-1482)] Analyzing Verilog file '/home/rk6650/VeriTriples/malik2627research/repos_6.24/MBleaux_Calculator_Verilog/SRC/RTL/others/mult_nbits.v'
0
% catch { analyze -sv -incdir /home/rk6650/VeriTriples/malik2627research -incdir /home/rk6650/VeriTriples/malik2627research/SRC/BENCH -incdir /home/rk6650/VeriTriples/malik2627research/SRC/BENCH/others -incdir /home/rk6650/VeriTriples/malik2627research/SRC/RTL/others -incdir /home/rk6650/VeriTriples/malik2627research/others -incdir /home/rk6650/VeriTriples/malik2627research/yosys/work_out/src /home/rk6650/VeriTriples/malik2627research/repos_6.24/MBleaux_Calculator_Verilog/SRC/RTL/others/full_adder_nbits_clk.v }
[-- (VERI-1482)] Analyzing Verilog file '/home/rk6650/VeriTriples/malik2627research/repos_6.24/MBleaux_Calculator_Verilog/SRC/RTL/others/full_adder_nbits_clk.v'
0
% catch { analyze -sv -incdir /home/rk6650/VeriTriples/malik2627research -incdir /home/rk6650/VeriTriples/malik2627research/SRC/BENCH -incdir /home/rk6650/VeriTriples/malik2627research/SRC/BENCH/others -incdir /home/rk6650/VeriTriples/malik2627research/SRC/RTL/others -incdir /home/rk6650/VeriTriples/malik2627research/others -incdir /home/rk6650/VeriTriples/malik2627research/yosys/work_out/src /home/rk6650/VeriTriples/malik2627research/repos_6.24/MBleaux_Calculator_Verilog/SRC/RTL/others/or_gate.v }
[-- (VERI-1482)] Analyzing Verilog file '/home/rk6650/VeriTriples/malik2627research/repos_6.24/MBleaux_Calculator_Verilog/SRC/RTL/others/or_gate.v'
0
% catch { analyze -sv -incdir /home/rk6650/VeriTriples/malik2627research -incdir /home/rk6650/VeriTriples/malik2627research/SRC/BENCH -incdir /home/rk6650/VeriTriples/malik2627research/SRC/BENCH/others -incdir /home/rk6650/VeriTriples/malik2627research/SRC/RTL/others -incdir /home/rk6650/VeriTriples/malik2627research/others -incdir /home/rk6650/VeriTriples/malik2627research/yosys/work_out/src /home/rk6650/VeriTriples/malik2627research/repos_6.24/MBleaux_Calculator_Verilog/SRC/RTL/others/full_adder_nbits.v }
[-- (VERI-1482)] Analyzing Verilog file '/home/rk6650/VeriTriples/malik2627research/repos_6.24/MBleaux_Calculator_Verilog/SRC/RTL/others/full_adder_nbits.v'
0
% catch { analyze -sv -incdir /home/rk6650/VeriTriples/malik2627research -incdir /home/rk6650/VeriTriples/malik2627research/SRC/BENCH -incdir /home/rk6650/VeriTriples/malik2627research/SRC/BENCH/others -incdir /home/rk6650/VeriTriples/malik2627research/SRC/RTL/others -incdir /home/rk6650/VeriTriples/malik2627research/others -incdir /home/rk6650/VeriTriples/malik2627research/yosys/work_out/src /home/rk6650/VeriTriples/malik2627research/repos_6.24/MBleaux_Calculator_Verilog/SRC/RTL/others/full_adder_wcarry_nbits.v }
[-- (VERI-1482)] Analyzing Verilog file '/home/rk6650/VeriTriples/malik2627research/repos_6.24/MBleaux_Calculator_Verilog/SRC/RTL/others/full_adder_wcarry_nbits.v'
0
% catch { analyze -sv -incdir /home/rk6650/VeriTriples/malik2627research -incdir /home/rk6650/VeriTriples/malik2627research/SRC/BENCH -incdir /home/rk6650/VeriTriples/malik2627research/SRC/BENCH/others -incdir /home/rk6650/VeriTriples/malik2627research/SRC/RTL/others -incdir /home/rk6650/VeriTriples/malik2627research/others -incdir /home/rk6650/VeriTriples/malik2627research/yosys/work_out/src /home/rk6650/VeriTriples/malik2627research/repos_6.24/MBleaux_Calculator_Verilog/yosys/work_out/src/dff_nbits.v }
[-- (VERI-1482)] Analyzing Verilog file '/home/rk6650/VeriTriples/malik2627research/repos_6.24/MBleaux_Calculator_Verilog/yosys/work_out/src/dff_nbits.v'
0
% catch { analyze -sv -incdir /home/rk6650/VeriTriples/malik2627research -incdir /home/rk6650/VeriTriples/malik2627research/SRC/BENCH -incdir /home/rk6650/VeriTriples/malik2627research/SRC/BENCH/others -incdir /home/rk6650/VeriTriples/malik2627research/SRC/RTL/others -incdir /home/rk6650/VeriTriples/malik2627research/others -incdir /home/rk6650/VeriTriples/malik2627research/yosys/work_out/src /home/rk6650/VeriTriples/malik2627research/repos_6.24/MBleaux_Calculator_Verilog/SRC/RTL/others/half_adder.v }
[-- (VERI-1482)] Analyzing Verilog file '/home/rk6650/VeriTriples/malik2627research/repos_6.24/MBleaux_Calculator_Verilog/SRC/RTL/others/half_adder.v'
0
% catch { analyze -sv -incdir /home/rk6650/VeriTriples/malik2627research -incdir /home/rk6650/VeriTriples/malik2627research/SRC/BENCH -incdir /home/rk6650/VeriTriples/malik2627research/SRC/BENCH/others -incdir /home/rk6650/VeriTriples/malik2627research/SRC/RTL/others -incdir /home/rk6650/VeriTriples/malik2627research/others -incdir /home/rk6650/VeriTriples/malik2627research/yosys/work_out/src /home/rk6650/VeriTriples/malik2627research/repos_6.24/MBleaux_Calculator_Verilog/SRC/RTL/others/full_adder.v }
[-- (VERI-1482)] Analyzing Verilog file '/home/rk6650/VeriTriples/malik2627research/repos_6.24/MBleaux_Calculator_Verilog/SRC/RTL/others/full_adder.v'
0
% catch { analyze -sv -incdir /home/rk6650/VeriTriples/malik2627research -incdir /home/rk6650/VeriTriples/malik2627research/SRC/BENCH -incdir /home/rk6650/VeriTriples/malik2627research/SRC/BENCH/others -incdir /home/rk6650/VeriTriples/malik2627research/SRC/RTL/others -incdir /home/rk6650/VeriTriples/malik2627research/others -incdir /home/rk6650/VeriTriples/malik2627research/yosys/work_out/src /home/rk6650/VeriTriples/malik2627research/repos_6.24/MBleaux_Calculator_Verilog/yosys/work_out/src/fsm.v }
[-- (VERI-1482)] Analyzing Verilog file '/home/rk6650/VeriTriples/malik2627research/repos_6.24/MBleaux_Calculator_Verilog/yosys/work_out/src/fsm.v'
0
% catch { analyze -sv -incdir /home/rk6650/VeriTriples/malik2627research -incdir /home/rk6650/VeriTriples/malik2627research/SRC/BENCH -incdir /home/rk6650/VeriTriples/malik2627research/SRC/BENCH/others -incdir /home/rk6650/VeriTriples/malik2627research/SRC/RTL/others -incdir /home/rk6650/VeriTriples/malik2627research/others -incdir /home/rk6650/VeriTriples/malik2627research/yosys/work_out/src /home/rk6650/VeriTriples/malik2627research/repos_6.24/MBleaux_Calculator_Verilog/others/top_level_alternative.v }
[-- (VERI-1482)] Analyzing Verilog file '/home/rk6650/VeriTriples/malik2627research/repos_6.24/MBleaux_Calculator_Verilog/others/top_level_alternative.v'
0
% catch { analyze -sv -incdir /home/rk6650/VeriTriples/malik2627research -incdir /home/rk6650/VeriTriples/malik2627research/SRC/BENCH -incdir /home/rk6650/VeriTriples/malik2627research/SRC/BENCH/others -incdir /home/rk6650/VeriTriples/malik2627research/SRC/RTL/others -incdir /home/rk6650/VeriTriples/malik2627research/others -incdir /home/rk6650/VeriTriples/malik2627research/yosys/work_out/src /home/rk6650/VeriTriples/malik2627research/repos_6.24/MBleaux_Calculator_Verilog/SRC/RTL/others/comp.v }
[-- (VERI-1482)] Analyzing Verilog file '/home/rk6650/VeriTriples/malik2627research/repos_6.24/MBleaux_Calculator_Verilog/SRC/RTL/others/comp.v'
0
% catch { analyze -sv -incdir /home/rk6650/VeriTriples/malik2627research -incdir /home/rk6650/VeriTriples/malik2627research/SRC/BENCH -incdir /home/rk6650/VeriTriples/malik2627research/SRC/BENCH/others -incdir /home/rk6650/VeriTriples/malik2627research/SRC/RTL/others -incdir /home/rk6650/VeriTriples/malik2627research/others -incdir /home/rk6650/VeriTriples/malik2627research/yosys/work_out/src /home/rk6650/VeriTriples/malik2627research/repos_6.24/MBleaux_Calculator_Verilog/SRC/RTL/others/add_sub_nbits.v }
[-- (VERI-1482)] Analyzing Verilog file '/home/rk6650/VeriTriples/malik2627research/repos_6.24/MBleaux_Calculator_Verilog/SRC/RTL/others/add_sub_nbits.v'
0
% catch { analyze -sv -incdir /home/rk6650/VeriTriples/malik2627research -incdir /home/rk6650/VeriTriples/malik2627research/SRC/BENCH -incdir /home/rk6650/VeriTriples/malik2627research/SRC/BENCH/others -incdir /home/rk6650/VeriTriples/malik2627research/SRC/RTL/others -incdir /home/rk6650/VeriTriples/malik2627research/others -incdir /home/rk6650/VeriTriples/malik2627research/yosys/work_out/src /home/rk6650/VeriTriples/malik2627research/repos_6.24/MBleaux_Calculator_Verilog/yosys/work_out/src/top_level.v }
[-- (VERI-1482)] Analyzing Verilog file '/home/rk6650/VeriTriples/malik2627research/repos_6.24/MBleaux_Calculator_Verilog/yosys/work_out/src/top_level.v'
0
% 
% catch { analyze -sv -incdir /home/rk6650/VeriTriples/malik2627research -incdir /home/rk6650/VeriTriples/malik2627research/SRC/BENCH -incdir /home/rk6650/VeriTriples/malik2627research/SRC/BENCH/others -incdir /home/rk6650/VeriTriples/malik2627research/SRC/RTL/others -incdir /home/rk6650/VeriTriples/malik2627research/others -incdir /home/rk6650/VeriTriples/malik2627research/yosys/work_out/src /home/rk6650/VeriTriples/malik2627research/repos_6.24/MBleaux_Calculator_Verilog/yosys/work_out/src/wrapper.v }
[-- (VERI-1482)] Analyzing Verilog file '/home/rk6650/VeriTriples/malik2627research/repos_6.24/MBleaux_Calculator_Verilog/yosys/work_out/src/wrapper.v'
[WARN (VERI-1206)] /home/rk6650/VeriTriples/malik2627research/repos_6.24/MBleaux_Calculator_Verilog/yosys/work_out/src/wrapper.v(34): overwriting previous definition of module 'wrapper'
[INFO (VERI-2142)] /home/rk6650/VeriTriples/malik2627research/repos_6.24/MBleaux_Calculator_Verilog/yosys/work_out/src/wrapper.v(34): previous definition of design element 'wrapper' is here
0
% 
% 
%             if {[catch {elaborate -top wrapper} err]} {
            puts "ELAB ERROR: $err"
            exit
            }
INFO (ISW003): Top module name is "wrapper".
[INFO (HIER-8002)] /home/rk6650/VeriTriples/malik2627research/repos_6.24/MBleaux_Calculator_Verilog/yosys/work_out/src/wrapper.v(34): Disabling old hierarchical reference handler
[INFO (VERI-1018)] /home/rk6650/VeriTriples/malik2627research/repos_6.24/MBleaux_Calculator_Verilog/yosys/work_out/src/dff_nbits.v(11): compiling module 'dff_nbits'
[INFO (VERI-1018)] /home/rk6650/VeriTriples/malik2627research/repos_6.24/MBleaux_Calculator_Verilog/yosys/work_out/src/dff_nbits.v(11): compiling module 'dff_nbits:(width=2)'
[INFO (VERI-1018)] /home/rk6650/VeriTriples/malik2627research/repos_6.24/MBleaux_Calculator_Verilog/yosys/work_out/src/fsm.v(14): compiling module 'fsm'
[WARN (VERI-1899)] /home/rk6650/VeriTriples/malik2627research/repos_6.24/MBleaux_Calculator_Verilog/yosys/work_out/src/fsm.v(170): 'a_we_o' inside always_comb block does not represent combinational logic
[INFO (VERI-1018)] /home/rk6650/VeriTriples/malik2627research/repos_6.24/MBleaux_Calculator_Verilog/yosys/work_out/src/dff_nbits.v(11): compiling module 'dff_nbits:(width=16)'
[INFO (VERI-1018)] /home/rk6650/VeriTriples/malik2627research/repos_6.24/MBleaux_Calculator_Verilog/yosys/work_out/src/dff_nbits.v(11): compiling module 'dff_nbits:(width=1)'
[INFO (VERI-1018)] /home/rk6650/VeriTriples/malik2627research/repos_6.24/MBleaux_Calculator_Verilog/yosys/work_out/src/top_level.v(13): compiling module 'top_level'
[WARN (VERI-1063)] /home/rk6650/VeriTriples/malik2627research/repos_6.24/MBleaux_Calculator_Verilog/yosys/work_out/src/top_level.v(61): instantiating unknown module 'alu'
ERROR (ENL058): Unable to elaborate module/entity "alu" because this module/entity is missing or it contains errors.
    Re-analyze it or use "-bbox_m alu" if you want to black box this module/entity.
WARNING (WNL059): If you are analyzing with "-mfcu" or "-sfcu" and "-L", try using "elaborate -L libname", "set_analyze_libunboundsearch" or "analyze +libunboundsearch"
[INFO (VERI-1018)] /home/rk6650/VeriTriples/malik2627research/repos_6.24/MBleaux_Calculator_Verilog/yosys/work_out/src/wrapper.v(3): compiling module 'wrapper'
[WARN (VERI-1220)] /home/rk6650/VeriTriples/malik2627research/repos_6.24/MBleaux_Calculator_Verilog/yosys/work_out/src/wrapper.v(9): using initial value of 'a_s' since it is never assigned
[WARN (VERI-1220)] /home/rk6650/VeriTriples/malik2627research/repos_6.24/MBleaux_Calculator_Verilog/yosys/work_out/src/wrapper.v(10): using initial value of 'b_s' since it is never assigned
[WARN (VERI-1220)] /home/rk6650/VeriTriples/malik2627research/repos_6.24/MBleaux_Calculator_Verilog/yosys/work_out/src/wrapper.v(11): using initial value of 'fct_s' since it is never assigned
[WARN (VERI-1220)] /home/rk6650/VeriTriples/malik2627research/repos_6.24/MBleaux_Calculator_Verilog/yosys/work_out/src/wrapper.v(12): using initial value of 'start_s' since it is never assigned
[ERROR (VDB-9017)] Module wrapper could not be elaborated
Summary of errors detected:
	ERROR (ENL058): Unable to elaborate module/entity "alu" because this module/entity is missing or it contains errors.
    Re-analyze it or use "-bbox_m alu" if you want to black box this module/entity.
	[ERROR (VDB-9017)] Module wrapper could not be elaborated
ELAB ERROR: ERROR (ENL034): 2 errors detected in the design file(s).

% INFO (IPL005): Received request to exit from the console.
INFO (IPL018): The peak resident set memory use for this session was 0.416 GB.
INFO (IPL014): Waiting for the Tcl-thread to exit.
INFO (IPL015): The Tcl-thread exited with status 0.
INFO (IPL016): Exiting the analysis session with status 0.
