JasperGold Apps 2021.03 FCS 64 bits 2021.03.23 02:50:43 UTC

Any disclosure about the Cadence Design Systems software or its use
model to any third party violates the written Non-Disclosure Agreement
between Cadence Design Systems, Inc. and the customer.

THIS SOFTWARE CONTAINS CONFIDENTIAL INFORMATION AND TRADE SECRETS OF
CADENCE DESIGN SYSTEMS, INC. USE, DISCLOSURE, OR REPRODUCTION IS
PROHIBITED WITHOUT THE PRIOR EXPRESS WRITTEN PERMISSION OF CADENCE
DESIGN SYSTEMS, INC.

Copyright (C) 2000-2021 Cadence Design Systems, Inc. All Rights
Reserved.  Unpublished -- rights reserved under the copyright laws of
the United States.

This product includes software developed by others and redistributed
according to license agreement. See doc/third_party_readme.txt for
further details.

RESTRICTED RIGHTS LEGEND

Use, duplication, or disclosure by the Government is subject to
restrictions as set forth in subparagraph (c) (1) (ii) of the Rights in
Technical Data and Computer Software clause at DFARS 252.227-7013 or
subparagraphs (c) (1) and (2) of Commercial Computer Software -- Restricted
Rights at 48 CFR 52.227-19, as applicable.


                          Cadence Design Systems, Inc. 
                          2655 Seely Avenue
                          San Jose, CA 95134
                          Phone: 408.943.1234

For technical assistance visit http://support.cadence.com.

JasperGold Apps Analysis Session - /home/rk6650/VeriTriples/malik2627research/repos_6.24/freecores_hssdrc/jgproject/sessionLogs/session_0

INFO: successfully checked out license "jasper_fao".
INFO: reading configuration file "/home/rk6650/.config/jasper/jaspergold.conf".
% clear -all
INFO (IPF121): Cleared environment completely for new design analysis.
% 
% catch { analyze -sv -incdir /home/rk6650/VeriTriples/malik2627research/repos_6.24/freecores_hssdrc/include -incdir /home/rk6650/VeriTriples/malik2627research -incdir /home/rk6650/VeriTriples/malik2627research/core -incdir /home/rk6650/VeriTriples/malik2627research/include -incdir /home/rk6650/VeriTriples/malik2627research/rtl -incdir /home/rk6650/VeriTriples/malik2627research/testbench /home/rk6650/VeriTriples/malik2627research/repos_6.24/freecores_hssdrc/include/hssdrc_define.vh }
[-- (VERI-1482)] Analyzing Verilog file '/usr/licensed/cadence-20210126/jasper_2021.03/lib/verilog/packages/std/std.sv' into library 'std'
[-- (VERI-1482)] Analyzing Verilog file '/home/rk6650/VeriTriples/malik2627research/repos_6.24/freecores_hssdrc/include/hssdrc_define.vh'
0
% catch { analyze -sv -incdir /home/rk6650/VeriTriples/malik2627research/repos_6.24/freecores_hssdrc/include -incdir /home/rk6650/VeriTriples/malik2627research -incdir /home/rk6650/VeriTriples/malik2627research/core -incdir /home/rk6650/VeriTriples/malik2627research/include -incdir /home/rk6650/VeriTriples/malik2627research/rtl -incdir /home/rk6650/VeriTriples/malik2627research/testbench /home/rk6650/VeriTriples/malik2627research/repos_6.24/freecores_hssdrc/include/tb_define.svh }
[-- (VERI-1482)] Analyzing Verilog file '/home/rk6650/VeriTriples/malik2627research/repos_6.24/freecores_hssdrc/include/tb_define.svh'
[INFO (VERI-1328)] /home/rk6650/VeriTriples/malik2627research/repos_6.24/freecores_hssdrc/include/tb_define.svh(39): analyzing included file '/home/rk6650/VeriTriples/malik2627research/repos_6.24/freecores_hssdrc/include/hssdrc_define.vh'
0
% catch { analyze -sv -incdir /home/rk6650/VeriTriples/malik2627research/repos_6.24/freecores_hssdrc/include -incdir /home/rk6650/VeriTriples/malik2627research -incdir /home/rk6650/VeriTriples/malik2627research/core -incdir /home/rk6650/VeriTriples/malik2627research/include -incdir /home/rk6650/VeriTriples/malik2627research/rtl -incdir /home/rk6650/VeriTriples/malik2627research/testbench /home/rk6650/VeriTriples/malik2627research/repos_6.24/freecores_hssdrc/core/mt48lc2m32b2.v }
[-- (VERI-1482)] Analyzing Verilog file '/home/rk6650/VeriTriples/malik2627research/repos_6.24/freecores_hssdrc/core/mt48lc2m32b2.v'
0
% catch { analyze -sv -incdir /home/rk6650/VeriTriples/malik2627research/repos_6.24/freecores_hssdrc/include -incdir /home/rk6650/VeriTriples/malik2627research -incdir /home/rk6650/VeriTriples/malik2627research/core -incdir /home/rk6650/VeriTriples/malik2627research/include -incdir /home/rk6650/VeriTriples/malik2627research/rtl -incdir /home/rk6650/VeriTriples/malik2627research/testbench /home/rk6650/VeriTriples/malik2627research/repos_6.24/freecores_hssdrc/include/hssdrc_timing.vh }
[-- (VERI-1482)] Analyzing Verilog file '/home/rk6650/VeriTriples/malik2627research/repos_6.24/freecores_hssdrc/include/hssdrc_timing.vh'
0
% catch { analyze -sv -incdir /home/rk6650/VeriTriples/malik2627research/repos_6.24/freecores_hssdrc/include -incdir /home/rk6650/VeriTriples/malik2627research -incdir /home/rk6650/VeriTriples/malik2627research/core -incdir /home/rk6650/VeriTriples/malik2627research/include -incdir /home/rk6650/VeriTriples/malik2627research/rtl -incdir /home/rk6650/VeriTriples/malik2627research/testbench /home/rk6650/VeriTriples/malik2627research/repos_6.24/freecores_hssdrc/include/hssdrc_tb_sys_if.vh }
[-- (VERI-1482)] Analyzing Verilog file '/home/rk6650/VeriTriples/malik2627research/repos_6.24/freecores_hssdrc/include/hssdrc_tb_sys_if.vh'
[INFO (VERI-1328)] /home/rk6650/VeriTriples/malik2627research/repos_6.24/freecores_hssdrc/include/hssdrc_tb_sys_if.vh(39): analyzing included file '/home/rk6650/VeriTriples/malik2627research/repos_6.24/freecores_hssdrc/include/hssdrc_define.vh'
0
% 
% catch { analyze -sv -incdir /home/rk6650/VeriTriples/malik2627research/repos_6.24/freecores_hssdrc/include -incdir /home/rk6650/VeriTriples/malik2627research -incdir /home/rk6650/VeriTriples/malik2627research/core -incdir /home/rk6650/VeriTriples/malik2627research/include -incdir /home/rk6650/VeriTriples/malik2627research/rtl -incdir /home/rk6650/VeriTriples/malik2627research/testbench /home/rk6650/VeriTriples/malik2627research/repos_6.24/freecores_hssdrc/rtl/hssdrc_decoder.v }
[-- (VERI-1482)] Analyzing Verilog file '/home/rk6650/VeriTriples/malik2627research/repos_6.24/freecores_hssdrc/rtl/hssdrc_decoder.v'
[INFO (VERI-1328)] /home/rk6650/VeriTriples/malik2627research/repos_6.24/freecores_hssdrc/rtl/hssdrc_decoder.v(39): analyzing included file '/home/rk6650/VeriTriples/malik2627research/repos_6.24/freecores_hssdrc/include/hssdrc_timescale.vh'
[INFO (VERI-1328)] /home/rk6650/VeriTriples/malik2627research/repos_6.24/freecores_hssdrc/rtl/hssdrc_decoder.v(41): analyzing included file '/home/rk6650/VeriTriples/malik2627research/repos_6.24/freecores_hssdrc/include/hssdrc_define.vh'
0
% catch { analyze -sv -incdir /home/rk6650/VeriTriples/malik2627research/repos_6.24/freecores_hssdrc/include -incdir /home/rk6650/VeriTriples/malik2627research -incdir /home/rk6650/VeriTriples/malik2627research/core -incdir /home/rk6650/VeriTriples/malik2627research/include -incdir /home/rk6650/VeriTriples/malik2627research/rtl -incdir /home/rk6650/VeriTriples/malik2627research/testbench /home/rk6650/VeriTriples/malik2627research/repos_6.24/freecores_hssdrc/rtl/hssdrc_arbiter_out.v }
[-- (VERI-1482)] Analyzing Verilog file '/home/rk6650/VeriTriples/malik2627research/repos_6.24/freecores_hssdrc/rtl/hssdrc_arbiter_out.v'
[INFO (VERI-1328)] /home/rk6650/VeriTriples/malik2627research/repos_6.24/freecores_hssdrc/rtl/hssdrc_arbiter_out.v(39): analyzing included file '/home/rk6650/VeriTriples/malik2627research/repos_6.24/freecores_hssdrc/include/hssdrc_timescale.vh'
[INFO (VERI-1328)] /home/rk6650/VeriTriples/malik2627research/repos_6.24/freecores_hssdrc/rtl/hssdrc_arbiter_out.v(41): analyzing included file '/home/rk6650/VeriTriples/malik2627research/repos_6.24/freecores_hssdrc/include/hssdrc_define.vh'
0
% catch { analyze -sv -incdir /home/rk6650/VeriTriples/malik2627research/repos_6.24/freecores_hssdrc/include -incdir /home/rk6650/VeriTriples/malik2627research -incdir /home/rk6650/VeriTriples/malik2627research/core -incdir /home/rk6650/VeriTriples/malik2627research/include -incdir /home/rk6650/VeriTriples/malik2627research/rtl -incdir /home/rk6650/VeriTriples/malik2627research/testbench /home/rk6650/VeriTriples/malik2627research/repos_6.24/freecores_hssdrc/testbench/sdram_interpretator.sv }
[-- (VERI-1482)] Analyzing Verilog file '/home/rk6650/VeriTriples/malik2627research/repos_6.24/freecores_hssdrc/testbench/sdram_interpretator.sv'
[INFO (VERI-1328)] /home/rk6650/VeriTriples/malik2627research/repos_6.24/freecores_hssdrc/testbench/sdram_interpretator.sv(40): analyzing included file '/home/rk6650/VeriTriples/malik2627research/repos_6.24/freecores_hssdrc/include/hssdrc_timescale.vh'
0
% catch { analyze -sv -incdir /home/rk6650/VeriTriples/malik2627research/repos_6.24/freecores_hssdrc/include -incdir /home/rk6650/VeriTriples/malik2627research -incdir /home/rk6650/VeriTriples/malik2627research/core -incdir /home/rk6650/VeriTriples/malik2627research/include -incdir /home/rk6650/VeriTriples/malik2627research/rtl -incdir /home/rk6650/VeriTriples/malik2627research/testbench /home/rk6650/VeriTriples/malik2627research/repos_6.24/freecores_hssdrc/rtl/hssdrc_init_state.v }
[-- (VERI-1482)] Analyzing Verilog file '/home/rk6650/VeriTriples/malik2627research/repos_6.24/freecores_hssdrc/rtl/hssdrc_init_state.v'
[INFO (VERI-1328)] /home/rk6650/VeriTriples/malik2627research/repos_6.24/freecores_hssdrc/rtl/hssdrc_init_state.v(39): analyzing included file '/home/rk6650/VeriTriples/malik2627research/repos_6.24/freecores_hssdrc/include/hssdrc_timescale.vh'
[INFO (VERI-1328)] /home/rk6650/VeriTriples/malik2627research/repos_6.24/freecores_hssdrc/rtl/hssdrc_init_state.v(41): analyzing included file '/home/rk6650/VeriTriples/malik2627research/repos_6.24/freecores_hssdrc/include/hssdrc_timing.vh'
[INFO (VERI-1328)] /home/rk6650/VeriTriples/malik2627research/repos_6.24/freecores_hssdrc/rtl/hssdrc_init_state.v(42): analyzing included file '/home/rk6650/VeriTriples/malik2627research/repos_6.24/freecores_hssdrc/include/hssdrc_define.vh'
0
% catch { analyze -sv -incdir /home/rk6650/VeriTriples/malik2627research/repos_6.24/freecores_hssdrc/include -incdir /home/rk6650/VeriTriples/malik2627research -incdir /home/rk6650/VeriTriples/malik2627research/core -incdir /home/rk6650/VeriTriples/malik2627research/include -incdir /home/rk6650/VeriTriples/malik2627research/rtl -incdir /home/rk6650/VeriTriples/malik2627research/testbench /home/rk6650/VeriTriples/malik2627research/repos_6.24/freecores_hssdrc/rtl/hssdrc_ba_map.v }
[-- (VERI-1482)] Analyzing Verilog file '/home/rk6650/VeriTriples/malik2627research/repos_6.24/freecores_hssdrc/rtl/hssdrc_ba_map.v'
[INFO (VERI-1328)] /home/rk6650/VeriTriples/malik2627research/repos_6.24/freecores_hssdrc/rtl/hssdrc_ba_map.v(40): analyzing included file '/home/rk6650/VeriTriples/malik2627research/repos_6.24/freecores_hssdrc/include/hssdrc_timescale.vh'
[INFO (VERI-1328)] /home/rk6650/VeriTriples/malik2627research/repos_6.24/freecores_hssdrc/rtl/hssdrc_ba_map.v(42): analyzing included file '/home/rk6650/VeriTriples/malik2627research/repos_6.24/freecores_hssdrc/include/hssdrc_define.vh'
0
% catch { analyze -sv -incdir /home/rk6650/VeriTriples/malik2627research/repos_6.24/freecores_hssdrc/include -incdir /home/rk6650/VeriTriples/malik2627research -incdir /home/rk6650/VeriTriples/malik2627research/core -incdir /home/rk6650/VeriTriples/malik2627research/include -incdir /home/rk6650/VeriTriples/malik2627research/rtl -incdir /home/rk6650/VeriTriples/malik2627research/testbench /home/rk6650/VeriTriples/malik2627research/repos_6.24/freecores_hssdrc/rtl/hssdrc_addr_path.v }
[-- (VERI-1482)] Analyzing Verilog file '/home/rk6650/VeriTriples/malik2627research/repos_6.24/freecores_hssdrc/rtl/hssdrc_addr_path.v'
[INFO (VERI-1328)] /home/rk6650/VeriTriples/malik2627research/repos_6.24/freecores_hssdrc/rtl/hssdrc_addr_path.v(39): analyzing included file '/home/rk6650/VeriTriples/malik2627research/repos_6.24/freecores_hssdrc/include/hssdrc_timescale.vh'
[INFO (VERI-1328)] /home/rk6650/VeriTriples/malik2627research/repos_6.24/freecores_hssdrc/rtl/hssdrc_addr_path.v(41): analyzing included file '/home/rk6650/VeriTriples/malik2627research/repos_6.24/freecores_hssdrc/include/hssdrc_define.vh'
0
% catch { analyze -sv -incdir /home/rk6650/VeriTriples/malik2627research/repos_6.24/freecores_hssdrc/include -incdir /home/rk6650/VeriTriples/malik2627research -incdir /home/rk6650/VeriTriples/malik2627research/core -incdir /home/rk6650/VeriTriples/malik2627research/include -incdir /home/rk6650/VeriTriples/malik2627research/rtl -incdir /home/rk6650/VeriTriples/malik2627research/testbench /home/rk6650/VeriTriples/malik2627research/repos_6.24/freecores_hssdrc/rtl/hssdrc_top.v }
[-- (VERI-1482)] Analyzing Verilog file '/home/rk6650/VeriTriples/malik2627research/repos_6.24/freecores_hssdrc/rtl/hssdrc_top.v'
[INFO (VERI-1328)] /home/rk6650/VeriTriples/malik2627research/repos_6.24/freecores_hssdrc/rtl/hssdrc_top.v(39): analyzing included file '/home/rk6650/VeriTriples/malik2627research/repos_6.24/freecores_hssdrc/include/hssdrc_timescale.vh'
[INFO (VERI-1328)] /home/rk6650/VeriTriples/malik2627research/repos_6.24/freecores_hssdrc/rtl/hssdrc_top.v(41): analyzing included file '/home/rk6650/VeriTriples/malik2627research/repos_6.24/freecores_hssdrc/include/hssdrc_define.vh'
0
% catch { analyze -sv -incdir /home/rk6650/VeriTriples/malik2627research/repos_6.24/freecores_hssdrc/include -incdir /home/rk6650/VeriTriples/malik2627research -incdir /home/rk6650/VeriTriples/malik2627research/core -incdir /home/rk6650/VeriTriples/malik2627research/include -incdir /home/rk6650/VeriTriples/malik2627research/rtl -incdir /home/rk6650/VeriTriples/malik2627research/testbench /home/rk6650/VeriTriples/malik2627research/repos_6.24/freecores_hssdrc/rtl/hssdrc_mux.v }
[-- (VERI-1482)] Analyzing Verilog file '/home/rk6650/VeriTriples/malik2627research/repos_6.24/freecores_hssdrc/rtl/hssdrc_mux.v'
[INFO (VERI-1328)] /home/rk6650/VeriTriples/malik2627research/repos_6.24/freecores_hssdrc/rtl/hssdrc_mux.v(39): analyzing included file '/home/rk6650/VeriTriples/malik2627research/repos_6.24/freecores_hssdrc/include/hssdrc_timescale.vh'
[INFO (VERI-1328)] /home/rk6650/VeriTriples/malik2627research/repos_6.24/freecores_hssdrc/rtl/hssdrc_mux.v(41): analyzing included file '/home/rk6650/VeriTriples/malik2627research/repos_6.24/freecores_hssdrc/include/hssdrc_define.vh'
0
% catch { analyze -sv -incdir /home/rk6650/VeriTriples/malik2627research/repos_6.24/freecores_hssdrc/include -incdir /home/rk6650/VeriTriples/malik2627research -incdir /home/rk6650/VeriTriples/malik2627research/core -incdir /home/rk6650/VeriTriples/malik2627research/include -incdir /home/rk6650/VeriTriples/malik2627research/rtl -incdir /home/rk6650/VeriTriples/malik2627research/testbench /home/rk6650/VeriTriples/malik2627research/repos_6.24/freecores_hssdrc/rtl/hssdrc_access_manager.v }
[-- (VERI-1482)] Analyzing Verilog file '/home/rk6650/VeriTriples/malik2627research/repos_6.24/freecores_hssdrc/rtl/hssdrc_access_manager.v'
[INFO (VERI-1328)] /home/rk6650/VeriTriples/malik2627research/repos_6.24/freecores_hssdrc/rtl/hssdrc_access_manager.v(151): analyzing included file '/home/rk6650/VeriTriples/malik2627research/repos_6.24/freecores_hssdrc/include/hssdrc_timescale.vh'
[INFO (VERI-1328)] /home/rk6650/VeriTriples/malik2627research/repos_6.24/freecores_hssdrc/rtl/hssdrc_access_manager.v(153): analyzing included file '/home/rk6650/VeriTriples/malik2627research/repos_6.24/freecores_hssdrc/include/hssdrc_define.vh'
[INFO (VERI-1328)] /home/rk6650/VeriTriples/malik2627research/repos_6.24/freecores_hssdrc/rtl/hssdrc_access_manager.v(154): analyzing included file '/home/rk6650/VeriTriples/malik2627research/repos_6.24/freecores_hssdrc/include/hssdrc_timing.vh'
0
% catch { analyze -sv -incdir /home/rk6650/VeriTriples/malik2627research/repos_6.24/freecores_hssdrc/include -incdir /home/rk6650/VeriTriples/malik2627research -incdir /home/rk6650/VeriTriples/malik2627research/core -incdir /home/rk6650/VeriTriples/malik2627research/include -incdir /home/rk6650/VeriTriples/malik2627research/rtl -incdir /home/rk6650/VeriTriples/malik2627research/testbench /home/rk6650/VeriTriples/malik2627research/repos_6.24/freecores_hssdrc/rtl/hssdrc_addr_path_p1.v }
[-- (VERI-1482)] Analyzing Verilog file '/home/rk6650/VeriTriples/malik2627research/repos_6.24/freecores_hssdrc/rtl/hssdrc_addr_path_p1.v'
[INFO (VERI-1328)] /home/rk6650/VeriTriples/malik2627research/repos_6.24/freecores_hssdrc/rtl/hssdrc_addr_path_p1.v(39): analyzing included file '/home/rk6650/VeriTriples/malik2627research/repos_6.24/freecores_hssdrc/include/hssdrc_timescale.vh'
[INFO (VERI-1328)] /home/rk6650/VeriTriples/malik2627research/repos_6.24/freecores_hssdrc/rtl/hssdrc_addr_path_p1.v(41): analyzing included file '/home/rk6650/VeriTriples/malik2627research/repos_6.24/freecores_hssdrc/include/hssdrc_define.vh'
0
% catch { analyze -sv -incdir /home/rk6650/VeriTriples/malik2627research/repos_6.24/freecores_hssdrc/include -incdir /home/rk6650/VeriTriples/malik2627research -incdir /home/rk6650/VeriTriples/malik2627research/core -incdir /home/rk6650/VeriTriples/malik2627research/include -incdir /home/rk6650/VeriTriples/malik2627research/rtl -incdir /home/rk6650/VeriTriples/malik2627research/testbench /home/rk6650/VeriTriples/malik2627research/repos_6.24/freecores_hssdrc/rtl/hssdrc_data_path_p1.v }
[-- (VERI-1482)] Analyzing Verilog file '/home/rk6650/VeriTriples/malik2627research/repos_6.24/freecores_hssdrc/rtl/hssdrc_data_path_p1.v'
[INFO (VERI-1328)] /home/rk6650/VeriTriples/malik2627research/repos_6.24/freecores_hssdrc/rtl/hssdrc_data_path_p1.v(39): analyzing included file '/home/rk6650/VeriTriples/malik2627research/repos_6.24/freecores_hssdrc/include/hssdrc_timescale.vh'
[INFO (VERI-1328)] /home/rk6650/VeriTriples/malik2627research/repos_6.24/freecores_hssdrc/rtl/hssdrc_data_path_p1.v(41): analyzing included file '/home/rk6650/VeriTriples/malik2627research/repos_6.24/freecores_hssdrc/include/hssdrc_timing.vh'
[INFO (VERI-1328)] /home/rk6650/VeriTriples/malik2627research/repos_6.24/freecores_hssdrc/rtl/hssdrc_data_path_p1.v(42): analyzing included file '/home/rk6650/VeriTriples/malik2627research/repos_6.24/freecores_hssdrc/include/hssdrc_define.vh'
0
% catch { analyze -sv -incdir /home/rk6650/VeriTriples/malik2627research/repos_6.24/freecores_hssdrc/include -incdir /home/rk6650/VeriTriples/malik2627research -incdir /home/rk6650/VeriTriples/malik2627research/core -incdir /home/rk6650/VeriTriples/malik2627research/include -incdir /home/rk6650/VeriTriples/malik2627research/rtl -incdir /home/rk6650/VeriTriples/malik2627research/testbench /home/rk6650/VeriTriples/malik2627research/repos_6.24/freecores_hssdrc/rtl/hssdrc_refr_counter.v }
[-- (VERI-1482)] Analyzing Verilog file '/home/rk6650/VeriTriples/malik2627research/repos_6.24/freecores_hssdrc/rtl/hssdrc_refr_counter.v'
[INFO (VERI-1328)] /home/rk6650/VeriTriples/malik2627research/repos_6.24/freecores_hssdrc/rtl/hssdrc_refr_counter.v(39): analyzing included file '/home/rk6650/VeriTriples/malik2627research/repos_6.24/freecores_hssdrc/include/hssdrc_timescale.vh'
[INFO (VERI-1328)] /home/rk6650/VeriTriples/malik2627research/repos_6.24/freecores_hssdrc/rtl/hssdrc_refr_counter.v(41): analyzing included file '/home/rk6650/VeriTriples/malik2627research/repos_6.24/freecores_hssdrc/include/hssdrc_timing.vh'
[INFO (VERI-1328)] /home/rk6650/VeriTriples/malik2627research/repos_6.24/freecores_hssdrc/rtl/hssdrc_refr_counter.v(42): analyzing included file '/home/rk6650/VeriTriples/malik2627research/repos_6.24/freecores_hssdrc/include/hssdrc_define.vh'
0
% catch { analyze -sv -incdir /home/rk6650/VeriTriples/malik2627research/repos_6.24/freecores_hssdrc/include -incdir /home/rk6650/VeriTriples/malik2627research -incdir /home/rk6650/VeriTriples/malik2627research/core -incdir /home/rk6650/VeriTriples/malik2627research/include -incdir /home/rk6650/VeriTriples/malik2627research/rtl -incdir /home/rk6650/VeriTriples/malik2627research/testbench /home/rk6650/VeriTriples/malik2627research/repos_6.24/freecores_hssdrc/rtl/hssdrc_arbiter_in.v }
[-- (VERI-1482)] Analyzing Verilog file '/home/rk6650/VeriTriples/malik2627research/repos_6.24/freecores_hssdrc/rtl/hssdrc_arbiter_in.v'
[INFO (VERI-1328)] /home/rk6650/VeriTriples/malik2627research/repos_6.24/freecores_hssdrc/rtl/hssdrc_arbiter_in.v(40): analyzing included file '/home/rk6650/VeriTriples/malik2627research/repos_6.24/freecores_hssdrc/include/hssdrc_timescale.vh'
[INFO (VERI-1328)] /home/rk6650/VeriTriples/malik2627research/repos_6.24/freecores_hssdrc/rtl/hssdrc_arbiter_in.v(42): analyzing included file '/home/rk6650/VeriTriples/malik2627research/repos_6.24/freecores_hssdrc/include/hssdrc_define.vh'
0
% catch { analyze -sv -incdir /home/rk6650/VeriTriples/malik2627research/repos_6.24/freecores_hssdrc/include -incdir /home/rk6650/VeriTriples/malik2627research -incdir /home/rk6650/VeriTriples/malik2627research/core -incdir /home/rk6650/VeriTriples/malik2627research/include -incdir /home/rk6650/VeriTriples/malik2627research/rtl -incdir /home/rk6650/VeriTriples/malik2627research/testbench /home/rk6650/VeriTriples/malik2627research/repos_6.24/freecores_hssdrc/rtl/hssdrc_data_path.v }
[-- (VERI-1482)] Analyzing Verilog file '/home/rk6650/VeriTriples/malik2627research/repos_6.24/freecores_hssdrc/rtl/hssdrc_data_path.v'
[INFO (VERI-1328)] /home/rk6650/VeriTriples/malik2627research/repos_6.24/freecores_hssdrc/rtl/hssdrc_data_path.v(39): analyzing included file '/home/rk6650/VeriTriples/malik2627research/repos_6.24/freecores_hssdrc/include/hssdrc_timescale.vh'
[INFO (VERI-1328)] /home/rk6650/VeriTriples/malik2627research/repos_6.24/freecores_hssdrc/rtl/hssdrc_data_path.v(41): analyzing included file '/home/rk6650/VeriTriples/malik2627research/repos_6.24/freecores_hssdrc/include/hssdrc_timing.vh'
[INFO (VERI-1328)] /home/rk6650/VeriTriples/malik2627research/repos_6.24/freecores_hssdrc/rtl/hssdrc_data_path.v(42): analyzing included file '/home/rk6650/VeriTriples/malik2627research/repos_6.24/freecores_hssdrc/include/hssdrc_define.vh'
0
% catch { analyze -sv -incdir /home/rk6650/VeriTriples/malik2627research/repos_6.24/freecores_hssdrc/include -incdir /home/rk6650/VeriTriples/malik2627research -incdir /home/rk6650/VeriTriples/malik2627research/core -incdir /home/rk6650/VeriTriples/malik2627research/include -incdir /home/rk6650/VeriTriples/malik2627research/rtl -incdir /home/rk6650/VeriTriples/malik2627research/testbench /home/rk6650/VeriTriples/malik2627research/repos_6.24/freecores_hssdrc/rtl/hssdrc_decoder_state.v }
[-- (VERI-1482)] Analyzing Verilog file '/home/rk6650/VeriTriples/malik2627research/repos_6.24/freecores_hssdrc/rtl/hssdrc_decoder_state.v'
[INFO (VERI-1328)] /home/rk6650/VeriTriples/malik2627research/repos_6.24/freecores_hssdrc/rtl/hssdrc_decoder_state.v(39): analyzing included file '/home/rk6650/VeriTriples/malik2627research/repos_6.24/freecores_hssdrc/include/hssdrc_timescale.vh'
[INFO (VERI-1328)] /home/rk6650/VeriTriples/malik2627research/repos_6.24/freecores_hssdrc/rtl/hssdrc_decoder_state.v(41): analyzing included file '/home/rk6650/VeriTriples/malik2627research/repos_6.24/freecores_hssdrc/include/hssdrc_timing.vh'
[INFO (VERI-1328)] /home/rk6650/VeriTriples/malik2627research/repos_6.24/freecores_hssdrc/rtl/hssdrc_decoder_state.v(42): analyzing included file '/home/rk6650/VeriTriples/malik2627research/repos_6.24/freecores_hssdrc/include/hssdrc_define.vh'
0
% 
% catch { analyze -sv -incdir /home/rk6650/VeriTriples/malik2627research/repos_6.24/freecores_hssdrc/include -incdir /home/rk6650/VeriTriples/malik2627research -incdir /home/rk6650/VeriTriples/malik2627research/core -incdir /home/rk6650/VeriTriples/malik2627research/include -incdir /home/rk6650/VeriTriples/malik2627research/rtl -incdir /home/rk6650/VeriTriples/malik2627research/testbench /home/rk6650/VeriTriples/malik2627research/repos_6.24/freecores_hssdrc/rtl/hssdrc_addr_path.v }
[-- (VERI-1482)] Analyzing Verilog file '/home/rk6650/VeriTriples/malik2627research/repos_6.24/freecores_hssdrc/rtl/hssdrc_addr_path.v'
[INFO (VERI-1328)] /home/rk6650/VeriTriples/malik2627research/repos_6.24/freecores_hssdrc/rtl/hssdrc_addr_path.v(39): analyzing included file '/home/rk6650/VeriTriples/malik2627research/repos_6.24/freecores_hssdrc/include/hssdrc_timescale.vh'
[INFO (VERI-1328)] /home/rk6650/VeriTriples/malik2627research/repos_6.24/freecores_hssdrc/rtl/hssdrc_addr_path.v(41): analyzing included file '/home/rk6650/VeriTriples/malik2627research/repos_6.24/freecores_hssdrc/include/hssdrc_define.vh'
[WARN (VERI-1206)] /home/rk6650/VeriTriples/malik2627research/repos_6.24/freecores_hssdrc/rtl/hssdrc_addr_path.v(207): overwriting previous definition of module 'hssdrc_addr_path'
[INFO (VERI-2142)] /home/rk6650/VeriTriples/malik2627research/repos_6.24/freecores_hssdrc/rtl/hssdrc_addr_path.v(207): previous definition of design element 'hssdrc_addr_path' is here
0
% 
% 
%             if {[catch {elaborate -top hssdrc_refr_counter} err]} {
            puts "ELAB ERROR: $err"
            exit
            }
INFO (ISW003): Top module name is "hssdrc_refr_counter".
[WARN (VERI-2418)] /home/rk6650/VeriTriples/malik2627research/repos_6.24/freecores_hssdrc/include/hssdrc_define.vh(63): parameter 'pRowaBits' declared inside compilation unit '\$unit__home_rk6650_VeriTriples_malik2627research_repos_6_24_freecores_hssdrc_include_hssdrc_define_vh ' shall be treated as localparam
[WARN (VERI-2418)] /home/rk6650/VeriTriples/malik2627research/repos_6.24/freecores_hssdrc/include/hssdrc_define.vh(64): parameter 'pColaBits' declared inside compilation unit '\$unit__home_rk6650_VeriTriples_malik2627research_repos_6_24_freecores_hssdrc_include_hssdrc_define_vh ' shall be treated as localparam
[WARN (VERI-2418)] /home/rk6650/VeriTriples/malik2627research/repos_6.24/freecores_hssdrc/include/hssdrc_define.vh(65): parameter 'pBaBits' declared inside compilation unit '\$unit__home_rk6650_VeriTriples_malik2627research_repos_6_24_freecores_hssdrc_include_hssdrc_define_vh ' shall be treated as localparam
[WARN (VERI-2418)] /home/rk6650/VeriTriples/malik2627research/repos_6.24/freecores_hssdrc/include/hssdrc_define.vh(66): parameter 'pBurstBits' declared inside compilation unit '\$unit__home_rk6650_VeriTriples_malik2627research_repos_6_24_freecores_hssdrc_include_hssdrc_define_vh ' shall be treated as localparam
[WARN (VERI-2418)] /home/rk6650/VeriTriples/malik2627research/repos_6.24/freecores_hssdrc/include/hssdrc_define.vh(67): parameter 'pChIdBits' declared inside compilation unit '\$unit__home_rk6650_VeriTriples_malik2627research_repos_6_24_freecores_hssdrc_include_hssdrc_define_vh ' shall be treated as localparam
[WARN (VERI-2418)] /home/rk6650/VeriTriples/malik2627research/repos_6.24/freecores_hssdrc/include/hssdrc_define.vh(71): parameter 'pDataBits' declared inside compilation unit '\$unit__home_rk6650_VeriTriples_malik2627research_repos_6_24_freecores_hssdrc_include_hssdrc_define_vh ' shall be treated as localparam
[WARN (VERI-2418)] /home/rk6650/VeriTriples/malik2627research/repos_6.24/freecores_hssdrc/include/hssdrc_define.vh(72): parameter 'pDatamBits' declared inside compilation unit '\$unit__home_rk6650_VeriTriples_malik2627research_repos_6_24_freecores_hssdrc_include_hssdrc_define_vh ' shall be treated as localparam
[WARN (VERI-2418)] /home/rk6650/VeriTriples/malik2627research/repos_6.24/freecores_hssdrc/include/hssdrc_define.vh(76): parameter 'pSdramAddrBits' declared inside compilation unit '\$unit__home_rk6650_VeriTriples_malik2627research_repos_6_24_freecores_hssdrc_include_hssdrc_define_vh ' shall be treated as localparam
[WARN (VERI-2418)] /home/rk6650/VeriTriples/malik2627research/repos_6.24/freecores_hssdrc/include/hssdrc_define.vh(77): parameter 'pSdramBurstBits' declared inside compilation unit '\$unit__home_rk6650_VeriTriples_malik2627research_repos_6_24_freecores_hssdrc_include_hssdrc_define_vh ' shall be treated as localparam
[WARN (VERI-2418)] /home/rk6650/VeriTriples/malik2627research/repos_6.24/freecores_hssdrc/include/hssdrc_define.vh(78): parameter 'cSdramBL' declared inside compilation unit '\$unit__home_rk6650_VeriTriples_malik2627research_repos_6_24_freecores_hssdrc_include_hssdrc_define_vh ' shall be treated as localparam
[WARN (VERI-2418)] /home/rk6650/VeriTriples/malik2627research/repos_6.24/freecores_hssdrc/include/hssdrc_define.vh(82): parameter 'pInitWBM' declared inside compilation unit '\$unit__home_rk6650_VeriTriples_malik2627research_repos_6_24_freecores_hssdrc_include_hssdrc_define_vh ' shall be treated as localparam
[WARN (VERI-2418)] /home/rk6650/VeriTriples/malik2627research/repos_6.24/freecores_hssdrc/include/hssdrc_define.vh(83): parameter 'pInitOM' declared inside compilation unit '\$unit__home_rk6650_VeriTriples_malik2627research_repos_6_24_freecores_hssdrc_include_hssdrc_define_vh ' shall be treated as localparam
[WARN (VERI-2418)] /home/rk6650/VeriTriples/malik2627research/repos_6.24/freecores_hssdrc/include/hssdrc_define.vh(84): parameter 'pCL' declared inside compilation unit '\$unit__home_rk6650_VeriTriples_malik2627research_repos_6_24_freecores_hssdrc_include_hssdrc_define_vh ' shall be treated as localparam
[WARN (VERI-2418)] /home/rk6650/VeriTriples/malik2627research/repos_6.24/freecores_hssdrc/include/hssdrc_define.vh(85): parameter 'pInitBT' declared inside compilation unit '\$unit__home_rk6650_VeriTriples_malik2627research_repos_6_24_freecores_hssdrc_include_hssdrc_define_vh ' shall be treated as localparam
[WARN (VERI-2418)] /home/rk6650/VeriTriples/malik2627research/repos_6.24/freecores_hssdrc/include/hssdrc_define.vh(86): parameter 'pInitBL' declared inside compilation unit '\$unit__home_rk6650_VeriTriples_malik2627research_repos_6_24_freecores_hssdrc_include_hssdrc_define_vh ' shall be treated as localparam
[WARN (VERI-2418)] /home/rk6650/VeriTriples/malik2627research/repos_6.24/freecores_hssdrc/include/hssdrc_define.vh(88): parameter 'pReserved' declared inside compilation unit '\$unit__home_rk6650_VeriTriples_malik2627research_repos_6_24_freecores_hssdrc_include_hssdrc_define_vh ' shall be treated as localparam
[WARN (VERI-2418)] /home/rk6650/VeriTriples/malik2627research/repos_6.24/freecores_hssdrc/include/hssdrc_define.vh(89): parameter 'cInitLmrValue' declared inside compilation unit '\$unit__home_rk6650_VeriTriples_malik2627research_repos_6_24_freecores_hssdrc_include_hssdrc_define_vh ' shall be treated as localparam
[WARN (VERI-2418)] /home/rk6650/VeriTriples/malik2627research/repos_6.24/freecores_hssdrc/include/hssdrc_timing.vh(48): parameter 'pClkMHz' declared inside compilation unit '\$unit__home_rk6650_VeriTriples_malik2627research_repos_6_24_freecores_hssdrc_include_hssdrc_define_vh ' shall be treated as localparam
[WARN (VERI-2418)] /home/rk6650/VeriTriples/malik2627research/repos_6.24/freecores_hssdrc/include/hssdrc_timing.vh(52): parameter 'pTras_time' declared inside compilation unit '\$unit__home_rk6650_VeriTriples_malik2627research_repos_6_24_freecores_hssdrc_include_hssdrc_define_vh ' shall be treated as localparam
[WARN (VERI-2418)] /home/rk6650/VeriTriples/malik2627research/repos_6.24/freecores_hssdrc/include/hssdrc_timing.vh(53): parameter 'pTrfc_time' declared inside compilation unit '\$unit__home_rk6650_VeriTriples_malik2627research_repos_6_24_freecores_hssdrc_include_hssdrc_define_vh ' shall be treated as localparam
[WARN (VERI-2418)] /home/rk6650/VeriTriples/malik2627research/repos_6.24/freecores_hssdrc/include/hssdrc_timing.vh(54): parameter 'pTrc_time' declared inside compilation unit '\$unit__home_rk6650_VeriTriples_malik2627research_repos_6_24_freecores_hssdrc_include_hssdrc_define_vh ' shall be treated as localparam
[WARN (VERI-2418)] /home/rk6650/VeriTriples/malik2627research/repos_6.24/freecores_hssdrc/include/hssdrc_timing.vh(55): parameter 'pTrcd_time' declared inside compilation unit '\$unit__home_rk6650_VeriTriples_malik2627research_repos_6_24_freecores_hssdrc_include_hssdrc_define_vh ' shall be treated as localparam
[WARN (VERI-2418)] /home/rk6650/VeriTriples/malik2627research/repos_6.24/freecores_hssdrc/include/hssdrc_timing.vh(56): parameter 'pTrp_time' declared inside compilation unit '\$unit__home_rk6650_VeriTriples_malik2627research_repos_6_24_freecores_hssdrc_include_hssdrc_define_vh ' shall be treated as localparam
[WARN (VERI-2418)] /home/rk6650/VeriTriples/malik2627research/repos_6.24/freecores_hssdrc/include/hssdrc_timing.vh(57): parameter 'pTrrd_time' declared inside compilation unit '\$unit__home_rk6650_VeriTriples_malik2627research_repos_6_24_freecores_hssdrc_include_hssdrc_define_vh ' shall be treated as localparam
[WARN (VERI-2418)] /home/rk6650/VeriTriples/malik2627research/repos_6.24/freecores_hssdrc/include/hssdrc_timing.vh(58): parameter 'pTwr_time' declared inside compilation unit '\$unit__home_rk6650_VeriTriples_malik2627research_repos_6_24_freecores_hssdrc_include_hssdrc_define_vh ' shall be treated as localparam
[WARN (VERI-2418)] /home/rk6650/VeriTriples/malik2627research/repos_6.24/freecores_hssdrc/include/hssdrc_timing.vh(61): parameter 'pRefr_time' declared inside compilation unit '\$unit__home_rk6650_VeriTriples_malik2627research_repos_6_24_freecores_hssdrc_include_hssdrc_define_vh ' shall be treated as localparam
[WARN (VERI-2418)] /home/rk6650/VeriTriples/malik2627research/repos_6.24/freecores_hssdrc/include/hssdrc_timing.vh(62): parameter 'pInit_time' declared inside compilation unit '\$unit__home_rk6650_VeriTriples_malik2627research_repos_6_24_freecores_hssdrc_include_hssdrc_define_vh ' shall be treated as localparam
[WARN (VERI-2418)] /home/rk6650/VeriTriples/malik2627research/repos_6.24/freecores_hssdrc/include/hssdrc_timing.vh(70): parameter 'cTras' declared inside compilation unit '\$unit__home_rk6650_VeriTriples_malik2627research_repos_6_24_freecores_hssdrc_include_hssdrc_define_vh ' shall be treated as localparam
[WARN (VERI-2418)] /home/rk6650/VeriTriples/malik2627research/repos_6.24/freecores_hssdrc/include/hssdrc_timing.vh(71): parameter 'cTrfc' declared inside compilation unit '\$unit__home_rk6650_VeriTriples_malik2627research_repos_6_24_freecores_hssdrc_include_hssdrc_define_vh ' shall be treated as localparam
[WARN (VERI-2418)] /home/rk6650/VeriTriples/malik2627research/repos_6.24/freecores_hssdrc/include/hssdrc_timing.vh(72): parameter 'cTrc' declared inside compilation unit '\$unit__home_rk6650_VeriTriples_malik2627research_repos_6_24_freecores_hssdrc_include_hssdrc_define_vh ' shall be treated as localparam
[WARN (VERI-2418)] /home/rk6650/VeriTriples/malik2627research/repos_6.24/freecores_hssdrc/include/hssdrc_timing.vh(73): parameter 'cTrcd' declared inside compilation unit '\$unit__home_rk6650_VeriTriples_malik2627research_repos_6_24_freecores_hssdrc_include_hssdrc_define_vh ' shall be treated as localparam
[WARN (VERI-2418)] /home/rk6650/VeriTriples/malik2627research/repos_6.24/freecores_hssdrc/include/hssdrc_timing.vh(74): parameter 'cTrp' declared inside compilation unit '\$unit__home_rk6650_VeriTriples_malik2627research_repos_6_24_freecores_hssdrc_include_hssdrc_define_vh ' shall be treated as localparam
[WARN (VERI-2418)] /home/rk6650/VeriTriples/malik2627research/repos_6.24/freecores_hssdrc/include/hssdrc_timing.vh(75): parameter 'cTrrd' declared inside compilation unit '\$unit__home_rk6650_VeriTriples_malik2627research_repos_6_24_freecores_hssdrc_include_hssdrc_define_vh ' shall be treated as localparam
[WARN (VERI-2418)] /home/rk6650/VeriTriples/malik2627research/repos_6.24/freecores_hssdrc/include/hssdrc_timing.vh(76): parameter 'cTwr' declared inside compilation unit '\$unit__home_rk6650_VeriTriples_malik2627research_repos_6_24_freecores_hssdrc_include_hssdrc_define_vh ' shall be treated as localparam
[WARN (VERI-2418)] /home/rk6650/VeriTriples/malik2627research/repos_6.24/freecores_hssdrc/include/hssdrc_timing.vh(77): parameter 'cTmrd' declared inside compilation unit '\$unit__home_rk6650_VeriTriples_malik2627research_repos_6_24_freecores_hssdrc_include_hssdrc_define_vh ' shall be treated as localparam
[WARN (VERI-2418)] /home/rk6650/VeriTriples/malik2627research/repos_6.24/freecores_hssdrc/include/hssdrc_timing.vh(78): parameter 'cInitTime' declared inside compilation unit '\$unit__home_rk6650_VeriTriples_malik2627research_repos_6_24_freecores_hssdrc_include_hssdrc_define_vh ' shall be treated as localparam
[WARN (VERI-2418)] /home/rk6650/VeriTriples/malik2627research/repos_6.24/freecores_hssdrc/include/hssdrc_timing.vh(82): parameter 'pRefrWindowLowPriority' declared inside compilation unit '\$unit__home_rk6650_VeriTriples_malik2627research_repos_6_24_freecores_hssdrc_include_hssdrc_define_vh ' shall be treated as localparam
[WARN (VERI-2418)] /home/rk6650/VeriTriples/malik2627research/repos_6.24/freecores_hssdrc/include/hssdrc_timing.vh(83): parameter 'pRefrWindowHighPriority' declared inside compilation unit '\$unit__home_rk6650_VeriTriples_malik2627research_repos_6_24_freecores_hssdrc_include_hssdrc_define_vh ' shall be treated as localparam
[WARN (VERI-2418)] /home/rk6650/VeriTriples/malik2627research/repos_6.24/freecores_hssdrc/include/hssdrc_timing.vh(84): parameter 'cRefCounterMaxTime' declared inside compilation unit '\$unit__home_rk6650_VeriTriples_malik2627research_repos_6_24_freecores_hssdrc_include_hssdrc_define_vh ' shall be treated as localparam
[WARN (VERI-2418)] /home/rk6650/VeriTriples/malik2627research/repos_6.24/freecores_hssdrc/include/hssdrc_timing.vh(85): parameter 'cRefrWindowLowPriorityTime' declared inside compilation unit '\$unit__home_rk6650_VeriTriples_malik2627research_repos_6_24_freecores_hssdrc_include_hssdrc_define_vh ' shall be treated as localparam
[WARN (VERI-2418)] /home/rk6650/VeriTriples/malik2627research/repos_6.24/freecores_hssdrc/include/hssdrc_timing.vh(86): parameter 'cRefrWindowHighPriorityTime' declared inside compilation unit '\$unit__home_rk6650_VeriTriples_malik2627research_repos_6_24_freecores_hssdrc_include_hssdrc_define_vh ' shall be treated as localparam
[WARN (VERI-2418)] /home/rk6650/VeriTriples/malik2627research/repos_6.24/freecores_hssdrc/include/hssdrc_timing.vh(90): parameter 'pBTA' declared inside compilation unit '\$unit__home_rk6650_VeriTriples_malik2627research_repos_6_24_freecores_hssdrc_include_hssdrc_define_vh ' shall be treated as localparam
[INFO (HIER-8002)] /home/rk6650/VeriTriples/malik2627research/repos_6.24/freecores_hssdrc/rtl/hssdrc_refr_counter.v(131): Disabling old hierarchical reference handler
[INFO (VERI-1018)] /home/rk6650/VeriTriples/malik2627research/repos_6.24/freecores_hssdrc/rtl/hssdrc_refr_counter.v(44): compiling module 'hssdrc_refr_counter'
[WARN (VERI-9050)] /home/rk6650/VeriTriples/malik2627research/repos_6.24/freecores_hssdrc/include/tb_define.svh(92): synthesis of dynamic array is not supported. Signal burst_mode will be ignored
[WARN (VERI-9050)] /home/rk6650/VeriTriples/malik2627research/repos_6.24/freecores_hssdrc/include/tb_define.svh(93): synthesis of dynamic array is not supported. Signal address_mode will be ignored
[WARN (VERI-9050)] /home/rk6650/VeriTriples/malik2627research/repos_6.24/freecores_hssdrc/include/tb_define.svh(94): synthesis of dynamic array is not supported. Signal test_mode will be ignored
[WARN (VERI-9057)] /home/rk6650/VeriTriples/malik2627research/repos_6.24/freecores_hssdrc/include/tb_define.svh(96): synthesis of string datatype is not supported. Signal 'test_mode_name' will be ignored
[WARN (VERI-9057)] /home/rk6650/VeriTriples/malik2627research/repos_6.24/freecores_hssdrc/include/tb_define.svh(103): synthesis of string datatype is not supported. Signal 'burst_mode_name' will be ignored
[WARN (VERI-9057)] /home/rk6650/VeriTriples/malik2627research/repos_6.24/freecores_hssdrc/include/tb_define.svh(113): synthesis of string datatype is not supported. Signal 'address_mode_name' will be ignored
INFO (INL208): Elaboration synthesis summary:
  Number of synthesized netlists          2 (1 packages)
  Single run mode                         On
  Pipeline                                On (1 pipelined netlists)
  Late hierarchical reference connection  On
  Number of analyzed Verilog modules      18 (2 synthesized)
  Number of analyzed VHDL entities        0 (0 synthesized)
INFO (INL003): Clearing all state information (assumes, stopats, and so forth).
[<embedded>] %         
[<embedded>] %         clock -infer
INFO (ICK007): The tool has inferred "clk" as a primary clock.
WARNING (WCK024): All inferred clocks were declared with both factor and phase equal to 1.
clk
[<embedded>] %         clock -list
User-defined clocks:
------------
0:	clk clk 1 1
------------
Rated : 
------------

clk
[<embedded>] %         reset -list
[<embedded>] %         prove -all -time_limit 30s
Ncustom1: Custom engine code is hT3Ng7hPPfiYQOTDZ3qhYOwGAM51eA+J/FjkM5shLioAsqhgLR4Ft+O1BuKG6ilQ83B9tLXSl+CwjiTMAQA
AMcustom2: Custom engine code is hT3Ng7hP/feYQOTDZ3qhYOwGAM51eA+J/FjkM5shLioAsqhgLR4Ft+O1BuKG6ilQ83B9tLXSmmqwm7g9AQA

==============================================================
SUMMARY
==============================================================
           Properties Considered              : 0
                 assertions                   : 0
                  - proven                    : 0
                  - bounded_proven (user)     : 0
                  - bounded_proven (auto)     : 0
                  - marked_proven             : 0
                  - cex                       : 0
                  - ar_cex                    : 0
                  - undetermined              : 0
                  - unknown                   : 0
                  - error                     : 0
                 covers                       : 0
                  - unreachable               : 0
                  - bounded_unreachable (user): 0
                  - covered                   : 0
                  - ar_covered                : 0
                  - undetermined              : 0
                  - unknown                   : 0
                  - error                     : 0
no_properties
[<embedded>] %         report -all -out jasper_runs_6.24/freecores_hssdrc/proj_0/results.rpt
ERROR (ESW087): No such switch "-out".

ERROR: problem encountered at line 37 in file /home/rk6650/VeriTriples/malik2627research/jasper_runs_6.24/freecores_hssdrc/proj_0/run.tcl

[<embedded>] % INFO (IPL005): Received request to exit from the console.
INFO: Waiting for proof threads to stop...
INFO: Proof threads stopped.
INFO (IPL018): The peak resident set memory use for this session was 0.421 GB.
INFO (IPL014): Waiting for the Tcl-thread to exit.
INFO (IPL015): The Tcl-thread exited with status 1.
INFO (IPL016): Exiting the analysis session with status 1.
