JasperGold Apps 2021.03 FCS 64 bits 2021.03.23 02:50:43 UTC

Any disclosure about the Cadence Design Systems software or its use
model to any third party violates the written Non-Disclosure Agreement
between Cadence Design Systems, Inc. and the customer.

THIS SOFTWARE CONTAINS CONFIDENTIAL INFORMATION AND TRADE SECRETS OF
CADENCE DESIGN SYSTEMS, INC. USE, DISCLOSURE, OR REPRODUCTION IS
PROHIBITED WITHOUT THE PRIOR EXPRESS WRITTEN PERMISSION OF CADENCE
DESIGN SYSTEMS, INC.

Copyright (C) 2000-2021 Cadence Design Systems, Inc. All Rights
Reserved.  Unpublished -- rights reserved under the copyright laws of
the United States.

This product includes software developed by others and redistributed
according to license agreement. See doc/third_party_readme.txt for
further details.

RESTRICTED RIGHTS LEGEND

Use, duplication, or disclosure by the Government is subject to
restrictions as set forth in subparagraph (c) (1) (ii) of the Rights in
Technical Data and Computer Software clause at DFARS 252.227-7013 or
subparagraphs (c) (1) and (2) of Commercial Computer Software -- Restricted
Rights at 48 CFR 52.227-19, as applicable.


                          Cadence Design Systems, Inc. 
                          2655 Seely Avenue
                          San Jose, CA 95134
                          Phone: 408.943.1234

For technical assistance visit http://support.cadence.com.

JasperGold Apps Analysis Session - /home/rk6650/VeriTriples/malik2627research/repos_6.24/aignacio_ravenoc/jgproject/sessionLogs/session_0

INFO: successfully checked out license "jasper_fao".
INFO: reading configuration file "/home/rk6650/.config/jasper/jaspergold.conf".
% clear -all
INFO (IPF121): Cleared environment completely for new design analysis.
% 
% catch { analyze -sv -incdir /home/rk6650/VeriTriples/malik2627research/repos_6.24/aignacio_ravenoc/src/include -incdir /home/rk6650/VeriTriples/malik2627research -incdir /home/rk6650/VeriTriples/malik2627research/src -incdir /home/rk6650/VeriTriples/malik2627research/src/include -incdir /home/rk6650/VeriTriples/malik2627research/src/ni -incdir /home/rk6650/VeriTriples/malik2627research/src/router /home/rk6650/VeriTriples/malik2627research/repos_6.24/aignacio_ravenoc/src/include/ravenoc_pkg.sv }
[-- (VERI-1482)] Analyzing Verilog file '/usr/licensed/cadence-20210126/jasper_2021.03/lib/verilog/packages/std/std.sv' into library 'std'
[-- (VERI-1482)] Analyzing Verilog file '/home/rk6650/VeriTriples/malik2627research/repos_6.24/aignacio_ravenoc/src/include/ravenoc_pkg.sv'
[INFO (VERI-1328)] /home/rk6650/VeriTriples/malik2627research/repos_6.24/aignacio_ravenoc/src/include/ravenoc_pkg.sv(4): analyzing included file '/home/rk6650/VeriTriples/malik2627research/repos_6.24/aignacio_ravenoc/src/include/ravenoc_defines.svh'
[INFO (VERI-1328)] /home/rk6650/VeriTriples/malik2627research/repos_6.24/aignacio_ravenoc/src/include/ravenoc_pkg.sv(5): analyzing included file '/home/rk6650/VeriTriples/malik2627research/repos_6.24/aignacio_ravenoc/src/include/ravenoc_structs.svh'
[ERROR (VERI-1128)] /home/rk6650/VeriTriples/malik2627research/repos_6.24/aignacio_ravenoc/src/include/ravenoc_structs.svh(3): 'amba_axi_pkg' is not declared
[INFO (VERI-1328)] /home/rk6650/VeriTriples/malik2627research/repos_6.24/aignacio_ravenoc/src/include/ravenoc_pkg.sv(6): analyzing included file '/home/rk6650/VeriTriples/malik2627research/repos_6.24/aignacio_ravenoc/src/include/ravenoc_axi_fnc.svh'
[ERROR (VERI-1128)] /home/rk6650/VeriTriples/malik2627research/repos_6.24/aignacio_ravenoc/src/include/ravenoc_axi_fnc.svh(3): 'axi_addr_t' is not declared
[ERROR (VERI-1128)] /home/rk6650/VeriTriples/malik2627research/repos_6.24/aignacio_ravenoc/src/include/ravenoc_axi_fnc.svh(3): 'axi_size_t' is not declared
[ERROR (VERI-1128)] /home/rk6650/VeriTriples/malik2627research/repos_6.24/aignacio_ravenoc/src/include/ravenoc_axi_fnc.svh(22): 'AXI_WORD' is not declared
[ERROR (VERI-1128)] /home/rk6650/VeriTriples/malik2627research/repos_6.24/aignacio_ravenoc/src/include/ravenoc_axi_fnc.svh(22): 'AXI_DWORD' is not declared
[ERROR (VERI-1128)] /home/rk6650/VeriTriples/malik2627research/repos_6.24/aignacio_ravenoc/src/include/ravenoc_axi_fnc.svh(26): 'AXI_WORD' is not declared
[ERROR (VERI-1128)] /home/rk6650/VeriTriples/malik2627research/repos_6.24/aignacio_ravenoc/src/include/ravenoc_axi_fnc.svh(33): 'axi_addr_t' is not declared
[ERROR (VERI-1128)] /home/rk6650/VeriTriples/malik2627research/repos_6.24/aignacio_ravenoc/src/include/ravenoc_axi_fnc.svh(54): 'axi_addr_t' is not declared
[ERROR (VERI-1128)] /home/rk6650/VeriTriples/malik2627research/repos_6.24/aignacio_ravenoc/src/include/ravenoc_axi_fnc.svh(74): 'axi_addr_t' is not declared
[ERROR (VERI-1072)] /home/rk6650/VeriTriples/malik2627research/repos_6.24/aignacio_ravenoc/src/include/ravenoc_pkg.sv(7): package 'ravenoc_pkg' ignored due to previous errors
Summary of errors detected:
	[ERROR (VERI-1128)] /home/rk6650/VeriTriples/malik2627research/repos_6.24/aignacio_ravenoc/src/include/ravenoc_structs.svh(3): 'amba_axi_pkg' is not declared
	[ERROR (VERI-1128)] /home/rk6650/VeriTriples/malik2627research/repos_6.24/aignacio_ravenoc/src/include/ravenoc_axi_fnc.svh(3): 'axi_addr_t' is not declared
	[ERROR (VERI-1128)] /home/rk6650/VeriTriples/malik2627research/repos_6.24/aignacio_ravenoc/src/include/ravenoc_axi_fnc.svh(3): 'axi_size_t' is not declared
	[ERROR (VERI-1128)] /home/rk6650/VeriTriples/malik2627research/repos_6.24/aignacio_ravenoc/src/include/ravenoc_axi_fnc.svh(22): 'AXI_WORD' is not declared
	[ERROR (VERI-1128)] /home/rk6650/VeriTriples/malik2627research/repos_6.24/aignacio_ravenoc/src/include/ravenoc_axi_fnc.svh(22): 'AXI_DWORD' is not declared
	[ERROR (VERI-1128)] /home/rk6650/VeriTriples/malik2627research/repos_6.24/aignacio_ravenoc/src/include/ravenoc_axi_fnc.svh(26): 'AXI_WORD' is not declared
	[ERROR (VERI-1128)] /home/rk6650/VeriTriples/malik2627research/repos_6.24/aignacio_ravenoc/src/include/ravenoc_axi_fnc.svh(33): 'axi_addr_t' is not declared
	[ERROR (VERI-1128)] /home/rk6650/VeriTriples/malik2627research/repos_6.24/aignacio_ravenoc/src/include/ravenoc_axi_fnc.svh(54): 'axi_addr_t' is not declared
	[ERROR (VERI-1128)] /home/rk6650/VeriTriples/malik2627research/repos_6.24/aignacio_ravenoc/src/include/ravenoc_axi_fnc.svh(74): 'axi_addr_t' is not declared
	[ERROR (VERI-1072)] /home/rk6650/VeriTriples/malik2627research/repos_6.24/aignacio_ravenoc/src/include/ravenoc_pkg.sv(7): package 'ravenoc_pkg' ignored due to previous errors
1
% 
% catch { analyze -sv -incdir /home/rk6650/VeriTriples/malik2627research/repos_6.24/aignacio_ravenoc/src/include -incdir /home/rk6650/VeriTriples/malik2627research -incdir /home/rk6650/VeriTriples/malik2627research/src -incdir /home/rk6650/VeriTriples/malik2627research/src/include -incdir /home/rk6650/VeriTriples/malik2627research/src/ni -incdir /home/rk6650/VeriTriples/malik2627research/src/router /home/rk6650/VeriTriples/malik2627research/repos_6.24/aignacio_ravenoc/src/include/ravenoc_axi_fnc.svh }
[-- (VERI-1482)] Analyzing Verilog file '/home/rk6650/VeriTriples/malik2627research/repos_6.24/aignacio_ravenoc/src/include/ravenoc_axi_fnc.svh'
0
% catch { analyze -sv -incdir /home/rk6650/VeriTriples/malik2627research/repos_6.24/aignacio_ravenoc/src/include -incdir /home/rk6650/VeriTriples/malik2627research -incdir /home/rk6650/VeriTriples/malik2627research/src -incdir /home/rk6650/VeriTriples/malik2627research/src/include -incdir /home/rk6650/VeriTriples/malik2627research/src/ni -incdir /home/rk6650/VeriTriples/malik2627research/src/router /home/rk6650/VeriTriples/malik2627research/repos_6.24/aignacio_ravenoc/src/include/ravenoc_structs.svh }
[-- (VERI-1482)] Analyzing Verilog file '/home/rk6650/VeriTriples/malik2627research/repos_6.24/aignacio_ravenoc/src/include/ravenoc_structs.svh'
0
% catch { analyze -sv -incdir /home/rk6650/VeriTriples/malik2627research/repos_6.24/aignacio_ravenoc/src/include -incdir /home/rk6650/VeriTriples/malik2627research -incdir /home/rk6650/VeriTriples/malik2627research/src -incdir /home/rk6650/VeriTriples/malik2627research/src/include -incdir /home/rk6650/VeriTriples/malik2627research/src/ni -incdir /home/rk6650/VeriTriples/malik2627research/src/router /home/rk6650/VeriTriples/malik2627research/repos_6.24/aignacio_ravenoc/src/router/fifo.sv }
[-- (VERI-1482)] Analyzing Verilog file '/home/rk6650/VeriTriples/malik2627research/repos_6.24/aignacio_ravenoc/src/router/fifo.sv'
0
% catch { analyze -sv -incdir /home/rk6650/VeriTriples/malik2627research/repos_6.24/aignacio_ravenoc/src/include -incdir /home/rk6650/VeriTriples/malik2627research -incdir /home/rk6650/VeriTriples/malik2627research/src -incdir /home/rk6650/VeriTriples/malik2627research/src/include -incdir /home/rk6650/VeriTriples/malik2627research/src/ni -incdir /home/rk6650/VeriTriples/malik2627research/src/router /home/rk6650/VeriTriples/malik2627research/repos_6.24/aignacio_ravenoc/src/ni/async_gp_fifo.sv }
[-- (VERI-1482)] Analyzing Verilog file '/home/rk6650/VeriTriples/malik2627research/repos_6.24/aignacio_ravenoc/src/ni/async_gp_fifo.sv'
0
% catch { analyze -sv -incdir /home/rk6650/VeriTriples/malik2627research/repos_6.24/aignacio_ravenoc/src/include -incdir /home/rk6650/VeriTriples/malik2627research -incdir /home/rk6650/VeriTriples/malik2627research/src -incdir /home/rk6650/VeriTriples/malik2627research/src/include -incdir /home/rk6650/VeriTriples/malik2627research/src/ni -incdir /home/rk6650/VeriTriples/malik2627research/src/router /home/rk6650/VeriTriples/malik2627research/repos_6.24/aignacio_ravenoc/src/include/ravenoc_defines.svh }
[-- (VERI-1482)] Analyzing Verilog file '/home/rk6650/VeriTriples/malik2627research/repos_6.24/aignacio_ravenoc/src/include/ravenoc_defines.svh'
0
% 
% catch { analyze -sv -incdir /home/rk6650/VeriTriples/malik2627research/repos_6.24/aignacio_ravenoc/src/include -incdir /home/rk6650/VeriTriples/malik2627research -incdir /home/rk6650/VeriTriples/malik2627research/src -incdir /home/rk6650/VeriTriples/malik2627research/src/include -incdir /home/rk6650/VeriTriples/malik2627research/src/ni -incdir /home/rk6650/VeriTriples/malik2627research/src/router /home/rk6650/VeriTriples/malik2627research/repos_6.24/aignacio_ravenoc/src/router/rr_arbiter.sv }
[-- (VERI-1482)] Analyzing Verilog file '/home/rk6650/VeriTriples/malik2627research/repos_6.24/aignacio_ravenoc/src/router/rr_arbiter.sv'
0
% 
% catch { analyze -sv -incdir /home/rk6650/VeriTriples/malik2627research/repos_6.24/aignacio_ravenoc/src/include -incdir /home/rk6650/VeriTriples/malik2627research -incdir /home/rk6650/VeriTriples/malik2627research/src -incdir /home/rk6650/VeriTriples/malik2627research/src/include -incdir /home/rk6650/VeriTriples/malik2627research/src/ni -incdir /home/rk6650/VeriTriples/malik2627research/src/router /home/rk6650/VeriTriples/malik2627research/repos_6.24/aignacio_ravenoc/src/ravenoc_wrapper.sv }
[-- (VERI-1482)] Analyzing Verilog file '/home/rk6650/VeriTriples/malik2627research/repos_6.24/aignacio_ravenoc/src/ravenoc_wrapper.sv'
[ERROR (VERI-1128)] /home/rk6650/VeriTriples/malik2627research/repos_6.24/aignacio_ravenoc/src/ravenoc_wrapper.sv(26): 'amba_axi_pkg' is not declared
[ERROR (VERI-1128)] /home/rk6650/VeriTriples/malik2627research/repos_6.24/aignacio_ravenoc/src/ravenoc_wrapper.sv(27): 'ravenoc_pkg' is not declared
[ERROR (VERI-1128)] /home/rk6650/VeriTriples/malik2627research/repos_6.24/aignacio_ravenoc/src/ravenoc_wrapper.sv(38): 'NoCSize' is not declared
[ERROR (VERI-1952)] /home/rk6650/VeriTriples/malik2627research/repos_6.24/aignacio_ravenoc/src/ravenoc_wrapper.sv(38): range must be bounded by constant expressions
[ERROR (VERI-1128)] /home/rk6650/VeriTriples/malik2627research/repos_6.24/aignacio_ravenoc/src/ravenoc_wrapper.sv(40): 'NoCSize' is not declared
[ERROR (VERI-1952)] /home/rk6650/VeriTriples/malik2627research/repos_6.24/aignacio_ravenoc/src/ravenoc_wrapper.sv(40): range must be bounded by constant expressions
[ERROR (VERI-1128)] /home/rk6650/VeriTriples/malik2627research/repos_6.24/aignacio_ravenoc/src/ravenoc_wrapper.sv(47): 'axi_addr_t' is not declared
[ERROR (VERI-1128)] /home/rk6650/VeriTriples/malik2627research/repos_6.24/aignacio_ravenoc/src/ravenoc_wrapper.sv(49): 'axi_size_t' is not declared
[ERROR (VERI-1128)] /home/rk6650/VeriTriples/malik2627research/repos_6.24/aignacio_ravenoc/src/ravenoc_wrapper.sv(50): 'axi_burst_t' is not declared
[ERROR (VERI-1128)] /home/rk6650/VeriTriples/malik2627research/repos_6.24/aignacio_ravenoc/src/ravenoc_wrapper.sv(69): 'axi_addr_t' is not declared
[ERROR (VERI-1128)] /home/rk6650/VeriTriples/malik2627research/repos_6.24/aignacio_ravenoc/src/ravenoc_wrapper.sv(71): 'axi_size_t' is not declared
[ERROR (VERI-1128)] /home/rk6650/VeriTriples/malik2627research/repos_6.24/aignacio_ravenoc/src/ravenoc_wrapper.sv(72): 'axi_burst_t' is not declared
[ERROR (VERI-1128)] /home/rk6650/VeriTriples/malik2627research/repos_6.24/aignacio_ravenoc/src/ravenoc_wrapper.sv(90): 'axi_resp_t' is not declared
[ERROR (VERI-1128)] /home/rk6650/VeriTriples/malik2627research/repos_6.24/aignacio_ravenoc/src/ravenoc_wrapper.sv(98): 'axi_resp_t' is not declared
[ERROR (VERI-1128)] /home/rk6650/VeriTriples/malik2627research/repos_6.24/aignacio_ravenoc/src/ravenoc_wrapper.sv(107): 'axi_addr_t' is not declared
[ERROR (VERI-1128)] /home/rk6650/VeriTriples/malik2627research/repos_6.24/aignacio_ravenoc/src/ravenoc_wrapper.sv(109): 'axi_size_t' is not declared
[ERROR (VERI-1128)] /home/rk6650/VeriTriples/malik2627research/repos_6.24/aignacio_ravenoc/src/ravenoc_wrapper.sv(110): 'axi_burst_t' is not declared
[ERROR (VERI-1128)] /home/rk6650/VeriTriples/malik2627research/repos_6.24/aignacio_ravenoc/src/ravenoc_wrapper.sv(129): 'axi_addr_t' is not declared
[ERROR (VERI-1128)] /home/rk6650/VeriTriples/malik2627research/repos_6.24/aignacio_ravenoc/src/ravenoc_wrapper.sv(131): 'axi_size_t' is not declared
[INFO (VMSG-1000)] Too many errors. Further error messages will be suppressed.
Summary of errors detected:
	[ERROR (VERI-1128)] /home/rk6650/VeriTriples/malik2627research/repos_6.24/aignacio_ravenoc/src/ravenoc_wrapper.sv(26): 'amba_axi_pkg' is not declared
	[ERROR (VERI-1128)] /home/rk6650/VeriTriples/malik2627research/repos_6.24/aignacio_ravenoc/src/ravenoc_wrapper.sv(27): 'ravenoc_pkg' is not declared
	[ERROR (VERI-1128)] /home/rk6650/VeriTriples/malik2627research/repos_6.24/aignacio_ravenoc/src/ravenoc_wrapper.sv(38): 'NoCSize' is not declared
	[ERROR (VERI-1952)] /home/rk6650/VeriTriples/malik2627research/repos_6.24/aignacio_ravenoc/src/ravenoc_wrapper.sv(38): range must be bounded by constant expressions
	[ERROR (VERI-1128)] /home/rk6650/VeriTriples/malik2627research/repos_6.24/aignacio_ravenoc/src/ravenoc_wrapper.sv(40): 'NoCSize' is not declared
	[ERROR (VERI-1952)] /home/rk6650/VeriTriples/malik2627research/repos_6.24/aignacio_ravenoc/src/ravenoc_wrapper.sv(40): range must be bounded by constant expressions
	[ERROR (VERI-1128)] /home/rk6650/VeriTriples/malik2627research/repos_6.24/aignacio_ravenoc/src/ravenoc_wrapper.sv(47): 'axi_addr_t' is not declared
	[ERROR (VERI-1128)] /home/rk6650/VeriTriples/malik2627research/repos_6.24/aignacio_ravenoc/src/ravenoc_wrapper.sv(49): 'axi_size_t' is not declared
	[ERROR (VERI-1128)] /home/rk6650/VeriTriples/malik2627research/repos_6.24/aignacio_ravenoc/src/ravenoc_wrapper.sv(50): 'axi_burst_t' is not declared
	[ERROR (VERI-1128)] /home/rk6650/VeriTriples/malik2627research/repos_6.24/aignacio_ravenoc/src/ravenoc_wrapper.sv(69): 'axi_addr_t' is not declared
	[ERROR (VERI-1128)] /home/rk6650/VeriTriples/malik2627research/repos_6.24/aignacio_ravenoc/src/ravenoc_wrapper.sv(71): 'axi_size_t' is not declared
	[ERROR (VERI-1128)] /home/rk6650/VeriTriples/malik2627research/repos_6.24/aignacio_ravenoc/src/ravenoc_wrapper.sv(72): 'axi_burst_t' is not declared
	[ERROR (VERI-1128)] /home/rk6650/VeriTriples/malik2627research/repos_6.24/aignacio_ravenoc/src/ravenoc_wrapper.sv(90): 'axi_resp_t' is not declared
	[ERROR (VERI-1128)] /home/rk6650/VeriTriples/malik2627research/repos_6.24/aignacio_ravenoc/src/ravenoc_wrapper.sv(98): 'axi_resp_t' is not declared
	[ERROR (VERI-1128)] /home/rk6650/VeriTriples/malik2627research/repos_6.24/aignacio_ravenoc/src/ravenoc_wrapper.sv(107): 'axi_addr_t' is not declared
	[ERROR (VERI-1128)] /home/rk6650/VeriTriples/malik2627research/repos_6.24/aignacio_ravenoc/src/ravenoc_wrapper.sv(109): 'axi_size_t' is not declared
	[ERROR (VERI-1128)] /home/rk6650/VeriTriples/malik2627research/repos_6.24/aignacio_ravenoc/src/ravenoc_wrapper.sv(110): 'axi_burst_t' is not declared
	[ERROR (VERI-1128)] /home/rk6650/VeriTriples/malik2627research/repos_6.24/aignacio_ravenoc/src/ravenoc_wrapper.sv(129): 'axi_addr_t' is not declared
	[ERROR (VERI-1128)] /home/rk6650/VeriTriples/malik2627research/repos_6.24/aignacio_ravenoc/src/ravenoc_wrapper.sv(131): 'axi_size_t' is not declared
1
% catch { analyze -sv -incdir /home/rk6650/VeriTriples/malik2627research/repos_6.24/aignacio_ravenoc/src/include -incdir /home/rk6650/VeriTriples/malik2627research -incdir /home/rk6650/VeriTriples/malik2627research/src -incdir /home/rk6650/VeriTriples/malik2627research/src/include -incdir /home/rk6650/VeriTriples/malik2627research/src/ni -incdir /home/rk6650/VeriTriples/malik2627research/src/router /home/rk6650/VeriTriples/malik2627research/repos_6.24/aignacio_ravenoc/src/router/vc_buffer.sv }
[-- (VERI-1482)] Analyzing Verilog file '/home/rk6650/VeriTriples/malik2627research/repos_6.24/aignacio_ravenoc/src/router/vc_buffer.sv'
[ERROR (VERI-1128)] /home/rk6650/VeriTriples/malik2627research/repos_6.24/aignacio_ravenoc/src/router/vc_buffer.sv(28): 'amba_axi_pkg' is not declared
[ERROR (VERI-1128)] /home/rk6650/VeriTriples/malik2627research/repos_6.24/aignacio_ravenoc/src/router/vc_buffer.sv(29): 'ravenoc_pkg' is not declared
[ERROR (VERI-1128)] /home/rk6650/VeriTriples/malik2627research/repos_6.24/aignacio_ravenoc/src/router/vc_buffer.sv(33): 'VcWidth' is not declared
[ERROR (VERI-1952)] /home/rk6650/VeriTriples/malik2627research/repos_6.24/aignacio_ravenoc/src/router/vc_buffer.sv(33): range must be bounded by constant expressions
[ERROR (VERI-1128)] /home/rk6650/VeriTriples/malik2627research/repos_6.24/aignacio_ravenoc/src/router/vc_buffer.sv(34): 'VcWidth' is not declared
[ERROR (VERI-1952)] /home/rk6650/VeriTriples/malik2627research/repos_6.24/aignacio_ravenoc/src/router/vc_buffer.sv(34): range must be bounded by constant expressions
[ERROR (VERI-1128)] /home/rk6650/VeriTriples/malik2627research/repos_6.24/aignacio_ravenoc/src/router/vc_buffer.sv(36): 'FlitWidth' is not declared
[ERROR (VERI-1952)] /home/rk6650/VeriTriples/malik2627research/repos_6.24/aignacio_ravenoc/src/router/vc_buffer.sv(36): range must be bounded by constant expressions
[ERROR (VERI-1128)] /home/rk6650/VeriTriples/malik2627research/repos_6.24/aignacio_ravenoc/src/router/vc_buffer.sv(40): 'FlitWidth' is not declared
[ERROR (VERI-1952)] /home/rk6650/VeriTriples/malik2627research/repos_6.24/aignacio_ravenoc/src/router/vc_buffer.sv(40): range must be bounded by constant expressions
[ERROR (VERI-1128)] /home/rk6650/VeriTriples/malik2627research/repos_6.24/aignacio_ravenoc/src/router/vc_buffer.sv(55): 'FlitBuff' is not declared
[ERROR (VERI-1128)] /home/rk6650/VeriTriples/malik2627research/repos_6.24/aignacio_ravenoc/src/router/vc_buffer.sv(56): 'FlitWidth' is not declared
[ERROR (VERI-1128)] /home/rk6650/VeriTriples/malik2627research/repos_6.24/aignacio_ravenoc/src/router/vc_buffer.sv(73): 'HEAD_FLIT' is not declared
[ERROR (VERI-1128)] /home/rk6650/VeriTriples/malik2627research/repos_6.24/aignacio_ravenoc/src/router/vc_buffer.sv(76): 'TAIL_FLIT' is not declared
[ERROR (VERI-1128)] /home/rk6650/VeriTriples/malik2627research/repos_6.24/aignacio_ravenoc/src/router/vc_buffer.sv(82): 'HEAD_FLIT' is not declared
[ERROR (VERI-1128)] /home/rk6650/VeriTriples/malik2627research/repos_6.24/aignacio_ravenoc/src/router/vc_buffer.sv(83): 'HEAD_FLIT' is not declared
[ERROR (VERI-1072)] /home/rk6650/VeriTriples/malik2627research/repos_6.24/aignacio_ravenoc/src/router/vc_buffer.sv(106): module 'vc_buffer' ignored due to previous errors
Summary of errors detected:
	[ERROR (VERI-1128)] /home/rk6650/VeriTriples/malik2627research/repos_6.24/aignacio_ravenoc/src/router/vc_buffer.sv(28): 'amba_axi_pkg' is not declared
	[ERROR (VERI-1128)] /home/rk6650/VeriTriples/malik2627research/repos_6.24/aignacio_ravenoc/src/router/vc_buffer.sv(29): 'ravenoc_pkg' is not declared
	[ERROR (VERI-1128)] /home/rk6650/VeriTriples/malik2627research/repos_6.24/aignacio_ravenoc/src/router/vc_buffer.sv(33): 'VcWidth' is not declared
	[ERROR (VERI-1952)] /home/rk6650/VeriTriples/malik2627research/repos_6.24/aignacio_ravenoc/src/router/vc_buffer.sv(33): range must be bounded by constant expressions
	[ERROR (VERI-1128)] /home/rk6650/VeriTriples/malik2627research/repos_6.24/aignacio_ravenoc/src/router/vc_buffer.sv(34): 'VcWidth' is not declared
	[ERROR (VERI-1952)] /home/rk6650/VeriTriples/malik2627research/repos_6.24/aignacio_ravenoc/src/router/vc_buffer.sv(34): range must be bounded by constant expressions
	[ERROR (VERI-1128)] /home/rk6650/VeriTriples/malik2627research/repos_6.24/aignacio_ravenoc/src/router/vc_buffer.sv(36): 'FlitWidth' is not declared
	[ERROR (VERI-1952)] /home/rk6650/VeriTriples/malik2627research/repos_6.24/aignacio_ravenoc/src/router/vc_buffer.sv(36): range must be bounded by constant expressions
	[ERROR (VERI-1128)] /home/rk6650/VeriTriples/malik2627research/repos_6.24/aignacio_ravenoc/src/router/vc_buffer.sv(40): 'FlitWidth' is not declared
	[ERROR (VERI-1952)] /home/rk6650/VeriTriples/malik2627research/repos_6.24/aignacio_ravenoc/src/router/vc_buffer.sv(40): range must be bounded by constant expressions
	[ERROR (VERI-1128)] /home/rk6650/VeriTriples/malik2627research/repos_6.24/aignacio_ravenoc/src/router/vc_buffer.sv(55): 'FlitBuff' is not declared
	[ERROR (VERI-1128)] /home/rk6650/VeriTriples/malik2627research/repos_6.24/aignacio_ravenoc/src/router/vc_buffer.sv(56): 'FlitWidth' is not declared
	[ERROR (VERI-1128)] /home/rk6650/VeriTriples/malik2627research/repos_6.24/aignacio_ravenoc/src/router/vc_buffer.sv(73): 'HEAD_FLIT' is not declared
	[ERROR (VERI-1128)] /home/rk6650/VeriTriples/malik2627research/repos_6.24/aignacio_ravenoc/src/router/vc_buffer.sv(76): 'TAIL_FLIT' is not declared
	[ERROR (VERI-1128)] /home/rk6650/VeriTriples/malik2627research/repos_6.24/aignacio_ravenoc/src/router/vc_buffer.sv(82): 'HEAD_FLIT' is not declared
	[ERROR (VERI-1128)] /home/rk6650/VeriTriples/malik2627research/repos_6.24/aignacio_ravenoc/src/router/vc_buffer.sv(83): 'HEAD_FLIT' is not declared
	[ERROR (VERI-1072)] /home/rk6650/VeriTriples/malik2627research/repos_6.24/aignacio_ravenoc/src/router/vc_buffer.sv(106): module 'vc_buffer' ignored due to previous errors
1
% 
% 
%             if {[catch {elaborate -top async_gp_fifo} err]} {
            puts "ELAB ERROR: $err"
            exit
            }
INFO (ISW003): Top module name is "async_gp_fifo".
[INFO (HIER-8002)] /home/rk6650/VeriTriples/malik2627research/repos_6.24/aignacio_ravenoc/src/ni/async_gp_fifo.sv(170): Disabling old hierarchical reference handler
[INFO (VERI-1018)] /home/rk6650/VeriTriples/malik2627research/repos_6.24/aignacio_ravenoc/src/ni/async_gp_fifo.sv(28): compiling module 'async_gp_fifo'
[WARN (VERI-1060)] /home/rk6650/VeriTriples/malik2627research/repos_6.24/aignacio_ravenoc/src/ni/async_gp_fifo.sv(168): 'initial' construct ignored
[WARN (VERI-1209)] /home/rk6650/VeriTriples/malik2627research/repos_6.24/aignacio_ravenoc/src/ni/async_gp_fifo.sv(107): expression size 32 truncated to fit in target size 2
[WARN (VERI-1209)] /home/rk6650/VeriTriples/malik2627research/repos_6.24/aignacio_ravenoc/src/ni/async_gp_fifo.sv(140): expression size 32 truncated to fit in target size 2
INFO (INL208): Elaboration synthesis summary:
  Number of synthesized netlists          1 (0 packages)
  Single run mode                         On
  Pipeline                                On (1 pipelined netlists)
  Late hierarchical reference connection  On
  Number of analyzed Verilog modules      3 (1 synthesized)
  Number of analyzed VHDL entities        0 (0 synthesized)
INFO (INL003): Clearing all state information (assumes, stopats, and so forth).
[<embedded>] %         
[<embedded>] %         clock -infer
INFO (ICK007): The tool has inferred "clk_rd" as a primary clock.
INFO (ICK007): The tool has inferred "clk_wr" as a primary clock.
WARNING (WCK024): All inferred clocks were declared with both factor and phase equal to 1.
clk_rd clk_wr
[<embedded>] %         clock -list
User-defined clocks:
------------
0:	clk_rd clk_rd 1 1
1:	clk_wr clk_wr 1 1
------------
Rated : 
------------

clk_rd clk_wr
[<embedded>] %         reset -list
[<embedded>] %         prove -all -time_limit 30s
Ncustom1: Custom engine code is hT3Ng7hPPfiYQOTDZ3qhYOwGAM51eA+J/FjkM5shLioAsqhgLR4Ft+O1BuKG6ilQ83B9tLXSl+CwjiTMAQA
AMcustom2: Custom engine code is hT3Ng7hP/feYQOTDZ3qhYOwGAM51eA+J/FjkM5shLioAsqhgLR4Ft+O1BuKG6ilQ83B9tLXSmmqwm7g9AQA

==============================================================
SUMMARY
==============================================================
           Properties Considered              : 0
                 assertions                   : 0
                  - proven                    : 0
                  - bounded_proven (user)     : 0
                  - bounded_proven (auto)     : 0
                  - marked_proven             : 0
                  - cex                       : 0
                  - ar_cex                    : 0
                  - undetermined              : 0
                  - unknown                   : 0
                  - error                     : 0
                 covers                       : 0
                  - unreachable               : 0
                  - bounded_unreachable (user): 0
                  - covered                   : 0
                  - ar_covered                : 0
                  - undetermined              : 0
                  - unknown                   : 0
                  - error                     : 0
no_properties
[<embedded>] %         report -all -out jasper_runs_6.24/aignacio_ravenoc/misc/results.rpt
ERROR (ESW087): No such switch "-out".

ERROR: problem encountered at line 26 in file /home/rk6650/VeriTriples/malik2627research/jasper_runs_6.24/aignacio_ravenoc/misc/run.tcl

[<embedded>] % INFO (IPL005): Received request to exit from the console.
INFO: Waiting for proof threads to stop...
INFO: Proof threads stopped.
INFO (IPL018): The peak resident set memory use for this session was 0.415 GB.
INFO (IPL014): Waiting for the Tcl-thread to exit.
INFO (IPL015): The Tcl-thread exited with status 1.
INFO (IPL016): Exiting the analysis session with status 1.
