JasperGold Apps 2021.03 FCS 64 bits 2021.03.23 02:50:43 UTC

Any disclosure about the Cadence Design Systems software or its use
model to any third party violates the written Non-Disclosure Agreement
between Cadence Design Systems, Inc. and the customer.

THIS SOFTWARE CONTAINS CONFIDENTIAL INFORMATION AND TRADE SECRETS OF
CADENCE DESIGN SYSTEMS, INC. USE, DISCLOSURE, OR REPRODUCTION IS
PROHIBITED WITHOUT THE PRIOR EXPRESS WRITTEN PERMISSION OF CADENCE
DESIGN SYSTEMS, INC.

Copyright (C) 2000-2021 Cadence Design Systems, Inc. All Rights
Reserved.  Unpublished -- rights reserved under the copyright laws of
the United States.

This product includes software developed by others and redistributed
according to license agreement. See doc/third_party_readme.txt for
further details.

RESTRICTED RIGHTS LEGEND

Use, duplication, or disclosure by the Government is subject to
restrictions as set forth in subparagraph (c) (1) (ii) of the Rights in
Technical Data and Computer Software clause at DFARS 252.227-7013 or
subparagraphs (c) (1) and (2) of Commercial Computer Software -- Restricted
Rights at 48 CFR 52.227-19, as applicable.


                          Cadence Design Systems, Inc. 
                          2655 Seely Avenue
                          San Jose, CA 95134
                          Phone: 408.943.1234

For technical assistance visit http://support.cadence.com.

JasperGold Apps Analysis Session - /home/rk6650/VeriTriples/malik2627research/repos_6.24/diffblue_hw-cbmc/jgproject/sessionLogs/session_0

INFO: successfully checked out license "jasper_fao".
INFO: reading configuration file "/home/rk6650/.config/jasper/jaspergold.conf".
% clear -all
INFO (IPF121): Cleared environment completely for new design analysis.
% 
% catch { analyze -sv -incdir /home/rk6650/VeriTriples/malik2627research -incdir /home/rk6650/VeriTriples/malik2627research/examples/Benchmarks -incdir /home/rk6650/VeriTriples/malik2627research/examples/fp_adder -incdir /home/rk6650/VeriTriples/malik2627research/regression/ebmc/D-flip-flop -incdir /home/rk6650/VeriTriples/malik2627research/regression/ebmc/FIR -incdir /home/rk6650/VeriTriples/malik2627research/regression/ebmc/Output-Register-Passing -incdir /home/rk6650/VeriTriples/malik2627research/regression/ebmc/cegar -incdir /home/rk6650/VeriTriples/malik2627research/regression/ebmc/engine-heuristic /home/rk6650/VeriTriples/malik2627research/repos_6.24/diffblue_hw-cbmc/regression/ebmc/FIR/main.v }
[-- (VERI-1482)] Analyzing Verilog file '/usr/licensed/cadence-20210126/jasper_2021.03/lib/verilog/packages/std/std.sv' into library 'std'
[-- (VERI-1482)] Analyzing Verilog file '/home/rk6650/VeriTriples/malik2627research/repos_6.24/diffblue_hw-cbmc/regression/ebmc/FIR/main.v'
[ERROR (VERI-1137)] /home/rk6650/VeriTriples/malik2627research/repos_6.24/diffblue_hw-cbmc/regression/ebmc/FIR/main.v(63): syntax error near 'property1'
[ERROR (VERI-1072)] /home/rk6650/VeriTriples/malik2627research/repos_6.24/diffblue_hw-cbmc/regression/ebmc/FIR/main.v(66): module 'fir_fsm' ignored due to previous errors
[ERROR (VERI-1137)] /home/rk6650/VeriTriples/malik2627research/repos_6.24/diffblue_hw-cbmc/regression/ebmc/FIR/main.v(159): syntax error near 'property2'
[ERROR (VERI-1137)] /home/rk6650/VeriTriples/malik2627research/repos_6.24/diffblue_hw-cbmc/regression/ebmc/FIR/main.v(169): syntax error near '='
[ERROR (VERI-1137)] /home/rk6650/VeriTriples/malik2627research/repos_6.24/diffblue_hw-cbmc/regression/ebmc/FIR/main.v(178): syntax error near '='
[ERROR (VERI-1137)] /home/rk6650/VeriTriples/malik2627research/repos_6.24/diffblue_hw-cbmc/regression/ebmc/FIR/main.v(185): syntax error near '='
[ERROR (VERI-1137)] /home/rk6650/VeriTriples/malik2627research/repos_6.24/diffblue_hw-cbmc/regression/ebmc/FIR/main.v(192): syntax error near '='
[ERROR (VERI-1137)] /home/rk6650/VeriTriples/malik2627research/repos_6.24/diffblue_hw-cbmc/regression/ebmc/FIR/main.v(218): syntax error near 'end'
[ERROR (VERI-2344)] /home/rk6650/VeriTriples/malik2627research/repos_6.24/diffblue_hw-cbmc/regression/ebmc/FIR/main.v(218): SystemVerilog 2005 keyword end used in incorrect context
[ERROR (VERI-1281)] /home/rk6650/VeriTriples/malik2627research/repos_6.24/diffblue_hw-cbmc/regression/ebmc/FIR/main.v(159): 'state_out' is not a type
[ERROR (VERI-1281)] /home/rk6650/VeriTriples/malik2627research/repos_6.24/diffblue_hw-cbmc/regression/ebmc/FIR/main.v(164): 'state_out' is not a type
[ERROR (VERI-1188)] /home/rk6650/VeriTriples/malik2627research/repos_6.24/diffblue_hw-cbmc/regression/ebmc/FIR/main.v(166): 'state' is not a constant
[ERROR (VERI-1281)] /home/rk6650/VeriTriples/malik2627research/repos_6.24/diffblue_hw-cbmc/regression/ebmc/FIR/main.v(169): 'sample' is not a type
[ERROR (VERI-1281)] /home/rk6650/VeriTriples/malik2627research/repos_6.24/diffblue_hw-cbmc/regression/ebmc/FIR/main.v(170): 'coefs0' is not a type
[ERROR (VERI-1281)] /home/rk6650/VeriTriples/malik2627research/repos_6.24/diffblue_hw-cbmc/regression/ebmc/FIR/main.v(171): 'coefs15' is not a type
[ERROR (VERI-1281)] /home/rk6650/VeriTriples/malik2627research/repos_6.24/diffblue_hw-cbmc/regression/ebmc/FIR/main.v(172): 'coefs14' is not a type
[ERROR (VERI-1281)] /home/rk6650/VeriTriples/malik2627research/repos_6.24/diffblue_hw-cbmc/regression/ebmc/FIR/main.v(173): 'coefs13' is not a type
[ERROR (VERI-1281)] /home/rk6650/VeriTriples/malik2627research/repos_6.24/diffblue_hw-cbmc/regression/ebmc/FIR/main.v(174): 'coefs12' is not a type
[ERROR (VERI-1281)] /home/rk6650/VeriTriples/malik2627research/repos_6.24/diffblue_hw-cbmc/regression/ebmc/FIR/main.v(178): 'coefs11' is not a type
[INFO (VMSG-1000)] Too many errors. Further error messages will be suppressed.
Summary of errors detected:
	[ERROR (VERI-1137)] /home/rk6650/VeriTriples/malik2627research/repos_6.24/diffblue_hw-cbmc/regression/ebmc/FIR/main.v(63): syntax error near 'property1'
	[ERROR (VERI-1072)] /home/rk6650/VeriTriples/malik2627research/repos_6.24/diffblue_hw-cbmc/regression/ebmc/FIR/main.v(66): module 'fir_fsm' ignored due to previous errors
	[ERROR (VERI-1137)] /home/rk6650/VeriTriples/malik2627research/repos_6.24/diffblue_hw-cbmc/regression/ebmc/FIR/main.v(159): syntax error near 'property2'
	[ERROR (VERI-1137)] /home/rk6650/VeriTriples/malik2627research/repos_6.24/diffblue_hw-cbmc/regression/ebmc/FIR/main.v(169): syntax error near '='
	[ERROR (VERI-1137)] /home/rk6650/VeriTriples/malik2627research/repos_6.24/diffblue_hw-cbmc/regression/ebmc/FIR/main.v(178): syntax error near '='
	[ERROR (VERI-1137)] /home/rk6650/VeriTriples/malik2627research/repos_6.24/diffblue_hw-cbmc/regression/ebmc/FIR/main.v(185): syntax error near '='
	[ERROR (VERI-1137)] /home/rk6650/VeriTriples/malik2627research/repos_6.24/diffblue_hw-cbmc/regression/ebmc/FIR/main.v(192): syntax error near '='
	[ERROR (VERI-1137)] /home/rk6650/VeriTriples/malik2627research/repos_6.24/diffblue_hw-cbmc/regression/ebmc/FIR/main.v(218): syntax error near 'end'
	[ERROR (VERI-2344)] /home/rk6650/VeriTriples/malik2627research/repos_6.24/diffblue_hw-cbmc/regression/ebmc/FIR/main.v(218): SystemVerilog 2005 keyword end used in incorrect context
	[ERROR (VERI-1281)] /home/rk6650/VeriTriples/malik2627research/repos_6.24/diffblue_hw-cbmc/regression/ebmc/FIR/main.v(159): 'state_out' is not a type
	[ERROR (VERI-1281)] /home/rk6650/VeriTriples/malik2627research/repos_6.24/diffblue_hw-cbmc/regression/ebmc/FIR/main.v(164): 'state_out' is not a type
	[ERROR (VERI-1188)] /home/rk6650/VeriTriples/malik2627research/repos_6.24/diffblue_hw-cbmc/regression/ebmc/FIR/main.v(166): 'state' is not a constant
	[ERROR (VERI-1281)] /home/rk6650/VeriTriples/malik2627research/repos_6.24/diffblue_hw-cbmc/regression/ebmc/FIR/main.v(169): 'sample' is not a type
	[ERROR (VERI-1281)] /home/rk6650/VeriTriples/malik2627research/repos_6.24/diffblue_hw-cbmc/regression/ebmc/FIR/main.v(170): 'coefs0' is not a type
	[ERROR (VERI-1281)] /home/rk6650/VeriTriples/malik2627research/repos_6.24/diffblue_hw-cbmc/regression/ebmc/FIR/main.v(171): 'coefs15' is not a type
	[ERROR (VERI-1281)] /home/rk6650/VeriTriples/malik2627research/repos_6.24/diffblue_hw-cbmc/regression/ebmc/FIR/main.v(172): 'coefs14' is not a type
	[ERROR (VERI-1281)] /home/rk6650/VeriTriples/malik2627research/repos_6.24/diffblue_hw-cbmc/regression/ebmc/FIR/main.v(173): 'coefs13' is not a type
	[ERROR (VERI-1281)] /home/rk6650/VeriTriples/malik2627research/repos_6.24/diffblue_hw-cbmc/regression/ebmc/FIR/main.v(174): 'coefs12' is not a type
	[ERROR (VERI-1281)] /home/rk6650/VeriTriples/malik2627research/repos_6.24/diffblue_hw-cbmc/regression/ebmc/FIR/main.v(178): 'coefs11' is not a type
1
% catch { analyze -sv -incdir /home/rk6650/VeriTriples/malik2627research -incdir /home/rk6650/VeriTriples/malik2627research/examples/Benchmarks -incdir /home/rk6650/VeriTriples/malik2627research/examples/fp_adder -incdir /home/rk6650/VeriTriples/malik2627research/regression/ebmc/D-flip-flop -incdir /home/rk6650/VeriTriples/malik2627research/regression/ebmc/FIR -incdir /home/rk6650/VeriTriples/malik2627research/regression/ebmc/Output-Register-Passing -incdir /home/rk6650/VeriTriples/malik2627research/regression/ebmc/cegar -incdir /home/rk6650/VeriTriples/malik2627research/regression/ebmc/engine-heuristic /home/rk6650/VeriTriples/malik2627research/repos_6.24/diffblue_hw-cbmc/examples/fp_adder/fp_adder.v }
[-- (VERI-1482)] Analyzing Verilog file '/home/rk6650/VeriTriples/malik2627research/repos_6.24/diffblue_hw-cbmc/examples/fp_adder/fp_adder.v'
0
% 
% catch { analyze -sv -incdir /home/rk6650/VeriTriples/malik2627research -incdir /home/rk6650/VeriTriples/malik2627research/examples/Benchmarks -incdir /home/rk6650/VeriTriples/malik2627research/examples/fp_adder -incdir /home/rk6650/VeriTriples/malik2627research/regression/ebmc/D-flip-flop -incdir /home/rk6650/VeriTriples/malik2627research/regression/ebmc/FIR -incdir /home/rk6650/VeriTriples/malik2627research/regression/ebmc/Output-Register-Passing -incdir /home/rk6650/VeriTriples/malik2627research/regression/ebmc/cegar -incdir /home/rk6650/VeriTriples/malik2627research/regression/ebmc/engine-heuristic /home/rk6650/VeriTriples/malik2627research/repos_6.24/diffblue_hw-cbmc/examples/Benchmarks/seven_seg_9.sv }
[-- (VERI-1482)] Analyzing Verilog file '/home/rk6650/VeriTriples/malik2627research/repos_6.24/diffblue_hw-cbmc/examples/Benchmarks/seven_seg_9.sv'
[ERROR (VERI-1137)] /home/rk6650/VeriTriples/malik2627research/repos_6.24/diffblue_hw-cbmc/examples/Benchmarks/seven_seg_9.sv(25): syntax error near 'rst'
[ERROR (VERI-1137)] /home/rk6650/VeriTriples/malik2627research/repos_6.24/diffblue_hw-cbmc/examples/Benchmarks/seven_seg_9.sv(26): syntax error near 'rst'
[ERROR (VERI-1072)] /home/rk6650/VeriTriples/malik2627research/repos_6.24/diffblue_hw-cbmc/examples/Benchmarks/seven_seg_9.sv(29): module 'SEVEN' ignored due to previous errors
Summary of errors detected:
	[ERROR (VERI-1137)] /home/rk6650/VeriTriples/malik2627research/repos_6.24/diffblue_hw-cbmc/examples/Benchmarks/seven_seg_9.sv(25): syntax error near 'rst'
	[ERROR (VERI-1137)] /home/rk6650/VeriTriples/malik2627research/repos_6.24/diffblue_hw-cbmc/examples/Benchmarks/seven_seg_9.sv(26): syntax error near 'rst'
	[ERROR (VERI-1072)] /home/rk6650/VeriTriples/malik2627research/repos_6.24/diffblue_hw-cbmc/examples/Benchmarks/seven_seg_9.sv(29): module 'SEVEN' ignored due to previous errors
1
% catch { analyze -sv -incdir /home/rk6650/VeriTriples/malik2627research -incdir /home/rk6650/VeriTriples/malik2627research/examples/Benchmarks -incdir /home/rk6650/VeriTriples/malik2627research/examples/fp_adder -incdir /home/rk6650/VeriTriples/malik2627research/regression/ebmc/D-flip-flop -incdir /home/rk6650/VeriTriples/malik2627research/regression/ebmc/FIR -incdir /home/rk6650/VeriTriples/malik2627research/regression/ebmc/Output-Register-Passing -incdir /home/rk6650/VeriTriples/malik2627research/regression/ebmc/cegar -incdir /home/rk6650/VeriTriples/malik2627research/regression/ebmc/engine-heuristic /home/rk6650/VeriTriples/malik2627research/repos_6.24/diffblue_hw-cbmc/regression/ebmc/cegar/basic2.sv }
[-- (VERI-1482)] Analyzing Verilog file '/home/rk6650/VeriTriples/malik2627research/repos_6.24/diffblue_hw-cbmc/regression/ebmc/cegar/basic2.sv'
[WARN (VERI-1763)] /home/rk6650/VeriTriples/malik2627research/repos_6.24/diffblue_hw-cbmc/regression/ebmc/cegar/basic2.sv(11): the sva directive is not sensitive to clock. The directive will be sampled on the posedge of the fastest clock.
0
% catch { analyze -sv -incdir /home/rk6650/VeriTriples/malik2627research -incdir /home/rk6650/VeriTriples/malik2627research/examples/Benchmarks -incdir /home/rk6650/VeriTriples/malik2627research/examples/fp_adder -incdir /home/rk6650/VeriTriples/malik2627research/regression/ebmc/D-flip-flop -incdir /home/rk6650/VeriTriples/malik2627research/regression/ebmc/FIR -incdir /home/rk6650/VeriTriples/malik2627research/regression/ebmc/Output-Register-Passing -incdir /home/rk6650/VeriTriples/malik2627research/regression/ebmc/cegar -incdir /home/rk6650/VeriTriples/malik2627research/regression/ebmc/engine-heuristic /home/rk6650/VeriTriples/malik2627research/repos_6.24/diffblue_hw-cbmc/regression/ebmc/engine-heuristic/basic2.sv }
[-- (VERI-1482)] Analyzing Verilog file '/home/rk6650/VeriTriples/malik2627research/repos_6.24/diffblue_hw-cbmc/regression/ebmc/engine-heuristic/basic2.sv'
[ERROR (VERI-1137)] /home/rk6650/VeriTriples/malik2627research/repos_6.24/diffblue_hw-cbmc/regression/ebmc/engine-heuristic/basic2.sv(7): syntax error near 'y'
[WARN (VERI-1763)] /home/rk6650/VeriTriples/malik2627research/repos_6.24/diffblue_hw-cbmc/regression/ebmc/engine-heuristic/basic2.sv(10): the sva directive is not sensitive to clock. The directive will be sampled on the posedge of the fastest clock.
[WARN (VERI-1763)] /home/rk6650/VeriTriples/malik2627research/repos_6.24/diffblue_hw-cbmc/regression/ebmc/engine-heuristic/basic2.sv(13): the sva directive is not sensitive to clock. The directive will be sampled on the posedge of the fastest clock.
[ERROR (VERI-1072)] /home/rk6650/VeriTriples/malik2627research/repos_6.24/diffblue_hw-cbmc/regression/ebmc/engine-heuristic/basic2.sv(15): module 'main' ignored due to previous errors
Summary of errors detected:
	[ERROR (VERI-1137)] /home/rk6650/VeriTriples/malik2627research/repos_6.24/diffblue_hw-cbmc/regression/ebmc/engine-heuristic/basic2.sv(7): syntax error near 'y'
	[ERROR (VERI-1072)] /home/rk6650/VeriTriples/malik2627research/repos_6.24/diffblue_hw-cbmc/regression/ebmc/engine-heuristic/basic2.sv(15): module 'main' ignored due to previous errors
1
% catch { analyze -sv -incdir /home/rk6650/VeriTriples/malik2627research -incdir /home/rk6650/VeriTriples/malik2627research/examples/Benchmarks -incdir /home/rk6650/VeriTriples/malik2627research/examples/fp_adder -incdir /home/rk6650/VeriTriples/malik2627research/regression/ebmc/D-flip-flop -incdir /home/rk6650/VeriTriples/malik2627research/regression/ebmc/FIR -incdir /home/rk6650/VeriTriples/malik2627research/regression/ebmc/Output-Register-Passing -incdir /home/rk6650/VeriTriples/malik2627research/regression/ebmc/cegar -incdir /home/rk6650/VeriTriples/malik2627research/regression/ebmc/engine-heuristic /home/rk6650/VeriTriples/malik2627research/repos_6.24/diffblue_hw-cbmc/examples/Benchmarks/vga_9.sv }
[-- (VERI-1482)] Analyzing Verilog file '/home/rk6650/VeriTriples/malik2627research/repos_6.24/diffblue_hw-cbmc/examples/Benchmarks/vga_9.sv'
[ERROR (VERI-1137)] /home/rk6650/VeriTriples/malik2627research/repos_6.24/diffblue_hw-cbmc/examples/Benchmarks/vga_9.sv(64): syntax error near 'rst'
[ERROR (VERI-1072)] /home/rk6650/VeriTriples/malik2627research/repos_6.24/diffblue_hw-cbmc/examples/Benchmarks/vga_9.sv(66): module 'VGA' ignored due to previous errors
Summary of errors detected:
	[ERROR (VERI-1137)] /home/rk6650/VeriTriples/malik2627research/repos_6.24/diffblue_hw-cbmc/examples/Benchmarks/vga_9.sv(64): syntax error near 'rst'
	[ERROR (VERI-1072)] /home/rk6650/VeriTriples/malik2627research/repos_6.24/diffblue_hw-cbmc/examples/Benchmarks/vga_9.sv(66): module 'VGA' ignored due to previous errors
1
% catch { analyze -sv -incdir /home/rk6650/VeriTriples/malik2627research -incdir /home/rk6650/VeriTriples/malik2627research/examples/Benchmarks -incdir /home/rk6650/VeriTriples/malik2627research/examples/fp_adder -incdir /home/rk6650/VeriTriples/malik2627research/regression/ebmc/D-flip-flop -incdir /home/rk6650/VeriTriples/malik2627research/regression/ebmc/FIR -incdir /home/rk6650/VeriTriples/malik2627research/regression/ebmc/Output-Register-Passing -incdir /home/rk6650/VeriTriples/malik2627research/regression/ebmc/cegar -incdir /home/rk6650/VeriTriples/malik2627research/regression/ebmc/engine-heuristic /home/rk6650/VeriTriples/malik2627research/repos_6.24/diffblue_hw-cbmc/examples/Benchmarks/lcd_9.sv }
[-- (VERI-1482)] Analyzing Verilog file '/home/rk6650/VeriTriples/malik2627research/repos_6.24/diffblue_hw-cbmc/examples/Benchmarks/lcd_9.sv'
[ERROR (VERI-1137)] /home/rk6650/VeriTriples/malik2627research/repos_6.24/diffblue_hw-cbmc/examples/Benchmarks/lcd_9.sv(97): syntax error near 'lcd_enable'
[ERROR (VERI-1072)] /home/rk6650/VeriTriples/malik2627research/repos_6.24/diffblue_hw-cbmc/examples/Benchmarks/lcd_9.sv(99): module 'LCD' ignored due to previous errors
Summary of errors detected:
	[ERROR (VERI-1137)] /home/rk6650/VeriTriples/malik2627research/repos_6.24/diffblue_hw-cbmc/examples/Benchmarks/lcd_9.sv(97): syntax error near 'lcd_enable'
	[ERROR (VERI-1072)] /home/rk6650/VeriTriples/malik2627research/repos_6.24/diffblue_hw-cbmc/examples/Benchmarks/lcd_9.sv(99): module 'LCD' ignored due to previous errors
1
% catch { analyze -sv -incdir /home/rk6650/VeriTriples/malik2627research -incdir /home/rk6650/VeriTriples/malik2627research/examples/Benchmarks -incdir /home/rk6650/VeriTriples/malik2627research/examples/fp_adder -incdir /home/rk6650/VeriTriples/malik2627research/regression/ebmc/D-flip-flop -incdir /home/rk6650/VeriTriples/malik2627research/regression/ebmc/FIR -incdir /home/rk6650/VeriTriples/malik2627research/regression/ebmc/Output-Register-Passing -incdir /home/rk6650/VeriTriples/malik2627research/regression/ebmc/cegar -incdir /home/rk6650/VeriTriples/malik2627research/regression/ebmc/engine-heuristic /home/rk6650/VeriTriples/malik2627research/repos_6.24/diffblue_hw-cbmc/regression/ebmc/Output-Register-Passing/main.v }
[-- (VERI-1482)] Analyzing Verilog file '/home/rk6650/VeriTriples/malik2627research/repos_6.24/diffblue_hw-cbmc/regression/ebmc/Output-Register-Passing/main.v'
[ERROR (VERI-1137)] /home/rk6650/VeriTriples/malik2627research/repos_6.24/diffblue_hw-cbmc/regression/ebmc/Output-Register-Passing/main.v(16): syntax error near 'property1'
[ERROR (VERI-1137)] /home/rk6650/VeriTriples/malik2627research/repos_6.24/diffblue_hw-cbmc/regression/ebmc/Output-Register-Passing/main.v(21): syntax error near 'property2'
[ERROR (VERI-1072)] /home/rk6650/VeriTriples/malik2627research/repos_6.24/diffblue_hw-cbmc/regression/ebmc/Output-Register-Passing/main.v(22): module 'main' ignored due to previous errors
[ERROR (VERI-1072)] /home/rk6650/VeriTriples/malik2627research/repos_6.24/diffblue_hw-cbmc/regression/ebmc/Output-Register-Passing/main.v(34): module 'and1' ignored due to previous errors
Summary of errors detected:
	[ERROR (VERI-1137)] /home/rk6650/VeriTriples/malik2627research/repos_6.24/diffblue_hw-cbmc/regression/ebmc/Output-Register-Passing/main.v(16): syntax error near 'property1'
	[ERROR (VERI-1137)] /home/rk6650/VeriTriples/malik2627research/repos_6.24/diffblue_hw-cbmc/regression/ebmc/Output-Register-Passing/main.v(21): syntax error near 'property2'
	[ERROR (VERI-1072)] /home/rk6650/VeriTriples/malik2627research/repos_6.24/diffblue_hw-cbmc/regression/ebmc/Output-Register-Passing/main.v(22): module 'main' ignored due to previous errors
	[ERROR (VERI-1072)] /home/rk6650/VeriTriples/malik2627research/repos_6.24/diffblue_hw-cbmc/regression/ebmc/Output-Register-Passing/main.v(34): module 'and1' ignored due to previous errors
1
% catch { analyze -sv -incdir /home/rk6650/VeriTriples/malik2627research -incdir /home/rk6650/VeriTriples/malik2627research/examples/Benchmarks -incdir /home/rk6650/VeriTriples/malik2627research/examples/fp_adder -incdir /home/rk6650/VeriTriples/malik2627research/regression/ebmc/D-flip-flop -incdir /home/rk6650/VeriTriples/malik2627research/regression/ebmc/FIR -incdir /home/rk6650/VeriTriples/malik2627research/regression/ebmc/Output-Register-Passing -incdir /home/rk6650/VeriTriples/malik2627research/regression/ebmc/cegar -incdir /home/rk6650/VeriTriples/malik2627research/regression/ebmc/engine-heuristic /home/rk6650/VeriTriples/malik2627research/repos_6.24/diffblue_hw-cbmc/examples/Benchmarks/uart_transmit_9.sv }
[-- (VERI-1482)] Analyzing Verilog file '/home/rk6650/VeriTriples/malik2627research/repos_6.24/diffblue_hw-cbmc/examples/Benchmarks/uart_transmit_9.sv'
[ERROR (VERI-1137)] /home/rk6650/VeriTriples/malik2627research/repos_6.24/diffblue_hw-cbmc/examples/Benchmarks/uart_transmit_9.sv(36): syntax error near 'rst'
[ERROR (VERI-1072)] /home/rk6650/VeriTriples/malik2627research/repos_6.24/diffblue_hw-cbmc/examples/Benchmarks/uart_transmit_9.sv(38): module 'UART_T' ignored due to previous errors
Summary of errors detected:
	[ERROR (VERI-1137)] /home/rk6650/VeriTriples/malik2627research/repos_6.24/diffblue_hw-cbmc/examples/Benchmarks/uart_transmit_9.sv(36): syntax error near 'rst'
	[ERROR (VERI-1072)] /home/rk6650/VeriTriples/malik2627research/repos_6.24/diffblue_hw-cbmc/examples/Benchmarks/uart_transmit_9.sv(38): module 'UART_T' ignored due to previous errors
1
% catch { analyze -sv -incdir /home/rk6650/VeriTriples/malik2627research -incdir /home/rk6650/VeriTriples/malik2627research/examples/Benchmarks -incdir /home/rk6650/VeriTriples/malik2627research/examples/fp_adder -incdir /home/rk6650/VeriTriples/malik2627research/regression/ebmc/D-flip-flop -incdir /home/rk6650/VeriTriples/malik2627research/regression/ebmc/FIR -incdir /home/rk6650/VeriTriples/malik2627research/regression/ebmc/Output-Register-Passing -incdir /home/rk6650/VeriTriples/malik2627research/regression/ebmc/cegar -incdir /home/rk6650/VeriTriples/malik2627research/regression/ebmc/engine-heuristic /home/rk6650/VeriTriples/malik2627research/repos_6.24/diffblue_hw-cbmc/examples/Benchmarks/i2c_9.sv }
[-- (VERI-1482)] Analyzing Verilog file '/home/rk6650/VeriTriples/malik2627research/repos_6.24/diffblue_hw-cbmc/examples/Benchmarks/i2c_9.sv'
0
% catch { analyze -sv -incdir /home/rk6650/VeriTriples/malik2627research -incdir /home/rk6650/VeriTriples/malik2627research/examples/Benchmarks -incdir /home/rk6650/VeriTriples/malik2627research/examples/fp_adder -incdir /home/rk6650/VeriTriples/malik2627research/regression/ebmc/D-flip-flop -incdir /home/rk6650/VeriTriples/malik2627research/regression/ebmc/FIR -incdir /home/rk6650/VeriTriples/malik2627research/regression/ebmc/Output-Register-Passing -incdir /home/rk6650/VeriTriples/malik2627research/regression/ebmc/cegar -incdir /home/rk6650/VeriTriples/malik2627research/regression/ebmc/engine-heuristic /home/rk6650/VeriTriples/malik2627research/repos_6.24/diffblue_hw-cbmc/regression/ebmc/D-flip-flop/main.v }
[-- (VERI-1482)] Analyzing Verilog file '/home/rk6650/VeriTriples/malik2627research/repos_6.24/diffblue_hw-cbmc/regression/ebmc/D-flip-flop/main.v'
[ERROR (VERI-1137)] /home/rk6650/VeriTriples/malik2627research/repos_6.24/diffblue_hw-cbmc/regression/ebmc/D-flip-flop/main.v(17): syntax error near 'property1'
[ERROR (VERI-1072)] /home/rk6650/VeriTriples/malik2627research/repos_6.24/diffblue_hw-cbmc/regression/ebmc/D-flip-flop/main.v(22): module 'main' ignored due to previous errors
[ERROR (VERI-1137)] /home/rk6650/VeriTriples/malik2627research/repos_6.24/diffblue_hw-cbmc/regression/ebmc/D-flip-flop/main.v(29): syntax error near 'property2'
[ERROR (VERI-1072)] /home/rk6650/VeriTriples/malik2627research/repos_6.24/diffblue_hw-cbmc/regression/ebmc/D-flip-flop/main.v(32): module 'ff' ignored due to previous errors
Summary of errors detected:
	[ERROR (VERI-1137)] /home/rk6650/VeriTriples/malik2627research/repos_6.24/diffblue_hw-cbmc/regression/ebmc/D-flip-flop/main.v(17): syntax error near 'property1'
	[ERROR (VERI-1072)] /home/rk6650/VeriTriples/malik2627research/repos_6.24/diffblue_hw-cbmc/regression/ebmc/D-flip-flop/main.v(22): module 'main' ignored due to previous errors
	[ERROR (VERI-1137)] /home/rk6650/VeriTriples/malik2627research/repos_6.24/diffblue_hw-cbmc/regression/ebmc/D-flip-flop/main.v(29): syntax error near 'property2'
	[ERROR (VERI-1072)] /home/rk6650/VeriTriples/malik2627research/repos_6.24/diffblue_hw-cbmc/regression/ebmc/D-flip-flop/main.v(32): module 'ff' ignored due to previous errors
1
% catch { analyze -sv -incdir /home/rk6650/VeriTriples/malik2627research -incdir /home/rk6650/VeriTriples/malik2627research/examples/Benchmarks -incdir /home/rk6650/VeriTriples/malik2627research/examples/fp_adder -incdir /home/rk6650/VeriTriples/malik2627research/regression/ebmc/D-flip-flop -incdir /home/rk6650/VeriTriples/malik2627research/regression/ebmc/FIR -incdir /home/rk6650/VeriTriples/malik2627research/regression/ebmc/Output-Register-Passing -incdir /home/rk6650/VeriTriples/malik2627research/regression/ebmc/cegar -incdir /home/rk6650/VeriTriples/malik2627research/regression/ebmc/engine-heuristic /home/rk6650/VeriTriples/malik2627research/repos_6.24/diffblue_hw-cbmc/examples/Benchmarks/thermocouple_9.sv }
[-- (VERI-1482)] Analyzing Verilog file '/home/rk6650/VeriTriples/malik2627research/repos_6.24/diffblue_hw-cbmc/examples/Benchmarks/thermocouple_9.sv'
[ERROR (VERI-1137)] /home/rk6650/VeriTriples/malik2627research/repos_6.24/diffblue_hw-cbmc/examples/Benchmarks/thermocouple_9.sv(44): syntax error near 'rst'
[ERROR (VERI-1072)] /home/rk6650/VeriTriples/malik2627research/repos_6.24/diffblue_hw-cbmc/examples/Benchmarks/thermocouple_9.sv(46): module 'Thermocouple' ignored due to previous errors
Summary of errors detected:
	[ERROR (VERI-1137)] /home/rk6650/VeriTriples/malik2627research/repos_6.24/diffblue_hw-cbmc/examples/Benchmarks/thermocouple_9.sv(44): syntax error near 'rst'
	[ERROR (VERI-1072)] /home/rk6650/VeriTriples/malik2627research/repos_6.24/diffblue_hw-cbmc/examples/Benchmarks/thermocouple_9.sv(46): module 'Thermocouple' ignored due to previous errors
1
% 
% catch { analyze -sv -incdir /home/rk6650/VeriTriples/malik2627research -incdir /home/rk6650/VeriTriples/malik2627research/examples/Benchmarks -incdir /home/rk6650/VeriTriples/malik2627research/examples/fp_adder -incdir /home/rk6650/VeriTriples/malik2627research/regression/ebmc/D-flip-flop -incdir /home/rk6650/VeriTriples/malik2627research/regression/ebmc/FIR -incdir /home/rk6650/VeriTriples/malik2627research/regression/ebmc/Output-Register-Passing -incdir /home/rk6650/VeriTriples/malik2627research/regression/ebmc/cegar -incdir /home/rk6650/VeriTriples/malik2627research/regression/ebmc/engine-heuristic /home/rk6650/VeriTriples/malik2627research/repos_6.24/diffblue_hw-cbmc/examples/Benchmarks/seven_seg_9.sv }
[-- (VERI-1482)] Analyzing Verilog file '/home/rk6650/VeriTriples/malik2627research/repos_6.24/diffblue_hw-cbmc/examples/Benchmarks/seven_seg_9.sv'
[ERROR (VERI-1137)] /home/rk6650/VeriTriples/malik2627research/repos_6.24/diffblue_hw-cbmc/examples/Benchmarks/seven_seg_9.sv(25): syntax error near 'rst'
[ERROR (VERI-1137)] /home/rk6650/VeriTriples/malik2627research/repos_6.24/diffblue_hw-cbmc/examples/Benchmarks/seven_seg_9.sv(26): syntax error near 'rst'
[ERROR (VERI-1072)] /home/rk6650/VeriTriples/malik2627research/repos_6.24/diffblue_hw-cbmc/examples/Benchmarks/seven_seg_9.sv(29): module 'SEVEN' ignored due to previous errors
Summary of errors detected:
	[ERROR (VERI-1137)] /home/rk6650/VeriTriples/malik2627research/repos_6.24/diffblue_hw-cbmc/examples/Benchmarks/seven_seg_9.sv(25): syntax error near 'rst'
	[ERROR (VERI-1137)] /home/rk6650/VeriTriples/malik2627research/repos_6.24/diffblue_hw-cbmc/examples/Benchmarks/seven_seg_9.sv(26): syntax error near 'rst'
	[ERROR (VERI-1072)] /home/rk6650/VeriTriples/malik2627research/repos_6.24/diffblue_hw-cbmc/examples/Benchmarks/seven_seg_9.sv(29): module 'SEVEN' ignored due to previous errors
1
% catch { analyze -sv -incdir /home/rk6650/VeriTriples/malik2627research -incdir /home/rk6650/VeriTriples/malik2627research/examples/Benchmarks -incdir /home/rk6650/VeriTriples/malik2627research/examples/fp_adder -incdir /home/rk6650/VeriTriples/malik2627research/regression/ebmc/D-flip-flop -incdir /home/rk6650/VeriTriples/malik2627research/regression/ebmc/FIR -incdir /home/rk6650/VeriTriples/malik2627research/regression/ebmc/Output-Register-Passing -incdir /home/rk6650/VeriTriples/malik2627research/regression/ebmc/cegar -incdir /home/rk6650/VeriTriples/malik2627research/regression/ebmc/engine-heuristic /home/rk6650/VeriTriples/malik2627research/repos_6.24/diffblue_hw-cbmc/regression/ebmc/cegar/basic2.sv }
[-- (VERI-1482)] Analyzing Verilog file '/home/rk6650/VeriTriples/malik2627research/repos_6.24/diffblue_hw-cbmc/regression/ebmc/cegar/basic2.sv'
[WARN (VERI-1763)] /home/rk6650/VeriTriples/malik2627research/repos_6.24/diffblue_hw-cbmc/regression/ebmc/cegar/basic2.sv(11): the sva directive is not sensitive to clock. The directive will be sampled on the posedge of the fastest clock.
[WARN (VERI-1206)] /home/rk6650/VeriTriples/malik2627research/repos_6.24/diffblue_hw-cbmc/regression/ebmc/cegar/basic2.sv(13): overwriting previous definition of module 'top'
[INFO (VERI-2142)] /home/rk6650/VeriTriples/malik2627research/repos_6.24/diffblue_hw-cbmc/regression/ebmc/cegar/basic2.sv(13): previous definition of design element 'top' is here
0
% catch { analyze -sv -incdir /home/rk6650/VeriTriples/malik2627research -incdir /home/rk6650/VeriTriples/malik2627research/examples/Benchmarks -incdir /home/rk6650/VeriTriples/malik2627research/examples/fp_adder -incdir /home/rk6650/VeriTriples/malik2627research/regression/ebmc/D-flip-flop -incdir /home/rk6650/VeriTriples/malik2627research/regression/ebmc/FIR -incdir /home/rk6650/VeriTriples/malik2627research/regression/ebmc/Output-Register-Passing -incdir /home/rk6650/VeriTriples/malik2627research/regression/ebmc/cegar -incdir /home/rk6650/VeriTriples/malik2627research/regression/ebmc/engine-heuristic /home/rk6650/VeriTriples/malik2627research/repos_6.24/diffblue_hw-cbmc/regression/ebmc/engine-heuristic/basic2.sv }
[-- (VERI-1482)] Analyzing Verilog file '/home/rk6650/VeriTriples/malik2627research/repos_6.24/diffblue_hw-cbmc/regression/ebmc/engine-heuristic/basic2.sv'
[ERROR (VERI-1137)] /home/rk6650/VeriTriples/malik2627research/repos_6.24/diffblue_hw-cbmc/regression/ebmc/engine-heuristic/basic2.sv(7): syntax error near 'y'
[WARN (VERI-1763)] /home/rk6650/VeriTriples/malik2627research/repos_6.24/diffblue_hw-cbmc/regression/ebmc/engine-heuristic/basic2.sv(10): the sva directive is not sensitive to clock. The directive will be sampled on the posedge of the fastest clock.
[WARN (VERI-1763)] /home/rk6650/VeriTriples/malik2627research/repos_6.24/diffblue_hw-cbmc/regression/ebmc/engine-heuristic/basic2.sv(13): the sva directive is not sensitive to clock. The directive will be sampled on the posedge of the fastest clock.
[ERROR (VERI-1072)] /home/rk6650/VeriTriples/malik2627research/repos_6.24/diffblue_hw-cbmc/regression/ebmc/engine-heuristic/basic2.sv(15): module 'main' ignored due to previous errors
Summary of errors detected:
	[ERROR (VERI-1137)] /home/rk6650/VeriTriples/malik2627research/repos_6.24/diffblue_hw-cbmc/regression/ebmc/engine-heuristic/basic2.sv(7): syntax error near 'y'
	[ERROR (VERI-1072)] /home/rk6650/VeriTriples/malik2627research/repos_6.24/diffblue_hw-cbmc/regression/ebmc/engine-heuristic/basic2.sv(15): module 'main' ignored due to previous errors
1
% catch { analyze -sv -incdir /home/rk6650/VeriTriples/malik2627research -incdir /home/rk6650/VeriTriples/malik2627research/examples/Benchmarks -incdir /home/rk6650/VeriTriples/malik2627research/examples/fp_adder -incdir /home/rk6650/VeriTriples/malik2627research/regression/ebmc/D-flip-flop -incdir /home/rk6650/VeriTriples/malik2627research/regression/ebmc/FIR -incdir /home/rk6650/VeriTriples/malik2627research/regression/ebmc/Output-Register-Passing -incdir /home/rk6650/VeriTriples/malik2627research/regression/ebmc/cegar -incdir /home/rk6650/VeriTriples/malik2627research/regression/ebmc/engine-heuristic /home/rk6650/VeriTriples/malik2627research/repos_6.24/diffblue_hw-cbmc/examples/Benchmarks/vga_9.sv }
[-- (VERI-1482)] Analyzing Verilog file '/home/rk6650/VeriTriples/malik2627research/repos_6.24/diffblue_hw-cbmc/examples/Benchmarks/vga_9.sv'
[ERROR (VERI-1137)] /home/rk6650/VeriTriples/malik2627research/repos_6.24/diffblue_hw-cbmc/examples/Benchmarks/vga_9.sv(64): syntax error near 'rst'
[ERROR (VERI-1072)] /home/rk6650/VeriTriples/malik2627research/repos_6.24/diffblue_hw-cbmc/examples/Benchmarks/vga_9.sv(66): module 'VGA' ignored due to previous errors
Summary of errors detected:
	[ERROR (VERI-1137)] /home/rk6650/VeriTriples/malik2627research/repos_6.24/diffblue_hw-cbmc/examples/Benchmarks/vga_9.sv(64): syntax error near 'rst'
	[ERROR (VERI-1072)] /home/rk6650/VeriTriples/malik2627research/repos_6.24/diffblue_hw-cbmc/examples/Benchmarks/vga_9.sv(66): module 'VGA' ignored due to previous errors
1
% catch { analyze -sv -incdir /home/rk6650/VeriTriples/malik2627research -incdir /home/rk6650/VeriTriples/malik2627research/examples/Benchmarks -incdir /home/rk6650/VeriTriples/malik2627research/examples/fp_adder -incdir /home/rk6650/VeriTriples/malik2627research/regression/ebmc/D-flip-flop -incdir /home/rk6650/VeriTriples/malik2627research/regression/ebmc/FIR -incdir /home/rk6650/VeriTriples/malik2627research/regression/ebmc/Output-Register-Passing -incdir /home/rk6650/VeriTriples/malik2627research/regression/ebmc/cegar -incdir /home/rk6650/VeriTriples/malik2627research/regression/ebmc/engine-heuristic /home/rk6650/VeriTriples/malik2627research/repos_6.24/diffblue_hw-cbmc/examples/Benchmarks/lcd_9.sv }
[-- (VERI-1482)] Analyzing Verilog file '/home/rk6650/VeriTriples/malik2627research/repos_6.24/diffblue_hw-cbmc/examples/Benchmarks/lcd_9.sv'
[ERROR (VERI-1137)] /home/rk6650/VeriTriples/malik2627research/repos_6.24/diffblue_hw-cbmc/examples/Benchmarks/lcd_9.sv(97): syntax error near 'lcd_enable'
[ERROR (VERI-1072)] /home/rk6650/VeriTriples/malik2627research/repos_6.24/diffblue_hw-cbmc/examples/Benchmarks/lcd_9.sv(99): module 'LCD' ignored due to previous errors
Summary of errors detected:
	[ERROR (VERI-1137)] /home/rk6650/VeriTriples/malik2627research/repos_6.24/diffblue_hw-cbmc/examples/Benchmarks/lcd_9.sv(97): syntax error near 'lcd_enable'
	[ERROR (VERI-1072)] /home/rk6650/VeriTriples/malik2627research/repos_6.24/diffblue_hw-cbmc/examples/Benchmarks/lcd_9.sv(99): module 'LCD' ignored due to previous errors
1
% catch { analyze -sv -incdir /home/rk6650/VeriTriples/malik2627research -incdir /home/rk6650/VeriTriples/malik2627research/examples/Benchmarks -incdir /home/rk6650/VeriTriples/malik2627research/examples/fp_adder -incdir /home/rk6650/VeriTriples/malik2627research/regression/ebmc/D-flip-flop -incdir /home/rk6650/VeriTriples/malik2627research/regression/ebmc/FIR -incdir /home/rk6650/VeriTriples/malik2627research/regression/ebmc/Output-Register-Passing -incdir /home/rk6650/VeriTriples/malik2627research/regression/ebmc/cegar -incdir /home/rk6650/VeriTriples/malik2627research/regression/ebmc/engine-heuristic /home/rk6650/VeriTriples/malik2627research/repos_6.24/diffblue_hw-cbmc/examples/Benchmarks/uart_transmit_9.sv }
[-- (VERI-1482)] Analyzing Verilog file '/home/rk6650/VeriTriples/malik2627research/repos_6.24/diffblue_hw-cbmc/examples/Benchmarks/uart_transmit_9.sv'
[ERROR (VERI-1137)] /home/rk6650/VeriTriples/malik2627research/repos_6.24/diffblue_hw-cbmc/examples/Benchmarks/uart_transmit_9.sv(36): syntax error near 'rst'
[ERROR (VERI-1072)] /home/rk6650/VeriTriples/malik2627research/repos_6.24/diffblue_hw-cbmc/examples/Benchmarks/uart_transmit_9.sv(38): module 'UART_T' ignored due to previous errors
Summary of errors detected:
	[ERROR (VERI-1137)] /home/rk6650/VeriTriples/malik2627research/repos_6.24/diffblue_hw-cbmc/examples/Benchmarks/uart_transmit_9.sv(36): syntax error near 'rst'
	[ERROR (VERI-1072)] /home/rk6650/VeriTriples/malik2627research/repos_6.24/diffblue_hw-cbmc/examples/Benchmarks/uart_transmit_9.sv(38): module 'UART_T' ignored due to previous errors
1
% catch { analyze -sv -incdir /home/rk6650/VeriTriples/malik2627research -incdir /home/rk6650/VeriTriples/malik2627research/examples/Benchmarks -incdir /home/rk6650/VeriTriples/malik2627research/examples/fp_adder -incdir /home/rk6650/VeriTriples/malik2627research/regression/ebmc/D-flip-flop -incdir /home/rk6650/VeriTriples/malik2627research/regression/ebmc/FIR -incdir /home/rk6650/VeriTriples/malik2627research/regression/ebmc/Output-Register-Passing -incdir /home/rk6650/VeriTriples/malik2627research/regression/ebmc/cegar -incdir /home/rk6650/VeriTriples/malik2627research/regression/ebmc/engine-heuristic /home/rk6650/VeriTriples/malik2627research/repos_6.24/diffblue_hw-cbmc/examples/Benchmarks/i2c_9.sv }
[-- (VERI-1482)] Analyzing Verilog file '/home/rk6650/VeriTriples/malik2627research/repos_6.24/diffblue_hw-cbmc/examples/Benchmarks/i2c_9.sv'
[WARN (VERI-1206)] /home/rk6650/VeriTriples/malik2627research/repos_6.24/diffblue_hw-cbmc/examples/Benchmarks/i2c_9.sv(38): overwriting previous definition of module 'i2cStrech'
[INFO (VERI-2142)] /home/rk6650/VeriTriples/malik2627research/repos_6.24/diffblue_hw-cbmc/examples/Benchmarks/i2c_9.sv(38): previous definition of design element 'i2cStrech' is here
0
% catch { analyze -sv -incdir /home/rk6650/VeriTriples/malik2627research -incdir /home/rk6650/VeriTriples/malik2627research/examples/Benchmarks -incdir /home/rk6650/VeriTriples/malik2627research/examples/fp_adder -incdir /home/rk6650/VeriTriples/malik2627research/regression/ebmc/D-flip-flop -incdir /home/rk6650/VeriTriples/malik2627research/regression/ebmc/FIR -incdir /home/rk6650/VeriTriples/malik2627research/regression/ebmc/Output-Register-Passing -incdir /home/rk6650/VeriTriples/malik2627research/regression/ebmc/cegar -incdir /home/rk6650/VeriTriples/malik2627research/regression/ebmc/engine-heuristic /home/rk6650/VeriTriples/malik2627research/repos_6.24/diffblue_hw-cbmc/examples/Benchmarks/thermocouple_9.sv }
[-- (VERI-1482)] Analyzing Verilog file '/home/rk6650/VeriTriples/malik2627research/repos_6.24/diffblue_hw-cbmc/examples/Benchmarks/thermocouple_9.sv'
[ERROR (VERI-1137)] /home/rk6650/VeriTriples/malik2627research/repos_6.24/diffblue_hw-cbmc/examples/Benchmarks/thermocouple_9.sv(44): syntax error near 'rst'
[ERROR (VERI-1072)] /home/rk6650/VeriTriples/malik2627research/repos_6.24/diffblue_hw-cbmc/examples/Benchmarks/thermocouple_9.sv(46): module 'Thermocouple' ignored due to previous errors
Summary of errors detected:
	[ERROR (VERI-1137)] /home/rk6650/VeriTriples/malik2627research/repos_6.24/diffblue_hw-cbmc/examples/Benchmarks/thermocouple_9.sv(44): syntax error near 'rst'
	[ERROR (VERI-1072)] /home/rk6650/VeriTriples/malik2627research/repos_6.24/diffblue_hw-cbmc/examples/Benchmarks/thermocouple_9.sv(46): module 'Thermocouple' ignored due to previous errors
1
% 
% 
%             if {[catch {elaborate -top pack} err]} {
            puts "ELAB ERROR: $err"
            exit
            }
INFO (ISW003): Top module name is "pack".
[INFO (HIER-8002)] /home/rk6650/VeriTriples/malik2627research/repos_6.24/diffblue_hw-cbmc/examples/fp_adder/fp_adder.v(167): Disabling old hierarchical reference handler
[INFO (VERI-1018)] /home/rk6650/VeriTriples/malik2627research/repos_6.24/diffblue_hw-cbmc/examples/fp_adder/fp_adder.v(130): compiling module 'pack'
[WARN (VERI-1209)] /home/rk6650/VeriTriples/malik2627research/repos_6.24/diffblue_hw-cbmc/examples/fp_adder/fp_adder.v(155): expression size 32 truncated to fit in target size 9
[WARN (VERI-1209)] /home/rk6650/VeriTriples/malik2627research/repos_6.24/diffblue_hw-cbmc/examples/fp_adder/fp_adder.v(157): expression size 24 truncated to fit in target size 23
[WARN (VERI-1209)] /home/rk6650/VeriTriples/malik2627research/repos_6.24/diffblue_hw-cbmc/examples/fp_adder/fp_adder.v(159): expression size 32 truncated to fit in target size 8
[WARN (VERI-1209)] /home/rk6650/VeriTriples/malik2627research/repos_6.24/diffblue_hw-cbmc/examples/fp_adder/fp_adder.v(160): expression size 32 truncated to fit in target size 23
INFO (INL208): Elaboration synthesis summary:
  Number of synthesized netlists          1 (0 packages)
  Single run mode                         On
  Pipeline                                On (1 pipelined netlists)
  Late hierarchical reference connection  On
  Number of analyzed Verilog modules      7 (1 synthesized)
  Number of analyzed VHDL entities        0 (0 synthesized)
INFO (INL003): Clearing all state information (assumes, stopats, and so forth).
[<embedded>] %         
[<embedded>] %         clock -infer
WARNING (WCK018): The attempt to automatically extract the clock failed. Use:
    "clock signalName" to declare a primary clock,
    "clock -none" for a free-running clock environment,
    "clock -analyze" to help set up the clock environment properly.
[<embedded>] %         clock -list
------------
 No user-defined clocks : 
------------
Rated : 
------------

[<embedded>] %         reset -list
[<embedded>] %         prove -all -time_limit 30s
Ncustom1: Custom engine code is hT3Ng7hPPfiYQOTDZ3qhYOwGAM51eA+J/FjkM5shLioAsqhgLR4Ft+O1BuKG6ilQ83B9tLXSl+CwjiTMAQA
AMcustom2: Custom engine code is hT3Ng7hP/feYQOTDZ3qhYOwGAM51eA+J/FjkM5shLioAsqhgLR4Ft+O1BuKG6ilQ83B9tLXSmmqwm7g9AQA

==============================================================
SUMMARY
==============================================================
           Properties Considered              : 0
                 assertions                   : 0
                  - proven                    : 0
                  - bounded_proven (user)     : 0
                  - bounded_proven (auto)     : 0
                  - marked_proven             : 0
                  - cex                       : 0
                  - ar_cex                    : 0
                  - undetermined              : 0
                  - unknown                   : 0
                  - error                     : 0
                 covers                       : 0
                  - unreachable               : 0
                  - bounded_unreachable (user): 0
                  - covered                   : 0
                  - ar_covered                : 0
                  - undetermined              : 0
                  - unknown                   : 0
                  - error                     : 0
no_properties
[<embedded>] %         report -all -out jasper_runs_6.24/diffblue_hw-cbmc/proj_3/results.rpt
ERROR (ESW087): No such switch "-out".

ERROR: problem encountered at line 36 in file /home/rk6650/VeriTriples/malik2627research/jasper_runs_6.24/diffblue_hw-cbmc/proj_3/run.tcl

[<embedded>] % INFO (IPL005): Received request to exit from the console.
INFO: Waiting for proof threads to stop...
INFO: Proof threads stopped.
INFO (IPL018): The peak resident set memory use for this session was 0.415 GB.
INFO (IPL014): Waiting for the Tcl-thread to exit.
INFO (IPL015): The Tcl-thread exited with status 1.
INFO (IPL016): Exiting the analysis session with status 1.
