JasperGold Apps 2021.03 FCS 64 bits 2021.03.23 02:50:43 UTC

Any disclosure about the Cadence Design Systems software or its use
model to any third party violates the written Non-Disclosure Agreement
between Cadence Design Systems, Inc. and the customer.

THIS SOFTWARE CONTAINS CONFIDENTIAL INFORMATION AND TRADE SECRETS OF
CADENCE DESIGN SYSTEMS, INC. USE, DISCLOSURE, OR REPRODUCTION IS
PROHIBITED WITHOUT THE PRIOR EXPRESS WRITTEN PERMISSION OF CADENCE
DESIGN SYSTEMS, INC.

Copyright (C) 2000-2021 Cadence Design Systems, Inc. All Rights
Reserved.  Unpublished -- rights reserved under the copyright laws of
the United States.

This product includes software developed by others and redistributed
according to license agreement. See doc/third_party_readme.txt for
further details.

RESTRICTED RIGHTS LEGEND

Use, duplication, or disclosure by the Government is subject to
restrictions as set forth in subparagraph (c) (1) (ii) of the Rights in
Technical Data and Computer Software clause at DFARS 252.227-7013 or
subparagraphs (c) (1) and (2) of Commercial Computer Software -- Restricted
Rights at 48 CFR 52.227-19, as applicable.


                          Cadence Design Systems, Inc. 
                          2655 Seely Avenue
                          San Jose, CA 95134
                          Phone: 408.943.1234

For technical assistance visit http://support.cadence.com.

JasperGold Apps Analysis Session - /home/rk6650/VeriTriples/malik2627research/repos_6.24/aignacio_axi_dma/jgproject/sessionLogs/session_0

INFO: successfully checked out license "jasper_fao".
INFO: reading configuration file "/home/rk6650/.config/jasper/jaspergold.conf".
% clear -all
INFO (IPF121): Cleared environment completely for new design analysis.
% 
% catch { analyze -sv -incdir /home/rk6650/VeriTriples/malik2627research/repos_6.24/aignacio_axi_dma/rtl/inc -incdir /home/rk6650/VeriTriples/malik2627research -incdir /home/rk6650/VeriTriples/malik2627research/csr_out -incdir /home/rk6650/VeriTriples/malik2627research/rtl -incdir /home/rk6650/VeriTriples/malik2627research/rtl/inc /home/rk6650/VeriTriples/malik2627research/repos_6.24/aignacio_axi_dma/rtl/inc/dma_utils_pkg.sv }
[-- (VERI-1482)] Analyzing Verilog file '/usr/licensed/cadence-20210126/jasper_2021.03/lib/verilog/packages/std/std.sv' into library 'std'
[-- (VERI-1482)] Analyzing Verilog file '/home/rk6650/VeriTriples/malik2627research/repos_6.24/aignacio_axi_dma/rtl/inc/dma_utils_pkg.sv'
[INFO (VERI-1328)] /home/rk6650/VeriTriples/malik2627research/repos_6.24/aignacio_axi_dma/rtl/inc/dma_utils_pkg.sv(4): analyzing included file '/home/rk6650/VeriTriples/malik2627research/repos_6.24/aignacio_axi_dma/rtl/inc/dma_pkg.svh'
[ERROR (VERI-1128)] /home/rk6650/VeriTriples/malik2627research/repos_6.24/aignacio_axi_dma/rtl/inc/dma_pkg.svh(3): 'amba_axi_pkg' is not declared
[ERROR (VERI-1158)] /home/rk6650/VeriTriples/malik2627research/repos_6.24/aignacio_axi_dma/rtl/inc/dma_pkg.svh(55): use of undefined macro 'AXI_ADDR_WIDTH'
[ERROR (VERI-1072)] /home/rk6650/VeriTriples/malik2627research/repos_6.24/aignacio_axi_dma/rtl/inc/dma_utils_pkg.sv(5): package 'dma_utils_pkg' ignored due to previous errors
Summary of errors detected:
	[ERROR (VERI-1128)] /home/rk6650/VeriTriples/malik2627research/repos_6.24/aignacio_axi_dma/rtl/inc/dma_pkg.svh(3): 'amba_axi_pkg' is not declared
	[ERROR (VERI-1158)] /home/rk6650/VeriTriples/malik2627research/repos_6.24/aignacio_axi_dma/rtl/inc/dma_pkg.svh(55): use of undefined macro 'AXI_ADDR_WIDTH'
	[ERROR (VERI-1072)] /home/rk6650/VeriTriples/malik2627research/repos_6.24/aignacio_axi_dma/rtl/inc/dma_utils_pkg.sv(5): package 'dma_utils_pkg' ignored due to previous errors
1
% catch { analyze -sv -incdir /home/rk6650/VeriTriples/malik2627research/repos_6.24/aignacio_axi_dma/rtl/inc -incdir /home/rk6650/VeriTriples/malik2627research -incdir /home/rk6650/VeriTriples/malik2627research/csr_out -incdir /home/rk6650/VeriTriples/malik2627research/rtl -incdir /home/rk6650/VeriTriples/malik2627research/rtl/inc /home/rk6650/VeriTriples/malik2627research/repos_6.24/aignacio_axi_dma/csr_out/csr_dma_ral_pkg.sv }
[-- (VERI-1482)] Analyzing Verilog file '/home/rk6650/VeriTriples/malik2627research/repos_6.24/aignacio_axi_dma/csr_out/csr_dma_ral_pkg.sv'
[ERROR (VERI-1128)] /home/rk6650/VeriTriples/malik2627research/repos_6.24/aignacio_axi_dma/csr_out/csr_dma_ral_pkg.sv(2): 'uvm_pkg' is not declared
[ERROR (VERI-1128)] /home/rk6650/VeriTriples/malik2627research/repos_6.24/aignacio_axi_dma/csr_out/csr_dma_ral_pkg.sv(3): 'rggen_ral_pkg' is not declared
[ERROR (VERI-1245)] /home/rk6650/VeriTriples/malik2627research/repos_6.24/aignacio_axi_dma/csr_out/csr_dma_ral_pkg.sv(4): cannot open include file 'uvm_macros.svh'
[ERROR (VERI-1245)] /home/rk6650/VeriTriples/malik2627research/repos_6.24/aignacio_axi_dma/csr_out/csr_dma_ral_pkg.sv(5): cannot open include file 'rggen_ral_macros.svh'
[ERROR (VERI-1158)] /home/rk6650/VeriTriples/malik2627research/repos_6.24/aignacio_axi_dma/csr_out/csr_dma_ral_pkg.sv(14): use of undefined macro 'rggen_ral_create_field'
[ERROR (VERI-1137)] /home/rk6650/VeriTriples/malik2627research/repos_6.24/aignacio_axi_dma/csr_out/csr_dma_ral_pkg.sv(14): syntax error near '('
[ERROR (VERI-1137)] /home/rk6650/VeriTriples/malik2627research/repos_6.24/aignacio_axi_dma/csr_out/csr_dma_ral_pkg.sv(27): syntax error near '('
[ERROR (VERI-1137)] /home/rk6650/VeriTriples/malik2627research/repos_6.24/aignacio_axi_dma/csr_out/csr_dma_ral_pkg.sv(38): syntax error near '('
[ERROR (VERI-1137)] /home/rk6650/VeriTriples/malik2627research/repos_6.24/aignacio_axi_dma/csr_out/csr_dma_ral_pkg.sv(49): syntax error near '('
[ERROR (VERI-1137)] /home/rk6650/VeriTriples/malik2627research/repos_6.24/aignacio_axi_dma/csr_out/csr_dma_ral_pkg.sv(60): syntax error near '('
[ERROR (VERI-1137)] /home/rk6650/VeriTriples/malik2627research/repos_6.24/aignacio_axi_dma/csr_out/csr_dma_ral_pkg.sv(69): syntax error near '('
[ERROR (VERI-1137)] /home/rk6650/VeriTriples/malik2627research/repos_6.24/aignacio_axi_dma/csr_out/csr_dma_ral_pkg.sv(78): syntax error near '('
[ERROR (VERI-1137)] /home/rk6650/VeriTriples/malik2627research/repos_6.24/aignacio_axi_dma/csr_out/csr_dma_ral_pkg.sv(89): syntax error near '('
[ERROR (VERI-1158)] /home/rk6650/VeriTriples/malik2627research/repos_6.24/aignacio_axi_dma/csr_out/csr_dma_ral_pkg.sv(107): use of undefined macro 'rggen_ral_create_reg'
[ERROR (VERI-1137)] /home/rk6650/VeriTriples/malik2627research/repos_6.24/aignacio_axi_dma/csr_out/csr_dma_ral_pkg.sv(107): syntax error near '('
[ERROR (VERI-1137)] /home/rk6650/VeriTriples/malik2627research/repos_6.24/aignacio_axi_dma/csr_out/csr_dma_ral_pkg.sv(111): syntax error near ','
[ERROR (VERI-1137)] /home/rk6650/VeriTriples/malik2627research/repos_6.24/aignacio_axi_dma/csr_out/csr_dma_ral_pkg.sv(112): syntax error near ','
[ERROR (VERI-1137)] /home/rk6650/VeriTriples/malik2627research/repos_6.24/aignacio_axi_dma/csr_out/csr_dma_ral_pkg.sv(113): syntax error near ','
[ERROR (VERI-1137)] /home/rk6650/VeriTriples/malik2627research/repos_6.24/aignacio_axi_dma/csr_out/csr_dma_ral_pkg.sv(114): syntax error near ','
[INFO (VMSG-1000)] Too many errors. Further error messages will be suppressed.
Summary of errors detected:
	[ERROR (VERI-1128)] /home/rk6650/VeriTriples/malik2627research/repos_6.24/aignacio_axi_dma/csr_out/csr_dma_ral_pkg.sv(2): 'uvm_pkg' is not declared
	[ERROR (VERI-1128)] /home/rk6650/VeriTriples/malik2627research/repos_6.24/aignacio_axi_dma/csr_out/csr_dma_ral_pkg.sv(3): 'rggen_ral_pkg' is not declared
	[ERROR (VERI-1245)] /home/rk6650/VeriTriples/malik2627research/repos_6.24/aignacio_axi_dma/csr_out/csr_dma_ral_pkg.sv(4): cannot open include file 'uvm_macros.svh'
	[ERROR (VERI-1245)] /home/rk6650/VeriTriples/malik2627research/repos_6.24/aignacio_axi_dma/csr_out/csr_dma_ral_pkg.sv(5): cannot open include file 'rggen_ral_macros.svh'
	[ERROR (VERI-1158)] /home/rk6650/VeriTriples/malik2627research/repos_6.24/aignacio_axi_dma/csr_out/csr_dma_ral_pkg.sv(14): use of undefined macro 'rggen_ral_create_field'
	[ERROR (VERI-1137)] /home/rk6650/VeriTriples/malik2627research/repos_6.24/aignacio_axi_dma/csr_out/csr_dma_ral_pkg.sv(14): syntax error near '('
	[ERROR (VERI-1137)] /home/rk6650/VeriTriples/malik2627research/repos_6.24/aignacio_axi_dma/csr_out/csr_dma_ral_pkg.sv(27): syntax error near '('
	[ERROR (VERI-1137)] /home/rk6650/VeriTriples/malik2627research/repos_6.24/aignacio_axi_dma/csr_out/csr_dma_ral_pkg.sv(38): syntax error near '('
	[ERROR (VERI-1137)] /home/rk6650/VeriTriples/malik2627research/repos_6.24/aignacio_axi_dma/csr_out/csr_dma_ral_pkg.sv(49): syntax error near '('
	[ERROR (VERI-1137)] /home/rk6650/VeriTriples/malik2627research/repos_6.24/aignacio_axi_dma/csr_out/csr_dma_ral_pkg.sv(60): syntax error near '('
	[ERROR (VERI-1137)] /home/rk6650/VeriTriples/malik2627research/repos_6.24/aignacio_axi_dma/csr_out/csr_dma_ral_pkg.sv(69): syntax error near '('
	[ERROR (VERI-1137)] /home/rk6650/VeriTriples/malik2627research/repos_6.24/aignacio_axi_dma/csr_out/csr_dma_ral_pkg.sv(78): syntax error near '('
	[ERROR (VERI-1137)] /home/rk6650/VeriTriples/malik2627research/repos_6.24/aignacio_axi_dma/csr_out/csr_dma_ral_pkg.sv(89): syntax error near '('
	[ERROR (VERI-1158)] /home/rk6650/VeriTriples/malik2627research/repos_6.24/aignacio_axi_dma/csr_out/csr_dma_ral_pkg.sv(107): use of undefined macro 'rggen_ral_create_reg'
	[ERROR (VERI-1137)] /home/rk6650/VeriTriples/malik2627research/repos_6.24/aignacio_axi_dma/csr_out/csr_dma_ral_pkg.sv(107): syntax error near '('
	[ERROR (VERI-1137)] /home/rk6650/VeriTriples/malik2627research/repos_6.24/aignacio_axi_dma/csr_out/csr_dma_ral_pkg.sv(111): syntax error near ','
	[ERROR (VERI-1137)] /home/rk6650/VeriTriples/malik2627research/repos_6.24/aignacio_axi_dma/csr_out/csr_dma_ral_pkg.sv(112): syntax error near ','
	[ERROR (VERI-1137)] /home/rk6650/VeriTriples/malik2627research/repos_6.24/aignacio_axi_dma/csr_out/csr_dma_ral_pkg.sv(113): syntax error near ','
	[ERROR (VERI-1137)] /home/rk6650/VeriTriples/malik2627research/repos_6.24/aignacio_axi_dma/csr_out/csr_dma_ral_pkg.sv(114): syntax error near ','
1
% 
% catch { analyze -sv -incdir /home/rk6650/VeriTriples/malik2627research/repos_6.24/aignacio_axi_dma/rtl/inc -incdir /home/rk6650/VeriTriples/malik2627research -incdir /home/rk6650/VeriTriples/malik2627research/csr_out -incdir /home/rk6650/VeriTriples/malik2627research/rtl -incdir /home/rk6650/VeriTriples/malik2627research/rtl/inc /home/rk6650/VeriTriples/malik2627research/repos_6.24/aignacio_axi_dma/csr_out/csr_dma.sv }
[-- (VERI-1482)] Analyzing Verilog file '/home/rk6650/VeriTriples/malik2627research/repos_6.24/aignacio_axi_dma/csr_out/csr_dma.sv'
[ERROR (VERI-1128)] /home/rk6650/VeriTriples/malik2627research/repos_6.24/aignacio_axi_dma/csr_out/csr_dma.sv(23): 'rggen_rtl_pkg' is not declared
[ERROR (VERI-1072)] /home/rk6650/VeriTriples/malik2627research/repos_6.24/aignacio_axi_dma/csr_out/csr_dma.sv(641): module 'csr_dma' ignored due to previous errors
Summary of errors detected:
	[ERROR (VERI-1128)] /home/rk6650/VeriTriples/malik2627research/repos_6.24/aignacio_axi_dma/csr_out/csr_dma.sv(23): 'rggen_rtl_pkg' is not declared
	[ERROR (VERI-1072)] /home/rk6650/VeriTriples/malik2627research/repos_6.24/aignacio_axi_dma/csr_out/csr_dma.sv(641): module 'csr_dma' ignored due to previous errors
1
% catch { analyze -sv -incdir /home/rk6650/VeriTriples/malik2627research/repos_6.24/aignacio_axi_dma/rtl/inc -incdir /home/rk6650/VeriTriples/malik2627research -incdir /home/rk6650/VeriTriples/malik2627research/csr_out -incdir /home/rk6650/VeriTriples/malik2627research/rtl -incdir /home/rk6650/VeriTriples/malik2627research/rtl/inc /home/rk6650/VeriTriples/malik2627research/repos_6.24/aignacio_axi_dma/rtl/inc/dma_pkg.svh }
[-- (VERI-1482)] Analyzing Verilog file '/home/rk6650/VeriTriples/malik2627research/repos_6.24/aignacio_axi_dma/rtl/inc/dma_pkg.svh'
0
% catch { analyze -sv -incdir /home/rk6650/VeriTriples/malik2627research/repos_6.24/aignacio_axi_dma/rtl/inc -incdir /home/rk6650/VeriTriples/malik2627research -incdir /home/rk6650/VeriTriples/malik2627research/csr_out -incdir /home/rk6650/VeriTriples/malik2627research/rtl -incdir /home/rk6650/VeriTriples/malik2627research/rtl/inc /home/rk6650/VeriTriples/malik2627research/repos_6.24/aignacio_axi_dma/rtl/dma_fifo.sv }
[-- (VERI-1482)] Analyzing Verilog file '/home/rk6650/VeriTriples/malik2627research/repos_6.24/aignacio_axi_dma/rtl/dma_fifo.sv'
[ERROR (VERI-1128)] /home/rk6650/VeriTriples/malik2627research/repos_6.24/aignacio_axi_dma/rtl/dma_fifo.sv(9): 'amba_axi_pkg' is not declared
[ERROR (VERI-1128)] /home/rk6650/VeriTriples/malik2627research/repos_6.24/aignacio_axi_dma/rtl/dma_fifo.sv(10): 'dma_utils_pkg' is not declared
[ERROR (VERI-1158)] /home/rk6650/VeriTriples/malik2627research/repos_6.24/aignacio_axi_dma/rtl/dma_fifo.sv(13): use of undefined macro 'AXI_DATA_WIDTH'
[ERROR (VERI-1137)] /home/rk6650/VeriTriples/malik2627research/repos_6.24/aignacio_axi_dma/rtl/dma_fifo.sv(14): syntax error near ')'
Summary of errors detected:
	[ERROR (VERI-1128)] /home/rk6650/VeriTriples/malik2627research/repos_6.24/aignacio_axi_dma/rtl/dma_fifo.sv(9): 'amba_axi_pkg' is not declared
	[ERROR (VERI-1128)] /home/rk6650/VeriTriples/malik2627research/repos_6.24/aignacio_axi_dma/rtl/dma_fifo.sv(10): 'dma_utils_pkg' is not declared
	[ERROR (VERI-1158)] /home/rk6650/VeriTriples/malik2627research/repos_6.24/aignacio_axi_dma/rtl/dma_fifo.sv(13): use of undefined macro 'AXI_DATA_WIDTH'
	[ERROR (VERI-1137)] /home/rk6650/VeriTriples/malik2627research/repos_6.24/aignacio_axi_dma/rtl/dma_fifo.sv(14): syntax error near ')'
1
% 
% catch { analyze -sv -incdir /home/rk6650/VeriTriples/malik2627research/repos_6.24/aignacio_axi_dma/rtl/inc -incdir /home/rk6650/VeriTriples/malik2627research -incdir /home/rk6650/VeriTriples/malik2627research/csr_out -incdir /home/rk6650/VeriTriples/malik2627research/rtl -incdir /home/rk6650/VeriTriples/malik2627research/rtl/inc /home/rk6650/VeriTriples/malik2627research/repos_6.24/aignacio_axi_dma/csr_out/csr_dma.v }
[-- (VERI-1482)] Analyzing Verilog file '/home/rk6650/VeriTriples/malik2627research/repos_6.24/aignacio_axi_dma/csr_out/csr_dma.v'
[ERROR (VERI-1245)] /home/rk6650/VeriTriples/malik2627research/repos_6.24/aignacio_axi_dma/csr_out/csr_dma.v(1): cannot open include file 'rggen_rtl_macros.vh'
[ERROR (VERI-1053)] /home/rk6650/VeriTriples/malik2627research/repos_6.24/aignacio_axi_dma/csr_out/csr_dma.v(116): the number of actual arguments '4' differs from the number of formal arguments '3' for macro 'rggen_tie_off_unused_signals'
[INFO (VERI-2537)] /home/rk6650/VeriTriples/malik2627research/repos_6.24/aignacio_axi_dma/csr_out/csr_dma.sv(21): macro 'rggen_tie_off_unused_signals' is defined here
[ERROR (VERI-1158)] /home/rk6650/VeriTriples/malik2627research/repos_6.24/aignacio_axi_dma/csr_out/csr_dma.v(148): use of undefined macro 'rggen_slice'
[ERROR (VERI-1137)] /home/rk6650/VeriTriples/malik2627research/repos_6.24/aignacio_axi_dma/csr_out/csr_dma.v(148): syntax error near ','
[ERROR (VERI-1137)] /home/rk6650/VeriTriples/malik2627research/repos_6.24/aignacio_axi_dma/csr_out/csr_dma.v(148): syntax error near ')'
[ERROR (VERI-1137)] /home/rk6650/VeriTriples/malik2627research/repos_6.24/aignacio_axi_dma/csr_out/csr_dma.v(150): syntax error near '.'
[ERROR (VERI-1137)] /home/rk6650/VeriTriples/malik2627research/repos_6.24/aignacio_axi_dma/csr_out/csr_dma.v(176): syntax error near ','
[ERROR (VERI-1137)] /home/rk6650/VeriTriples/malik2627research/repos_6.24/aignacio_axi_dma/csr_out/csr_dma.v(176): syntax error near ')'
[ERROR (VERI-1137)] /home/rk6650/VeriTriples/malik2627research/repos_6.24/aignacio_axi_dma/csr_out/csr_dma.v(178): syntax error near '.'
[ERROR (VERI-1137)] /home/rk6650/VeriTriples/malik2627research/repos_6.24/aignacio_axi_dma/csr_out/csr_dma.v(204): syntax error near ','
[ERROR (VERI-1137)] /home/rk6650/VeriTriples/malik2627research/repos_6.24/aignacio_axi_dma/csr_out/csr_dma.v(204): syntax error near ')'
[ERROR (VERI-1137)] /home/rk6650/VeriTriples/malik2627research/repos_6.24/aignacio_axi_dma/csr_out/csr_dma.v(206): syntax error near '.'
[ERROR (VERI-1053)] /home/rk6650/VeriTriples/malik2627research/repos_6.24/aignacio_axi_dma/csr_out/csr_dma.v(237): the number of actual arguments '4' differs from the number of formal arguments '3' for macro 'rggen_tie_off_unused_signals'
[INFO (VERI-2537)] /home/rk6650/VeriTriples/malik2627research/repos_6.24/aignacio_axi_dma/csr_out/csr_dma.sv(21): macro 'rggen_tie_off_unused_signals' is defined here
[ERROR (VERI-1137)] /home/rk6650/VeriTriples/malik2627research/repos_6.24/aignacio_axi_dma/csr_out/csr_dma.v(287): syntax error near ','
[ERROR (VERI-1053)] /home/rk6650/VeriTriples/malik2627research/repos_6.24/aignacio_axi_dma/csr_out/csr_dma.v(357): the number of actual arguments '4' differs from the number of formal arguments '3' for macro 'rggen_tie_off_unused_signals'
[INFO (VERI-2537)] /home/rk6650/VeriTriples/malik2627research/repos_6.24/aignacio_axi_dma/csr_out/csr_dma.sv(21): macro 'rggen_tie_off_unused_signals' is defined here
[ERROR (VERI-1053)] /home/rk6650/VeriTriples/malik2627research/repos_6.24/aignacio_axi_dma/csr_out/csr_dma.v(422): the number of actual arguments '4' differs from the number of formal arguments '3' for macro 'rggen_tie_off_unused_signals'
[INFO (VERI-2537)] /home/rk6650/VeriTriples/malik2627research/repos_6.24/aignacio_axi_dma/csr_out/csr_dma.sv(21): macro 'rggen_tie_off_unused_signals' is defined here
[ERROR (VERI-1053)] /home/rk6650/VeriTriples/malik2627research/repos_6.24/aignacio_axi_dma/csr_out/csr_dma.v(545): the number of actual arguments '4' differs from the number of formal arguments '3' for macro 'rggen_tie_off_unused_signals'
[INFO (VERI-2537)] /home/rk6650/VeriTriples/malik2627research/repos_6.24/aignacio_axi_dma/csr_out/csr_dma.sv(21): macro 'rggen_tie_off_unused_signals' is defined here
[ERROR (VERI-1137)] /home/rk6650/VeriTriples/malik2627research/repos_6.24/aignacio_axi_dma/csr_out/csr_dma.v(577): syntax error near ','
[ERROR (VERI-1137)] /home/rk6650/VeriTriples/malik2627research/repos_6.24/aignacio_axi_dma/csr_out/csr_dma.v(577): syntax error near ')'
[INFO (VMSG-1000)] Too many errors. Further error messages will be suppressed.
Summary of errors detected:
	[ERROR (VERI-1245)] /home/rk6650/VeriTriples/malik2627research/repos_6.24/aignacio_axi_dma/csr_out/csr_dma.v(1): cannot open include file 'rggen_rtl_macros.vh'
	[ERROR (VERI-1053)] /home/rk6650/VeriTriples/malik2627research/repos_6.24/aignacio_axi_dma/csr_out/csr_dma.v(116): the number of actual arguments '4' differs from the number of formal arguments '3' for macro 'rggen_tie_off_unused_signals'
	[ERROR (VERI-1158)] /home/rk6650/VeriTriples/malik2627research/repos_6.24/aignacio_axi_dma/csr_out/csr_dma.v(148): use of undefined macro 'rggen_slice'
	[ERROR (VERI-1137)] /home/rk6650/VeriTriples/malik2627research/repos_6.24/aignacio_axi_dma/csr_out/csr_dma.v(148): syntax error near ','
	[ERROR (VERI-1137)] /home/rk6650/VeriTriples/malik2627research/repos_6.24/aignacio_axi_dma/csr_out/csr_dma.v(148): syntax error near ')'
	[ERROR (VERI-1137)] /home/rk6650/VeriTriples/malik2627research/repos_6.24/aignacio_axi_dma/csr_out/csr_dma.v(150): syntax error near '.'
	[ERROR (VERI-1137)] /home/rk6650/VeriTriples/malik2627research/repos_6.24/aignacio_axi_dma/csr_out/csr_dma.v(176): syntax error near ','
	[ERROR (VERI-1137)] /home/rk6650/VeriTriples/malik2627research/repos_6.24/aignacio_axi_dma/csr_out/csr_dma.v(176): syntax error near ')'
	[ERROR (VERI-1137)] /home/rk6650/VeriTriples/malik2627research/repos_6.24/aignacio_axi_dma/csr_out/csr_dma.v(178): syntax error near '.'
	[ERROR (VERI-1137)] /home/rk6650/VeriTriples/malik2627research/repos_6.24/aignacio_axi_dma/csr_out/csr_dma.v(204): syntax error near ','
	[ERROR (VERI-1137)] /home/rk6650/VeriTriples/malik2627research/repos_6.24/aignacio_axi_dma/csr_out/csr_dma.v(204): syntax error near ')'
	[ERROR (VERI-1137)] /home/rk6650/VeriTriples/malik2627research/repos_6.24/aignacio_axi_dma/csr_out/csr_dma.v(206): syntax error near '.'
	[ERROR (VERI-1053)] /home/rk6650/VeriTriples/malik2627research/repos_6.24/aignacio_axi_dma/csr_out/csr_dma.v(237): the number of actual arguments '4' differs from the number of formal arguments '3' for macro 'rggen_tie_off_unused_signals'
	[ERROR (VERI-1137)] /home/rk6650/VeriTriples/malik2627research/repos_6.24/aignacio_axi_dma/csr_out/csr_dma.v(287): syntax error near ','
	[ERROR (VERI-1053)] /home/rk6650/VeriTriples/malik2627research/repos_6.24/aignacio_axi_dma/csr_out/csr_dma.v(357): the number of actual arguments '4' differs from the number of formal arguments '3' for macro 'rggen_tie_off_unused_signals'
	[ERROR (VERI-1053)] /home/rk6650/VeriTriples/malik2627research/repos_6.24/aignacio_axi_dma/csr_out/csr_dma.v(422): the number of actual arguments '4' differs from the number of formal arguments '3' for macro 'rggen_tie_off_unused_signals'
	[ERROR (VERI-1053)] /home/rk6650/VeriTriples/malik2627research/repos_6.24/aignacio_axi_dma/csr_out/csr_dma.v(545): the number of actual arguments '4' differs from the number of formal arguments '3' for macro 'rggen_tie_off_unused_signals'
	[ERROR (VERI-1137)] /home/rk6650/VeriTriples/malik2627research/repos_6.24/aignacio_axi_dma/csr_out/csr_dma.v(577): syntax error near ','
	[ERROR (VERI-1137)] /home/rk6650/VeriTriples/malik2627research/repos_6.24/aignacio_axi_dma/csr_out/csr_dma.v(577): syntax error near ')'
1
% 
% catch { analyze -sv -incdir /home/rk6650/VeriTriples/malik2627research/repos_6.24/aignacio_axi_dma/rtl/inc -incdir /home/rk6650/VeriTriples/malik2627research -incdir /home/rk6650/VeriTriples/malik2627research/csr_out -incdir /home/rk6650/VeriTriples/malik2627research/rtl -incdir /home/rk6650/VeriTriples/malik2627research/rtl/inc /home/rk6650/VeriTriples/malik2627research/repos_6.24/aignacio_axi_dma/rtl/dma_axi_if.sv }
[-- (VERI-1482)] Analyzing Verilog file '/home/rk6650/VeriTriples/malik2627research/repos_6.24/aignacio_axi_dma/rtl/dma_axi_if.sv'
[ERROR (VERI-1128)] /home/rk6650/VeriTriples/malik2627research/repos_6.24/aignacio_axi_dma/rtl/dma_axi_if.sv(9): 'amba_axi_pkg' is not declared
[ERROR (VERI-1128)] /home/rk6650/VeriTriples/malik2627research/repos_6.24/aignacio_axi_dma/rtl/dma_axi_if.sv(10): 'dma_utils_pkg' is not declared
[ERROR (VERI-1158)] /home/rk6650/VeriTriples/malik2627research/repos_6.24/aignacio_axi_dma/rtl/dma_axi_if.sv(121): use of undefined macro 'AXI_ADDR_WIDTH'
[ERROR (VERI-1128)] /home/rk6650/VeriTriples/malik2627research/repos_6.24/aignacio_axi_dma/rtl/dma_axi_if.sv(17): 's_dma_axi_req_t' is not declared
[ERROR (VERI-1128)] /home/rk6650/VeriTriples/malik2627research/repos_6.24/aignacio_axi_dma/rtl/dma_axi_if.sv(18): 's_dma_axi_resp_t' is not declared
[ERROR (VERI-1128)] /home/rk6650/VeriTriples/malik2627research/repos_6.24/aignacio_axi_dma/rtl/dma_axi_if.sv(19): 's_dma_axi_req_t' is not declared
[ERROR (VERI-1128)] /home/rk6650/VeriTriples/malik2627research/repos_6.24/aignacio_axi_dma/rtl/dma_axi_if.sv(20): 's_dma_axi_resp_t' is not declared
[ERROR (VERI-1128)] /home/rk6650/VeriTriples/malik2627research/repos_6.24/aignacio_axi_dma/rtl/dma_axi_if.sv(22): 's_axi_mosi_t' is not declared
[ERROR (VERI-1128)] /home/rk6650/VeriTriples/malik2627research/repos_6.24/aignacio_axi_dma/rtl/dma_axi_if.sv(23): 's_axi_miso_t' is not declared
[ERROR (VERI-1128)] /home/rk6650/VeriTriples/malik2627research/repos_6.24/aignacio_axi_dma/rtl/dma_axi_if.sv(25): 's_dma_fifo_req_t' is not declared
[ERROR (VERI-1128)] /home/rk6650/VeriTriples/malik2627research/repos_6.24/aignacio_axi_dma/rtl/dma_axi_if.sv(26): 's_dma_fifo_resp_t' is not declared
[ERROR (VERI-1128)] /home/rk6650/VeriTriples/malik2627research/repos_6.24/aignacio_axi_dma/rtl/dma_axi_if.sv(29): 's_dma_error_t' is not declared
[ERROR (VERI-1128)] /home/rk6650/VeriTriples/malik2627research/repos_6.24/aignacio_axi_dma/rtl/dma_axi_if.sv(58): 'axi_data_t' is not declared
[ERROR (VERI-1128)] /home/rk6650/VeriTriples/malik2627research/repos_6.24/aignacio_axi_dma/rtl/dma_axi_if.sv(58): 'axi_wr_strb_t' is not declared
[ERROR (VERI-1128)] /home/rk6650/VeriTriples/malik2627research/repos_6.24/aignacio_axi_dma/rtl/dma_axi_if.sv(59): 'axi_data_t' is not declared
[ERROR (VERI-1128)] /home/rk6650/VeriTriples/malik2627research/repos_6.24/aignacio_axi_dma/rtl/dma_axi_if.sv(173): 'DMA_ERR_OPE' is not declared
[ERROR (VERI-1128)] /home/rk6650/VeriTriples/malik2627research/repos_6.24/aignacio_axi_dma/rtl/dma_axi_if.sv(174): 'DMA_ERR_RD' is not declared
[ERROR (VERI-1128)] /home/rk6650/VeriTriples/malik2627research/repos_6.24/aignacio_axi_dma/rtl/dma_axi_if.sv(179): 'DMA_ERR_OPE' is not declared
[ERROR (VERI-1128)] /home/rk6650/VeriTriples/malik2627research/repos_6.24/aignacio_axi_dma/rtl/dma_axi_if.sv(180): 'DMA_ERR_WR' is not declared
[INFO (VMSG-1000)] Too many errors. Further error messages will be suppressed.
Summary of errors detected:
	[ERROR (VERI-1128)] /home/rk6650/VeriTriples/malik2627research/repos_6.24/aignacio_axi_dma/rtl/dma_axi_if.sv(9): 'amba_axi_pkg' is not declared
	[ERROR (VERI-1128)] /home/rk6650/VeriTriples/malik2627research/repos_6.24/aignacio_axi_dma/rtl/dma_axi_if.sv(10): 'dma_utils_pkg' is not declared
	[ERROR (VERI-1158)] /home/rk6650/VeriTriples/malik2627research/repos_6.24/aignacio_axi_dma/rtl/dma_axi_if.sv(121): use of undefined macro 'AXI_ADDR_WIDTH'
	[ERROR (VERI-1128)] /home/rk6650/VeriTriples/malik2627research/repos_6.24/aignacio_axi_dma/rtl/dma_axi_if.sv(17): 's_dma_axi_req_t' is not declared
	[ERROR (VERI-1128)] /home/rk6650/VeriTriples/malik2627research/repos_6.24/aignacio_axi_dma/rtl/dma_axi_if.sv(18): 's_dma_axi_resp_t' is not declared
	[ERROR (VERI-1128)] /home/rk6650/VeriTriples/malik2627research/repos_6.24/aignacio_axi_dma/rtl/dma_axi_if.sv(19): 's_dma_axi_req_t' is not declared
	[ERROR (VERI-1128)] /home/rk6650/VeriTriples/malik2627research/repos_6.24/aignacio_axi_dma/rtl/dma_axi_if.sv(20): 's_dma_axi_resp_t' is not declared
	[ERROR (VERI-1128)] /home/rk6650/VeriTriples/malik2627research/repos_6.24/aignacio_axi_dma/rtl/dma_axi_if.sv(22): 's_axi_mosi_t' is not declared
	[ERROR (VERI-1128)] /home/rk6650/VeriTriples/malik2627research/repos_6.24/aignacio_axi_dma/rtl/dma_axi_if.sv(23): 's_axi_miso_t' is not declared
	[ERROR (VERI-1128)] /home/rk6650/VeriTriples/malik2627research/repos_6.24/aignacio_axi_dma/rtl/dma_axi_if.sv(25): 's_dma_fifo_req_t' is not declared
	[ERROR (VERI-1128)] /home/rk6650/VeriTriples/malik2627research/repos_6.24/aignacio_axi_dma/rtl/dma_axi_if.sv(26): 's_dma_fifo_resp_t' is not declared
	[ERROR (VERI-1128)] /home/rk6650/VeriTriples/malik2627research/repos_6.24/aignacio_axi_dma/rtl/dma_axi_if.sv(29): 's_dma_error_t' is not declared
	[ERROR (VERI-1128)] /home/rk6650/VeriTriples/malik2627research/repos_6.24/aignacio_axi_dma/rtl/dma_axi_if.sv(58): 'axi_data_t' is not declared
	[ERROR (VERI-1128)] /home/rk6650/VeriTriples/malik2627research/repos_6.24/aignacio_axi_dma/rtl/dma_axi_if.sv(58): 'axi_wr_strb_t' is not declared
	[ERROR (VERI-1128)] /home/rk6650/VeriTriples/malik2627research/repos_6.24/aignacio_axi_dma/rtl/dma_axi_if.sv(59): 'axi_data_t' is not declared
	[ERROR (VERI-1128)] /home/rk6650/VeriTriples/malik2627research/repos_6.24/aignacio_axi_dma/rtl/dma_axi_if.sv(173): 'DMA_ERR_OPE' is not declared
	[ERROR (VERI-1128)] /home/rk6650/VeriTriples/malik2627research/repos_6.24/aignacio_axi_dma/rtl/dma_axi_if.sv(174): 'DMA_ERR_RD' is not declared
	[ERROR (VERI-1128)] /home/rk6650/VeriTriples/malik2627research/repos_6.24/aignacio_axi_dma/rtl/dma_axi_if.sv(179): 'DMA_ERR_OPE' is not declared
	[ERROR (VERI-1128)] /home/rk6650/VeriTriples/malik2627research/repos_6.24/aignacio_axi_dma/rtl/dma_axi_if.sv(180): 'DMA_ERR_WR' is not declared
1
% 
% 
%             if {[catch {elaborate -top csr_dma} err]} {
            puts "ELAB ERROR: $err"
            exit
            }
INFO (ISW003): Top module name is "csr_dma".
[ERROR (VERI-9029)] Module csr_dma has not been analyzed yet
[ERROR (VDB-9017)] Module csr_dma could not be elaborated
Summary of errors detected:
	[ERROR (VERI-9029)] Module csr_dma has not been analyzed yet
	[ERROR (VDB-9017)] Module csr_dma could not be elaborated
ELAB ERROR: ERROR (ENL034): 2 errors detected in the design file(s).

% INFO (IPL005): Received request to exit from the console.
INFO (IPL018): The peak resident set memory use for this session was 0.418 GB.
INFO (IPL014): Waiting for the Tcl-thread to exit.
INFO (IPL015): The Tcl-thread exited with status 0.
INFO (IPL016): Exiting the analysis session with status 0.
