JasperGold Apps 2021.03 FCS 64 bits 2021.03.23 02:50:43 UTC

Any disclosure about the Cadence Design Systems software or its use
model to any third party violates the written Non-Disclosure Agreement
between Cadence Design Systems, Inc. and the customer.

THIS SOFTWARE CONTAINS CONFIDENTIAL INFORMATION AND TRADE SECRETS OF
CADENCE DESIGN SYSTEMS, INC. USE, DISCLOSURE, OR REPRODUCTION IS
PROHIBITED WITHOUT THE PRIOR EXPRESS WRITTEN PERMISSION OF CADENCE
DESIGN SYSTEMS, INC.

Copyright (C) 2000-2021 Cadence Design Systems, Inc. All Rights
Reserved.  Unpublished -- rights reserved under the copyright laws of
the United States.

This product includes software developed by others and redistributed
according to license agreement. See doc/third_party_readme.txt for
further details.

RESTRICTED RIGHTS LEGEND

Use, duplication, or disclosure by the Government is subject to
restrictions as set forth in subparagraph (c) (1) (ii) of the Rights in
Technical Data and Computer Software clause at DFARS 252.227-7013 or
subparagraphs (c) (1) and (2) of Commercial Computer Software -- Restricted
Rights at 48 CFR 52.227-19, as applicable.


                          Cadence Design Systems, Inc. 
                          2655 Seely Avenue
                          San Jose, CA 95134
                          Phone: 408.943.1234

For technical assistance visit http://support.cadence.com.

JasperGold Apps Analysis Session - /home/rk6650/VeriTriples/malik2627research/repos_6.24/AsFigo_ft_sva_BenCohen/jgproject/sessionLogs/session_0

INFO: successfully checked out license "jasper_fao".
INFO: reading configuration file "/home/rk6650/.config/jasper/jaspergold.conf".
% clear -all
INFO (IPF121): Cleared environment completely for new design analysis.
% 
% catch { analyze -sv -incdir /home/rk6650/VeriTriples/malik2627research -incdir /home/rk6650/VeriTriples/malik2627research/fast_sva/ch10 -incdir /home/rk6650/VeriTriples/malik2627research/fast_sva/ch10/Parking_lot_original -incdir /home/rk6650/VeriTriples/malik2627research/fast_sva/ch3 -incdir /home/rk6650/VeriTriples/malik2627research/fast_sva/ch4 -incdir /home/rk6650/VeriTriples/malik2627research/fast_sva/ch5 -incdir /home/rk6650/VeriTriples/malik2627research/fast_sva/ch7 -incdir /home/rk6650/VeriTriples/malik2627research/fast_sva/ch8 -incdir /home/rk6650/VeriTriples/malik2627research/fast_sva/ch9 /home/rk6650/VeriTriples/malik2627research/repos_6.24/AsFigo_ft_sva_BenCohen/fast_sva/ch10/Parking_lot_original/vcs_parkinglot.sv }
[-- (VERI-1482)] Analyzing Verilog file '/usr/licensed/cadence-20210126/jasper_2021.03/lib/verilog/packages/std/std.sv' into library 'std'
[-- (VERI-1482)] Analyzing Verilog file '/home/rk6650/VeriTriples/malik2627research/repos_6.24/AsFigo_ft_sva_BenCohen/fast_sva/ch10/Parking_lot_original/vcs_parkinglot.sv'
0
% 
% catch { analyze -sv -incdir /home/rk6650/VeriTriples/malik2627research -incdir /home/rk6650/VeriTriples/malik2627research/fast_sva/ch10 -incdir /home/rk6650/VeriTriples/malik2627research/fast_sva/ch10/Parking_lot_original -incdir /home/rk6650/VeriTriples/malik2627research/fast_sva/ch3 -incdir /home/rk6650/VeriTriples/malik2627research/fast_sva/ch4 -incdir /home/rk6650/VeriTriples/malik2627research/fast_sva/ch5 -incdir /home/rk6650/VeriTriples/malik2627research/fast_sva/ch7 -incdir /home/rk6650/VeriTriples/malik2627research/fast_sva/ch8 -incdir /home/rk6650/VeriTriples/malik2627research/fast_sva/ch9 /home/rk6650/VeriTriples/malik2627research/repos_6.24/AsFigo_ft_sva_BenCohen/fast_sva/ch5/reset2.sv }
[-- (VERI-1482)] Analyzing Verilog file '/home/rk6650/VeriTriples/malik2627research/repos_6.24/AsFigo_ft_sva_BenCohen/fast_sva/ch5/reset2.sv'
0
% catch { analyze -sv -incdir /home/rk6650/VeriTriples/malik2627research -incdir /home/rk6650/VeriTriples/malik2627research/fast_sva/ch10 -incdir /home/rk6650/VeriTriples/malik2627research/fast_sva/ch10/Parking_lot_original -incdir /home/rk6650/VeriTriples/malik2627research/fast_sva/ch3 -incdir /home/rk6650/VeriTriples/malik2627research/fast_sva/ch4 -incdir /home/rk6650/VeriTriples/malik2627research/fast_sva/ch5 -incdir /home/rk6650/VeriTriples/malik2627research/fast_sva/ch7 -incdir /home/rk6650/VeriTriples/malik2627research/fast_sva/ch8 -incdir /home/rk6650/VeriTriples/malik2627research/fast_sva/ch9 /home/rk6650/VeriTriples/malik2627research/repos_6.24/AsFigo_ft_sva_BenCohen/fast_sva/ch8/acdm.sv }
[-- (VERI-1482)] Analyzing Verilog file '/home/rk6650/VeriTriples/malik2627research/repos_6.24/AsFigo_ft_sva_BenCohen/fast_sva/ch8/acdm.sv'
[ERROR (VERI-9011)] /home/rk6650/VeriTriples/malik2627research/repos_6.24/AsFigo_ft_sva_BenCohen/fast_sva/ch8/acdm.sv(21): block id 'ap' is already declared
[INFO (VERI-1967)] /home/rk6650/VeriTriples/malik2627research/repos_6.24/AsFigo_ft_sva_BenCohen/fast_sva/ch8/acdm.sv(9): previous declaration of 'ap' is from here
[ERROR (VERI-1243)] /home/rk6650/VeriTriples/malik2627research/repos_6.24/AsFigo_ft_sva_BenCohen/fast_sva/ch8/acdm.sv(16): operator |-> is only allowed in a property, not in sequence
[ERROR (VERI-1767)] /home/rk6650/VeriTriples/malik2627research/repos_6.24/AsFigo_ft_sva_BenCohen/fast_sva/ch8/acdm.sv(16): the clock flow cannot change in the RHS of |-> operator
[ERROR (VERI-1072)] /home/rk6650/VeriTriples/malik2627research/repos_6.24/AsFigo_ft_sva_BenCohen/fast_sva/ch8/acdm.sv(57): module 'mx' ignored due to previous errors
[ERROR (VERI-1137)] /home/rk6650/VeriTriples/malik2627research/repos_6.24/AsFigo_ft_sva_BenCohen/fast_sva/ch8/acdm.sv(78): syntax error near '|->'
Summary of errors detected:
	[ERROR (VERI-9011)] /home/rk6650/VeriTriples/malik2627research/repos_6.24/AsFigo_ft_sva_BenCohen/fast_sva/ch8/acdm.sv(21): block id 'ap' is already declared
	[ERROR (VERI-1243)] /home/rk6650/VeriTriples/malik2627research/repos_6.24/AsFigo_ft_sva_BenCohen/fast_sva/ch8/acdm.sv(16): operator |-> is only allowed in a property, not in sequence
	[ERROR (VERI-1767)] /home/rk6650/VeriTriples/malik2627research/repos_6.24/AsFigo_ft_sva_BenCohen/fast_sva/ch8/acdm.sv(16): the clock flow cannot change in the RHS of |-> operator
	[ERROR (VERI-1072)] /home/rk6650/VeriTriples/malik2627research/repos_6.24/AsFigo_ft_sva_BenCohen/fast_sva/ch8/acdm.sv(57): module 'mx' ignored due to previous errors
	[ERROR (VERI-1137)] /home/rk6650/VeriTriples/malik2627research/repos_6.24/AsFigo_ft_sva_BenCohen/fast_sva/ch8/acdm.sv(78): syntax error near '|->'
1
% catch { analyze -sv -incdir /home/rk6650/VeriTriples/malik2627research -incdir /home/rk6650/VeriTriples/malik2627research/fast_sva/ch10 -incdir /home/rk6650/VeriTriples/malik2627research/fast_sva/ch10/Parking_lot_original -incdir /home/rk6650/VeriTriples/malik2627research/fast_sva/ch3 -incdir /home/rk6650/VeriTriples/malik2627research/fast_sva/ch4 -incdir /home/rk6650/VeriTriples/malik2627research/fast_sva/ch5 -incdir /home/rk6650/VeriTriples/malik2627research/fast_sva/ch7 -incdir /home/rk6650/VeriTriples/malik2627research/fast_sva/ch8 -incdir /home/rk6650/VeriTriples/malik2627research/fast_sva/ch9 /home/rk6650/VeriTriples/malik2627research/repos_6.24/AsFigo_ft_sva_BenCohen/fast_sva/ch7/m_disable.sv }
[-- (VERI-1482)] Analyzing Verilog file '/home/rk6650/VeriTriples/malik2627research/repos_6.24/AsFigo_ft_sva_BenCohen/fast_sva/ch7/m_disable.sv'
0
% catch { analyze -sv -incdir /home/rk6650/VeriTriples/malik2627research -incdir /home/rk6650/VeriTriples/malik2627research/fast_sva/ch10 -incdir /home/rk6650/VeriTriples/malik2627research/fast_sva/ch10/Parking_lot_original -incdir /home/rk6650/VeriTriples/malik2627research/fast_sva/ch3 -incdir /home/rk6650/VeriTriples/malik2627research/fast_sva/ch4 -incdir /home/rk6650/VeriTriples/malik2627research/fast_sva/ch5 -incdir /home/rk6650/VeriTriples/malik2627research/fast_sva/ch7 -incdir /home/rk6650/VeriTriples/malik2627research/fast_sva/ch8 -incdir /home/rk6650/VeriTriples/malik2627research/fast_sva/ch9 /home/rk6650/VeriTriples/malik2627research/repos_6.24/AsFigo_ft_sva_BenCohen/fast_sva/ch8/requniquefv_v1.sv }
[-- (VERI-1482)] Analyzing Verilog file '/home/rk6650/VeriTriples/malik2627research/repos_6.24/AsFigo_ft_sva_BenCohen/fast_sva/ch8/requniquefv_v1.sv'
[ERROR (VERI-1252)] /home/rk6650/VeriTriples/malik2627research/repos_6.24/AsFigo_ft_sva_BenCohen/fast_sva/ch8/requniquefv_v1.sv(25): mismatch in closing label 'm'; expected 'Ben_attept_INCORRECT'
[ERROR (VERI-1072)] /home/rk6650/VeriTriples/malik2627research/repos_6.24/AsFigo_ft_sva_BenCohen/fast_sva/ch8/requniquefv_v1.sv(104): module 'req_gnt_protocol' ignored due to previous errors
[ERROR (VERI-1754)] /home/rk6650/VeriTriples/malik2627research/repos_6.24/AsFigo_ft_sva_BenCohen/fast_sva/ch8/requniquefv_v1.sv(111): invalid initialization in declaration
[WARN (VERI-1382)] /home/rk6650/VeriTriples/malik2627research/repos_6.24/AsFigo_ft_sva_BenCohen/fast_sva/ch8/requniquefv_v1.sv(111): illegal initial value of input port 'MAX_OUTSTANDING' for module 'req_gnt_protocol_with_ids' ignored
[ERROR (VERI-1188)] /home/rk6650/VeriTriples/malik2627research/repos_6.24/AsFigo_ft_sva_BenCohen/fast_sva/ch8/requniquefv_v1.sv(115): 'MAX_OUTSTANDING' is not a constant
[ERROR (VERI-1952)] /home/rk6650/VeriTriples/malik2627research/repos_6.24/AsFigo_ft_sva_BenCohen/fast_sva/ch8/requniquefv_v1.sv(115): range must be bounded by constant expressions
[ERROR (VERI-1072)] /home/rk6650/VeriTriples/malik2627research/repos_6.24/AsFigo_ft_sva_BenCohen/fast_sva/ch8/requniquefv_v1.sv(152): module 'req_gnt_protocol_with_ids' ignored due to previous errors
Summary of errors detected:
	[ERROR (VERI-1252)] /home/rk6650/VeriTriples/malik2627research/repos_6.24/AsFigo_ft_sva_BenCohen/fast_sva/ch8/requniquefv_v1.sv(25): mismatch in closing label 'm'; expected 'Ben_attept_INCORRECT'
	[ERROR (VERI-1072)] /home/rk6650/VeriTriples/malik2627research/repos_6.24/AsFigo_ft_sva_BenCohen/fast_sva/ch8/requniquefv_v1.sv(104): module 'req_gnt_protocol' ignored due to previous errors
	[ERROR (VERI-1754)] /home/rk6650/VeriTriples/malik2627research/repos_6.24/AsFigo_ft_sva_BenCohen/fast_sva/ch8/requniquefv_v1.sv(111): invalid initialization in declaration
	[ERROR (VERI-1188)] /home/rk6650/VeriTriples/malik2627research/repos_6.24/AsFigo_ft_sva_BenCohen/fast_sva/ch8/requniquefv_v1.sv(115): 'MAX_OUTSTANDING' is not a constant
	[ERROR (VERI-1952)] /home/rk6650/VeriTriples/malik2627research/repos_6.24/AsFigo_ft_sva_BenCohen/fast_sva/ch8/requniquefv_v1.sv(115): range must be bounded by constant expressions
	[ERROR (VERI-1072)] /home/rk6650/VeriTriples/malik2627research/repos_6.24/AsFigo_ft_sva_BenCohen/fast_sva/ch8/requniquefv_v1.sv(152): module 'req_gnt_protocol_with_ids' ignored due to previous errors
1
% catch { analyze -sv -incdir /home/rk6650/VeriTriples/malik2627research -incdir /home/rk6650/VeriTriples/malik2627research/fast_sva/ch10 -incdir /home/rk6650/VeriTriples/malik2627research/fast_sva/ch10/Parking_lot_original -incdir /home/rk6650/VeriTriples/malik2627research/fast_sva/ch3 -incdir /home/rk6650/VeriTriples/malik2627research/fast_sva/ch4 -incdir /home/rk6650/VeriTriples/malik2627research/fast_sva/ch5 -incdir /home/rk6650/VeriTriples/malik2627research/fast_sva/ch7 -incdir /home/rk6650/VeriTriples/malik2627research/fast_sva/ch8 -incdir /home/rk6650/VeriTriples/malik2627research/fast_sva/ch9 /home/rk6650/VeriTriples/malik2627research/repos_6.24/AsFigo_ft_sva_BenCohen/fast_sva/ch10/plot_gpt.sv }
[-- (VERI-1482)] Analyzing Verilog file '/home/rk6650/VeriTriples/malik2627research/repos_6.24/AsFigo_ft_sva_BenCohen/fast_sva/ch10/plot_gpt.sv'
0
% catch { analyze -sv -incdir /home/rk6650/VeriTriples/malik2627research -incdir /home/rk6650/VeriTriples/malik2627research/fast_sva/ch10 -incdir /home/rk6650/VeriTriples/malik2627research/fast_sva/ch10/Parking_lot_original -incdir /home/rk6650/VeriTriples/malik2627research/fast_sva/ch3 -incdir /home/rk6650/VeriTriples/malik2627research/fast_sva/ch4 -incdir /home/rk6650/VeriTriples/malik2627research/fast_sva/ch5 -incdir /home/rk6650/VeriTriples/malik2627research/fast_sva/ch7 -incdir /home/rk6650/VeriTriples/malik2627research/fast_sva/ch8 -incdir /home/rk6650/VeriTriples/malik2627research/fast_sva/ch9 /home/rk6650/VeriTriples/malik2627research/repos_6.24/AsFigo_ft_sva_BenCohen/fast_sva/ch7/dis2.sv }
[-- (VERI-1482)] Analyzing Verilog file '/home/rk6650/VeriTriples/malik2627research/repos_6.24/AsFigo_ft_sva_BenCohen/fast_sva/ch7/dis2.sv'
[ERROR (VERI-1137)] /home/rk6650/VeriTriples/malik2627research/repos_6.24/AsFigo_ft_sva_BenCohen/fast_sva/ch7/dis2.sv(29): syntax error near 'a'
[ERROR (VERI-1072)] /home/rk6650/VeriTriples/malik2627research/repos_6.24/AsFigo_ft_sva_BenCohen/fast_sva/ch7/dis2.sv(52): module 'dis2' ignored due to previous errors
Summary of errors detected:
	[ERROR (VERI-1137)] /home/rk6650/VeriTriples/malik2627research/repos_6.24/AsFigo_ft_sva_BenCohen/fast_sva/ch7/dis2.sv(29): syntax error near 'a'
	[ERROR (VERI-1072)] /home/rk6650/VeriTriples/malik2627research/repos_6.24/AsFigo_ft_sva_BenCohen/fast_sva/ch7/dis2.sv(52): module 'dis2' ignored due to previous errors
1
% catch { analyze -sv -incdir /home/rk6650/VeriTriples/malik2627research -incdir /home/rk6650/VeriTriples/malik2627research/fast_sva/ch10 -incdir /home/rk6650/VeriTriples/malik2627research/fast_sva/ch10/Parking_lot_original -incdir /home/rk6650/VeriTriples/malik2627research/fast_sva/ch3 -incdir /home/rk6650/VeriTriples/malik2627research/fast_sva/ch4 -incdir /home/rk6650/VeriTriples/malik2627research/fast_sva/ch5 -incdir /home/rk6650/VeriTriples/malik2627research/fast_sva/ch7 -incdir /home/rk6650/VeriTriples/malik2627research/fast_sva/ch8 -incdir /home/rk6650/VeriTriples/malik2627research/fast_sva/ch9 /home/rk6650/VeriTriples/malik2627research/repos_6.24/AsFigo_ft_sva_BenCohen/fast_sva/ch10/gptparkinglot.sv }
[-- (VERI-1482)] Analyzing Verilog file '/home/rk6650/VeriTriples/malik2627research/repos_6.24/AsFigo_ft_sva_BenCohen/fast_sva/ch10/gptparkinglot.sv'
[ERROR (VERI-1520)] /home/rk6650/VeriTriples/malik2627research/repos_6.24/AsFigo_ft_sva_BenCohen/fast_sva/ch10/gptparkinglot.sv(35): illegal net data type
[ERROR (VERI-1128)] /home/rk6650/VeriTriples/malik2627research/repos_6.24/AsFigo_ft_sva_BenCohen/fast_sva/ch10/gptparkinglot.sv(39): 'parking_pkg' is not declared
[ERROR (VERI-1521)] /home/rk6650/VeriTriples/malik2627research/repos_6.24/AsFigo_ft_sva_BenCohen/fast_sva/ch10/gptparkinglot.sv(35): net data types must be 4 state
[ERROR (VERI-1072)] /home/rk6650/VeriTriples/malik2627research/repos_6.24/AsFigo_ft_sva_BenCohen/fast_sva/ch10/gptparkinglot.sv(69): module 'parking_cntlr' ignored due to previous errors
Summary of errors detected:
	[ERROR (VERI-1520)] /home/rk6650/VeriTriples/malik2627research/repos_6.24/AsFigo_ft_sva_BenCohen/fast_sva/ch10/gptparkinglot.sv(35): illegal net data type
	[ERROR (VERI-1128)] /home/rk6650/VeriTriples/malik2627research/repos_6.24/AsFigo_ft_sva_BenCohen/fast_sva/ch10/gptparkinglot.sv(39): 'parking_pkg' is not declared
	[ERROR (VERI-1521)] /home/rk6650/VeriTriples/malik2627research/repos_6.24/AsFigo_ft_sva_BenCohen/fast_sva/ch10/gptparkinglot.sv(35): net data types must be 4 state
	[ERROR (VERI-1072)] /home/rk6650/VeriTriples/malik2627research/repos_6.24/AsFigo_ft_sva_BenCohen/fast_sva/ch10/gptparkinglot.sv(69): module 'parking_cntlr' ignored due to previous errors
1
% catch { analyze -sv -incdir /home/rk6650/VeriTriples/malik2627research -incdir /home/rk6650/VeriTriples/malik2627research/fast_sva/ch10 -incdir /home/rk6650/VeriTriples/malik2627research/fast_sva/ch10/Parking_lot_original -incdir /home/rk6650/VeriTriples/malik2627research/fast_sva/ch3 -incdir /home/rk6650/VeriTriples/malik2627research/fast_sva/ch4 -incdir /home/rk6650/VeriTriples/malik2627research/fast_sva/ch5 -incdir /home/rk6650/VeriTriples/malik2627research/fast_sva/ch7 -incdir /home/rk6650/VeriTriples/malik2627research/fast_sva/ch8 -incdir /home/rk6650/VeriTriples/malik2627research/fast_sva/ch9 /home/rk6650/VeriTriples/malik2627research/repos_6.24/AsFigo_ft_sva_BenCohen/fast_sva/ch10/Perplexity_plot2.sv }
[-- (VERI-1482)] Analyzing Verilog file '/home/rk6650/VeriTriples/malik2627research/repos_6.24/AsFigo_ft_sva_BenCohen/fast_sva/ch10/Perplexity_plot2.sv'
[WARN (VERI-9025)] /home/rk6650/VeriTriples/malik2627research/repos_6.24/AsFigo_ft_sva_BenCohen/fast_sva/ch10/Perplexity_plot2.sv(209): Empty Port in Module Declaration
0
% catch { analyze -sv -incdir /home/rk6650/VeriTriples/malik2627research -incdir /home/rk6650/VeriTriples/malik2627research/fast_sva/ch10 -incdir /home/rk6650/VeriTriples/malik2627research/fast_sva/ch10/Parking_lot_original -incdir /home/rk6650/VeriTriples/malik2627research/fast_sva/ch3 -incdir /home/rk6650/VeriTriples/malik2627research/fast_sva/ch4 -incdir /home/rk6650/VeriTriples/malik2627research/fast_sva/ch5 -incdir /home/rk6650/VeriTriples/malik2627research/fast_sva/ch7 -incdir /home/rk6650/VeriTriples/malik2627research/fast_sva/ch8 -incdir /home/rk6650/VeriTriples/malik2627research/fast_sva/ch9 /home/rk6650/VeriTriples/malik2627research/repos_6.24/AsFigo_ft_sva_BenCohen/fast_sva/ch7/reset2.sv }
[-- (VERI-1482)] Analyzing Verilog file '/home/rk6650/VeriTriples/malik2627research/repos_6.24/AsFigo_ft_sva_BenCohen/fast_sva/ch7/reset2.sv'
0
% catch { analyze -sv -incdir /home/rk6650/VeriTriples/malik2627research -incdir /home/rk6650/VeriTriples/malik2627research/fast_sva/ch10 -incdir /home/rk6650/VeriTriples/malik2627research/fast_sva/ch10/Parking_lot_original -incdir /home/rk6650/VeriTriples/malik2627research/fast_sva/ch3 -incdir /home/rk6650/VeriTriples/malik2627research/fast_sva/ch4 -incdir /home/rk6650/VeriTriples/malik2627research/fast_sva/ch5 -incdir /home/rk6650/VeriTriples/malik2627research/fast_sva/ch7 -incdir /home/rk6650/VeriTriples/malik2627research/fast_sva/ch8 -incdir /home/rk6650/VeriTriples/malik2627research/fast_sva/ch9 /home/rk6650/VeriTriples/malik2627research/repos_6.24/AsFigo_ft_sva_BenCohen/fast_sva/ch7/reset2_err.sv }
[-- (VERI-1482)] Analyzing Verilog file '/home/rk6650/VeriTriples/malik2627research/repos_6.24/AsFigo_ft_sva_BenCohen/fast_sva/ch7/reset2_err.sv'
0
% catch { analyze -sv -incdir /home/rk6650/VeriTriples/malik2627research -incdir /home/rk6650/VeriTriples/malik2627research/fast_sva/ch10 -incdir /home/rk6650/VeriTriples/malik2627research/fast_sva/ch10/Parking_lot_original -incdir /home/rk6650/VeriTriples/malik2627research/fast_sva/ch3 -incdir /home/rk6650/VeriTriples/malik2627research/fast_sva/ch4 -incdir /home/rk6650/VeriTriples/malik2627research/fast_sva/ch5 -incdir /home/rk6650/VeriTriples/malik2627research/fast_sva/ch7 -incdir /home/rk6650/VeriTriples/malik2627research/fast_sva/ch8 -incdir /home/rk6650/VeriTriples/malik2627research/fast_sva/ch9 /home/rk6650/VeriTriples/malik2627research/repos_6.24/AsFigo_ft_sva_BenCohen/fast_sva/ch7/clk_event.sv }
[-- (VERI-1482)] Analyzing Verilog file '/home/rk6650/VeriTriples/malik2627research/repos_6.24/AsFigo_ft_sva_BenCohen/fast_sva/ch7/clk_event.sv'
0
% catch { analyze -sv -incdir /home/rk6650/VeriTriples/malik2627research -incdir /home/rk6650/VeriTriples/malik2627research/fast_sva/ch10 -incdir /home/rk6650/VeriTriples/malik2627research/fast_sva/ch10/Parking_lot_original -incdir /home/rk6650/VeriTriples/malik2627research/fast_sva/ch3 -incdir /home/rk6650/VeriTriples/malik2627research/fast_sva/ch4 -incdir /home/rk6650/VeriTriples/malik2627research/fast_sva/ch5 -incdir /home/rk6650/VeriTriples/malik2627research/fast_sva/ch7 -incdir /home/rk6650/VeriTriples/malik2627research/fast_sva/ch8 -incdir /home/rk6650/VeriTriples/malik2627research/fast_sva/ch9 /home/rk6650/VeriTriples/malik2627research/repos_6.24/AsFigo_ft_sva_BenCohen/fast_sva/ch8/requniquefv.sv }
[-- (VERI-1482)] Analyzing Verilog file '/home/rk6650/VeriTriples/malik2627research/repos_6.24/AsFigo_ft_sva_BenCohen/fast_sva/ch8/requniquefv.sv'
[WARN (VERI-1206)] /home/rk6650/VeriTriples/malik2627research/repos_6.24/AsFigo_ft_sva_BenCohen/fast_sva/ch8/requniquefv.sv(24): overwriting previous definition of module 'm'
[INFO (VERI-2142)] /home/rk6650/VeriTriples/malik2627research/repos_6.24/AsFigo_ft_sva_BenCohen/fast_sva/ch7/m_disable.sv(15): previous definition of design element 'm' is here
0
% catch { analyze -sv -incdir /home/rk6650/VeriTriples/malik2627research -incdir /home/rk6650/VeriTriples/malik2627research/fast_sva/ch10 -incdir /home/rk6650/VeriTriples/malik2627research/fast_sva/ch10/Parking_lot_original -incdir /home/rk6650/VeriTriples/malik2627research/fast_sva/ch3 -incdir /home/rk6650/VeriTriples/malik2627research/fast_sva/ch4 -incdir /home/rk6650/VeriTriples/malik2627research/fast_sva/ch5 -incdir /home/rk6650/VeriTriples/malik2627research/fast_sva/ch7 -incdir /home/rk6650/VeriTriples/malik2627research/fast_sva/ch8 -incdir /home/rk6650/VeriTriples/malik2627research/fast_sva/ch9 /home/rk6650/VeriTriples/malik2627research/repos_6.24/AsFigo_ft_sva_BenCohen/fast_sva/ch4/req2rdyeack.sv }
[-- (VERI-1482)] Analyzing Verilog file '/home/rk6650/VeriTriples/malik2627research/repos_6.24/AsFigo_ft_sva_BenCohen/fast_sva/ch4/req2rdyeack.sv'
[ERROR (VERI-1128)] /home/rk6650/VeriTriples/malik2627research/repos_6.24/AsFigo_ft_sva_BenCohen/fast_sva/ch4/req2rdyeack.sv(2): 'sva_delay_repeat_range_pkg' is not declared
[ERROR (VERI-1245)] /home/rk6650/VeriTriples/malik2627research/repos_6.24/AsFigo_ft_sva_BenCohen/fast_sva/ch4/req2rdyeack.sv(4): cannot open include file 'uvm_macros.svh'
[ERROR (VERI-1128)] /home/rk6650/VeriTriples/malik2627research/repos_6.24/AsFigo_ft_sva_BenCohen/fast_sva/ch4/req2rdyeack.sv(4): 'uvm_pkg' is not declared
[ERROR (VERI-1158)] /home/rk6650/VeriTriples/malik2627research/repos_6.24/AsFigo_ft_sva_BenCohen/fast_sva/ch4/req2rdyeack.sv(84): use of undefined macro 'uvm_error'
[ERROR (VERI-1137)] /home/rk6650/VeriTriples/malik2627research/repos_6.24/AsFigo_ft_sva_BenCohen/fast_sva/ch4/req2rdyeack.sv(84): syntax error near '('
[ERROR (VERI-1659)] /home/rk6650/VeriTriples/malik2627research/repos_6.24/AsFigo_ft_sva_BenCohen/fast_sva/ch4/req2rdyeack.sv(3): unexpected timeunit
[ERROR (VERI-1659)] /home/rk6650/VeriTriples/malik2627research/repos_6.24/AsFigo_ft_sva_BenCohen/fast_sva/ch4/req2rdyeack.sv(3): unexpected timeprecision
[ERROR (VERI-1841)] /home/rk6650/VeriTriples/malik2627research/repos_6.24/AsFigo_ft_sva_BenCohen/fast_sva/ch4/req2rdyeack.sv(68): the system function rose not sensitive to clock
[ERROR (VERI-1072)] /home/rk6650/VeriTriples/malik2627research/repos_6.24/AsFigo_ft_sva_BenCohen/fast_sva/ch4/req2rdyeack.sv(89): module 'reardyack' ignored due to previous errors
Summary of errors detected:
	[ERROR (VERI-1128)] /home/rk6650/VeriTriples/malik2627research/repos_6.24/AsFigo_ft_sva_BenCohen/fast_sva/ch4/req2rdyeack.sv(2): 'sva_delay_repeat_range_pkg' is not declared
	[ERROR (VERI-1245)] /home/rk6650/VeriTriples/malik2627research/repos_6.24/AsFigo_ft_sva_BenCohen/fast_sva/ch4/req2rdyeack.sv(4): cannot open include file 'uvm_macros.svh'
	[ERROR (VERI-1128)] /home/rk6650/VeriTriples/malik2627research/repos_6.24/AsFigo_ft_sva_BenCohen/fast_sva/ch4/req2rdyeack.sv(4): 'uvm_pkg' is not declared
	[ERROR (VERI-1158)] /home/rk6650/VeriTriples/malik2627research/repos_6.24/AsFigo_ft_sva_BenCohen/fast_sva/ch4/req2rdyeack.sv(84): use of undefined macro 'uvm_error'
	[ERROR (VERI-1137)] /home/rk6650/VeriTriples/malik2627research/repos_6.24/AsFigo_ft_sva_BenCohen/fast_sva/ch4/req2rdyeack.sv(84): syntax error near '('
	[ERROR (VERI-1659)] /home/rk6650/VeriTriples/malik2627research/repos_6.24/AsFigo_ft_sva_BenCohen/fast_sva/ch4/req2rdyeack.sv(3): unexpected timeunit
	[ERROR (VERI-1659)] /home/rk6650/VeriTriples/malik2627research/repos_6.24/AsFigo_ft_sva_BenCohen/fast_sva/ch4/req2rdyeack.sv(3): unexpected timeprecision
	[ERROR (VERI-1841)] /home/rk6650/VeriTriples/malik2627research/repos_6.24/AsFigo_ft_sva_BenCohen/fast_sva/ch4/req2rdyeack.sv(68): the system function rose not sensitive to clock
	[ERROR (VERI-1072)] /home/rk6650/VeriTriples/malik2627research/repos_6.24/AsFigo_ft_sva_BenCohen/fast_sva/ch4/req2rdyeack.sv(89): module 'reardyack' ignored due to previous errors
1
% 
% catch { analyze -sv -incdir /home/rk6650/VeriTriples/malik2627research -incdir /home/rk6650/VeriTriples/malik2627research/fast_sva/ch10 -incdir /home/rk6650/VeriTriples/malik2627research/fast_sva/ch10/Parking_lot_original -incdir /home/rk6650/VeriTriples/malik2627research/fast_sva/ch3 -incdir /home/rk6650/VeriTriples/malik2627research/fast_sva/ch4 -incdir /home/rk6650/VeriTriples/malik2627research/fast_sva/ch5 -incdir /home/rk6650/VeriTriples/malik2627research/fast_sva/ch7 -incdir /home/rk6650/VeriTriples/malik2627research/fast_sva/ch8 -incdir /home/rk6650/VeriTriples/malik2627research/fast_sva/ch9 /home/rk6650/VeriTriples/malik2627research/repos_6.24/AsFigo_ft_sva_BenCohen/fast_sva/ch5/reset2.sv }
[-- (VERI-1482)] Analyzing Verilog file '/home/rk6650/VeriTriples/malik2627research/repos_6.24/AsFigo_ft_sva_BenCohen/fast_sva/ch5/reset2.sv'
[WARN (VERI-1206)] /home/rk6650/VeriTriples/malik2627research/repos_6.24/AsFigo_ft_sva_BenCohen/fast_sva/ch5/reset2.sv(17): overwriting previous definition of module 'reset_n2'
[INFO (VERI-2142)] /home/rk6650/VeriTriples/malik2627research/repos_6.24/AsFigo_ft_sva_BenCohen/fast_sva/ch5/reset2.sv(17): previous definition of design element 'reset_n2' is here
0
% catch { analyze -sv -incdir /home/rk6650/VeriTriples/malik2627research -incdir /home/rk6650/VeriTriples/malik2627research/fast_sva/ch10 -incdir /home/rk6650/VeriTriples/malik2627research/fast_sva/ch10/Parking_lot_original -incdir /home/rk6650/VeriTriples/malik2627research/fast_sva/ch3 -incdir /home/rk6650/VeriTriples/malik2627research/fast_sva/ch4 -incdir /home/rk6650/VeriTriples/malik2627research/fast_sva/ch5 -incdir /home/rk6650/VeriTriples/malik2627research/fast_sva/ch7 -incdir /home/rk6650/VeriTriples/malik2627research/fast_sva/ch8 -incdir /home/rk6650/VeriTriples/malik2627research/fast_sva/ch9 /home/rk6650/VeriTriples/malik2627research/repos_6.24/AsFigo_ft_sva_BenCohen/fast_sva/ch8/acdm.sv }
[-- (VERI-1482)] Analyzing Verilog file '/home/rk6650/VeriTriples/malik2627research/repos_6.24/AsFigo_ft_sva_BenCohen/fast_sva/ch8/acdm.sv'
[ERROR (VERI-9011)] /home/rk6650/VeriTriples/malik2627research/repos_6.24/AsFigo_ft_sva_BenCohen/fast_sva/ch8/acdm.sv(21): block id 'ap' is already declared
[INFO (VERI-1967)] /home/rk6650/VeriTriples/malik2627research/repos_6.24/AsFigo_ft_sva_BenCohen/fast_sva/ch8/acdm.sv(9): previous declaration of 'ap' is from here
[ERROR (VERI-1243)] /home/rk6650/VeriTriples/malik2627research/repos_6.24/AsFigo_ft_sva_BenCohen/fast_sva/ch8/acdm.sv(16): operator |-> is only allowed in a property, not in sequence
[ERROR (VERI-1767)] /home/rk6650/VeriTriples/malik2627research/repos_6.24/AsFigo_ft_sva_BenCohen/fast_sva/ch8/acdm.sv(16): the clock flow cannot change in the RHS of |-> operator
[ERROR (VERI-1072)] /home/rk6650/VeriTriples/malik2627research/repos_6.24/AsFigo_ft_sva_BenCohen/fast_sva/ch8/acdm.sv(57): module 'mx' ignored due to previous errors
[ERROR (VERI-1137)] /home/rk6650/VeriTriples/malik2627research/repos_6.24/AsFigo_ft_sva_BenCohen/fast_sva/ch8/acdm.sv(78): syntax error near '|->'
Summary of errors detected:
	[ERROR (VERI-9011)] /home/rk6650/VeriTriples/malik2627research/repos_6.24/AsFigo_ft_sva_BenCohen/fast_sva/ch8/acdm.sv(21): block id 'ap' is already declared
	[ERROR (VERI-1243)] /home/rk6650/VeriTriples/malik2627research/repos_6.24/AsFigo_ft_sva_BenCohen/fast_sva/ch8/acdm.sv(16): operator |-> is only allowed in a property, not in sequence
	[ERROR (VERI-1767)] /home/rk6650/VeriTriples/malik2627research/repos_6.24/AsFigo_ft_sva_BenCohen/fast_sva/ch8/acdm.sv(16): the clock flow cannot change in the RHS of |-> operator
	[ERROR (VERI-1072)] /home/rk6650/VeriTriples/malik2627research/repos_6.24/AsFigo_ft_sva_BenCohen/fast_sva/ch8/acdm.sv(57): module 'mx' ignored due to previous errors
	[ERROR (VERI-1137)] /home/rk6650/VeriTriples/malik2627research/repos_6.24/AsFigo_ft_sva_BenCohen/fast_sva/ch8/acdm.sv(78): syntax error near '|->'
1
% catch { analyze -sv -incdir /home/rk6650/VeriTriples/malik2627research -incdir /home/rk6650/VeriTriples/malik2627research/fast_sva/ch10 -incdir /home/rk6650/VeriTriples/malik2627research/fast_sva/ch10/Parking_lot_original -incdir /home/rk6650/VeriTriples/malik2627research/fast_sva/ch3 -incdir /home/rk6650/VeriTriples/malik2627research/fast_sva/ch4 -incdir /home/rk6650/VeriTriples/malik2627research/fast_sva/ch5 -incdir /home/rk6650/VeriTriples/malik2627research/fast_sva/ch7 -incdir /home/rk6650/VeriTriples/malik2627research/fast_sva/ch8 -incdir /home/rk6650/VeriTriples/malik2627research/fast_sva/ch9 /home/rk6650/VeriTriples/malik2627research/repos_6.24/AsFigo_ft_sva_BenCohen/fast_sva/ch7/m_disable.sv }
[-- (VERI-1482)] Analyzing Verilog file '/home/rk6650/VeriTriples/malik2627research/repos_6.24/AsFigo_ft_sva_BenCohen/fast_sva/ch7/m_disable.sv'
[WARN (VERI-1206)] /home/rk6650/VeriTriples/malik2627research/repos_6.24/AsFigo_ft_sva_BenCohen/fast_sva/ch7/m_disable.sv(9): overwriting previous definition of module 'm_disable'
[INFO (VERI-2142)] /home/rk6650/VeriTriples/malik2627research/repos_6.24/AsFigo_ft_sva_BenCohen/fast_sva/ch7/m_disable.sv(9): previous definition of design element 'm_disable' is here
[WARN (VERI-1206)] /home/rk6650/VeriTriples/malik2627research/repos_6.24/AsFigo_ft_sva_BenCohen/fast_sva/ch7/m_disable.sv(15): overwriting previous definition of module 'm'
[INFO (VERI-2142)] /home/rk6650/VeriTriples/malik2627research/repos_6.24/AsFigo_ft_sva_BenCohen/fast_sva/ch8/requniquefv.sv(24): previous definition of design element 'm' is here
[WARN (VERI-1206)] /home/rk6650/VeriTriples/malik2627research/repos_6.24/AsFigo_ft_sva_BenCohen/fast_sva/ch7/m_disable.sv(28): overwriting previous definition of module 'nested'
[INFO (VERI-2142)] /home/rk6650/VeriTriples/malik2627research/repos_6.24/AsFigo_ft_sva_BenCohen/fast_sva/ch7/m_disable.sv(28): previous definition of design element 'nested' is here
0
% catch { analyze -sv -incdir /home/rk6650/VeriTriples/malik2627research -incdir /home/rk6650/VeriTriples/malik2627research/fast_sva/ch10 -incdir /home/rk6650/VeriTriples/malik2627research/fast_sva/ch10/Parking_lot_original -incdir /home/rk6650/VeriTriples/malik2627research/fast_sva/ch3 -incdir /home/rk6650/VeriTriples/malik2627research/fast_sva/ch4 -incdir /home/rk6650/VeriTriples/malik2627research/fast_sva/ch5 -incdir /home/rk6650/VeriTriples/malik2627research/fast_sva/ch7 -incdir /home/rk6650/VeriTriples/malik2627research/fast_sva/ch8 -incdir /home/rk6650/VeriTriples/malik2627research/fast_sva/ch9 /home/rk6650/VeriTriples/malik2627research/repos_6.24/AsFigo_ft_sva_BenCohen/fast_sva/ch7/reset2.sv }
[-- (VERI-1482)] Analyzing Verilog file '/home/rk6650/VeriTriples/malik2627research/repos_6.24/AsFigo_ft_sva_BenCohen/fast_sva/ch7/reset2.sv'
[WARN (VERI-1206)] /home/rk6650/VeriTriples/malik2627research/repos_6.24/AsFigo_ft_sva_BenCohen/fast_sva/ch7/reset2.sv(17): overwriting previous definition of module 'reset2'
[INFO (VERI-2142)] /home/rk6650/VeriTriples/malik2627research/repos_6.24/AsFigo_ft_sva_BenCohen/fast_sva/ch7/reset2.sv(17): previous definition of design element 'reset2' is here
0
% catch { analyze -sv -incdir /home/rk6650/VeriTriples/malik2627research -incdir /home/rk6650/VeriTriples/malik2627research/fast_sva/ch10 -incdir /home/rk6650/VeriTriples/malik2627research/fast_sva/ch10/Parking_lot_original -incdir /home/rk6650/VeriTriples/malik2627research/fast_sva/ch3 -incdir /home/rk6650/VeriTriples/malik2627research/fast_sva/ch4 -incdir /home/rk6650/VeriTriples/malik2627research/fast_sva/ch5 -incdir /home/rk6650/VeriTriples/malik2627research/fast_sva/ch7 -incdir /home/rk6650/VeriTriples/malik2627research/fast_sva/ch8 -incdir /home/rk6650/VeriTriples/malik2627research/fast_sva/ch9 /home/rk6650/VeriTriples/malik2627research/repos_6.24/AsFigo_ft_sva_BenCohen/fast_sva/ch7/reset2_err.sv }
[-- (VERI-1482)] Analyzing Verilog file '/home/rk6650/VeriTriples/malik2627research/repos_6.24/AsFigo_ft_sva_BenCohen/fast_sva/ch7/reset2_err.sv'
[WARN (VERI-1206)] /home/rk6650/VeriTriples/malik2627research/repos_6.24/AsFigo_ft_sva_BenCohen/fast_sva/ch7/reset2_err.sv(21): overwriting previous definition of module 'reset2_err'
[INFO (VERI-2142)] /home/rk6650/VeriTriples/malik2627research/repos_6.24/AsFigo_ft_sva_BenCohen/fast_sva/ch7/reset2_err.sv(21): previous definition of design element 'reset2_err' is here
0
% catch { analyze -sv -incdir /home/rk6650/VeriTriples/malik2627research -incdir /home/rk6650/VeriTriples/malik2627research/fast_sva/ch10 -incdir /home/rk6650/VeriTriples/malik2627research/fast_sva/ch10/Parking_lot_original -incdir /home/rk6650/VeriTriples/malik2627research/fast_sva/ch3 -incdir /home/rk6650/VeriTriples/malik2627research/fast_sva/ch4 -incdir /home/rk6650/VeriTriples/malik2627research/fast_sva/ch5 -incdir /home/rk6650/VeriTriples/malik2627research/fast_sva/ch7 -incdir /home/rk6650/VeriTriples/malik2627research/fast_sva/ch8 -incdir /home/rk6650/VeriTriples/malik2627research/fast_sva/ch9 /home/rk6650/VeriTriples/malik2627research/repos_6.24/AsFigo_ft_sva_BenCohen/fast_sva/ch10/Parking_lot_original/vcs_parkinglot.sv }
[-- (VERI-1482)] Analyzing Verilog file '/home/rk6650/VeriTriples/malik2627research/repos_6.24/AsFigo_ft_sva_BenCohen/fast_sva/ch10/Parking_lot_original/vcs_parkinglot.sv'
[ERROR (VERI-1116)] /home/rk6650/VeriTriples/malik2627research/repos_6.24/AsFigo_ft_sva_BenCohen/fast_sva/ch10/Parking_lot_original/vcs_parkinglot.sv(25): 'NEUTRAL' is already declared
[INFO (VERI-1967)] /home/rk6650/VeriTriples/malik2627research/repos_6.24/AsFigo_ft_sva_BenCohen/fast_sva/ch10/Parking_lot_original/vcs_parkinglot.sv(25): previous declaration of 'NEUTRAL' is from here
[ERROR (VERI-1116)] /home/rk6650/VeriTriples/malik2627research/repos_6.24/AsFigo_ft_sva_BenCohen/fast_sva/ch10/Parking_lot_original/vcs_parkinglot.sv(25): 'STOP' is already declared
[INFO (VERI-1967)] /home/rk6650/VeriTriples/malik2627research/repos_6.24/AsFigo_ft_sva_BenCohen/fast_sva/ch10/Parking_lot_original/vcs_parkinglot.sv(25): previous declaration of 'STOP' is from here
[ERROR (VERI-1116)] /home/rk6650/VeriTriples/malik2627research/repos_6.24/AsFigo_ft_sva_BenCohen/fast_sva/ch10/Parking_lot_original/vcs_parkinglot.sv(25): 'START' is already declared
[INFO (VERI-1967)] /home/rk6650/VeriTriples/malik2627research/repos_6.24/AsFigo_ft_sva_BenCohen/fast_sva/ch10/Parking_lot_original/vcs_parkinglot.sv(25): previous declaration of 'START' is from here
[ERROR (VERI-1116)] /home/rk6650/VeriTriples/malik2627research/repos_6.24/AsFigo_ft_sva_BenCohen/fast_sva/ch10/Parking_lot_original/vcs_parkinglot.sv(25): 'gate_override_t' is already declared
[INFO (VERI-1967)] /home/rk6650/VeriTriples/malik2627research/repos_6.24/AsFigo_ft_sva_BenCohen/fast_sva/ch10/Parking_lot_original/vcs_parkinglot.sv(25): previous declaration of 'gate_override_t' is from here
[ERROR (VERI-1116)] /home/rk6650/VeriTriples/malik2627research/repos_6.24/AsFigo_ft_sva_BenCohen/fast_sva/ch10/Parking_lot_original/vcs_parkinglot.sv(26): 'CLOSED' is already declared
[INFO (VERI-1967)] /home/rk6650/VeriTriples/malik2627research/repos_6.24/AsFigo_ft_sva_BenCohen/fast_sva/ch10/Parking_lot_original/vcs_parkinglot.sv(26): previous declaration of 'CLOSED' is from here
[ERROR (VERI-1116)] /home/rk6650/VeriTriples/malik2627research/repos_6.24/AsFigo_ft_sva_BenCohen/fast_sva/ch10/Parking_lot_original/vcs_parkinglot.sv(26): 'OPEN' is already declared
[INFO (VERI-1967)] /home/rk6650/VeriTriples/malik2627research/repos_6.24/AsFigo_ft_sva_BenCohen/fast_sva/ch10/Parking_lot_original/vcs_parkinglot.sv(26): previous declaration of 'OPEN' is from here
[ERROR (VERI-1116)] /home/rk6650/VeriTriples/malik2627research/repos_6.24/AsFigo_ft_sva_BenCohen/fast_sva/ch10/Parking_lot_original/vcs_parkinglot.sv(26): 'gate_t' is already declared
[INFO (VERI-1967)] /home/rk6650/VeriTriples/malik2627research/repos_6.24/AsFigo_ft_sva_BenCohen/fast_sva/ch10/Parking_lot_original/vcs_parkinglot.sv(26): previous declaration of 'gate_t' is from here
[ERROR (VERI-1116)] /home/rk6650/VeriTriples/malik2627research/repos_6.24/AsFigo_ft_sva_BenCohen/fast_sva/ch10/Parking_lot_original/vcs_parkinglot.sv(27): 'ENABLE_COUNTER' is already declared
[INFO (VERI-1967)] /home/rk6650/VeriTriples/malik2627research/repos_6.24/AsFigo_ft_sva_BenCohen/fast_sva/ch10/Parking_lot_original/vcs_parkinglot.sv(27): previous declaration of 'ENABLE_COUNTER' is from here
[ERROR (VERI-1116)] /home/rk6650/VeriTriples/malik2627research/repos_6.24/AsFigo_ft_sva_BenCohen/fast_sva/ch10/Parking_lot_original/vcs_parkinglot.sv(27): 'BYPASS_COUNTER' is already declared
[INFO (VERI-1967)] /home/rk6650/VeriTriples/malik2627research/repos_6.24/AsFigo_ft_sva_BenCohen/fast_sva/ch10/Parking_lot_original/vcs_parkinglot.sv(27): previous declaration of 'BYPASS_COUNTER' is from here
[ERROR (VERI-1116)] /home/rk6650/VeriTriples/malik2627research/repos_6.24/AsFigo_ft_sva_BenCohen/fast_sva/ch10/Parking_lot_original/vcs_parkinglot.sv(27): 'counter_cntrl_t' is already declared
[INFO (VERI-1967)] /home/rk6650/VeriTriples/malik2627research/repos_6.24/AsFigo_ft_sva_BenCohen/fast_sva/ch10/Parking_lot_original/vcs_parkinglot.sv(27): previous declaration of 'counter_cntrl_t' is from here
[ERROR (VERI-1072)] /home/rk6650/VeriTriples/malik2627research/repos_6.24/AsFigo_ft_sva_BenCohen/fast_sva/ch10/Parking_lot_original/vcs_parkinglot.sv(50): interface 'parking_structure_if' ignored due to previous errors
[ERROR (VERI-1072)] /home/rk6650/VeriTriples/malik2627research/repos_6.24/AsFigo_ft_sva_BenCohen/fast_sva/ch10/Parking_lot_original/vcs_parkinglot.sv(124): module 'parking_structure' ignored due to previous errors
[ERROR (VERI-1072)] /home/rk6650/VeriTriples/malik2627research/repos_6.24/AsFigo_ft_sva_BenCohen/fast_sva/ch10/Parking_lot_original/vcs_parkinglot.sv(132): module 'top' ignored due to previous errors
Summary of errors detected:
	[ERROR (VERI-1116)] /home/rk6650/VeriTriples/malik2627research/repos_6.24/AsFigo_ft_sva_BenCohen/fast_sva/ch10/Parking_lot_original/vcs_parkinglot.sv(25): 'NEUTRAL' is already declared
	[ERROR (VERI-1116)] /home/rk6650/VeriTriples/malik2627research/repos_6.24/AsFigo_ft_sva_BenCohen/fast_sva/ch10/Parking_lot_original/vcs_parkinglot.sv(25): 'STOP' is already declared
	[ERROR (VERI-1116)] /home/rk6650/VeriTriples/malik2627research/repos_6.24/AsFigo_ft_sva_BenCohen/fast_sva/ch10/Parking_lot_original/vcs_parkinglot.sv(25): 'START' is already declared
	[ERROR (VERI-1116)] /home/rk6650/VeriTriples/malik2627research/repos_6.24/AsFigo_ft_sva_BenCohen/fast_sva/ch10/Parking_lot_original/vcs_parkinglot.sv(25): 'gate_override_t' is already declared
	[ERROR (VERI-1116)] /home/rk6650/VeriTriples/malik2627research/repos_6.24/AsFigo_ft_sva_BenCohen/fast_sva/ch10/Parking_lot_original/vcs_parkinglot.sv(26): 'CLOSED' is already declared
	[ERROR (VERI-1116)] /home/rk6650/VeriTriples/malik2627research/repos_6.24/AsFigo_ft_sva_BenCohen/fast_sva/ch10/Parking_lot_original/vcs_parkinglot.sv(26): 'OPEN' is already declared
	[ERROR (VERI-1116)] /home/rk6650/VeriTriples/malik2627research/repos_6.24/AsFigo_ft_sva_BenCohen/fast_sva/ch10/Parking_lot_original/vcs_parkinglot.sv(26): 'gate_t' is already declared
	[ERROR (VERI-1116)] /home/rk6650/VeriTriples/malik2627research/repos_6.24/AsFigo_ft_sva_BenCohen/fast_sva/ch10/Parking_lot_original/vcs_parkinglot.sv(27): 'ENABLE_COUNTER' is already declared
	[ERROR (VERI-1116)] /home/rk6650/VeriTriples/malik2627research/repos_6.24/AsFigo_ft_sva_BenCohen/fast_sva/ch10/Parking_lot_original/vcs_parkinglot.sv(27): 'BYPASS_COUNTER' is already declared
	[ERROR (VERI-1116)] /home/rk6650/VeriTriples/malik2627research/repos_6.24/AsFigo_ft_sva_BenCohen/fast_sva/ch10/Parking_lot_original/vcs_parkinglot.sv(27): 'counter_cntrl_t' is already declared
	[ERROR (VERI-1072)] /home/rk6650/VeriTriples/malik2627research/repos_6.24/AsFigo_ft_sva_BenCohen/fast_sva/ch10/Parking_lot_original/vcs_parkinglot.sv(50): interface 'parking_structure_if' ignored due to previous errors
	[ERROR (VERI-1072)] /home/rk6650/VeriTriples/malik2627research/repos_6.24/AsFigo_ft_sva_BenCohen/fast_sva/ch10/Parking_lot_original/vcs_parkinglot.sv(124): module 'parking_structure' ignored due to previous errors
	[ERROR (VERI-1072)] /home/rk6650/VeriTriples/malik2627research/repos_6.24/AsFigo_ft_sva_BenCohen/fast_sva/ch10/Parking_lot_original/vcs_parkinglot.sv(132): module 'top' ignored due to previous errors
1
% catch { analyze -sv -incdir /home/rk6650/VeriTriples/malik2627research -incdir /home/rk6650/VeriTriples/malik2627research/fast_sva/ch10 -incdir /home/rk6650/VeriTriples/malik2627research/fast_sva/ch10/Parking_lot_original -incdir /home/rk6650/VeriTriples/malik2627research/fast_sva/ch3 -incdir /home/rk6650/VeriTriples/malik2627research/fast_sva/ch4 -incdir /home/rk6650/VeriTriples/malik2627research/fast_sva/ch5 -incdir /home/rk6650/VeriTriples/malik2627research/fast_sva/ch7 -incdir /home/rk6650/VeriTriples/malik2627research/fast_sva/ch8 -incdir /home/rk6650/VeriTriples/malik2627research/fast_sva/ch9 /home/rk6650/VeriTriples/malik2627research/repos_6.24/AsFigo_ft_sva_BenCohen/fast_sva/ch8/requniquefv_v1.sv }
[-- (VERI-1482)] Analyzing Verilog file '/home/rk6650/VeriTriples/malik2627research/repos_6.24/AsFigo_ft_sva_BenCohen/fast_sva/ch8/requniquefv_v1.sv'
[WARN (VERI-1206)] /home/rk6650/VeriTriples/malik2627research/repos_6.24/AsFigo_ft_sva_BenCohen/fast_sva/ch8/requniquefv_v1.sv(25): overwriting previous definition of module 'Ben_attept_INCORRECT'
[INFO (VERI-2142)] /home/rk6650/VeriTriples/malik2627research/repos_6.24/AsFigo_ft_sva_BenCohen/fast_sva/ch8/requniquefv_v1.sv(25): previous definition of design element 'Ben_attept_INCORRECT' is here
[ERROR (VERI-1252)] /home/rk6650/VeriTriples/malik2627research/repos_6.24/AsFigo_ft_sva_BenCohen/fast_sva/ch8/requniquefv_v1.sv(25): mismatch in closing label 'm'; expected 'Ben_attept_INCORRECT'
[ERROR (VERI-1072)] /home/rk6650/VeriTriples/malik2627research/repos_6.24/AsFigo_ft_sva_BenCohen/fast_sva/ch8/requniquefv_v1.sv(104): module 'req_gnt_protocol' ignored due to previous errors
[ERROR (VERI-1754)] /home/rk6650/VeriTriples/malik2627research/repos_6.24/AsFigo_ft_sva_BenCohen/fast_sva/ch8/requniquefv_v1.sv(111): invalid initialization in declaration
[WARN (VERI-1382)] /home/rk6650/VeriTriples/malik2627research/repos_6.24/AsFigo_ft_sva_BenCohen/fast_sva/ch8/requniquefv_v1.sv(111): illegal initial value of input port 'MAX_OUTSTANDING' for module 'req_gnt_protocol_with_ids' ignored
[ERROR (VERI-1188)] /home/rk6650/VeriTriples/malik2627research/repos_6.24/AsFigo_ft_sva_BenCohen/fast_sva/ch8/requniquefv_v1.sv(115): 'MAX_OUTSTANDING' is not a constant
[ERROR (VERI-1952)] /home/rk6650/VeriTriples/malik2627research/repos_6.24/AsFigo_ft_sva_BenCohen/fast_sva/ch8/requniquefv_v1.sv(115): range must be bounded by constant expressions
[ERROR (VERI-1072)] /home/rk6650/VeriTriples/malik2627research/repos_6.24/AsFigo_ft_sva_BenCohen/fast_sva/ch8/requniquefv_v1.sv(152): module 'req_gnt_protocol_with_ids' ignored due to previous errors
Summary of errors detected:
	[ERROR (VERI-1252)] /home/rk6650/VeriTriples/malik2627research/repos_6.24/AsFigo_ft_sva_BenCohen/fast_sva/ch8/requniquefv_v1.sv(25): mismatch in closing label 'm'; expected 'Ben_attept_INCORRECT'
	[ERROR (VERI-1072)] /home/rk6650/VeriTriples/malik2627research/repos_6.24/AsFigo_ft_sva_BenCohen/fast_sva/ch8/requniquefv_v1.sv(104): module 'req_gnt_protocol' ignored due to previous errors
	[ERROR (VERI-1754)] /home/rk6650/VeriTriples/malik2627research/repos_6.24/AsFigo_ft_sva_BenCohen/fast_sva/ch8/requniquefv_v1.sv(111): invalid initialization in declaration
	[ERROR (VERI-1188)] /home/rk6650/VeriTriples/malik2627research/repos_6.24/AsFigo_ft_sva_BenCohen/fast_sva/ch8/requniquefv_v1.sv(115): 'MAX_OUTSTANDING' is not a constant
	[ERROR (VERI-1952)] /home/rk6650/VeriTriples/malik2627research/repos_6.24/AsFigo_ft_sva_BenCohen/fast_sva/ch8/requniquefv_v1.sv(115): range must be bounded by constant expressions
	[ERROR (VERI-1072)] /home/rk6650/VeriTriples/malik2627research/repos_6.24/AsFigo_ft_sva_BenCohen/fast_sva/ch8/requniquefv_v1.sv(152): module 'req_gnt_protocol_with_ids' ignored due to previous errors
1
% catch { analyze -sv -incdir /home/rk6650/VeriTriples/malik2627research -incdir /home/rk6650/VeriTriples/malik2627research/fast_sva/ch10 -incdir /home/rk6650/VeriTriples/malik2627research/fast_sva/ch10/Parking_lot_original -incdir /home/rk6650/VeriTriples/malik2627research/fast_sva/ch3 -incdir /home/rk6650/VeriTriples/malik2627research/fast_sva/ch4 -incdir /home/rk6650/VeriTriples/malik2627research/fast_sva/ch5 -incdir /home/rk6650/VeriTriples/malik2627research/fast_sva/ch7 -incdir /home/rk6650/VeriTriples/malik2627research/fast_sva/ch8 -incdir /home/rk6650/VeriTriples/malik2627research/fast_sva/ch9 /home/rk6650/VeriTriples/malik2627research/repos_6.24/AsFigo_ft_sva_BenCohen/fast_sva/ch10/plot_gpt.sv }
[-- (VERI-1482)] Analyzing Verilog file '/home/rk6650/VeriTriples/malik2627research/repos_6.24/AsFigo_ft_sva_BenCohen/fast_sva/ch10/plot_gpt.sv'
[WARN (VERI-1206)] /home/rk6650/VeriTriples/malik2627research/repos_6.24/AsFigo_ft_sva_BenCohen/fast_sva/ch10/plot_gpt.sv(104): overwriting previous definition of module 'ParkingLotController'
[INFO (VERI-2142)] /home/rk6650/VeriTriples/malik2627research/repos_6.24/AsFigo_ft_sva_BenCohen/fast_sva/ch10/plot_gpt.sv(104): previous definition of design element 'ParkingLotController' is here
[WARN (VERI-1206)] /home/rk6650/VeriTriples/malik2627research/repos_6.24/AsFigo_ft_sva_BenCohen/fast_sva/ch10/plot_gpt.sv(282): overwriting previous definition of module 'tb_ParkingLotController'
[INFO (VERI-2142)] /home/rk6650/VeriTriples/malik2627research/repos_6.24/AsFigo_ft_sva_BenCohen/fast_sva/ch10/plot_gpt.sv(282): previous definition of design element 'tb_ParkingLotController' is here
0
% catch { analyze -sv -incdir /home/rk6650/VeriTriples/malik2627research -incdir /home/rk6650/VeriTriples/malik2627research/fast_sva/ch10 -incdir /home/rk6650/VeriTriples/malik2627research/fast_sva/ch10/Parking_lot_original -incdir /home/rk6650/VeriTriples/malik2627research/fast_sva/ch3 -incdir /home/rk6650/VeriTriples/malik2627research/fast_sva/ch4 -incdir /home/rk6650/VeriTriples/malik2627research/fast_sva/ch5 -incdir /home/rk6650/VeriTriples/malik2627research/fast_sva/ch7 -incdir /home/rk6650/VeriTriples/malik2627research/fast_sva/ch8 -incdir /home/rk6650/VeriTriples/malik2627research/fast_sva/ch9 /home/rk6650/VeriTriples/malik2627research/repos_6.24/AsFigo_ft_sva_BenCohen/fast_sva/ch7/dis2.sv }
[-- (VERI-1482)] Analyzing Verilog file '/home/rk6650/VeriTriples/malik2627research/repos_6.24/AsFigo_ft_sva_BenCohen/fast_sva/ch7/dis2.sv'
[ERROR (VERI-1137)] /home/rk6650/VeriTriples/malik2627research/repos_6.24/AsFigo_ft_sva_BenCohen/fast_sva/ch7/dis2.sv(29): syntax error near 'a'
[ERROR (VERI-1072)] /home/rk6650/VeriTriples/malik2627research/repos_6.24/AsFigo_ft_sva_BenCohen/fast_sva/ch7/dis2.sv(52): module 'dis2' ignored due to previous errors
Summary of errors detected:
	[ERROR (VERI-1137)] /home/rk6650/VeriTriples/malik2627research/repos_6.24/AsFigo_ft_sva_BenCohen/fast_sva/ch7/dis2.sv(29): syntax error near 'a'
	[ERROR (VERI-1072)] /home/rk6650/VeriTriples/malik2627research/repos_6.24/AsFigo_ft_sva_BenCohen/fast_sva/ch7/dis2.sv(52): module 'dis2' ignored due to previous errors
1
% catch { analyze -sv -incdir /home/rk6650/VeriTriples/malik2627research -incdir /home/rk6650/VeriTriples/malik2627research/fast_sva/ch10 -incdir /home/rk6650/VeriTriples/malik2627research/fast_sva/ch10/Parking_lot_original -incdir /home/rk6650/VeriTriples/malik2627research/fast_sva/ch3 -incdir /home/rk6650/VeriTriples/malik2627research/fast_sva/ch4 -incdir /home/rk6650/VeriTriples/malik2627research/fast_sva/ch5 -incdir /home/rk6650/VeriTriples/malik2627research/fast_sva/ch7 -incdir /home/rk6650/VeriTriples/malik2627research/fast_sva/ch8 -incdir /home/rk6650/VeriTriples/malik2627research/fast_sva/ch9 /home/rk6650/VeriTriples/malik2627research/repos_6.24/AsFigo_ft_sva_BenCohen/fast_sva/ch10/Perplexity_plot2.sv }
[-- (VERI-1482)] Analyzing Verilog file '/home/rk6650/VeriTriples/malik2627research/repos_6.24/AsFigo_ft_sva_BenCohen/fast_sva/ch10/Perplexity_plot2.sv'
[WARN (VERI-1206)] /home/rk6650/VeriTriples/malik2627research/repos_6.24/AsFigo_ft_sva_BenCohen/fast_sva/ch10/Perplexity_plot2.sv(132): overwriting previous definition of module 'parking_lot_controller'
[INFO (VERI-2142)] /home/rk6650/VeriTriples/malik2627research/repos_6.24/AsFigo_ft_sva_BenCohen/fast_sva/ch10/Perplexity_plot2.sv(132): previous definition of design element 'parking_lot_controller' is here
[WARN (VERI-9025)] /home/rk6650/VeriTriples/malik2627research/repos_6.24/AsFigo_ft_sva_BenCohen/fast_sva/ch10/Perplexity_plot2.sv(209): Empty Port in Module Declaration
[WARN (VERI-1206)] /home/rk6650/VeriTriples/malik2627research/repos_6.24/AsFigo_ft_sva_BenCohen/fast_sva/ch10/Perplexity_plot2.sv(420): overwriting previous definition of module 'tb_parking_lot_controller'
[INFO (VERI-2142)] /home/rk6650/VeriTriples/malik2627research/repos_6.24/AsFigo_ft_sva_BenCohen/fast_sva/ch10/Perplexity_plot2.sv(420): previous definition of design element 'tb_parking_lot_controller' is here
0
% catch { analyze -sv -incdir /home/rk6650/VeriTriples/malik2627research -incdir /home/rk6650/VeriTriples/malik2627research/fast_sva/ch10 -incdir /home/rk6650/VeriTriples/malik2627research/fast_sva/ch10/Parking_lot_original -incdir /home/rk6650/VeriTriples/malik2627research/fast_sva/ch3 -incdir /home/rk6650/VeriTriples/malik2627research/fast_sva/ch4 -incdir /home/rk6650/VeriTriples/malik2627research/fast_sva/ch5 -incdir /home/rk6650/VeriTriples/malik2627research/fast_sva/ch7 -incdir /home/rk6650/VeriTriples/malik2627research/fast_sva/ch8 -incdir /home/rk6650/VeriTriples/malik2627research/fast_sva/ch9 /home/rk6650/VeriTriples/malik2627research/repos_6.24/AsFigo_ft_sva_BenCohen/fast_sva/ch7/clk_event.sv }
[-- (VERI-1482)] Analyzing Verilog file '/home/rk6650/VeriTriples/malik2627research/repos_6.24/AsFigo_ft_sva_BenCohen/fast_sva/ch7/clk_event.sv'
[WARN (VERI-1206)] /home/rk6650/VeriTriples/malik2627research/repos_6.24/AsFigo_ft_sva_BenCohen/fast_sva/ch7/clk_event.sv(42): overwriting previous definition of module 'clk_event'
[INFO (VERI-2142)] /home/rk6650/VeriTriples/malik2627research/repos_6.24/AsFigo_ft_sva_BenCohen/fast_sva/ch7/clk_event.sv(42): previous definition of design element 'clk_event' is here
0
% catch { analyze -sv -incdir /home/rk6650/VeriTriples/malik2627research -incdir /home/rk6650/VeriTriples/malik2627research/fast_sva/ch10 -incdir /home/rk6650/VeriTriples/malik2627research/fast_sva/ch10/Parking_lot_original -incdir /home/rk6650/VeriTriples/malik2627research/fast_sva/ch3 -incdir /home/rk6650/VeriTriples/malik2627research/fast_sva/ch4 -incdir /home/rk6650/VeriTriples/malik2627research/fast_sva/ch5 -incdir /home/rk6650/VeriTriples/malik2627research/fast_sva/ch7 -incdir /home/rk6650/VeriTriples/malik2627research/fast_sva/ch8 -incdir /home/rk6650/VeriTriples/malik2627research/fast_sva/ch9 /home/rk6650/VeriTriples/malik2627research/repos_6.24/AsFigo_ft_sva_BenCohen/fast_sva/ch8/requniquefv.sv }
[-- (VERI-1482)] Analyzing Verilog file '/home/rk6650/VeriTriples/malik2627research/repos_6.24/AsFigo_ft_sva_BenCohen/fast_sva/ch8/requniquefv.sv'
[WARN (VERI-1206)] /home/rk6650/VeriTriples/malik2627research/repos_6.24/AsFigo_ft_sva_BenCohen/fast_sva/ch8/requniquefv.sv(24): overwriting previous definition of module 'm'
[INFO (VERI-2142)] /home/rk6650/VeriTriples/malik2627research/repos_6.24/AsFigo_ft_sva_BenCohen/fast_sva/ch7/m_disable.sv(15): previous definition of design element 'm' is here
0
% catch { analyze -sv -incdir /home/rk6650/VeriTriples/malik2627research -incdir /home/rk6650/VeriTriples/malik2627research/fast_sva/ch10 -incdir /home/rk6650/VeriTriples/malik2627research/fast_sva/ch10/Parking_lot_original -incdir /home/rk6650/VeriTriples/malik2627research/fast_sva/ch3 -incdir /home/rk6650/VeriTriples/malik2627research/fast_sva/ch4 -incdir /home/rk6650/VeriTriples/malik2627research/fast_sva/ch5 -incdir /home/rk6650/VeriTriples/malik2627research/fast_sva/ch7 -incdir /home/rk6650/VeriTriples/malik2627research/fast_sva/ch8 -incdir /home/rk6650/VeriTriples/malik2627research/fast_sva/ch9 /home/rk6650/VeriTriples/malik2627research/repos_6.24/AsFigo_ft_sva_BenCohen/fast_sva/ch4/req2rdyeack.sv }
[-- (VERI-1482)] Analyzing Verilog file '/home/rk6650/VeriTriples/malik2627research/repos_6.24/AsFigo_ft_sva_BenCohen/fast_sva/ch4/req2rdyeack.sv'
[ERROR (VERI-1128)] /home/rk6650/VeriTriples/malik2627research/repos_6.24/AsFigo_ft_sva_BenCohen/fast_sva/ch4/req2rdyeack.sv(2): 'sva_delay_repeat_range_pkg' is not declared
[ERROR (VERI-1245)] /home/rk6650/VeriTriples/malik2627research/repos_6.24/AsFigo_ft_sva_BenCohen/fast_sva/ch4/req2rdyeack.sv(4): cannot open include file 'uvm_macros.svh'
[ERROR (VERI-1128)] /home/rk6650/VeriTriples/malik2627research/repos_6.24/AsFigo_ft_sva_BenCohen/fast_sva/ch4/req2rdyeack.sv(4): 'uvm_pkg' is not declared
[ERROR (VERI-1158)] /home/rk6650/VeriTriples/malik2627research/repos_6.24/AsFigo_ft_sva_BenCohen/fast_sva/ch4/req2rdyeack.sv(84): use of undefined macro 'uvm_error'
[ERROR (VERI-1137)] /home/rk6650/VeriTriples/malik2627research/repos_6.24/AsFigo_ft_sva_BenCohen/fast_sva/ch4/req2rdyeack.sv(84): syntax error near '('
[ERROR (VERI-1659)] /home/rk6650/VeriTriples/malik2627research/repos_6.24/AsFigo_ft_sva_BenCohen/fast_sva/ch4/req2rdyeack.sv(3): unexpected timeunit
[ERROR (VERI-1659)] /home/rk6650/VeriTriples/malik2627research/repos_6.24/AsFigo_ft_sva_BenCohen/fast_sva/ch4/req2rdyeack.sv(3): unexpected timeprecision
[ERROR (VERI-1841)] /home/rk6650/VeriTriples/malik2627research/repos_6.24/AsFigo_ft_sva_BenCohen/fast_sva/ch4/req2rdyeack.sv(68): the system function rose not sensitive to clock
[ERROR (VERI-1072)] /home/rk6650/VeriTriples/malik2627research/repos_6.24/AsFigo_ft_sva_BenCohen/fast_sva/ch4/req2rdyeack.sv(89): module 'reardyack' ignored due to previous errors
Summary of errors detected:
	[ERROR (VERI-1128)] /home/rk6650/VeriTriples/malik2627research/repos_6.24/AsFigo_ft_sva_BenCohen/fast_sva/ch4/req2rdyeack.sv(2): 'sva_delay_repeat_range_pkg' is not declared
	[ERROR (VERI-1245)] /home/rk6650/VeriTriples/malik2627research/repos_6.24/AsFigo_ft_sva_BenCohen/fast_sva/ch4/req2rdyeack.sv(4): cannot open include file 'uvm_macros.svh'
	[ERROR (VERI-1128)] /home/rk6650/VeriTriples/malik2627research/repos_6.24/AsFigo_ft_sva_BenCohen/fast_sva/ch4/req2rdyeack.sv(4): 'uvm_pkg' is not declared
	[ERROR (VERI-1158)] /home/rk6650/VeriTriples/malik2627research/repos_6.24/AsFigo_ft_sva_BenCohen/fast_sva/ch4/req2rdyeack.sv(84): use of undefined macro 'uvm_error'
	[ERROR (VERI-1137)] /home/rk6650/VeriTriples/malik2627research/repos_6.24/AsFigo_ft_sva_BenCohen/fast_sva/ch4/req2rdyeack.sv(84): syntax error near '('
	[ERROR (VERI-1659)] /home/rk6650/VeriTriples/malik2627research/repos_6.24/AsFigo_ft_sva_BenCohen/fast_sva/ch4/req2rdyeack.sv(3): unexpected timeunit
	[ERROR (VERI-1659)] /home/rk6650/VeriTriples/malik2627research/repos_6.24/AsFigo_ft_sva_BenCohen/fast_sva/ch4/req2rdyeack.sv(3): unexpected timeprecision
	[ERROR (VERI-1841)] /home/rk6650/VeriTriples/malik2627research/repos_6.24/AsFigo_ft_sva_BenCohen/fast_sva/ch4/req2rdyeack.sv(68): the system function rose not sensitive to clock
	[ERROR (VERI-1072)] /home/rk6650/VeriTriples/malik2627research/repos_6.24/AsFigo_ft_sva_BenCohen/fast_sva/ch4/req2rdyeack.sv(89): module 'reardyack' ignored due to previous errors
1
% 
% 
%             if {[catch {elaborate -top reset2_err} err]} {
            puts "ELAB ERROR: $err"
            exit
            }
INFO (ISW003): Top module name is "reset2_err".
[INFO (HIER-8002)] /home/rk6650/VeriTriples/malik2627research/repos_6.24/AsFigo_ft_sva_BenCohen/fast_sva/ch7/reset2_err.sv(21): Disabling old hierarchical reference handler
[ERROR (VERI-1541)] /home/rk6650/VeriTriples/malik2627research/repos_6.24/AsFigo_ft_sva_BenCohen/fast_sva/ch7/reset2_err.sv(9): illegal context for disable iff
[ERROR (VDB-9017)] Module reset2_err could not be elaborated
Summary of errors detected:
	[ERROR (VERI-1541)] /home/rk6650/VeriTriples/malik2627research/repos_6.24/AsFigo_ft_sva_BenCohen/fast_sva/ch7/reset2_err.sv(9): illegal context for disable iff
	[ERROR (VDB-9017)] Module reset2_err could not be elaborated
ELAB ERROR: ERROR (ENL034): 2 errors detected in the design file(s).

% INFO (IPL005): Received request to exit from the console.
INFO (IPL018): The peak resident set memory use for this session was 0.417 GB.
INFO (IPL014): Waiting for the Tcl-thread to exit.
INFO (IPL015): The Tcl-thread exited with status 0.
INFO (IPL016): Exiting the analysis session with status 0.
