JasperGold Apps 2021.03 FCS 64 bits 2021.03.23 02:50:43 UTC

Any disclosure about the Cadence Design Systems software or its use
model to any third party violates the written Non-Disclosure Agreement
between Cadence Design Systems, Inc. and the customer.

THIS SOFTWARE CONTAINS CONFIDENTIAL INFORMATION AND TRADE SECRETS OF
CADENCE DESIGN SYSTEMS, INC. USE, DISCLOSURE, OR REPRODUCTION IS
PROHIBITED WITHOUT THE PRIOR EXPRESS WRITTEN PERMISSION OF CADENCE
DESIGN SYSTEMS, INC.

Copyright (C) 2000-2021 Cadence Design Systems, Inc. All Rights
Reserved.  Unpublished -- rights reserved under the copyright laws of
the United States.

This product includes software developed by others and redistributed
according to license agreement. See doc/third_party_readme.txt for
further details.

RESTRICTED RIGHTS LEGEND

Use, duplication, or disclosure by the Government is subject to
restrictions as set forth in subparagraph (c) (1) (ii) of the Rights in
Technical Data and Computer Software clause at DFARS 252.227-7013 or
subparagraphs (c) (1) and (2) of Commercial Computer Software -- Restricted
Rights at 48 CFR 52.227-19, as applicable.


                          Cadence Design Systems, Inc. 
                          2655 Seely Avenue
                          San Jose, CA 95134
                          Phone: 408.943.1234

For technical assistance visit http://support.cadence.com.

JasperGold Apps Analysis Session - /home/rk6650/VeriTriples/malik2627research/repos_6.24/LainChip_LainCore/jgproject/sessionLogs/session_0

INFO: successfully checked out license "jasper_fao".
INFO: reading configuration file "/home/rk6650/.config/jasper/jaspergold.conf".
% clear -all
INFO (IPF121): Cleared environment completely for new design analysis.
% 
% catch { analyze -sv -incdir /home/rk6650/VeriTriples/malik2627research/repos_6.24/LainChip_LainCore/rtl -incdir /home/rk6650/VeriTriples/malik2627research -incdir /home/rk6650/VeriTriples/malik2627research/rtl -incdir /home/rk6650/VeriTriples/malik2627research/rtl/utils -incdir /home/rk6650/VeriTriples/malik2627research/src/simple-decoder/rtl /home/rk6650/VeriTriples/malik2627research/repos_6.24/LainChip_LainCore/rtl/pipeline.svh }
[-- (VERI-1482)] Analyzing Verilog file '/usr/licensed/cadence-20210126/jasper_2021.03/lib/verilog/packages/std/std.sv' into library 'std'
[-- (VERI-1482)] Analyzing Verilog file '/home/rk6650/VeriTriples/malik2627research/repos_6.24/LainChip_LainCore/rtl/pipeline.svh'
[INFO (VERI-1328)] /home/rk6650/VeriTriples/malik2627research/repos_6.24/LainChip_LainCore/rtl/pipeline.svh(4): analyzing included file '/home/rk6650/VeriTriples/malik2627research/repos_6.24/LainChip_LainCore/rtl/decoder.svh'
0
% catch { analyze -sv -incdir /home/rk6650/VeriTriples/malik2627research/repos_6.24/LainChip_LainCore/rtl -incdir /home/rk6650/VeriTriples/malik2627research -incdir /home/rk6650/VeriTriples/malik2627research/rtl -incdir /home/rk6650/VeriTriples/malik2627research/rtl/utils -incdir /home/rk6650/VeriTriples/malik2627research/src/simple-decoder/rtl /home/rk6650/VeriTriples/malik2627research/repos_6.24/LainChip_LainCore/src/simple-decoder/rtl/decoder.svh }
[-- (VERI-1482)] Analyzing Verilog file '/home/rk6650/VeriTriples/malik2627research/repos_6.24/LainChip_LainCore/src/simple-decoder/rtl/decoder.svh'
0
% catch { analyze -sv -incdir /home/rk6650/VeriTriples/malik2627research/repos_6.24/LainChip_LainCore/rtl -incdir /home/rk6650/VeriTriples/malik2627research -incdir /home/rk6650/VeriTriples/malik2627research/rtl -incdir /home/rk6650/VeriTriples/malik2627research/rtl/utils -incdir /home/rk6650/VeriTriples/malik2627research/src/simple-decoder/rtl /home/rk6650/VeriTriples/malik2627research/repos_6.24/LainChip_LainCore/rtl/decoder.svh }
[-- (VERI-1482)] Analyzing Verilog file '/home/rk6650/VeriTriples/malik2627research/repos_6.24/LainChip_LainCore/rtl/decoder.svh'
0
% catch { analyze -sv -incdir /home/rk6650/VeriTriples/malik2627research/repos_6.24/LainChip_LainCore/rtl -incdir /home/rk6650/VeriTriples/malik2627research -incdir /home/rk6650/VeriTriples/malik2627research/rtl -incdir /home/rk6650/VeriTriples/malik2627research/rtl/utils -incdir /home/rk6650/VeriTriples/malik2627research/src/simple-decoder/rtl /home/rk6650/VeriTriples/malik2627research/repos_6.24/LainChip_LainCore/rtl/lsu.svh }
[-- (VERI-1482)] Analyzing Verilog file '/home/rk6650/VeriTriples/malik2627research/repos_6.24/LainChip_LainCore/rtl/lsu.svh'
0
% catch { analyze -sv -incdir /home/rk6650/VeriTriples/malik2627research/repos_6.24/LainChip_LainCore/rtl -incdir /home/rk6650/VeriTriples/malik2627research -incdir /home/rk6650/VeriTriples/malik2627research/rtl -incdir /home/rk6650/VeriTriples/malik2627research/rtl/utils -incdir /home/rk6650/VeriTriples/malik2627research/src/simple-decoder/rtl /home/rk6650/VeriTriples/malik2627research/repos_6.24/LainChip_LainCore/rtl/csr.svh }
[-- (VERI-1482)] Analyzing Verilog file '/home/rk6650/VeriTriples/malik2627research/repos_6.24/LainChip_LainCore/rtl/csr.svh'
[INFO (VERI-1328)] /home/rk6650/VeriTriples/malik2627research/repos_6.24/LainChip_LainCore/rtl/csr.svh(4): analyzing included file '/home/rk6650/VeriTriples/malik2627research/repos_6.24/LainChip_LainCore/rtl/pipeline.svh'
0
% catch { analyze -sv -incdir /home/rk6650/VeriTriples/malik2627research/repos_6.24/LainChip_LainCore/rtl -incdir /home/rk6650/VeriTriples/malik2627research -incdir /home/rk6650/VeriTriples/malik2627research/rtl -incdir /home/rk6650/VeriTriples/malik2627research/rtl/utils -incdir /home/rk6650/VeriTriples/malik2627research/src/simple-decoder/rtl /home/rk6650/VeriTriples/malik2627research/repos_6.24/LainChip_LainCore/rtl/common.svh }
[-- (VERI-1482)] Analyzing Verilog file '/home/rk6650/VeriTriples/malik2627research/repos_6.24/LainChip_LainCore/rtl/common.svh'
0
% catch { analyze -sv -incdir /home/rk6650/VeriTriples/malik2627research/repos_6.24/LainChip_LainCore/rtl -incdir /home/rk6650/VeriTriples/malik2627research -incdir /home/rk6650/VeriTriples/malik2627research/rtl -incdir /home/rk6650/VeriTriples/malik2627research/rtl/utils -incdir /home/rk6650/VeriTriples/malik2627research/src/simple-decoder/rtl /home/rk6650/VeriTriples/malik2627research/repos_6.24/LainChip_LainCore/rtl/utils/la_zip_skidbuffer.sv }
[-- (VERI-1482)] Analyzing Verilog file '/home/rk6650/VeriTriples/malik2627research/repos_6.24/LainChip_LainCore/rtl/utils/la_zip_skidbuffer.sv'
0
% 
% catch { analyze -sv -incdir /home/rk6650/VeriTriples/malik2627research/repos_6.24/LainChip_LainCore/rtl -incdir /home/rk6650/VeriTriples/malik2627research -incdir /home/rk6650/VeriTriples/malik2627research/rtl -incdir /home/rk6650/VeriTriples/malik2627research/rtl/utils -incdir /home/rk6650/VeriTriples/malik2627research/src/simple-decoder/rtl /home/rk6650/VeriTriples/malik2627research/repos_6.24/LainChip_LainCore/rtl/utils/sync_dpram.sv }
[-- (VERI-1482)] Analyzing Verilog file '/home/rk6650/VeriTriples/malik2627research/repos_6.24/LainChip_LainCore/rtl/utils/sync_dpram.sv'
[INFO (VERI-1328)] /home/rk6650/VeriTriples/malik2627research/repos_6.24/LainChip_LainCore/rtl/utils/sync_dpram.sv(1): analyzing included file '/home/rk6650/VeriTriples/malik2627research/repos_6.24/LainChip_LainCore/rtl/common.svh'
0
% catch { analyze -sv -incdir /home/rk6650/VeriTriples/malik2627research/repos_6.24/LainChip_LainCore/rtl -incdir /home/rk6650/VeriTriples/malik2627research -incdir /home/rk6650/VeriTriples/malik2627research/rtl -incdir /home/rk6650/VeriTriples/malik2627research/rtl/utils -incdir /home/rk6650/VeriTriples/malik2627research/src/simple-decoder/rtl /home/rk6650/VeriTriples/malik2627research/repos_6.24/LainChip_LainCore/rtl/muler_32x32.sv }
[-- (VERI-1482)] Analyzing Verilog file '/home/rk6650/VeriTriples/malik2627research/repos_6.24/LainChip_LainCore/rtl/muler_32x32.sv'
[INFO (VERI-1328)] /home/rk6650/VeriTriples/malik2627research/repos_6.24/LainChip_LainCore/rtl/muler_32x32.sv(1): analyzing included file '/home/rk6650/VeriTriples/malik2627research/repos_6.24/LainChip_LainCore/rtl/decoder.svh'
0
% catch { analyze -sv -incdir /home/rk6650/VeriTriples/malik2627research/repos_6.24/LainChip_LainCore/rtl -incdir /home/rk6650/VeriTriples/malik2627research -incdir /home/rk6650/VeriTriples/malik2627research/rtl -incdir /home/rk6650/VeriTriples/malik2627research/rtl/utils -incdir /home/rk6650/VeriTriples/malik2627research/src/simple-decoder/rtl /home/rk6650/VeriTriples/malik2627research/repos_6.24/LainChip_LainCore/rtl/tlb_match_single.sv }
[-- (VERI-1482)] Analyzing Verilog file '/home/rk6650/VeriTriples/malik2627research/repos_6.24/LainChip_LainCore/rtl/tlb_match_single.sv'
[INFO (VERI-1328)] /home/rk6650/VeriTriples/malik2627research/repos_6.24/LainChip_LainCore/rtl/tlb_match_single.sv(1): analyzing included file '/home/rk6650/VeriTriples/malik2627research/repos_6.24/LainChip_LainCore/rtl/pipeline.svh'
0
% catch { analyze -sv -incdir /home/rk6650/VeriTriples/malik2627research/repos_6.24/LainChip_LainCore/rtl -incdir /home/rk6650/VeriTriples/malik2627research -incdir /home/rk6650/VeriTriples/malik2627research/rtl -incdir /home/rk6650/VeriTriples/malik2627research/rtl/utils -incdir /home/rk6650/VeriTriples/malik2627research/src/simple-decoder/rtl /home/rk6650/VeriTriples/malik2627research/repos_6.24/LainChip_LainCore/rtl/core.sv }
[-- (VERI-1482)] Analyzing Verilog file '/home/rk6650/VeriTriples/malik2627research/repos_6.24/LainChip_LainCore/rtl/core.sv'
[INFO (VERI-1328)] /home/rk6650/VeriTriples/malik2627research/repos_6.24/LainChip_LainCore/rtl/core.sv(1): analyzing included file '/home/rk6650/VeriTriples/malik2627research/repos_6.24/LainChip_LainCore/rtl/pipeline.svh'
[INFO (VERI-1328)] /home/rk6650/VeriTriples/malik2627research/repos_6.24/LainChip_LainCore/rtl/core.sv(2): analyzing included file '/home/rk6650/VeriTriples/malik2627research/repos_6.24/LainChip_LainCore/rtl/lsu.svh'
0
% catch { analyze -sv -incdir /home/rk6650/VeriTriples/malik2627research/repos_6.24/LainChip_LainCore/rtl -incdir /home/rk6650/VeriTriples/malik2627research -incdir /home/rk6650/VeriTriples/malik2627research/rtl -incdir /home/rk6650/VeriTriples/malik2627research/rtl/utils -incdir /home/rk6650/VeriTriples/malik2627research/src/simple-decoder/rtl /home/rk6650/VeriTriples/malik2627research/repos_6.24/LainChip_LainCore/rtl/core_lsu_rport_renew.sv }
[-- (VERI-1482)] Analyzing Verilog file '/home/rk6650/VeriTriples/malik2627research/repos_6.24/LainChip_LainCore/rtl/core_lsu_rport_renew.sv'
[INFO (VERI-1328)] /home/rk6650/VeriTriples/malik2627research/repos_6.24/LainChip_LainCore/rtl/core_lsu_rport_renew.sv(1): analyzing included file '/home/rk6650/VeriTriples/malik2627research/repos_6.24/LainChip_LainCore/rtl/lsu.svh'
0
% catch { analyze -sv -incdir /home/rk6650/VeriTriples/malik2627research/repos_6.24/LainChip_LainCore/rtl -incdir /home/rk6650/VeriTriples/malik2627research -incdir /home/rk6650/VeriTriples/malik2627research/rtl -incdir /home/rk6650/VeriTriples/malik2627research/rtl/utils -incdir /home/rk6650/VeriTriples/malik2627research/src/simple-decoder/rtl /home/rk6650/VeriTriples/malik2627research/repos_6.24/LainChip_LainCore/rtl/core_divider_manager.sv }
[-- (VERI-1482)] Analyzing Verilog file '/home/rk6650/VeriTriples/malik2627research/repos_6.24/LainChip_LainCore/rtl/core_divider_manager.sv'
[INFO (VERI-1328)] /home/rk6650/VeriTriples/malik2627research/repos_6.24/LainChip_LainCore/rtl/core_divider_manager.sv(1): analyzing included file '/home/rk6650/VeriTriples/malik2627research/repos_6.24/LainChip_LainCore/rtl/pipeline.svh'
0
% catch { analyze -sv -incdir /home/rk6650/VeriTriples/malik2627research/repos_6.24/LainChip_LainCore/rtl -incdir /home/rk6650/VeriTriples/malik2627research -incdir /home/rk6650/VeriTriples/malik2627research/rtl -incdir /home/rk6650/VeriTriples/malik2627research/rtl/utils -incdir /home/rk6650/VeriTriples/malik2627research/src/simple-decoder/rtl /home/rk6650/VeriTriples/malik2627research/repos_6.24/LainChip_LainCore/rtl/utils/la_zip_addrdecode.sv }
[-- (VERI-1482)] Analyzing Verilog file '/home/rk6650/VeriTriples/malik2627research/repos_6.24/LainChip_LainCore/rtl/utils/la_zip_addrdecode.sv'
0
% catch { analyze -sv -incdir /home/rk6650/VeriTriples/malik2627research/repos_6.24/LainChip_LainCore/rtl -incdir /home/rk6650/VeriTriples/malik2627research -incdir /home/rk6650/VeriTriples/malik2627research/rtl -incdir /home/rk6650/VeriTriples/malik2627research/rtl/utils -incdir /home/rk6650/VeriTriples/malik2627research/src/simple-decoder/rtl /home/rk6650/VeriTriples/malik2627research/repos_6.24/LainChip_LainCore/rtl/core_npc_complex.sv }
[-- (VERI-1482)] Analyzing Verilog file '/home/rk6650/VeriTriples/malik2627research/repos_6.24/LainChip_LainCore/rtl/core_npc_complex.sv'
[INFO (VERI-1328)] /home/rk6650/VeriTriples/malik2627research/repos_6.24/LainChip_LainCore/rtl/core_npc_complex.sv(1): analyzing included file '/home/rk6650/VeriTriples/malik2627research/repos_6.24/LainChip_LainCore/rtl/pipeline.svh'
0
% catch { analyze -sv -incdir /home/rk6650/VeriTriples/malik2627research/repos_6.24/LainChip_LainCore/rtl -incdir /home/rk6650/VeriTriples/malik2627research -incdir /home/rk6650/VeriTriples/malik2627research/rtl -incdir /home/rk6650/VeriTriples/malik2627research/rtl/utils -incdir /home/rk6650/VeriTriples/malik2627research/src/simple-decoder/rtl /home/rk6650/VeriTriples/malik2627research/repos_6.24/LainChip_LainCore/rtl/core_addr_trans.sv }
[-- (VERI-1482)] Analyzing Verilog file '/home/rk6650/VeriTriples/malik2627research/repos_6.24/LainChip_LainCore/rtl/core_addr_trans.sv'
[INFO (VERI-1328)] /home/rk6650/VeriTriples/malik2627research/repos_6.24/LainChip_LainCore/rtl/core_addr_trans.sv(1): analyzing included file '/home/rk6650/VeriTriples/malik2627research/repos_6.24/LainChip_LainCore/rtl/pipeline.svh'
0
% catch { analyze -sv -incdir /home/rk6650/VeriTriples/malik2627research/repos_6.24/LainChip_LainCore/rtl -incdir /home/rk6650/VeriTriples/malik2627research -incdir /home/rk6650/VeriTriples/malik2627research/rtl -incdir /home/rk6650/VeriTriples/malik2627research/rtl/utils -incdir /home/rk6650/VeriTriples/malik2627research/src/simple-decoder/rtl /home/rk6650/VeriTriples/malik2627research/repos_6.24/LainChip_LainCore/rtl/utils/bank_mpregfiles_4r2w.sv }
[-- (VERI-1482)] Analyzing Verilog file '/home/rk6650/VeriTriples/malik2627research/repos_6.24/LainChip_LainCore/rtl/utils/bank_mpregfiles_4r2w.sv'
0
% catch { analyze -sv -incdir /home/rk6650/VeriTriples/malik2627research/repos_6.24/LainChip_LainCore/rtl -incdir /home/rk6650/VeriTriples/malik2627research -incdir /home/rk6650/VeriTriples/malik2627research/rtl -incdir /home/rk6650/VeriTriples/malik2627research/rtl/utils -incdir /home/rk6650/VeriTriples/malik2627research/src/simple-decoder/rtl /home/rk6650/VeriTriples/malik2627research/repos_6.24/LainChip_LainCore/rtl/core_fwd_unit.sv }
[-- (VERI-1482)] Analyzing Verilog file '/home/rk6650/VeriTriples/malik2627research/repos_6.24/LainChip_LainCore/rtl/core_fwd_unit.sv'
[INFO (VERI-1328)] /home/rk6650/VeriTriples/malik2627research/repos_6.24/LainChip_LainCore/rtl/core_fwd_unit.sv(1): analyzing included file '/home/rk6650/VeriTriples/malik2627research/repos_6.24/LainChip_LainCore/rtl/pipeline.svh'
0
% catch { analyze -sv -incdir /home/rk6650/VeriTriples/malik2627research/repos_6.24/LainChip_LainCore/rtl -incdir /home/rk6650/VeriTriples/malik2627research -incdir /home/rk6650/VeriTriples/malik2627research/rtl -incdir /home/rk6650/VeriTriples/malik2627research/rtl/utils -incdir /home/rk6650/VeriTriples/malik2627research/src/simple-decoder/rtl /home/rk6650/VeriTriples/malik2627research/repos_6.24/LainChip_LainCore/src/simple-decoder/rtl/decoder.sv }
[-- (VERI-1482)] Analyzing Verilog file '/home/rk6650/VeriTriples/malik2627research/repos_6.24/LainChip_LainCore/src/simple-decoder/rtl/decoder.sv'
0
% catch { analyze -sv -incdir /home/rk6650/VeriTriples/malik2627research/repos_6.24/LainChip_LainCore/rtl -incdir /home/rk6650/VeriTriples/malik2627research -incdir /home/rk6650/VeriTriples/malik2627research/rtl -incdir /home/rk6650/VeriTriples/malik2627research/rtl/utils -incdir /home/rk6650/VeriTriples/malik2627research/src/simple-decoder/rtl /home/rk6650/VeriTriples/malik2627research/repos_6.24/LainChip_LainCore/rtl/utils/la_lfsr.sv }
[-- (VERI-1482)] Analyzing Verilog file '/home/rk6650/VeriTriples/malik2627research/repos_6.24/LainChip_LainCore/rtl/utils/la_lfsr.sv'
0
% catch { analyze -sv -incdir /home/rk6650/VeriTriples/malik2627research/repos_6.24/LainChip_LainCore/rtl -incdir /home/rk6650/VeriTriples/malik2627research -incdir /home/rk6650/VeriTriples/malik2627research/rtl -incdir /home/rk6650/VeriTriples/malik2627research/rtl/utils -incdir /home/rk6650/VeriTriples/malik2627research/src/simple-decoder/rtl /home/rk6650/VeriTriples/malik2627research/repos_6.24/LainChip_LainCore/rtl/utils/la_axixbar.sv }
[-- (VERI-1482)] Analyzing Verilog file '/home/rk6650/VeriTriples/malik2627research/repos_6.24/LainChip_LainCore/rtl/utils/la_axixbar.sv'
0
% catch { analyze -sv -incdir /home/rk6650/VeriTriples/malik2627research/repos_6.24/LainChip_LainCore/rtl -incdir /home/rk6650/VeriTriples/malik2627research -incdir /home/rk6650/VeriTriples/malik2627research/rtl -incdir /home/rk6650/VeriTriples/malik2627research/rtl/utils -incdir /home/rk6650/VeriTriples/malik2627research/src/simple-decoder/rtl /home/rk6650/VeriTriples/malik2627research/repos_6.24/LainChip_LainCore/rtl/utils/sync_regram.sv }
[-- (VERI-1482)] Analyzing Verilog file '/home/rk6650/VeriTriples/malik2627research/repos_6.24/LainChip_LainCore/rtl/utils/sync_regram.sv'
[INFO (VERI-1328)] /home/rk6650/VeriTriples/malik2627research/repos_6.24/LainChip_LainCore/rtl/utils/sync_regram.sv(1): analyzing included file '/home/rk6650/VeriTriples/malik2627research/repos_6.24/LainChip_LainCore/rtl/common.svh'
0
% catch { analyze -sv -incdir /home/rk6650/VeriTriples/malik2627research/repos_6.24/LainChip_LainCore/rtl -incdir /home/rk6650/VeriTriples/malik2627research -incdir /home/rk6650/VeriTriples/malik2627research/rtl -incdir /home/rk6650/VeriTriples/malik2627research/rtl/utils -incdir /home/rk6650/VeriTriples/malik2627research/src/simple-decoder/rtl /home/rk6650/VeriTriples/malik2627research/repos_6.24/LainChip_LainCore/rtl/core_fetch.sv }
[-- (VERI-1482)] Analyzing Verilog file '/home/rk6650/VeriTriples/malik2627research/repos_6.24/LainChip_LainCore/rtl/core_fetch.sv'
[INFO (VERI-1328)] /home/rk6650/VeriTriples/malik2627research/repos_6.24/LainChip_LainCore/rtl/core_fetch.sv(1): analyzing included file '/home/rk6650/VeriTriples/malik2627research/repos_6.24/LainChip_LainCore/rtl/pipeline.svh'
[INFO (VERI-1328)] /home/rk6650/VeriTriples/malik2627research/repos_6.24/LainChip_LainCore/rtl/core_fetch.sv(2): analyzing included file '/home/rk6650/VeriTriples/malik2627research/repos_6.24/LainChip_LainCore/rtl/lsu.svh'
0
% catch { analyze -sv -incdir /home/rk6650/VeriTriples/malik2627research/repos_6.24/LainChip_LainCore/rtl -incdir /home/rk6650/VeriTriples/malik2627research -incdir /home/rk6650/VeriTriples/malik2627research/rtl -incdir /home/rk6650/VeriTriples/malik2627research/rtl/utils -incdir /home/rk6650/VeriTriples/malik2627research/src/simple-decoder/rtl /home/rk6650/VeriTriples/malik2627research/repos_6.24/LainChip_LainCore/rtl/tests_random_stall.sv }
[-- (VERI-1482)] Analyzing Verilog file '/home/rk6650/VeriTriples/malik2627research/repos_6.24/LainChip_LainCore/rtl/tests_random_stall.sv'
0
% catch { analyze -sv -incdir /home/rk6650/VeriTriples/malik2627research/repos_6.24/LainChip_LainCore/rtl -incdir /home/rk6650/VeriTriples/malik2627research -incdir /home/rk6650/VeriTriples/malik2627research/rtl -incdir /home/rk6650/VeriTriples/malik2627research/rtl/utils -incdir /home/rk6650/VeriTriples/malik2627research/src/simple-decoder/rtl /home/rk6650/VeriTriples/malik2627research/repos_6.24/LainChip_LainCore/rtl/core_detachable_alu.sv }
[-- (VERI-1482)] Analyzing Verilog file '/home/rk6650/VeriTriples/malik2627research/repos_6.24/LainChip_LainCore/rtl/core_detachable_alu.sv'
[INFO (VERI-1328)] /home/rk6650/VeriTriples/malik2627research/repos_6.24/LainChip_LainCore/rtl/core_detachable_alu.sv(1): analyzing included file '/home/rk6650/VeriTriples/malik2627research/repos_6.24/LainChip_LainCore/rtl/decoder.svh'
0
% catch { analyze -sv -incdir /home/rk6650/VeriTriples/malik2627research/repos_6.24/LainChip_LainCore/rtl -incdir /home/rk6650/VeriTriples/malik2627research -incdir /home/rk6650/VeriTriples/malik2627research/rtl -incdir /home/rk6650/VeriTriples/malik2627research/rtl/utils -incdir /home/rk6650/VeriTriples/malik2627research/src/simple-decoder/rtl /home/rk6650/VeriTriples/malik2627research/repos_6.24/LainChip_LainCore/rtl/utils/bank_mpregfiles_6r2w.sv }
[-- (VERI-1482)] Analyzing Verilog file '/home/rk6650/VeriTriples/malik2627research/repos_6.24/LainChip_LainCore/rtl/utils/bank_mpregfiles_6r2w.sv'
0
% catch { analyze -sv -incdir /home/rk6650/VeriTriples/malik2627research/repos_6.24/LainChip_LainCore/rtl -incdir /home/rk6650/VeriTriples/malik2627research -incdir /home/rk6650/VeriTriples/malik2627research/rtl -incdir /home/rk6650/VeriTriples/malik2627research/rtl/utils -incdir /home/rk6650/VeriTriples/malik2627research/src/simple-decoder/rtl /home/rk6650/VeriTriples/malik2627research/repos_6.24/LainChip_LainCore/rtl/core_excp_handler.sv }
[-- (VERI-1482)] Analyzing Verilog file '/home/rk6650/VeriTriples/malik2627research/repos_6.24/LainChip_LainCore/rtl/core_excp_handler.sv'
[INFO (VERI-1328)] /home/rk6650/VeriTriples/malik2627research/repos_6.24/LainChip_LainCore/rtl/core_excp_handler.sv(1): analyzing included file '/home/rk6650/VeriTriples/malik2627research/repos_6.24/LainChip_LainCore/rtl/pipeline.svh'
0
% catch { analyze -sv -incdir /home/rk6650/VeriTriples/malik2627research/repos_6.24/LainChip_LainCore/rtl -incdir /home/rk6650/VeriTriples/malik2627research -incdir /home/rk6650/VeriTriples/malik2627research/rtl -incdir /home/rk6650/VeriTriples/malik2627research/rtl/utils -incdir /home/rk6650/VeriTriples/malik2627research/src/simple-decoder/rtl /home/rk6650/VeriTriples/malik2627research/repos_6.24/LainChip_LainCore/rtl/utils/sync_spram.sv }
[-- (VERI-1482)] Analyzing Verilog file '/home/rk6650/VeriTriples/malik2627research/repos_6.24/LainChip_LainCore/rtl/utils/sync_spram.sv'
[INFO (VERI-1328)] /home/rk6650/VeriTriples/malik2627research/repos_6.24/LainChip_LainCore/rtl/utils/sync_spram.sv(1): analyzing included file '/home/rk6650/VeriTriples/malik2627research/repos_6.24/LainChip_LainCore/rtl/common.svh'
0
% catch { analyze -sv -incdir /home/rk6650/VeriTriples/malik2627research/repos_6.24/LainChip_LainCore/rtl -incdir /home/rk6650/VeriTriples/malik2627research -incdir /home/rk6650/VeriTriples/malik2627research/rtl -incdir /home/rk6650/VeriTriples/malik2627research/rtl/utils -incdir /home/rk6650/VeriTriples/malik2627research/src/simple-decoder/rtl /home/rk6650/VeriTriples/malik2627research/repos_6.24/LainChip_LainCore/rtl/utils/fpga_ram_3r1w_32d.sv }
[-- (VERI-1482)] Analyzing Verilog file '/home/rk6650/VeriTriples/malik2627research/repos_6.24/LainChip_LainCore/rtl/utils/fpga_ram_3r1w_32d.sv'
0
% catch { analyze -sv -incdir /home/rk6650/VeriTriples/malik2627research/repos_6.24/LainChip_LainCore/rtl -incdir /home/rk6650/VeriTriples/malik2627research -incdir /home/rk6650/VeriTriples/malik2627research/rtl -incdir /home/rk6650/VeriTriples/malik2627research/rtl/utils -incdir /home/rk6650/VeriTriples/malik2627research/src/simple-decoder/rtl /home/rk6650/VeriTriples/malik2627research/repos_6.24/LainChip_LainCore/rtl/mycpu_mega_top.v }
[-- (VERI-1482)] Analyzing Verilog file '/home/rk6650/VeriTriples/malik2627research/repos_6.24/LainChip_LainCore/rtl/mycpu_mega_top.v'
0
% catch { analyze -sv -incdir /home/rk6650/VeriTriples/malik2627research/repos_6.24/LainChip_LainCore/rtl -incdir /home/rk6650/VeriTriples/malik2627research -incdir /home/rk6650/VeriTriples/malik2627research/rtl -incdir /home/rk6650/VeriTriples/malik2627research/rtl/utils -incdir /home/rk6650/VeriTriples/malik2627research/src/simple-decoder/rtl /home/rk6650/VeriTriples/malik2627research/repos_6.24/LainChip_LainCore/rtl/core_backend.sv }
[-- (VERI-1482)] Analyzing Verilog file '/home/rk6650/VeriTriples/malik2627research/repos_6.24/LainChip_LainCore/rtl/core_backend.sv'
[INFO (VERI-1328)] /home/rk6650/VeriTriples/malik2627research/repos_6.24/LainChip_LainCore/rtl/core_backend.sv(1): analyzing included file '/home/rk6650/VeriTriples/malik2627research/repos_6.24/LainChip_LainCore/rtl/common.svh'
[INFO (VERI-1328)] /home/rk6650/VeriTriples/malik2627research/repos_6.24/LainChip_LainCore/rtl/core_backend.sv(2): analyzing included file '/home/rk6650/VeriTriples/malik2627research/repos_6.24/LainChip_LainCore/rtl/pipeline.svh'
[INFO (VERI-1328)] /home/rk6650/VeriTriples/malik2627research/repos_6.24/LainChip_LainCore/rtl/core_backend.sv(3): analyzing included file '/home/rk6650/VeriTriples/malik2627research/repos_6.24/LainChip_LainCore/rtl/lsu.svh'
[INFO (VERI-1328)] /home/rk6650/VeriTriples/malik2627research/repos_6.24/LainChip_LainCore/rtl/core_backend.sv(4): analyzing included file '/home/rk6650/VeriTriples/malik2627research/repos_6.24/LainChip_LainCore/rtl/decoder.svh'
0
% catch { analyze -sv -incdir /home/rk6650/VeriTriples/malik2627research/repos_6.24/LainChip_LainCore/rtl -incdir /home/rk6650/VeriTriples/malik2627research -incdir /home/rk6650/VeriTriples/malik2627research/rtl -incdir /home/rk6650/VeriTriples/malik2627research/rtl/utils -incdir /home/rk6650/VeriTriples/malik2627research/src/simple-decoder/rtl /home/rk6650/VeriTriples/malik2627research/repos_6.24/LainChip_LainCore/rtl/utils/la_fifo_v3.sv }
[-- (VERI-1482)] Analyzing Verilog file '/home/rk6650/VeriTriples/malik2627research/repos_6.24/LainChip_LainCore/rtl/utils/la_fifo_v3.sv'
[INFO (VERI-1328)] /home/rk6650/VeriTriples/malik2627research/repos_6.24/LainChip_LainCore/rtl/utils/la_fifo_v3.sv(13): analyzing included file '/home/rk6650/VeriTriples/malik2627research/repos_6.24/LainChip_LainCore/rtl/common.svh'
0
% catch { analyze -sv -incdir /home/rk6650/VeriTriples/malik2627research/repos_6.24/LainChip_LainCore/rtl -incdir /home/rk6650/VeriTriples/malik2627research -incdir /home/rk6650/VeriTriples/malik2627research/rtl -incdir /home/rk6650/VeriTriples/malik2627research/rtl/utils -incdir /home/rk6650/VeriTriples/malik2627research/src/simple-decoder/rtl /home/rk6650/VeriTriples/malik2627research/repos_6.24/LainChip_LainCore/rtl/utils/fast_div.v }
[-- (VERI-1482)] Analyzing Verilog file '/home/rk6650/VeriTriples/malik2627research/repos_6.24/LainChip_LainCore/rtl/utils/fast_div.v'
0
% catch { analyze -sv -incdir /home/rk6650/VeriTriples/malik2627research/repos_6.24/LainChip_LainCore/rtl -incdir /home/rk6650/VeriTriples/malik2627research -incdir /home/rk6650/VeriTriples/malik2627research/rtl -incdir /home/rk6650/VeriTriples/malik2627research/rtl/utils -incdir /home/rk6650/VeriTriples/malik2627research/src/simple-decoder/rtl /home/rk6650/VeriTriples/malik2627research/repos_6.24/LainChip_LainCore/rtl/utils/dpram_32x1.sv }
[-- (VERI-1482)] Analyzing Verilog file '/home/rk6650/VeriTriples/malik2627research/repos_6.24/LainChip_LainCore/rtl/utils/dpram_32x1.sv'
0
% catch { analyze -sv -incdir /home/rk6650/VeriTriples/malik2627research/repos_6.24/LainChip_LainCore/rtl -incdir /home/rk6650/VeriTriples/malik2627research -incdir /home/rk6650/VeriTriples/malik2627research/rtl -incdir /home/rk6650/VeriTriples/malik2627research/rtl/utils -incdir /home/rk6650/VeriTriples/malik2627research/src/simple-decoder/rtl /home/rk6650/VeriTriples/malik2627research/repos_6.24/LainChip_LainCore/rtl/utils/spsram_wrapper.sv }
[-- (VERI-1482)] Analyzing Verilog file '/home/rk6650/VeriTriples/malik2627research/repos_6.24/LainChip_LainCore/rtl/utils/spsram_wrapper.sv'
[INFO (VERI-1328)] /home/rk6650/VeriTriples/malik2627research/repos_6.24/LainChip_LainCore/rtl/utils/spsram_wrapper.sv(1): analyzing included file '/home/rk6650/VeriTriples/malik2627research/repos_6.24/LainChip_LainCore/rtl/common.svh'
0
% catch { analyze -sv -incdir /home/rk6650/VeriTriples/malik2627research/repos_6.24/LainChip_LainCore/rtl -incdir /home/rk6650/VeriTriples/malik2627research -incdir /home/rk6650/VeriTriples/malik2627research/rtl -incdir /home/rk6650/VeriTriples/malik2627research/rtl/utils -incdir /home/rk6650/VeriTriples/malik2627research/src/simple-decoder/rtl /home/rk6650/VeriTriples/malik2627research/repos_6.24/LainChip_LainCore/rtl/utils/plru_tree.sv }
[-- (VERI-1482)] Analyzing Verilog file '/home/rk6650/VeriTriples/malik2627research/repos_6.24/LainChip_LainCore/rtl/utils/plru_tree.sv'
0
% catch { analyze -sv -incdir /home/rk6650/VeriTriples/malik2627research/repos_6.24/LainChip_LainCore/rtl -incdir /home/rk6650/VeriTriples/malik2627research -incdir /home/rk6650/VeriTriples/malik2627research/rtl -incdir /home/rk6650/VeriTriples/malik2627research/rtl/utils -incdir /home/rk6650/VeriTriples/malik2627research/src/simple-decoder/rtl /home/rk6650/VeriTriples/malik2627research/repos_6.24/LainChip_LainCore/rtl/utils/qpram_32x2.v }
[-- (VERI-1482)] Analyzing Verilog file '/home/rk6650/VeriTriples/malik2627research/repos_6.24/LainChip_LainCore/rtl/utils/qpram_32x2.v'
0
% catch { analyze -sv -incdir /home/rk6650/VeriTriples/malik2627research/repos_6.24/LainChip_LainCore/rtl -incdir /home/rk6650/VeriTriples/malik2627research -incdir /home/rk6650/VeriTriples/malik2627research/rtl -incdir /home/rk6650/VeriTriples/malik2627research/rtl/utils -incdir /home/rk6650/VeriTriples/malik2627research/src/simple-decoder/rtl /home/rk6650/VeriTriples/malik2627research/repos_6.24/LainChip_LainCore/rtl/core_ifetch_renew.sv }
[-- (VERI-1482)] Analyzing Verilog file '/home/rk6650/VeriTriples/malik2627research/repos_6.24/LainChip_LainCore/rtl/core_ifetch_renew.sv'
[INFO (VERI-1328)] /home/rk6650/VeriTriples/malik2627research/repos_6.24/LainChip_LainCore/rtl/core_ifetch_renew.sv(1): analyzing included file '/home/rk6650/VeriTriples/malik2627research/repos_6.24/LainChip_LainCore/rtl/pipeline.svh'
[INFO (VERI-1328)] /home/rk6650/VeriTriples/malik2627research/repos_6.24/LainChip_LainCore/rtl/core_ifetch_renew.sv(2): analyzing included file '/home/rk6650/VeriTriples/malik2627research/repos_6.24/LainChip_LainCore/rtl/lsu.svh'
0
% catch { analyze -sv -incdir /home/rk6650/VeriTriples/malik2627research/repos_6.24/LainChip_LainCore/rtl -incdir /home/rk6650/VeriTriples/malik2627research -incdir /home/rk6650/VeriTriples/malik2627research/rtl -incdir /home/rk6650/VeriTriples/malik2627research/rtl/utils -incdir /home/rk6650/VeriTriples/malik2627research/src/simple-decoder/rtl /home/rk6650/VeriTriples/malik2627research/repos_6.24/LainChip_LainCore/rtl/utils/simple_div.sv }
[-- (VERI-1482)] Analyzing Verilog file '/home/rk6650/VeriTriples/malik2627research/repos_6.24/LainChip_LainCore/rtl/utils/simple_div.sv'
0
% catch { analyze -sv -incdir /home/rk6650/VeriTriples/malik2627research/repos_6.24/LainChip_LainCore/rtl -incdir /home/rk6650/VeriTriples/malik2627research -incdir /home/rk6650/VeriTriples/malik2627research/rtl -incdir /home/rk6650/VeriTriples/malik2627research/rtl/utils -incdir /home/rk6650/VeriTriples/malik2627research/src/simple-decoder/rtl /home/rk6650/VeriTriples/malik2627research/repos_6.24/LainChip_LainCore/rtl/utils/compress_fifo.sv }
[-- (VERI-1482)] Analyzing Verilog file '/home/rk6650/VeriTriples/malik2627research/repos_6.24/LainChip_LainCore/rtl/utils/compress_fifo.sv'
[INFO (VERI-1328)] /home/rk6650/VeriTriples/malik2627research/repos_6.24/LainChip_LainCore/rtl/utils/compress_fifo.sv(1): analyzing included file '/home/rk6650/VeriTriples/malik2627research/repos_6.24/LainChip_LainCore/rtl/common.svh'
0
% catch { analyze -sv -incdir /home/rk6650/VeriTriples/malik2627research/repos_6.24/LainChip_LainCore/rtl -incdir /home/rk6650/VeriTriples/malik2627research -incdir /home/rk6650/VeriTriples/malik2627research/rtl -incdir /home/rk6650/VeriTriples/malik2627research/rtl/utils -incdir /home/rk6650/VeriTriples/malik2627research/src/simple-decoder/rtl /home/rk6650/VeriTriples/malik2627research/repos_6.24/LainChip_LainCore/rtl/utils/cam_cmp_lutram.sv }
[-- (VERI-1482)] Analyzing Verilog file '/home/rk6650/VeriTriples/malik2627research/repos_6.24/LainChip_LainCore/rtl/utils/cam_cmp_lutram.sv'
0
% catch { analyze -sv -incdir /home/rk6650/VeriTriples/malik2627research/repos_6.24/LainChip_LainCore/rtl -incdir /home/rk6650/VeriTriples/malik2627research -incdir /home/rk6650/VeriTriples/malik2627research/rtl -incdir /home/rk6650/VeriTriples/malik2627research/rtl/utils -incdir /home/rk6650/VeriTriples/malik2627research/src/simple-decoder/rtl /home/rk6650/VeriTriples/malik2627research/repos_6.24/LainChip_LainCore/rtl/core_csr.sv }
[-- (VERI-1482)] Analyzing Verilog file '/home/rk6650/VeriTriples/malik2627research/repos_6.24/LainChip_LainCore/rtl/core_csr.sv'
[INFO (VERI-1328)] /home/rk6650/VeriTriples/malik2627research/repos_6.24/LainChip_LainCore/rtl/core_csr.sv(1): analyzing included file '/home/rk6650/VeriTriples/malik2627research/repos_6.24/LainChip_LainCore/rtl/pipeline.svh'
[INFO (VERI-1328)] /home/rk6650/VeriTriples/malik2627research/repos_6.24/LainChip_LainCore/rtl/core_csr.sv(2): analyzing included file '/home/rk6650/VeriTriples/malik2627research/repos_6.24/LainChip_LainCore/rtl/csr.svh'
0
% catch { analyze -sv -incdir /home/rk6650/VeriTriples/malik2627research/repos_6.24/LainChip_LainCore/rtl -incdir /home/rk6650/VeriTriples/malik2627research -incdir /home/rk6650/VeriTriples/malik2627research/rtl -incdir /home/rk6650/VeriTriples/malik2627research/rtl/utils -incdir /home/rk6650/VeriTriples/malik2627research/src/simple-decoder/rtl /home/rk6650/VeriTriples/malik2627research/repos_6.24/LainChip_LainCore/rtl/utils/la_mux2.v }
[-- (VERI-1482)] Analyzing Verilog file '/home/rk6650/VeriTriples/malik2627research/repos_6.24/LainChip_LainCore/rtl/utils/la_mux2.v'
0
% catch { analyze -sv -incdir /home/rk6650/VeriTriples/malik2627research/repos_6.24/LainChip_LainCore/rtl -incdir /home/rk6650/VeriTriples/malik2627research -incdir /home/rk6650/VeriTriples/malik2627research/rtl -incdir /home/rk6650/VeriTriples/malik2627research/rtl/utils -incdir /home/rk6650/VeriTriples/malik2627research/src/simple-decoder/rtl /home/rk6650/VeriTriples/malik2627research/repos_6.24/LainChip_LainCore/rtl/utils/asic_ram_4r1w_16d.sv }
[-- (VERI-1482)] Analyzing Verilog file '/home/rk6650/VeriTriples/malik2627research/repos_6.24/LainChip_LainCore/rtl/utils/asic_ram_4r1w_16d.sv'
0
% catch { analyze -sv -incdir /home/rk6650/VeriTriples/malik2627research/repos_6.24/LainChip_LainCore/rtl -incdir /home/rk6650/VeriTriples/malik2627research -incdir /home/rk6650/VeriTriples/malik2627research/rtl -incdir /home/rk6650/VeriTriples/malik2627research/rtl/utils -incdir /home/rk6650/VeriTriples/malik2627research/src/simple-decoder/rtl /home/rk6650/VeriTriples/malik2627research/repos_6.24/LainChip_LainCore/rtl/utils/asic_ram_6r1w_16d.sv }
[-- (VERI-1482)] Analyzing Verilog file '/home/rk6650/VeriTriples/malik2627research/repos_6.24/LainChip_LainCore/rtl/utils/asic_ram_6r1w_16d.sv'
0
% catch { analyze -sv -incdir /home/rk6650/VeriTriples/malik2627research/repos_6.24/LainChip_LainCore/rtl -incdir /home/rk6650/VeriTriples/malik2627research -incdir /home/rk6650/VeriTriples/malik2627research/rtl -incdir /home/rk6650/VeriTriples/malik2627research/rtl/utils -incdir /home/rk6650/VeriTriples/malik2627research/src/simple-decoder/rtl /home/rk6650/VeriTriples/malik2627research/repos_6.24/LainChip_LainCore/rtl/issue.sv }
[-- (VERI-1482)] Analyzing Verilog file '/home/rk6650/VeriTriples/malik2627research/repos_6.24/LainChip_LainCore/rtl/issue.sv'
[INFO (VERI-1328)] /home/rk6650/VeriTriples/malik2627research/repos_6.24/LainChip_LainCore/rtl/issue.sv(1): analyzing included file '/home/rk6650/VeriTriples/malik2627research/repos_6.24/LainChip_LainCore/rtl/pipeline.svh'
0
% catch { analyze -sv -incdir /home/rk6650/VeriTriples/malik2627research/repos_6.24/LainChip_LainCore/rtl -incdir /home/rk6650/VeriTriples/malik2627research -incdir /home/rk6650/VeriTriples/malik2627research/rtl -incdir /home/rk6650/VeriTriples/malik2627research/rtl/utils -incdir /home/rk6650/VeriTriples/malik2627research/src/simple-decoder/rtl /home/rk6650/VeriTriples/malik2627research/repos_6.24/LainChip_LainCore/rtl/utils/axi_converter.sv }
[-- (VERI-1482)] Analyzing Verilog file '/home/rk6650/VeriTriples/malik2627research/repos_6.24/LainChip_LainCore/rtl/utils/axi_converter.sv'
[INFO (VERI-1328)] /home/rk6650/VeriTriples/malik2627research/repos_6.24/LainChip_LainCore/rtl/utils/axi_converter.sv(1): analyzing included file '/home/rk6650/VeriTriples/malik2627research/repos_6.24/LainChip_LainCore/rtl/common.svh'
[INFO (VERI-1328)] /home/rk6650/VeriTriples/malik2627research/repos_6.24/LainChip_LainCore/rtl/utils/axi_converter.sv(2): analyzing included file '/home/rk6650/VeriTriples/malik2627research/repos_6.24/LainChip_LainCore/rtl/lsu.svh'
0
% catch { analyze -sv -incdir /home/rk6650/VeriTriples/malik2627research/repos_6.24/LainChip_LainCore/rtl -incdir /home/rk6650/VeriTriples/malik2627research -incdir /home/rk6650/VeriTriples/malik2627research/rtl -incdir /home/rk6650/VeriTriples/malik2627research/rtl/utils -incdir /home/rk6650/VeriTriples/malik2627research/src/simple-decoder/rtl /home/rk6650/VeriTriples/malik2627research/repos_6.24/LainChip_LainCore/rtl/core_jmp.sv }
[-- (VERI-1482)] Analyzing Verilog file '/home/rk6650/VeriTriples/malik2627research/repos_6.24/LainChip_LainCore/rtl/core_jmp.sv'
[INFO (VERI-1328)] /home/rk6650/VeriTriples/malik2627research/repos_6.24/LainChip_LainCore/rtl/core_jmp.sv(1): analyzing included file '/home/rk6650/VeriTriples/malik2627research/repos_6.24/LainChip_LainCore/rtl/pipeline.svh'
0
% catch { analyze -sv -incdir /home/rk6650/VeriTriples/malik2627research/repos_6.24/LainChip_LainCore/rtl -incdir /home/rk6650/VeriTriples/malik2627research -incdir /home/rk6650/VeriTriples/malik2627research/rtl -incdir /home/rk6650/VeriTriples/malik2627research/rtl/utils -incdir /home/rk6650/VeriTriples/malik2627research/src/simple-decoder/rtl /home/rk6650/VeriTriples/malik2627research/repos_6.24/LainChip_LainCore/rtl/core_lsu_wport_renew.sv }
[-- (VERI-1482)] Analyzing Verilog file '/home/rk6650/VeriTriples/malik2627research/repos_6.24/LainChip_LainCore/rtl/core_lsu_wport_renew.sv'
[INFO (VERI-1328)] /home/rk6650/VeriTriples/malik2627research/repos_6.24/LainChip_LainCore/rtl/core_lsu_wport_renew.sv(1): analyzing included file '/home/rk6650/VeriTriples/malik2627research/repos_6.24/LainChip_LainCore/rtl/lsu.svh'
0
% catch { analyze -sv -incdir /home/rk6650/VeriTriples/malik2627research/repos_6.24/LainChip_LainCore/rtl -incdir /home/rk6650/VeriTriples/malik2627research -incdir /home/rk6650/VeriTriples/malik2627research/rtl -incdir /home/rk6650/VeriTriples/malik2627research/rtl/utils -incdir /home/rk6650/VeriTriples/malik2627research/src/simple-decoder/rtl /home/rk6650/VeriTriples/malik2627research/repos_6.24/LainChip_LainCore/rtl/reg_file.sv }
[-- (VERI-1482)] Analyzing Verilog file '/home/rk6650/VeriTriples/malik2627research/repos_6.24/LainChip_LainCore/rtl/reg_file.sv'
0
% catch { analyze -sv -incdir /home/rk6650/VeriTriples/malik2627research/repos_6.24/LainChip_LainCore/rtl -incdir /home/rk6650/VeriTriples/malik2627research -incdir /home/rk6650/VeriTriples/malik2627research/rtl -incdir /home/rk6650/VeriTriples/malik2627research/rtl/utils -incdir /home/rk6650/VeriTriples/malik2627research/src/simple-decoder/rtl /home/rk6650/VeriTriples/malik2627research/repos_6.24/LainChip_LainCore/rtl/utils/tdpsram_wrapper.sv }
[-- (VERI-1482)] Analyzing Verilog file '/home/rk6650/VeriTriples/malik2627research/repos_6.24/LainChip_LainCore/rtl/utils/tdpsram_wrapper.sv'
[INFO (VERI-1328)] /home/rk6650/VeriTriples/malik2627research/repos_6.24/LainChip_LainCore/rtl/utils/tdpsram_wrapper.sv(1): analyzing included file '/home/rk6650/VeriTriples/malik2627research/repos_6.24/LainChip_LainCore/rtl/common.svh'
0
% catch { analyze -sv -incdir /home/rk6650/VeriTriples/malik2627research/repos_6.24/LainChip_LainCore/rtl -incdir /home/rk6650/VeriTriples/malik2627research -incdir /home/rk6650/VeriTriples/malik2627research/rtl -incdir /home/rk6650/VeriTriples/malik2627research/rtl/utils -incdir /home/rk6650/VeriTriples/malik2627research/src/simple-decoder/rtl /home/rk6650/VeriTriples/malik2627research/repos_6.24/LainChip_LainCore/rtl/scoreboard.sv }
[-- (VERI-1482)] Analyzing Verilog file '/home/rk6650/VeriTriples/malik2627research/repos_6.24/LainChip_LainCore/rtl/scoreboard.sv'
0
% catch { analyze -sv -incdir /home/rk6650/VeriTriples/malik2627research/repos_6.24/LainChip_LainCore/rtl -incdir /home/rk6650/VeriTriples/malik2627research -incdir /home/rk6650/VeriTriples/malik2627research/rtl -incdir /home/rk6650/VeriTriples/malik2627research/rtl/utils -incdir /home/rk6650/VeriTriples/malik2627research/src/simple-decoder/rtl /home/rk6650/VeriTriples/malik2627research/repos_6.24/LainChip_LainCore/rtl/mycpu_top.v }
[-- (VERI-1482)] Analyzing Verilog file '/home/rk6650/VeriTriples/malik2627research/repos_6.24/LainChip_LainCore/rtl/mycpu_top.v'
0
% catch { analyze -sv -incdir /home/rk6650/VeriTriples/malik2627research/repos_6.24/LainChip_LainCore/rtl -incdir /home/rk6650/VeriTriples/malik2627research -incdir /home/rk6650/VeriTriples/malik2627research/rtl -incdir /home/rk6650/VeriTriples/malik2627research/rtl/utils -incdir /home/rk6650/VeriTriples/malik2627research/src/simple-decoder/rtl /home/rk6650/VeriTriples/malik2627research/repos_6.24/LainChip_LainCore/rtl/core_frontend_renew.sv }
[-- (VERI-1482)] Analyzing Verilog file '/home/rk6650/VeriTriples/malik2627research/repos_6.24/LainChip_LainCore/rtl/core_frontend_renew.sv'
[INFO (VERI-1328)] /home/rk6650/VeriTriples/malik2627research/repos_6.24/LainChip_LainCore/rtl/core_frontend_renew.sv(1): analyzing included file '/home/rk6650/VeriTriples/malik2627research/repos_6.24/LainChip_LainCore/rtl/pipeline.svh'
[INFO (VERI-1328)] /home/rk6650/VeriTriples/malik2627research/repos_6.24/LainChip_LainCore/rtl/core_frontend_renew.sv(2): analyzing included file '/home/rk6650/VeriTriples/malik2627research/repos_6.24/LainChip_LainCore/rtl/lsu.svh'
0
% catch { analyze -sv -incdir /home/rk6650/VeriTriples/malik2627research/repos_6.24/LainChip_LainCore/rtl -incdir /home/rk6650/VeriTriples/malik2627research -incdir /home/rk6650/VeriTriples/malik2627research/rtl -incdir /home/rk6650/VeriTriples/malik2627research/rtl/utils -incdir /home/rk6650/VeriTriples/malik2627research/src/simple-decoder/rtl /home/rk6650/VeriTriples/malik2627research/repos_6.24/LainChip_LainCore/rtl/core_top.sv }
[-- (VERI-1482)] Analyzing Verilog file '/home/rk6650/VeriTriples/malik2627research/repos_6.24/LainChip_LainCore/rtl/core_top.sv'
[INFO (VERI-1328)] /home/rk6650/VeriTriples/malik2627research/repos_6.24/LainChip_LainCore/rtl/core_top.sv(1): analyzing included file '/home/rk6650/VeriTriples/malik2627research/repos_6.24/LainChip_LainCore/rtl/common.svh'
0
% 
% catch { analyze -sv -incdir /home/rk6650/VeriTriples/malik2627research/repos_6.24/LainChip_LainCore/rtl -incdir /home/rk6650/VeriTriples/malik2627research -incdir /home/rk6650/VeriTriples/malik2627research/rtl -incdir /home/rk6650/VeriTriples/malik2627research/rtl/utils -incdir /home/rk6650/VeriTriples/malik2627research/src/simple-decoder/rtl /home/rk6650/VeriTriples/malik2627research/repos_6.24/LainChip_LainCore/rtl/utils/la_lfsr.sv }
[-- (VERI-1482)] Analyzing Verilog file '/home/rk6650/VeriTriples/malik2627research/repos_6.24/LainChip_LainCore/rtl/utils/la_lfsr.sv'
[WARN (VERI-1206)] /home/rk6650/VeriTriples/malik2627research/repos_6.24/LainChip_LainCore/rtl/utils/la_lfsr.sv(315): overwriting previous definition of module 'la_lfsr'
[INFO (VERI-2142)] /home/rk6650/VeriTriples/malik2627research/repos_6.24/LainChip_LainCore/rtl/utils/la_lfsr.sv(315): previous definition of design element 'la_lfsr' is here
0
% catch { analyze -sv -incdir /home/rk6650/VeriTriples/malik2627research/repos_6.24/LainChip_LainCore/rtl -incdir /home/rk6650/VeriTriples/malik2627research -incdir /home/rk6650/VeriTriples/malik2627research/rtl -incdir /home/rk6650/VeriTriples/malik2627research/rtl/utils -incdir /home/rk6650/VeriTriples/malik2627research/src/simple-decoder/rtl /home/rk6650/VeriTriples/malik2627research/repos_6.24/LainChip_LainCore/rtl/utils/la_fifo_v3.sv }
[-- (VERI-1482)] Analyzing Verilog file '/home/rk6650/VeriTriples/malik2627research/repos_6.24/LainChip_LainCore/rtl/utils/la_fifo_v3.sv'
[INFO (VERI-1328)] /home/rk6650/VeriTriples/malik2627research/repos_6.24/LainChip_LainCore/rtl/utils/la_fifo_v3.sv(13): analyzing included file '/home/rk6650/VeriTriples/malik2627research/repos_6.24/LainChip_LainCore/rtl/common.svh'
[WARN (VERI-1206)] /home/rk6650/VeriTriples/malik2627research/repos_6.24/LainChip_LainCore/rtl/utils/la_fifo_v3.sv(156): overwriting previous definition of module 'la_fifo_v3'
[INFO (VERI-2142)] /home/rk6650/VeriTriples/malik2627research/repos_6.24/LainChip_LainCore/rtl/utils/la_fifo_v3.sv(156): previous definition of design element 'la_fifo_v3' is here
0
% catch { analyze -sv -incdir /home/rk6650/VeriTriples/malik2627research/repos_6.24/LainChip_LainCore/rtl -incdir /home/rk6650/VeriTriples/malik2627research -incdir /home/rk6650/VeriTriples/malik2627research/rtl -incdir /home/rk6650/VeriTriples/malik2627research/rtl/utils -incdir /home/rk6650/VeriTriples/malik2627research/src/simple-decoder/rtl /home/rk6650/VeriTriples/malik2627research/repos_6.24/LainChip_LainCore/rtl/utils/la_zip_skidbuffer.sv }
[-- (VERI-1482)] Analyzing Verilog file '/home/rk6650/VeriTriples/malik2627research/repos_6.24/LainChip_LainCore/rtl/utils/la_zip_skidbuffer.sv'
[WARN (VERI-1206)] /home/rk6650/VeriTriples/malik2627research/repos_6.24/LainChip_LainCore/rtl/utils/la_zip_skidbuffer.sv(414): overwriting previous definition of module 'la_zip_skidbuffer'
[INFO (VERI-2142)] /home/rk6650/VeriTriples/malik2627research/repos_6.24/LainChip_LainCore/rtl/utils/la_zip_skidbuffer.sv(414): previous definition of design element 'la_zip_skidbuffer' is here
0
% 
% 
%             if {[catch {elaborate -top mycpu_mega_top} err]} {
            puts "ELAB ERROR: $err"
            exit
            }
INFO (ISW003): Top module name is "mycpu_mega_top".
[ERROR (VERI-1010)] /home/rk6650/VeriTriples/malik2627research/repos_6.24/LainChip_LainCore/rtl/core_divider_manager.sv(102): cannot find port 'HI' on this module
[ERROR (VERI-1010)] /home/rk6650/VeriTriples/malik2627research/repos_6.24/LainChip_LainCore/rtl/core_divider_manager.sv(103): cannot find port 'LO' on this module
[ERROR (VDB-9017)] Module mycpu_mega_top could not be elaborated
Summary of errors detected:
	[ERROR (VERI-1010)] /home/rk6650/VeriTriples/malik2627research/repos_6.24/LainChip_LainCore/rtl/core_divider_manager.sv(102): cannot find port 'HI' on this module
	[ERROR (VERI-1010)] /home/rk6650/VeriTriples/malik2627research/repos_6.24/LainChip_LainCore/rtl/core_divider_manager.sv(103): cannot find port 'LO' on this module
	[ERROR (VDB-9017)] Module mycpu_mega_top could not be elaborated
ELAB ERROR: ERROR (ENL034): 3 errors detected in the design file(s).

% INFO (IPL005): Received request to exit from the console.
INFO (IPL018): The peak resident set memory use for this session was 0.426 GB.
INFO (IPL014): Waiting for the Tcl-thread to exit.
INFO (IPL015): The Tcl-thread exited with status 0.
INFO (IPL016): Exiting the analysis session with status 0.
