JasperGold Apps 2021.03 FCS 64 bits 2021.03.23 02:50:43 UTC

Any disclosure about the Cadence Design Systems software or its use
model to any third party violates the written Non-Disclosure Agreement
between Cadence Design Systems, Inc. and the customer.

THIS SOFTWARE CONTAINS CONFIDENTIAL INFORMATION AND TRADE SECRETS OF
CADENCE DESIGN SYSTEMS, INC. USE, DISCLOSURE, OR REPRODUCTION IS
PROHIBITED WITHOUT THE PRIOR EXPRESS WRITTEN PERMISSION OF CADENCE
DESIGN SYSTEMS, INC.

Copyright (C) 2000-2021 Cadence Design Systems, Inc. All Rights
Reserved.  Unpublished -- rights reserved under the copyright laws of
the United States.

This product includes software developed by others and redistributed
according to license agreement. See doc/third_party_readme.txt for
further details.

RESTRICTED RIGHTS LEGEND

Use, duplication, or disclosure by the Government is subject to
restrictions as set forth in subparagraph (c) (1) (ii) of the Rights in
Technical Data and Computer Software clause at DFARS 252.227-7013 or
subparagraphs (c) (1) and (2) of Commercial Computer Software -- Restricted
Rights at 48 CFR 52.227-19, as applicable.


                          Cadence Design Systems, Inc. 
                          2655 Seely Avenue
                          San Jose, CA 95134
                          Phone: 408.943.1234

For technical assistance visit http://support.cadence.com.

JasperGold Apps Analysis Session - /home/rk6650/VeriTriples/malik2627research/repos_6.24/chinthacharan_DV-Interview-Prep-Guide/jgproject/sessionLogs/session_0

INFO: successfully checked out license "jasper_fao".
INFO: reading configuration file "/home/rk6650/.config/jasper/jaspergold.conf".
% clear -all
INFO (IPF121): Cleared environment completely for new design analysis.
% 
% catch { analyze -sv -incdir /home/rk6650/VeriTriples/malik2627research -incdir /home/rk6650/VeriTriples/malik2627research/01_Projects -incdir /home/rk6650/VeriTriples/malik2627research/02_OOP -incdir /home/rk6650/VeriTriples/malik2627research/03_cache_oop(cpp) /home/rk6650/VeriTriples/malik2627research/repos_6.24/chinthacharan_DV-Interview-Prep-Guide/SV_design.sv }
[-- (VERI-1482)] Analyzing Verilog file '/usr/licensed/cadence-20210126/jasper_2021.03/lib/verilog/packages/std/std.sv' into library 'std'
[-- (VERI-1482)] Analyzing Verilog file '/home/rk6650/VeriTriples/malik2627research/repos_6.24/chinthacharan_DV-Interview-Prep-Guide/SV_design.sv'
[WARN (VERI-1206)] /home/rk6650/VeriTriples/malik2627research/repos_6.24/chinthacharan_DV-Interview-Prep-Guide/SV_design.sv(151): overwriting previous definition of module 'sequence_detector'
[INFO (VERI-2142)] /home/rk6650/VeriTriples/malik2627research/repos_6.24/chinthacharan_DV-Interview-Prep-Guide/SV_design.sv(113): previous definition of design element 'sequence_detector' is here
[WARN (VERI-9025)] /home/rk6650/VeriTriples/malik2627research/repos_6.24/chinthacharan_DV-Interview-Prep-Guide/SV_design.sv(158): Empty Port in Module Declaration
[ERROR (VERI-1128)] /home/rk6650/VeriTriples/malik2627research/repos_6.24/chinthacharan_DV-Interview-Prep-Guide/SV_design.sv(161): 'clk' is not declared
[ERROR (VERI-1128)] /home/rk6650/VeriTriples/malik2627research/repos_6.24/chinthacharan_DV-Interview-Prep-Guide/SV_design.sv(162): 'reset' is not declared
[ERROR (VERI-1128)] /home/rk6650/VeriTriples/malik2627research/repos_6.24/chinthacharan_DV-Interview-Prep-Guide/SV_design.sv(165): 'bit_in' is not declared
[ERROR (VERI-1128)] /home/rk6650/VeriTriples/malik2627research/repos_6.24/chinthacharan_DV-Interview-Prep-Guide/SV_design.sv(169): 'last' is not declared
[ERROR (VERI-1072)] /home/rk6650/VeriTriples/malik2627research/repos_6.24/chinthacharan_DV-Interview-Prep-Guide/SV_design.sv(170): module 'div_by_5' ignored due to previous errors
[WARN (VERI-9025)] /home/rk6650/VeriTriples/malik2627research/repos_6.24/chinthacharan_DV-Interview-Prep-Guide/SV_design.sv(173): Empty Port in Module Declaration
[ERROR (VERI-1128)] /home/rk6650/VeriTriples/malik2627research/repos_6.24/chinthacharan_DV-Interview-Prep-Guide/SV_design.sv(177): 'clk' is not declared
[ERROR (VERI-1128)] /home/rk6650/VeriTriples/malik2627research/repos_6.24/chinthacharan_DV-Interview-Prep-Guide/SV_design.sv(178): 'reset' is not declared
[ERROR (VERI-1128)] /home/rk6650/VeriTriples/malik2627research/repos_6.24/chinthacharan_DV-Interview-Prep-Guide/SV_design.sv(182): 'bit_in' is not declared
[ERROR (VERI-1128)] /home/rk6650/VeriTriples/malik2627research/repos_6.24/chinthacharan_DV-Interview-Prep-Guide/SV_design.sv(186): 'last' is not declared
[ERROR (VERI-1072)] /home/rk6650/VeriTriples/malik2627research/repos_6.24/chinthacharan_DV-Interview-Prep-Guide/SV_design.sv(187): module 'div_by_5_checker' ignored due to previous errors
[ERROR (VERI-1072)] /home/rk6650/VeriTriples/malik2627research/repos_6.24/chinthacharan_DV-Interview-Prep-Guide/SV_design.sv(230): module 'FIFO' ignored due to previous errors
[ERROR (VERI-1072)] /home/rk6650/VeriTriples/malik2627research/repos_6.24/chinthacharan_DV-Interview-Prep-Guide/SV_design.sv(257): module 'synchronizer' ignored due to previous errors
[ERROR (VERI-1072)] /home/rk6650/VeriTriples/malik2627research/repos_6.24/chinthacharan_DV-Interview-Prep-Guide/SV_design.sv(290): module 'wptr_handler' ignored due to previous errors
[ERROR (VERI-1072)] /home/rk6650/VeriTriples/malik2627research/repos_6.24/chinthacharan_DV-Interview-Prep-Guide/SV_design.sv(323): module 'rptr_handler' ignored due to previous errors
[ERROR (VERI-1072)] /home/rk6650/VeriTriples/malik2627research/repos_6.24/chinthacharan_DV-Interview-Prep-Guide/SV_design.sv(350): module 'fifo_mem' ignored due to previous errors
[ERROR (VERI-1072)] /home/rk6650/VeriTriples/malik2627research/repos_6.24/chinthacharan_DV-Interview-Prep-Guide/SV_design.sv(425): module 'async_fifo_top' ignored due to previous errors
[ERROR (VERI-1691)] /home/rk6650/VeriTriples/malik2627research/repos_6.24/chinthacharan_DV-Interview-Prep-Guide/SV_design.sv(429): assert/assume/cover property statement in root scope violates IEEE 1800 syntax
[ERROR (VERI-1691)] /home/rk6650/VeriTriples/malik2627research/repos_6.24/chinthacharan_DV-Interview-Prep-Guide/SV_design.sv(431): assert/assume/cover property statement in root scope violates IEEE 1800 syntax
[ERROR (VERI-1691)] /home/rk6650/VeriTriples/malik2627research/repos_6.24/chinthacharan_DV-Interview-Prep-Guide/SV_design.sv(435): assert/assume/cover property statement in root scope violates IEEE 1800 syntax
[INFO (VMSG-1000)] Too many errors. Further error messages will be suppressed.
Summary of errors detected:
	[ERROR (VERI-1128)] /home/rk6650/VeriTriples/malik2627research/repos_6.24/chinthacharan_DV-Interview-Prep-Guide/SV_design.sv(161): 'clk' is not declared
	[ERROR (VERI-1128)] /home/rk6650/VeriTriples/malik2627research/repos_6.24/chinthacharan_DV-Interview-Prep-Guide/SV_design.sv(162): 'reset' is not declared
	[ERROR (VERI-1128)] /home/rk6650/VeriTriples/malik2627research/repos_6.24/chinthacharan_DV-Interview-Prep-Guide/SV_design.sv(165): 'bit_in' is not declared
	[ERROR (VERI-1128)] /home/rk6650/VeriTriples/malik2627research/repos_6.24/chinthacharan_DV-Interview-Prep-Guide/SV_design.sv(169): 'last' is not declared
	[ERROR (VERI-1072)] /home/rk6650/VeriTriples/malik2627research/repos_6.24/chinthacharan_DV-Interview-Prep-Guide/SV_design.sv(170): module 'div_by_5' ignored due to previous errors
	[ERROR (VERI-1128)] /home/rk6650/VeriTriples/malik2627research/repos_6.24/chinthacharan_DV-Interview-Prep-Guide/SV_design.sv(177): 'clk' is not declared
	[ERROR (VERI-1128)] /home/rk6650/VeriTriples/malik2627research/repos_6.24/chinthacharan_DV-Interview-Prep-Guide/SV_design.sv(178): 'reset' is not declared
	[ERROR (VERI-1128)] /home/rk6650/VeriTriples/malik2627research/repos_6.24/chinthacharan_DV-Interview-Prep-Guide/SV_design.sv(182): 'bit_in' is not declared
	[ERROR (VERI-1128)] /home/rk6650/VeriTriples/malik2627research/repos_6.24/chinthacharan_DV-Interview-Prep-Guide/SV_design.sv(186): 'last' is not declared
	[ERROR (VERI-1072)] /home/rk6650/VeriTriples/malik2627research/repos_6.24/chinthacharan_DV-Interview-Prep-Guide/SV_design.sv(187): module 'div_by_5_checker' ignored due to previous errors
	[ERROR (VERI-1072)] /home/rk6650/VeriTriples/malik2627research/repos_6.24/chinthacharan_DV-Interview-Prep-Guide/SV_design.sv(230): module 'FIFO' ignored due to previous errors
	[ERROR (VERI-1072)] /home/rk6650/VeriTriples/malik2627research/repos_6.24/chinthacharan_DV-Interview-Prep-Guide/SV_design.sv(257): module 'synchronizer' ignored due to previous errors
	[ERROR (VERI-1072)] /home/rk6650/VeriTriples/malik2627research/repos_6.24/chinthacharan_DV-Interview-Prep-Guide/SV_design.sv(290): module 'wptr_handler' ignored due to previous errors
	[ERROR (VERI-1072)] /home/rk6650/VeriTriples/malik2627research/repos_6.24/chinthacharan_DV-Interview-Prep-Guide/SV_design.sv(323): module 'rptr_handler' ignored due to previous errors
	[ERROR (VERI-1072)] /home/rk6650/VeriTriples/malik2627research/repos_6.24/chinthacharan_DV-Interview-Prep-Guide/SV_design.sv(350): module 'fifo_mem' ignored due to previous errors
	[ERROR (VERI-1072)] /home/rk6650/VeriTriples/malik2627research/repos_6.24/chinthacharan_DV-Interview-Prep-Guide/SV_design.sv(425): module 'async_fifo_top' ignored due to previous errors
	[ERROR (VERI-1691)] /home/rk6650/VeriTriples/malik2627research/repos_6.24/chinthacharan_DV-Interview-Prep-Guide/SV_design.sv(429): assert/assume/cover property statement in root scope violates IEEE 1800 syntax
	[ERROR (VERI-1691)] /home/rk6650/VeriTriples/malik2627research/repos_6.24/chinthacharan_DV-Interview-Prep-Guide/SV_design.sv(431): assert/assume/cover property statement in root scope violates IEEE 1800 syntax
	[ERROR (VERI-1691)] /home/rk6650/VeriTriples/malik2627research/repos_6.24/chinthacharan_DV-Interview-Prep-Guide/SV_design.sv(435): assert/assume/cover property statement in root scope violates IEEE 1800 syntax
1
% catch { analyze -sv -incdir /home/rk6650/VeriTriples/malik2627research -incdir /home/rk6650/VeriTriples/malik2627research/01_Projects -incdir /home/rk6650/VeriTriples/malik2627research/02_OOP -incdir /home/rk6650/VeriTriples/malik2627research/03_cache_oop(cpp) /home/rk6650/VeriTriples/malik2627research/repos_6.24/chinthacharan_DV-Interview-Prep-Guide/important_questions.sv }
[-- (VERI-1482)] Analyzing Verilog file '/home/rk6650/VeriTriples/malik2627research/repos_6.24/chinthacharan_DV-Interview-Prep-Guide/important_questions.sv'
[WARN (VERI-1206)] /home/rk6650/VeriTriples/malik2627research/repos_6.24/chinthacharan_DV-Interview-Prep-Guide/important_questions.sv(64): overwriting previous definition of module 'moore_fsm'
[INFO (VERI-2142)] /home/rk6650/VeriTriples/malik2627research/repos_6.24/chinthacharan_DV-Interview-Prep-Guide/SV_design.sv(28): previous definition of design element 'moore_fsm' is here
[WARN (VERI-1206)] /home/rk6650/VeriTriples/malik2627research/repos_6.24/chinthacharan_DV-Interview-Prep-Guide/important_questions.sv(88): overwriting previous definition of module 'mealy_fsm'
[INFO (VERI-2142)] /home/rk6650/VeriTriples/malik2627research/repos_6.24/chinthacharan_DV-Interview-Prep-Guide/SV_design.sv(52): previous definition of design element 'mealy_fsm' is here
[ERROR (VERI-1128)] /home/rk6650/VeriTriples/malik2627research/repos_6.24/chinthacharan_DV-Interview-Prep-Guide/important_questions.sv(289): 'clk' is not declared
[ERROR (VERI-1128)] /home/rk6650/VeriTriples/malik2627research/repos_6.24/chinthacharan_DV-Interview-Prep-Guide/important_questions.sv(290): 'reset' is not declared
[ERROR (VERI-1128)] /home/rk6650/VeriTriples/malik2627research/repos_6.24/chinthacharan_DV-Interview-Prep-Guide/important_questions.sv(293): 'bit_in' is not declared
[ERROR (VERI-1128)] /home/rk6650/VeriTriples/malik2627research/repos_6.24/chinthacharan_DV-Interview-Prep-Guide/important_questions.sv(297): 'last' is not declared
[ERROR (VERI-1072)] /home/rk6650/VeriTriples/malik2627research/repos_6.24/chinthacharan_DV-Interview-Prep-Guide/important_questions.sv(298): module 'div_by_5' ignored due to previous errors
[WARN (VERI-9025)] /home/rk6650/VeriTriples/malik2627research/repos_6.24/chinthacharan_DV-Interview-Prep-Guide/important_questions.sv(301): Empty Port in Module Declaration
[ERROR (VERI-1128)] /home/rk6650/VeriTriples/malik2627research/repos_6.24/chinthacharan_DV-Interview-Prep-Guide/important_questions.sv(305): 'clk' is not declared
[ERROR (VERI-1128)] /home/rk6650/VeriTriples/malik2627research/repos_6.24/chinthacharan_DV-Interview-Prep-Guide/important_questions.sv(306): 'reset' is not declared
[ERROR (VERI-1128)] /home/rk6650/VeriTriples/malik2627research/repos_6.24/chinthacharan_DV-Interview-Prep-Guide/important_questions.sv(310): 'bit_in' is not declared
[ERROR (VERI-1128)] /home/rk6650/VeriTriples/malik2627research/repos_6.24/chinthacharan_DV-Interview-Prep-Guide/important_questions.sv(314): 'last' is not declared
[ERROR (VERI-1072)] /home/rk6650/VeriTriples/malik2627research/repos_6.24/chinthacharan_DV-Interview-Prep-Guide/important_questions.sv(315): module 'div_by_5_checker' ignored due to previous errors
[WARN (VERI-1049)] /home/rk6650/VeriTriples/malik2627research/repos_6.24/chinthacharan_DV-Interview-Prep-Guide/important_questions.sv(323): /* in comment
[ERROR (VERI-1137)] /home/rk6650/VeriTriples/malik2627research/repos_6.24/chinthacharan_DV-Interview-Prep-Guide/important_questions.sv(560): syntax error near 'if'
[ERROR (VERI-2344)] /home/rk6650/VeriTriples/malik2627research/repos_6.24/chinthacharan_DV-Interview-Prep-Guide/important_questions.sv(560): SystemVerilog 2005 keyword if used in incorrect context
Summary of errors detected:
	[ERROR (VERI-1128)] /home/rk6650/VeriTriples/malik2627research/repos_6.24/chinthacharan_DV-Interview-Prep-Guide/important_questions.sv(289): 'clk' is not declared
	[ERROR (VERI-1128)] /home/rk6650/VeriTriples/malik2627research/repos_6.24/chinthacharan_DV-Interview-Prep-Guide/important_questions.sv(290): 'reset' is not declared
	[ERROR (VERI-1128)] /home/rk6650/VeriTriples/malik2627research/repos_6.24/chinthacharan_DV-Interview-Prep-Guide/important_questions.sv(293): 'bit_in' is not declared
	[ERROR (VERI-1128)] /home/rk6650/VeriTriples/malik2627research/repos_6.24/chinthacharan_DV-Interview-Prep-Guide/important_questions.sv(297): 'last' is not declared
	[ERROR (VERI-1072)] /home/rk6650/VeriTriples/malik2627research/repos_6.24/chinthacharan_DV-Interview-Prep-Guide/important_questions.sv(298): module 'div_by_5' ignored due to previous errors
	[ERROR (VERI-1128)] /home/rk6650/VeriTriples/malik2627research/repos_6.24/chinthacharan_DV-Interview-Prep-Guide/important_questions.sv(305): 'clk' is not declared
	[ERROR (VERI-1128)] /home/rk6650/VeriTriples/malik2627research/repos_6.24/chinthacharan_DV-Interview-Prep-Guide/important_questions.sv(306): 'reset' is not declared
	[ERROR (VERI-1128)] /home/rk6650/VeriTriples/malik2627research/repos_6.24/chinthacharan_DV-Interview-Prep-Guide/important_questions.sv(310): 'bit_in' is not declared
	[ERROR (VERI-1128)] /home/rk6650/VeriTriples/malik2627research/repos_6.24/chinthacharan_DV-Interview-Prep-Guide/important_questions.sv(314): 'last' is not declared
	[ERROR (VERI-1072)] /home/rk6650/VeriTriples/malik2627research/repos_6.24/chinthacharan_DV-Interview-Prep-Guide/important_questions.sv(315): module 'div_by_5_checker' ignored due to previous errors
	[ERROR (VERI-1137)] /home/rk6650/VeriTriples/malik2627research/repos_6.24/chinthacharan_DV-Interview-Prep-Guide/important_questions.sv(560): syntax error near 'if'
	[ERROR (VERI-2344)] /home/rk6650/VeriTriples/malik2627research/repos_6.24/chinthacharan_DV-Interview-Prep-Guide/important_questions.sv(560): SystemVerilog 2005 keyword if used in incorrect context
1
% 
% catch { analyze -sv -incdir /home/rk6650/VeriTriples/malik2627research -incdir /home/rk6650/VeriTriples/malik2627research/01_Projects -incdir /home/rk6650/VeriTriples/malik2627research/02_OOP -incdir /home/rk6650/VeriTriples/malik2627research/03_cache_oop(cpp) /home/rk6650/VeriTriples/malik2627research/repos_6.24/chinthacharan_DV-Interview-Prep-Guide/SV_design.sv }
[-- (VERI-1482)] Analyzing Verilog file '/home/rk6650/VeriTriples/malik2627research/repos_6.24/chinthacharan_DV-Interview-Prep-Guide/SV_design.sv'
[WARN (VERI-1206)] /home/rk6650/VeriTriples/malik2627research/repos_6.24/chinthacharan_DV-Interview-Prep-Guide/SV_design.sv(28): overwriting previous definition of module 'moore_fsm'
[INFO (VERI-2142)] /home/rk6650/VeriTriples/malik2627research/repos_6.24/chinthacharan_DV-Interview-Prep-Guide/important_questions.sv(64): previous definition of design element 'moore_fsm' is here
[WARN (VERI-1206)] /home/rk6650/VeriTriples/malik2627research/repos_6.24/chinthacharan_DV-Interview-Prep-Guide/SV_design.sv(52): overwriting previous definition of module 'mealy_fsm'
[INFO (VERI-2142)] /home/rk6650/VeriTriples/malik2627research/repos_6.24/chinthacharan_DV-Interview-Prep-Guide/important_questions.sv(88): previous definition of design element 'mealy_fsm' is here
[WARN (VERI-1206)] /home/rk6650/VeriTriples/malik2627research/repos_6.24/chinthacharan_DV-Interview-Prep-Guide/SV_design.sv(65): overwriting previous definition of module 'divide_by_2'
[INFO (VERI-2142)] /home/rk6650/VeriTriples/malik2627research/repos_6.24/chinthacharan_DV-Interview-Prep-Guide/SV_design.sv(65): previous definition of design element 'divide_by_2' is here
[WARN (VERI-1206)] /home/rk6650/VeriTriples/malik2627research/repos_6.24/chinthacharan_DV-Interview-Prep-Guide/SV_design.sv(113): overwriting previous definition of module 'sequence_detector'
[INFO (VERI-2142)] /home/rk6650/VeriTriples/malik2627research/repos_6.24/chinthacharan_DV-Interview-Prep-Guide/SV_design.sv(151): previous definition of design element 'sequence_detector' is here
[WARN (VERI-1206)] /home/rk6650/VeriTriples/malik2627research/repos_6.24/chinthacharan_DV-Interview-Prep-Guide/SV_design.sv(151): overwriting previous definition of module 'sequence_detector'
[INFO (VERI-2142)] /home/rk6650/VeriTriples/malik2627research/repos_6.24/chinthacharan_DV-Interview-Prep-Guide/SV_design.sv(113): previous definition of design element 'sequence_detector' is here
[WARN (VERI-9025)] /home/rk6650/VeriTriples/malik2627research/repos_6.24/chinthacharan_DV-Interview-Prep-Guide/SV_design.sv(158): Empty Port in Module Declaration
[ERROR (VERI-1128)] /home/rk6650/VeriTriples/malik2627research/repos_6.24/chinthacharan_DV-Interview-Prep-Guide/SV_design.sv(161): 'clk' is not declared
[ERROR (VERI-1128)] /home/rk6650/VeriTriples/malik2627research/repos_6.24/chinthacharan_DV-Interview-Prep-Guide/SV_design.sv(162): 'reset' is not declared
[ERROR (VERI-1128)] /home/rk6650/VeriTriples/malik2627research/repos_6.24/chinthacharan_DV-Interview-Prep-Guide/SV_design.sv(165): 'bit_in' is not declared
[ERROR (VERI-1128)] /home/rk6650/VeriTriples/malik2627research/repos_6.24/chinthacharan_DV-Interview-Prep-Guide/SV_design.sv(169): 'last' is not declared
[ERROR (VERI-1072)] /home/rk6650/VeriTriples/malik2627research/repos_6.24/chinthacharan_DV-Interview-Prep-Guide/SV_design.sv(170): module 'div_by_5' ignored due to previous errors
[WARN (VERI-9025)] /home/rk6650/VeriTriples/malik2627research/repos_6.24/chinthacharan_DV-Interview-Prep-Guide/SV_design.sv(173): Empty Port in Module Declaration
[ERROR (VERI-1128)] /home/rk6650/VeriTriples/malik2627research/repos_6.24/chinthacharan_DV-Interview-Prep-Guide/SV_design.sv(177): 'clk' is not declared
[ERROR (VERI-1128)] /home/rk6650/VeriTriples/malik2627research/repos_6.24/chinthacharan_DV-Interview-Prep-Guide/SV_design.sv(178): 'reset' is not declared
[ERROR (VERI-1128)] /home/rk6650/VeriTriples/malik2627research/repos_6.24/chinthacharan_DV-Interview-Prep-Guide/SV_design.sv(182): 'bit_in' is not declared
[ERROR (VERI-1128)] /home/rk6650/VeriTriples/malik2627research/repos_6.24/chinthacharan_DV-Interview-Prep-Guide/SV_design.sv(186): 'last' is not declared
[ERROR (VERI-1072)] /home/rk6650/VeriTriples/malik2627research/repos_6.24/chinthacharan_DV-Interview-Prep-Guide/SV_design.sv(187): module 'div_by_5_checker' ignored due to previous errors
[ERROR (VERI-1072)] /home/rk6650/VeriTriples/malik2627research/repos_6.24/chinthacharan_DV-Interview-Prep-Guide/SV_design.sv(230): module 'FIFO' ignored due to previous errors
[ERROR (VERI-1072)] /home/rk6650/VeriTriples/malik2627research/repos_6.24/chinthacharan_DV-Interview-Prep-Guide/SV_design.sv(257): module 'synchronizer' ignored due to previous errors
[ERROR (VERI-1072)] /home/rk6650/VeriTriples/malik2627research/repos_6.24/chinthacharan_DV-Interview-Prep-Guide/SV_design.sv(290): module 'wptr_handler' ignored due to previous errors
[ERROR (VERI-1072)] /home/rk6650/VeriTriples/malik2627research/repos_6.24/chinthacharan_DV-Interview-Prep-Guide/SV_design.sv(323): module 'rptr_handler' ignored due to previous errors
[ERROR (VERI-1072)] /home/rk6650/VeriTriples/malik2627research/repos_6.24/chinthacharan_DV-Interview-Prep-Guide/SV_design.sv(350): module 'fifo_mem' ignored due to previous errors
[ERROR (VERI-1072)] /home/rk6650/VeriTriples/malik2627research/repos_6.24/chinthacharan_DV-Interview-Prep-Guide/SV_design.sv(425): module 'async_fifo_top' ignored due to previous errors
[ERROR (VERI-1691)] /home/rk6650/VeriTriples/malik2627research/repos_6.24/chinthacharan_DV-Interview-Prep-Guide/SV_design.sv(429): assert/assume/cover property statement in root scope violates IEEE 1800 syntax
[ERROR (VERI-1691)] /home/rk6650/VeriTriples/malik2627research/repos_6.24/chinthacharan_DV-Interview-Prep-Guide/SV_design.sv(431): assert/assume/cover property statement in root scope violates IEEE 1800 syntax
[ERROR (VERI-1691)] /home/rk6650/VeriTriples/malik2627research/repos_6.24/chinthacharan_DV-Interview-Prep-Guide/SV_design.sv(435): assert/assume/cover property statement in root scope violates IEEE 1800 syntax
[INFO (VMSG-1000)] Too many errors. Further error messages will be suppressed.
Summary of errors detected:
	[ERROR (VERI-1128)] /home/rk6650/VeriTriples/malik2627research/repos_6.24/chinthacharan_DV-Interview-Prep-Guide/SV_design.sv(161): 'clk' is not declared
	[ERROR (VERI-1128)] /home/rk6650/VeriTriples/malik2627research/repos_6.24/chinthacharan_DV-Interview-Prep-Guide/SV_design.sv(162): 'reset' is not declared
	[ERROR (VERI-1128)] /home/rk6650/VeriTriples/malik2627research/repos_6.24/chinthacharan_DV-Interview-Prep-Guide/SV_design.sv(165): 'bit_in' is not declared
	[ERROR (VERI-1128)] /home/rk6650/VeriTriples/malik2627research/repos_6.24/chinthacharan_DV-Interview-Prep-Guide/SV_design.sv(169): 'last' is not declared
	[ERROR (VERI-1072)] /home/rk6650/VeriTriples/malik2627research/repos_6.24/chinthacharan_DV-Interview-Prep-Guide/SV_design.sv(170): module 'div_by_5' ignored due to previous errors
	[ERROR (VERI-1128)] /home/rk6650/VeriTriples/malik2627research/repos_6.24/chinthacharan_DV-Interview-Prep-Guide/SV_design.sv(177): 'clk' is not declared
	[ERROR (VERI-1128)] /home/rk6650/VeriTriples/malik2627research/repos_6.24/chinthacharan_DV-Interview-Prep-Guide/SV_design.sv(178): 'reset' is not declared
	[ERROR (VERI-1128)] /home/rk6650/VeriTriples/malik2627research/repos_6.24/chinthacharan_DV-Interview-Prep-Guide/SV_design.sv(182): 'bit_in' is not declared
	[ERROR (VERI-1128)] /home/rk6650/VeriTriples/malik2627research/repos_6.24/chinthacharan_DV-Interview-Prep-Guide/SV_design.sv(186): 'last' is not declared
	[ERROR (VERI-1072)] /home/rk6650/VeriTriples/malik2627research/repos_6.24/chinthacharan_DV-Interview-Prep-Guide/SV_design.sv(187): module 'div_by_5_checker' ignored due to previous errors
	[ERROR (VERI-1072)] /home/rk6650/VeriTriples/malik2627research/repos_6.24/chinthacharan_DV-Interview-Prep-Guide/SV_design.sv(230): module 'FIFO' ignored due to previous errors
	[ERROR (VERI-1072)] /home/rk6650/VeriTriples/malik2627research/repos_6.24/chinthacharan_DV-Interview-Prep-Guide/SV_design.sv(257): module 'synchronizer' ignored due to previous errors
	[ERROR (VERI-1072)] /home/rk6650/VeriTriples/malik2627research/repos_6.24/chinthacharan_DV-Interview-Prep-Guide/SV_design.sv(290): module 'wptr_handler' ignored due to previous errors
	[ERROR (VERI-1072)] /home/rk6650/VeriTriples/malik2627research/repos_6.24/chinthacharan_DV-Interview-Prep-Guide/SV_design.sv(323): module 'rptr_handler' ignored due to previous errors
	[ERROR (VERI-1072)] /home/rk6650/VeriTriples/malik2627research/repos_6.24/chinthacharan_DV-Interview-Prep-Guide/SV_design.sv(350): module 'fifo_mem' ignored due to previous errors
	[ERROR (VERI-1072)] /home/rk6650/VeriTriples/malik2627research/repos_6.24/chinthacharan_DV-Interview-Prep-Guide/SV_design.sv(425): module 'async_fifo_top' ignored due to previous errors
	[ERROR (VERI-1691)] /home/rk6650/VeriTriples/malik2627research/repos_6.24/chinthacharan_DV-Interview-Prep-Guide/SV_design.sv(429): assert/assume/cover property statement in root scope violates IEEE 1800 syntax
	[ERROR (VERI-1691)] /home/rk6650/VeriTriples/malik2627research/repos_6.24/chinthacharan_DV-Interview-Prep-Guide/SV_design.sv(431): assert/assume/cover property statement in root scope violates IEEE 1800 syntax
	[ERROR (VERI-1691)] /home/rk6650/VeriTriples/malik2627research/repos_6.24/chinthacharan_DV-Interview-Prep-Guide/SV_design.sv(435): assert/assume/cover property statement in root scope violates IEEE 1800 syntax
1
% catch { analyze -sv -incdir /home/rk6650/VeriTriples/malik2627research -incdir /home/rk6650/VeriTriples/malik2627research/01_Projects -incdir /home/rk6650/VeriTriples/malik2627research/02_OOP -incdir /home/rk6650/VeriTriples/malik2627research/03_cache_oop(cpp) /home/rk6650/VeriTriples/malik2627research/repos_6.24/chinthacharan_DV-Interview-Prep-Guide/important_questions.sv }
[-- (VERI-1482)] Analyzing Verilog file '/home/rk6650/VeriTriples/malik2627research/repos_6.24/chinthacharan_DV-Interview-Prep-Guide/important_questions.sv'
[WARN (VERI-1206)] /home/rk6650/VeriTriples/malik2627research/repos_6.24/chinthacharan_DV-Interview-Prep-Guide/important_questions.sv(64): overwriting previous definition of module 'moore_fsm'
[INFO (VERI-2142)] /home/rk6650/VeriTriples/malik2627research/repos_6.24/chinthacharan_DV-Interview-Prep-Guide/SV_design.sv(28): previous definition of design element 'moore_fsm' is here
[WARN (VERI-1206)] /home/rk6650/VeriTriples/malik2627research/repos_6.24/chinthacharan_DV-Interview-Prep-Guide/important_questions.sv(88): overwriting previous definition of module 'mealy_fsm'
[INFO (VERI-2142)] /home/rk6650/VeriTriples/malik2627research/repos_6.24/chinthacharan_DV-Interview-Prep-Guide/SV_design.sv(52): previous definition of design element 'mealy_fsm' is here
[ERROR (VERI-1128)] /home/rk6650/VeriTriples/malik2627research/repos_6.24/chinthacharan_DV-Interview-Prep-Guide/important_questions.sv(289): 'clk' is not declared
[ERROR (VERI-1128)] /home/rk6650/VeriTriples/malik2627research/repos_6.24/chinthacharan_DV-Interview-Prep-Guide/important_questions.sv(290): 'reset' is not declared
[ERROR (VERI-1128)] /home/rk6650/VeriTriples/malik2627research/repos_6.24/chinthacharan_DV-Interview-Prep-Guide/important_questions.sv(293): 'bit_in' is not declared
[ERROR (VERI-1128)] /home/rk6650/VeriTriples/malik2627research/repos_6.24/chinthacharan_DV-Interview-Prep-Guide/important_questions.sv(297): 'last' is not declared
[ERROR (VERI-1072)] /home/rk6650/VeriTriples/malik2627research/repos_6.24/chinthacharan_DV-Interview-Prep-Guide/important_questions.sv(298): module 'div_by_5' ignored due to previous errors
[WARN (VERI-9025)] /home/rk6650/VeriTriples/malik2627research/repos_6.24/chinthacharan_DV-Interview-Prep-Guide/important_questions.sv(301): Empty Port in Module Declaration
[ERROR (VERI-1128)] /home/rk6650/VeriTriples/malik2627research/repos_6.24/chinthacharan_DV-Interview-Prep-Guide/important_questions.sv(305): 'clk' is not declared
[ERROR (VERI-1128)] /home/rk6650/VeriTriples/malik2627research/repos_6.24/chinthacharan_DV-Interview-Prep-Guide/important_questions.sv(306): 'reset' is not declared
[ERROR (VERI-1128)] /home/rk6650/VeriTriples/malik2627research/repos_6.24/chinthacharan_DV-Interview-Prep-Guide/important_questions.sv(310): 'bit_in' is not declared
[ERROR (VERI-1128)] /home/rk6650/VeriTriples/malik2627research/repos_6.24/chinthacharan_DV-Interview-Prep-Guide/important_questions.sv(314): 'last' is not declared
[ERROR (VERI-1072)] /home/rk6650/VeriTriples/malik2627research/repos_6.24/chinthacharan_DV-Interview-Prep-Guide/important_questions.sv(315): module 'div_by_5_checker' ignored due to previous errors
[WARN (VERI-1049)] /home/rk6650/VeriTriples/malik2627research/repos_6.24/chinthacharan_DV-Interview-Prep-Guide/important_questions.sv(323): /* in comment
[ERROR (VERI-1137)] /home/rk6650/VeriTriples/malik2627research/repos_6.24/chinthacharan_DV-Interview-Prep-Guide/important_questions.sv(560): syntax error near 'if'
[ERROR (VERI-2344)] /home/rk6650/VeriTriples/malik2627research/repos_6.24/chinthacharan_DV-Interview-Prep-Guide/important_questions.sv(560): SystemVerilog 2005 keyword if used in incorrect context
Summary of errors detected:
	[ERROR (VERI-1128)] /home/rk6650/VeriTriples/malik2627research/repos_6.24/chinthacharan_DV-Interview-Prep-Guide/important_questions.sv(289): 'clk' is not declared
	[ERROR (VERI-1128)] /home/rk6650/VeriTriples/malik2627research/repos_6.24/chinthacharan_DV-Interview-Prep-Guide/important_questions.sv(290): 'reset' is not declared
	[ERROR (VERI-1128)] /home/rk6650/VeriTriples/malik2627research/repos_6.24/chinthacharan_DV-Interview-Prep-Guide/important_questions.sv(293): 'bit_in' is not declared
	[ERROR (VERI-1128)] /home/rk6650/VeriTriples/malik2627research/repos_6.24/chinthacharan_DV-Interview-Prep-Guide/important_questions.sv(297): 'last' is not declared
	[ERROR (VERI-1072)] /home/rk6650/VeriTriples/malik2627research/repos_6.24/chinthacharan_DV-Interview-Prep-Guide/important_questions.sv(298): module 'div_by_5' ignored due to previous errors
	[ERROR (VERI-1128)] /home/rk6650/VeriTriples/malik2627research/repos_6.24/chinthacharan_DV-Interview-Prep-Guide/important_questions.sv(305): 'clk' is not declared
	[ERROR (VERI-1128)] /home/rk6650/VeriTriples/malik2627research/repos_6.24/chinthacharan_DV-Interview-Prep-Guide/important_questions.sv(306): 'reset' is not declared
	[ERROR (VERI-1128)] /home/rk6650/VeriTriples/malik2627research/repos_6.24/chinthacharan_DV-Interview-Prep-Guide/important_questions.sv(310): 'bit_in' is not declared
	[ERROR (VERI-1128)] /home/rk6650/VeriTriples/malik2627research/repos_6.24/chinthacharan_DV-Interview-Prep-Guide/important_questions.sv(314): 'last' is not declared
	[ERROR (VERI-1072)] /home/rk6650/VeriTriples/malik2627research/repos_6.24/chinthacharan_DV-Interview-Prep-Guide/important_questions.sv(315): module 'div_by_5_checker' ignored due to previous errors
	[ERROR (VERI-1137)] /home/rk6650/VeriTriples/malik2627research/repos_6.24/chinthacharan_DV-Interview-Prep-Guide/important_questions.sv(560): syntax error near 'if'
	[ERROR (VERI-2344)] /home/rk6650/VeriTriples/malik2627research/repos_6.24/chinthacharan_DV-Interview-Prep-Guide/important_questions.sv(560): SystemVerilog 2005 keyword if used in incorrect context
1
% 
% 
%             if {[catch {elaborate -top synchronizer} err]} {
            puts "ELAB ERROR: $err"
            exit
            }
INFO (ISW003): Top module name is "synchronizer".
[ERROR (VERI-9029)] Module synchronizer has not been analyzed yet
[ERROR (VDB-9017)] Module synchronizer could not be elaborated
Summary of errors detected:
	[ERROR (VERI-9029)] Module synchronizer has not been analyzed yet
	[ERROR (VDB-9017)] Module synchronizer could not be elaborated
ELAB ERROR: ERROR (ENL034): 2 errors detected in the design file(s).

% INFO (IPL005): Received request to exit from the console.
INFO (IPL018): The peak resident set memory use for this session was 0.000 GB.
INFO (IPL014): Waiting for the Tcl-thread to exit.
INFO (IPL015): The Tcl-thread exited with status 0.
INFO (IPL016): Exiting the analysis session with status 0.
