JasperGold Apps 2021.03 FCS 64 bits 2021.03.23 02:50:43 UTC

Any disclosure about the Cadence Design Systems software or its use
model to any third party violates the written Non-Disclosure Agreement
between Cadence Design Systems, Inc. and the customer.

THIS SOFTWARE CONTAINS CONFIDENTIAL INFORMATION AND TRADE SECRETS OF
CADENCE DESIGN SYSTEMS, INC. USE, DISCLOSURE, OR REPRODUCTION IS
PROHIBITED WITHOUT THE PRIOR EXPRESS WRITTEN PERMISSION OF CADENCE
DESIGN SYSTEMS, INC.

Copyright (C) 2000-2021 Cadence Design Systems, Inc. All Rights
Reserved.  Unpublished -- rights reserved under the copyright laws of
the United States.

This product includes software developed by others and redistributed
according to license agreement. See doc/third_party_readme.txt for
further details.

RESTRICTED RIGHTS LEGEND

Use, duplication, or disclosure by the Government is subject to
restrictions as set forth in subparagraph (c) (1) (ii) of the Rights in
Technical Data and Computer Software clause at DFARS 252.227-7013 or
subparagraphs (c) (1) and (2) of Commercial Computer Software -- Restricted
Rights at 48 CFR 52.227-19, as applicable.


                          Cadence Design Systems, Inc. 
                          2655 Seely Avenue
                          San Jose, CA 95134
                          Phone: 408.943.1234

For technical assistance visit http://support.cadence.com.

JasperGold Apps Analysis Session - /home/rk6650/VeriTriples/malik2627research/repos_6.24/anothermist_LIBRARIES/jgproject/sessionLogs/session_0

INFO: successfully checked out license "jasper_fao".
INFO: reading configuration file "/home/rk6650/.config/jasper/jaspergold.conf".
% clear -all
INFO (IPF121): Cleared environment completely for new design analysis.
% 
% catch { analyze -sv -incdir /home/rk6650/VeriTriples/malik2627research/repos_6.24/anothermist_LIBRARIES/XLR8Servo/extras/rtl -incdir /home/rk6650/VeriTriples/malik2627research -incdir /home/rk6650/VeriTriples/malik2627research/XLR8Float/extras/rtl -incdir /home/rk6650/VeriTriples/malik2627research/XLR8Float/extras/rtl/xlr8_float -incdir /home/rk6650/VeriTriples/malik2627research/XLR8NeoPixel/extras/modelsim -incdir /home/rk6650/VeriTriples/malik2627research/XLR8NeoPixel/extras/rtl -incdir /home/rk6650/VeriTriples/malik2627research/XLR8NeoPixel/extras/rtl/ram2p1024x36 -incdir /home/rk6650/VeriTriples/malik2627research/XLR8Servo/extras/rtl /home/rk6650/VeriTriples/malik2627research/repos_6.24/anothermist_LIBRARIES/XLR8NeoPixel/extras/modelsim/xlr8_sim_support.sv }
[-- (VERI-1482)] Analyzing Verilog file '/usr/licensed/cadence-20210126/jasper_2021.03/lib/verilog/packages/std/std.sv' into library 'std'
[-- (VERI-1482)] Analyzing Verilog file '/home/rk6650/VeriTriples/malik2627research/repos_6.24/anothermist_LIBRARIES/XLR8NeoPixel/extras/modelsim/xlr8_sim_support.sv'
0
% catch { analyze -sv -incdir /home/rk6650/VeriTriples/malik2627research/repos_6.24/anothermist_LIBRARIES/XLR8Servo/extras/rtl -incdir /home/rk6650/VeriTriples/malik2627research -incdir /home/rk6650/VeriTriples/malik2627research/XLR8Float/extras/rtl -incdir /home/rk6650/VeriTriples/malik2627research/XLR8Float/extras/rtl/xlr8_float -incdir /home/rk6650/VeriTriples/malik2627research/XLR8NeoPixel/extras/modelsim -incdir /home/rk6650/VeriTriples/malik2627research/XLR8NeoPixel/extras/rtl -incdir /home/rk6650/VeriTriples/malik2627research/XLR8NeoPixel/extras/rtl/ram2p1024x36 -incdir /home/rk6650/VeriTriples/malik2627research/XLR8Servo/extras/rtl /home/rk6650/VeriTriples/malik2627research/repos_6.24/anothermist_LIBRARIES/XLR8NeoPixel/extras/modelsim/xlr8_tb.sv }
[-- (VERI-1482)] Analyzing Verilog file '/home/rk6650/VeriTriples/malik2627research/repos_6.24/anothermist_LIBRARIES/XLR8NeoPixel/extras/modelsim/xlr8_tb.sv'
[ERROR (VERI-1245)] /home/rk6650/VeriTriples/malik2627research/repos_6.24/anothermist_LIBRARIES/XLR8NeoPixel/extras/modelsim/xlr8_tb.sv(22): cannot open include file 'avr_adr_pack.vh'
[ERROR (VERI-1072)] /home/rk6650/VeriTriples/malik2627research/repos_6.24/anothermist_LIBRARIES/XLR8NeoPixel/extras/modelsim/xlr8_tb.sv(94): module 'xlr8_tb' ignored due to previous errors
Summary of errors detected:
	[ERROR (VERI-1245)] /home/rk6650/VeriTriples/malik2627research/repos_6.24/anothermist_LIBRARIES/XLR8NeoPixel/extras/modelsim/xlr8_tb.sv(22): cannot open include file 'avr_adr_pack.vh'
	[ERROR (VERI-1072)] /home/rk6650/VeriTriples/malik2627research/repos_6.24/anothermist_LIBRARIES/XLR8NeoPixel/extras/modelsim/xlr8_tb.sv(94): module 'xlr8_tb' ignored due to previous errors
1
% 
% catch { analyze -sv -incdir /home/rk6650/VeriTriples/malik2627research/repos_6.24/anothermist_LIBRARIES/XLR8Servo/extras/rtl -incdir /home/rk6650/VeriTriples/malik2627research -incdir /home/rk6650/VeriTriples/malik2627research/XLR8Float/extras/rtl -incdir /home/rk6650/VeriTriples/malik2627research/XLR8Float/extras/rtl/xlr8_float -incdir /home/rk6650/VeriTriples/malik2627research/XLR8NeoPixel/extras/modelsim -incdir /home/rk6650/VeriTriples/malik2627research/XLR8NeoPixel/extras/rtl -incdir /home/rk6650/VeriTriples/malik2627research/XLR8NeoPixel/extras/rtl/ram2p1024x36 -incdir /home/rk6650/VeriTriples/malik2627research/XLR8Servo/extras/rtl /home/rk6650/VeriTriples/malik2627research/repos_6.24/anothermist_LIBRARIES/XLR8Servo/extras/rtl/xlr8_top.v }
[-- (VERI-1482)] Analyzing Verilog file '/home/rk6650/VeriTriples/malik2627research/repos_6.24/anothermist_LIBRARIES/XLR8Servo/extras/rtl/xlr8_top.v'
[ERROR (VERI-1245)] /home/rk6650/VeriTriples/malik2627research/repos_6.24/anothermist_LIBRARIES/XLR8Servo/extras/rtl/xlr8_top.v(64): cannot open include file 'avr_adr_pack.vh'
[INFO (VERI-1328)] /home/rk6650/VeriTriples/malik2627research/repos_6.24/anothermist_LIBRARIES/XLR8Servo/extras/rtl/xlr8_top.v(65): analyzing included file '/home/rk6650/VeriTriples/malik2627research/repos_6.24/anothermist_LIBRARIES/XLR8Servo/extras/rtl/xb_adr_pack.vh'
[ERROR (VERI-1128)] /home/rk6650/VeriTriples/malik2627research/repos_6.24/anothermist_LIBRARIES/XLR8Servo/extras/rtl/xlr8_top.v(220): 'PRR_ADDR' is not declared
[ERROR (VERI-1128)] /home/rk6650/VeriTriples/malik2627research/repos_6.24/anothermist_LIBRARIES/XLR8Servo/extras/rtl/xlr8_top.v(554): 'GPIOR0_Address' is not declared
[ERROR (VERI-1128)] /home/rk6650/VeriTriples/malik2627research/repos_6.24/anothermist_LIBRARIES/XLR8Servo/extras/rtl/xlr8_top.v(555): 'GPIOR1_Address' is not declared
[ERROR (VERI-1128)] /home/rk6650/VeriTriples/malik2627research/repos_6.24/anothermist_LIBRARIES/XLR8Servo/extras/rtl/xlr8_top.v(556): 'GPIOR2_Address' is not declared
[ERROR (VERI-1128)] /home/rk6650/VeriTriples/malik2627research/repos_6.24/anothermist_LIBRARIES/XLR8Servo/extras/rtl/xlr8_top.v(569): 'CLKSPD_ADDR' is not declared
[ERROR (VERI-1128)] /home/rk6650/VeriTriples/malik2627research/repos_6.24/anothermist_LIBRARIES/XLR8Servo/extras/rtl/xlr8_top.v(612): 'SVCR_ADDR' is not declared
[ERROR (VERI-1128)] /home/rk6650/VeriTriples/malik2627research/repos_6.24/anothermist_LIBRARIES/XLR8Servo/extras/rtl/xlr8_top.v(613): 'SVPWL_ADDR' is not declared
[ERROR (VERI-1128)] /home/rk6650/VeriTriples/malik2627research/repos_6.24/anothermist_LIBRARIES/XLR8Servo/extras/rtl/xlr8_top.v(614): 'SVPWH_ADDR' is not declared
[ERROR (VERI-1072)] /home/rk6650/VeriTriples/malik2627research/repos_6.24/anothermist_LIBRARIES/XLR8Servo/extras/rtl/xlr8_top.v(635): module 'xlr8_top' ignored due to previous errors
Summary of errors detected:
	[ERROR (VERI-1245)] /home/rk6650/VeriTriples/malik2627research/repos_6.24/anothermist_LIBRARIES/XLR8Servo/extras/rtl/xlr8_top.v(64): cannot open include file 'avr_adr_pack.vh'
	[ERROR (VERI-1128)] /home/rk6650/VeriTriples/malik2627research/repos_6.24/anothermist_LIBRARIES/XLR8Servo/extras/rtl/xlr8_top.v(220): 'PRR_ADDR' is not declared
	[ERROR (VERI-1128)] /home/rk6650/VeriTriples/malik2627research/repos_6.24/anothermist_LIBRARIES/XLR8Servo/extras/rtl/xlr8_top.v(554): 'GPIOR0_Address' is not declared
	[ERROR (VERI-1128)] /home/rk6650/VeriTriples/malik2627research/repos_6.24/anothermist_LIBRARIES/XLR8Servo/extras/rtl/xlr8_top.v(555): 'GPIOR1_Address' is not declared
	[ERROR (VERI-1128)] /home/rk6650/VeriTriples/malik2627research/repos_6.24/anothermist_LIBRARIES/XLR8Servo/extras/rtl/xlr8_top.v(556): 'GPIOR2_Address' is not declared
	[ERROR (VERI-1128)] /home/rk6650/VeriTriples/malik2627research/repos_6.24/anothermist_LIBRARIES/XLR8Servo/extras/rtl/xlr8_top.v(569): 'CLKSPD_ADDR' is not declared
	[ERROR (VERI-1128)] /home/rk6650/VeriTriples/malik2627research/repos_6.24/anothermist_LIBRARIES/XLR8Servo/extras/rtl/xlr8_top.v(612): 'SVCR_ADDR' is not declared
	[ERROR (VERI-1128)] /home/rk6650/VeriTriples/malik2627research/repos_6.24/anothermist_LIBRARIES/XLR8Servo/extras/rtl/xlr8_top.v(613): 'SVPWL_ADDR' is not declared
	[ERROR (VERI-1128)] /home/rk6650/VeriTriples/malik2627research/repos_6.24/anothermist_LIBRARIES/XLR8Servo/extras/rtl/xlr8_top.v(614): 'SVPWH_ADDR' is not declared
	[ERROR (VERI-1072)] /home/rk6650/VeriTriples/malik2627research/repos_6.24/anothermist_LIBRARIES/XLR8Servo/extras/rtl/xlr8_top.v(635): module 'xlr8_top' ignored due to previous errors
1
% catch { analyze -sv -incdir /home/rk6650/VeriTriples/malik2627research/repos_6.24/anothermist_LIBRARIES/XLR8Servo/extras/rtl -incdir /home/rk6650/VeriTriples/malik2627research -incdir /home/rk6650/VeriTriples/malik2627research/XLR8Float/extras/rtl -incdir /home/rk6650/VeriTriples/malik2627research/XLR8Float/extras/rtl/xlr8_float -incdir /home/rk6650/VeriTriples/malik2627research/XLR8NeoPixel/extras/modelsim -incdir /home/rk6650/VeriTriples/malik2627research/XLR8NeoPixel/extras/rtl -incdir /home/rk6650/VeriTriples/malik2627research/XLR8NeoPixel/extras/rtl/ram2p1024x36 -incdir /home/rk6650/VeriTriples/malik2627research/XLR8Servo/extras/rtl /home/rk6650/VeriTriples/malik2627research/repos_6.24/anothermist_LIBRARIES/XLR8Servo/extras/rtl/xlr8_servo.v }
[-- (VERI-1482)] Analyzing Verilog file '/home/rk6650/VeriTriples/malik2627research/repos_6.24/anothermist_LIBRARIES/XLR8Servo/extras/rtl/xlr8_servo.v'
0
% catch { analyze -sv -incdir /home/rk6650/VeriTriples/malik2627research/repos_6.24/anothermist_LIBRARIES/XLR8Servo/extras/rtl -incdir /home/rk6650/VeriTriples/malik2627research -incdir /home/rk6650/VeriTriples/malik2627research/XLR8Float/extras/rtl -incdir /home/rk6650/VeriTriples/malik2627research/XLR8Float/extras/rtl/xlr8_float -incdir /home/rk6650/VeriTriples/malik2627research/XLR8NeoPixel/extras/modelsim -incdir /home/rk6650/VeriTriples/malik2627research/XLR8NeoPixel/extras/rtl -incdir /home/rk6650/VeriTriples/malik2627research/XLR8NeoPixel/extras/rtl/ram2p1024x36 -incdir /home/rk6650/VeriTriples/malik2627research/XLR8Servo/extras/rtl /home/rk6650/VeriTriples/malik2627research/repos_6.24/anothermist_LIBRARIES/XLR8NeoPixel/extras/rtl/ram2p1024x36/ram2p1024x36_bb.v }
[-- (VERI-1482)] Analyzing Verilog file '/home/rk6650/VeriTriples/malik2627research/repos_6.24/anothermist_LIBRARIES/XLR8NeoPixel/extras/rtl/ram2p1024x36/ram2p1024x36_bb.v'
0
% catch { analyze -sv -incdir /home/rk6650/VeriTriples/malik2627research/repos_6.24/anothermist_LIBRARIES/XLR8Servo/extras/rtl -incdir /home/rk6650/VeriTriples/malik2627research -incdir /home/rk6650/VeriTriples/malik2627research/XLR8Float/extras/rtl -incdir /home/rk6650/VeriTriples/malik2627research/XLR8Float/extras/rtl/xlr8_float -incdir /home/rk6650/VeriTriples/malik2627research/XLR8NeoPixel/extras/modelsim -incdir /home/rk6650/VeriTriples/malik2627research/XLR8NeoPixel/extras/rtl -incdir /home/rk6650/VeriTriples/malik2627research/XLR8NeoPixel/extras/rtl/ram2p1024x36 -incdir /home/rk6650/VeriTriples/malik2627research/XLR8Servo/extras/rtl /home/rk6650/VeriTriples/malik2627research/repos_6.24/anothermist_LIBRARIES/XLR8NeoPixel/extras/modelsim/xlr8_board.v }
[-- (VERI-1482)] Analyzing Verilog file '/home/rk6650/VeriTriples/malik2627research/repos_6.24/anothermist_LIBRARIES/XLR8NeoPixel/extras/modelsim/xlr8_board.v'
0
% catch { analyze -sv -incdir /home/rk6650/VeriTriples/malik2627research/repos_6.24/anothermist_LIBRARIES/XLR8Servo/extras/rtl -incdir /home/rk6650/VeriTriples/malik2627research -incdir /home/rk6650/VeriTriples/malik2627research/XLR8Float/extras/rtl -incdir /home/rk6650/VeriTriples/malik2627research/XLR8Float/extras/rtl/xlr8_float -incdir /home/rk6650/VeriTriples/malik2627research/XLR8NeoPixel/extras/modelsim -incdir /home/rk6650/VeriTriples/malik2627research/XLR8NeoPixel/extras/rtl -incdir /home/rk6650/VeriTriples/malik2627research/XLR8NeoPixel/extras/rtl/ram2p1024x36 -incdir /home/rk6650/VeriTriples/malik2627research/XLR8Servo/extras/rtl /home/rk6650/VeriTriples/malik2627research/repos_6.24/anothermist_LIBRARIES/XLR8NeoPixel/extras/rtl/xlr8_neopixel.v }
[-- (VERI-1482)] Analyzing Verilog file '/home/rk6650/VeriTriples/malik2627research/repos_6.24/anothermist_LIBRARIES/XLR8NeoPixel/extras/rtl/xlr8_neopixel.v'
0
% 
% catch { analyze -sv -incdir /home/rk6650/VeriTriples/malik2627research/repos_6.24/anothermist_LIBRARIES/XLR8Servo/extras/rtl -incdir /home/rk6650/VeriTriples/malik2627research -incdir /home/rk6650/VeriTriples/malik2627research/XLR8Float/extras/rtl -incdir /home/rk6650/VeriTriples/malik2627research/XLR8Float/extras/rtl/xlr8_float -incdir /home/rk6650/VeriTriples/malik2627research/XLR8NeoPixel/extras/modelsim -incdir /home/rk6650/VeriTriples/malik2627research/XLR8NeoPixel/extras/rtl -incdir /home/rk6650/VeriTriples/malik2627research/XLR8NeoPixel/extras/rtl/ram2p1024x36 -incdir /home/rk6650/VeriTriples/malik2627research/XLR8Servo/extras/rtl /home/rk6650/VeriTriples/malik2627research/repos_6.24/anothermist_LIBRARIES/XLR8Servo/extras/rtl/xlr8_servo.v }
[-- (VERI-1482)] Analyzing Verilog file '/home/rk6650/VeriTriples/malik2627research/repos_6.24/anothermist_LIBRARIES/XLR8Servo/extras/rtl/xlr8_servo.v'
[WARN (VERI-1206)] /home/rk6650/VeriTriples/malik2627research/repos_6.24/anothermist_LIBRARIES/XLR8Servo/extras/rtl/xlr8_servo.v(260): overwriting previous definition of module 'xlr8_servo'
[INFO (VERI-2142)] /home/rk6650/VeriTriples/malik2627research/repos_6.24/anothermist_LIBRARIES/XLR8Servo/extras/rtl/xlr8_servo.v(260): previous definition of design element 'xlr8_servo' is here
0
% catch { analyze -sv -incdir /home/rk6650/VeriTriples/malik2627research/repos_6.24/anothermist_LIBRARIES/XLR8Servo/extras/rtl -incdir /home/rk6650/VeriTriples/malik2627research -incdir /home/rk6650/VeriTriples/malik2627research/XLR8Float/extras/rtl -incdir /home/rk6650/VeriTriples/malik2627research/XLR8Float/extras/rtl/xlr8_float -incdir /home/rk6650/VeriTriples/malik2627research/XLR8NeoPixel/extras/modelsim -incdir /home/rk6650/VeriTriples/malik2627research/XLR8NeoPixel/extras/rtl -incdir /home/rk6650/VeriTriples/malik2627research/XLR8NeoPixel/extras/rtl/ram2p1024x36 -incdir /home/rk6650/VeriTriples/malik2627research/XLR8Servo/extras/rtl /home/rk6650/VeriTriples/malik2627research/repos_6.24/anothermist_LIBRARIES/XLR8NeoPixel/extras/rtl/xlr8_neopixel.v }
[-- (VERI-1482)] Analyzing Verilog file '/home/rk6650/VeriTriples/malik2627research/repos_6.24/anothermist_LIBRARIES/XLR8NeoPixel/extras/rtl/xlr8_neopixel.v'
[WARN (VERI-1206)] /home/rk6650/VeriTriples/malik2627research/repos_6.24/anothermist_LIBRARIES/XLR8NeoPixel/extras/rtl/xlr8_neopixel.v(566): overwriting previous definition of module 'xlr8_neopixel'
[INFO (VERI-2142)] /home/rk6650/VeriTriples/malik2627research/repos_6.24/anothermist_LIBRARIES/XLR8NeoPixel/extras/rtl/xlr8_neopixel.v(566): previous definition of design element 'xlr8_neopixel' is here
0
% 
% 
%             if {[catch {elaborate -top xlr8_neopixel} err]} {
            puts "ELAB ERROR: $err"
            exit
            }
INFO (ISW003): Top module name is "xlr8_neopixel".
[INFO (HIER-8002)] /home/rk6650/VeriTriples/malik2627research/repos_6.24/anothermist_LIBRARIES/XLR8NeoPixel/extras/rtl/xlr8_neopixel.v(566): Disabling old hierarchical reference handler
[INFO (VERI-1018)] /home/rk6650/VeriTriples/malik2627research/repos_6.24/anothermist_LIBRARIES/XLR8NeoPixel/extras/rtl/ram2p1024x36/ram2p1024x36_bb.v(35): compiling module 'ram2p1024x36'
[INFO (VERI-1018)] /home/rk6650/VeriTriples/malik2627research/repos_6.24/anothermist_LIBRARIES/XLR8NeoPixel/extras/rtl/xlr8_neopixel.v(148): compiling module 'xlr8_neopixel'
[WARN (VERI-1209)] /home/rk6650/VeriTriples/malik2627research/repos_6.24/anothermist_LIBRARIES/XLR8NeoPixel/extras/rtl/xlr8_neopixel.v(354): expression size 16 truncated to fit in target size 10
[WARN (VERI-1209)] /home/rk6650/VeriTriples/malik2627research/repos_6.24/anothermist_LIBRARIES/XLR8NeoPixel/extras/rtl/xlr8_neopixel.v(522): expression size 16 truncated to fit in target size 8
INFO (INL208): Elaboration synthesis summary:
  Number of synthesized netlists          2 (0 packages)
  Single run mode                         On
  Pipeline                                On (2 pipelined netlists)
  Late hierarchical reference connection  On
  Number of analyzed Verilog modules      5 (2 synthesized)
  Number of analyzed VHDL entities        0 (0 synthesized)
WARNING (WNL018): /home/rk6650/VeriTriples/malik2627research/repos_6.24/anothermist_LIBRARIES/XLR8NeoPixel/extras/rtl/xlr8_neopixel.v(522): multiply mult_16u_16u (size 32) automatically black boxed.
    Use the "elaborate -bbox_mul" command to prevent automatic black-boxing.
INFO (INL003): Clearing all state information (assumes, stopats, and so forth).
[<embedded>] %         
[<embedded>] %         clock -infer
INFO (ICK007): The tool has inferred "clk" as a primary clock.
WARNING (WCK024): All inferred clocks were declared with both factor and phase equal to 1.
clk
[<embedded>] %         clock -list
User-defined clocks:
------------
0:	clk clk 1 1
------------
Rated : 
------------

clk
[<embedded>] %         reset -list
[<embedded>] %         prove -all -time_limit 30s
Ncustom1: Custom engine code is hT3Ng7hPPfiYQOTDZ3qhYOwGAM51eA+J/FjkM5shLioAsqhgLR4Ft+O1BuKG6ilQ83B9tLXSl+CwjiTMAQA
AMcustom2: Custom engine code is hT3Ng7hP/feYQOTDZ3qhYOwGAM51eA+J/FjkM5shLioAsqhgLR4Ft+O1BuKG6ilQ83B9tLXSmmqwm7g9AQA

==============================================================
SUMMARY
==============================================================
           Properties Considered              : 0
                 assertions                   : 0
                  - proven                    : 0
                  - bounded_proven (user)     : 0
                  - bounded_proven (auto)     : 0
                  - marked_proven             : 0
                  - cex                       : 0
                  - ar_cex                    : 0
                  - undetermined              : 0
                  - unknown                   : 0
                  - error                     : 0
                 covers                       : 0
                  - unreachable               : 0
                  - bounded_unreachable (user): 0
                  - covered                   : 0
                  - ar_covered                : 0
                  - undetermined              : 0
                  - unknown                   : 0
                  - error                     : 0
no_properties
[<embedded>] %         report -all -out jasper_runs_6.24/anothermist_LIBRARIES/proj_0/results.rpt
ERROR (ESW087): No such switch "-out".

ERROR: problem encountered at line 25 in file /home/rk6650/VeriTriples/malik2627research/jasper_runs_6.24/anothermist_LIBRARIES/proj_0/run.tcl

[<embedded>] % INFO (IPL005): Received request to exit from the console.
INFO: Waiting for proof threads to stop...
INFO: Proof threads stopped.
INFO (IPL018): The peak resident set memory use for this session was 0.422 GB.
INFO (IPL014): Waiting for the Tcl-thread to exit.
INFO (IPL015): The Tcl-thread exited with status 1.
INFO (IPL016): Exiting the analysis session with status 1.
