JasperGold Apps 2021.03 FCS 64 bits 2021.03.23 02:50:43 UTC

Any disclosure about the Cadence Design Systems software or its use
model to any third party violates the written Non-Disclosure Agreement
between Cadence Design Systems, Inc. and the customer.

THIS SOFTWARE CONTAINS CONFIDENTIAL INFORMATION AND TRADE SECRETS OF
CADENCE DESIGN SYSTEMS, INC. USE, DISCLOSURE, OR REPRODUCTION IS
PROHIBITED WITHOUT THE PRIOR EXPRESS WRITTEN PERMISSION OF CADENCE
DESIGN SYSTEMS, INC.

Copyright (C) 2000-2021 Cadence Design Systems, Inc. All Rights
Reserved.  Unpublished -- rights reserved under the copyright laws of
the United States.

This product includes software developed by others and redistributed
according to license agreement. See doc/third_party_readme.txt for
further details.

RESTRICTED RIGHTS LEGEND

Use, duplication, or disclosure by the Government is subject to
restrictions as set forth in subparagraph (c) (1) (ii) of the Rights in
Technical Data and Computer Software clause at DFARS 252.227-7013 or
subparagraphs (c) (1) and (2) of Commercial Computer Software -- Restricted
Rights at 48 CFR 52.227-19, as applicable.


                          Cadence Design Systems, Inc. 
                          2655 Seely Avenue
                          San Jose, CA 95134
                          Phone: 408.943.1234

For technical assistance visit http://support.cadence.com.

JasperGold Apps Analysis Session - /home/rk6650/VeriTriples/malik2627research/repos_6.24/ic-lab-duth_DRIM-S/jgproject/sessionLogs/session_0

INFO: successfully checked out license "jasper_fao".
INFO: reading configuration file "/home/rk6650/.config/jasper/jaspergold.conf".
% clear -all
INFO (IPF121): Cleared environment completely for new design analysis.
% 
% catch { analyze -sv -incdir /home/rk6650/VeriTriples/malik2627research/repos_6.24/ic-lab-duth_DRIM-S/rtl -incdir /home/rk6650/VeriTriples/malik2627research -incdir /home/rk6650/VeriTriples/malik2627research/rig_tb/tb/top_tb/sv -incdir /home/rk6650/VeriTriples/malik2627research/rtl -incdir /home/rk6650/VeriTriples/malik2627research/sim /home/rk6650/VeriTriples/malik2627research/repos_6.24/ic-lab-duth_DRIM-S/rtl/btb.sv }
[-- (VERI-1482)] Analyzing Verilog file '/usr/licensed/cadence-20210126/jasper_2021.03/lib/verilog/packages/std/std.sv' into library 'std'
[-- (VERI-1482)] Analyzing Verilog file '/home/rk6650/VeriTriples/malik2627research/repos_6.24/ic-lab-duth_DRIM-S/rtl/btb.sv'
0
% catch { analyze -sv -incdir /home/rk6650/VeriTriples/malik2627research/repos_6.24/ic-lab-duth_DRIM-S/rtl -incdir /home/rk6650/VeriTriples/malik2627research -incdir /home/rk6650/VeriTriples/malik2627research/rig_tb/tb/top_tb/sv -incdir /home/rk6650/VeriTriples/malik2627research/rtl -incdir /home/rk6650/VeriTriples/malik2627research/sim /home/rk6650/VeriTriples/malik2627research/repos_6.24/ic-lab-duth_DRIM-S/rtl/vector_top.sv }
[-- (VERI-1482)] Analyzing Verilog file '/home/rk6650/VeriTriples/malik2627research/repos_6.24/ic-lab-duth_DRIM-S/rtl/vector_top.sv'
[ERROR (VERI-1128)] /home/rk6650/VeriTriples/malik2627research/repos_6.24/ic-lab-duth_DRIM-S/rtl/vector_top.sv(20): 'to_vector' is not declared
[ERROR (VERI-1072)] /home/rk6650/VeriTriples/malik2627research/repos_6.24/ic-lab-duth_DRIM-S/rtl/vector_top.sv(27): module 'vector_top' ignored due to previous errors
Summary of errors detected:
	[ERROR (VERI-1128)] /home/rk6650/VeriTriples/malik2627research/repos_6.24/ic-lab-duth_DRIM-S/rtl/vector_top.sv(20): 'to_vector' is not declared
	[ERROR (VERI-1072)] /home/rk6650/VeriTriples/malik2627research/repos_6.24/ic-lab-duth_DRIM-S/rtl/vector_top.sv(27): module 'vector_top' ignored due to previous errors
1
% catch { analyze -sv -incdir /home/rk6650/VeriTriples/malik2627research/repos_6.24/ic-lab-duth_DRIM-S/rtl -incdir /home/rk6650/VeriTriples/malik2627research -incdir /home/rk6650/VeriTriples/malik2627research/rig_tb/tb/top_tb/sv -incdir /home/rk6650/VeriTriples/malik2627research/rtl -incdir /home/rk6650/VeriTriples/malik2627research/sim /home/rk6650/VeriTriples/malik2627research/repos_6.24/ic-lab-duth_DRIM-S/rtl/execution.sv }
[-- (VERI-1482)] Analyzing Verilog file '/home/rk6650/VeriTriples/malik2627research/repos_6.24/ic-lab-duth_DRIM-S/rtl/execution.sv'
[ERROR (VERI-1128)] /home/rk6650/VeriTriples/malik2627research/repos_6.24/ic-lab-duth_DRIM-S/rtl/execution.sv(42): 'to_execution' is not declared
[ERROR (VERI-1128)] /home/rk6650/VeriTriples/malik2627research/repos_6.24/ic-lab-duth_DRIM-S/rtl/execution.sv(43): 'ex_update' is not declared
[ERROR (VERI-1128)] /home/rk6650/VeriTriples/malik2627research/repos_6.24/ic-lab-duth_DRIM-S/rtl/execution.sv(68): 'ex_update' is not declared
[ERROR (VERI-1128)] /home/rk6650/VeriTriples/malik2627research/repos_6.24/ic-lab-duth_DRIM-S/rtl/execution.sv(69): 'predictor_update' is not declared
[ERROR (VERI-1128)] /home/rk6650/VeriTriples/malik2627research/repos_6.24/ic-lab-duth_DRIM-S/rtl/execution.sv(71): 'writeback_toARF' is not declared
[ERROR (VERI-1128)] /home/rk6650/VeriTriples/malik2627research/repos_6.24/ic-lab-duth_DRIM-S/rtl/execution.sv(72): 'writeback_toARF' is not declared
[ERROR (VERI-1072)] /home/rk6650/VeriTriples/malik2627research/repos_6.24/ic-lab-duth_DRIM-S/rtl/execution.sv(207): module 'execution' ignored due to previous errors
Summary of errors detected:
	[ERROR (VERI-1128)] /home/rk6650/VeriTriples/malik2627research/repos_6.24/ic-lab-duth_DRIM-S/rtl/execution.sv(42): 'to_execution' is not declared
	[ERROR (VERI-1128)] /home/rk6650/VeriTriples/malik2627research/repos_6.24/ic-lab-duth_DRIM-S/rtl/execution.sv(43): 'ex_update' is not declared
	[ERROR (VERI-1128)] /home/rk6650/VeriTriples/malik2627research/repos_6.24/ic-lab-duth_DRIM-S/rtl/execution.sv(68): 'ex_update' is not declared
	[ERROR (VERI-1128)] /home/rk6650/VeriTriples/malik2627research/repos_6.24/ic-lab-duth_DRIM-S/rtl/execution.sv(69): 'predictor_update' is not declared
	[ERROR (VERI-1128)] /home/rk6650/VeriTriples/malik2627research/repos_6.24/ic-lab-duth_DRIM-S/rtl/execution.sv(71): 'writeback_toARF' is not declared
	[ERROR (VERI-1128)] /home/rk6650/VeriTriples/malik2627research/repos_6.24/ic-lab-duth_DRIM-S/rtl/execution.sv(72): 'writeback_toARF' is not declared
	[ERROR (VERI-1072)] /home/rk6650/VeriTriples/malik2627research/repos_6.24/ic-lab-duth_DRIM-S/rtl/execution.sv(207): module 'execution' ignored due to previous errors
1
% catch { analyze -sv -incdir /home/rk6650/VeriTriples/malik2627research/repos_6.24/ic-lab-duth_DRIM-S/rtl -incdir /home/rk6650/VeriTriples/malik2627research -incdir /home/rk6650/VeriTriples/malik2627research/rig_tb/tb/top_tb/sv -incdir /home/rk6650/VeriTriples/malik2627research/rtl -incdir /home/rk6650/VeriTriples/malik2627research/sim /home/rk6650/VeriTriples/malik2627research/repos_6.24/ic-lab-duth_DRIM-S/rtl/processor_top.sv }
[-- (VERI-1482)] Analyzing Verilog file '/home/rk6650/VeriTriples/malik2627research/repos_6.24/ic-lab-duth_DRIM-S/rtl/processor_top.sv'
[ERROR (VERI-1128)] /home/rk6650/VeriTriples/malik2627research/repos_6.24/ic-lab-duth_DRIM-S/rtl/processor_top.sv(56): 'ex_update' is not declared
[ERROR (VERI-1072)] /home/rk6650/VeriTriples/malik2627research/repos_6.24/ic-lab-duth_DRIM-S/rtl/processor_top.sv(689): module 'processor_top' ignored due to previous errors
Summary of errors detected:
	[ERROR (VERI-1128)] /home/rk6650/VeriTriples/malik2627research/repos_6.24/ic-lab-duth_DRIM-S/rtl/processor_top.sv(56): 'ex_update' is not declared
	[ERROR (VERI-1072)] /home/rk6650/VeriTriples/malik2627research/repos_6.24/ic-lab-duth_DRIM-S/rtl/processor_top.sv(689): module 'processor_top' ignored due to previous errors
1
% catch { analyze -sv -incdir /home/rk6650/VeriTriples/malik2627research/repos_6.24/ic-lab-duth_DRIM-S/rtl -incdir /home/rk6650/VeriTriples/malik2627research -incdir /home/rk6650/VeriTriples/malik2627research/rig_tb/tb/top_tb/sv -incdir /home/rk6650/VeriTriples/malik2627research/rtl -incdir /home/rk6650/VeriTriples/malik2627research/sim /home/rk6650/VeriTriples/malik2627research/repos_6.24/ic-lab-duth_DRIM-S/rtl/load_store_unit.sv }
[-- (VERI-1482)] Analyzing Verilog file '/home/rk6650/VeriTriples/malik2627research/repos_6.24/ic-lab-duth_DRIM-S/rtl/load_store_unit.sv'
[ERROR (VERI-1128)] /home/rk6650/VeriTriples/malik2627research/repos_6.24/ic-lab-duth_DRIM-S/rtl/load_store_unit.sv(29): 'to_execution' is not declared
[ERROR (VERI-1128)] /home/rk6650/VeriTriples/malik2627research/repos_6.24/ic-lab-duth_DRIM-S/rtl/load_store_unit.sv(30): 'ex_update' is not declared
[ERROR (VERI-1128)] /home/rk6650/VeriTriples/malik2627research/repos_6.24/ic-lab-duth_DRIM-S/rtl/load_store_unit.sv(54): 'ex_update' is not declared
[ERROR (VERI-1072)] /home/rk6650/VeriTriples/malik2627research/repos_6.24/ic-lab-duth_DRIM-S/rtl/load_store_unit.sv(202): module 'load_store_unit' ignored due to previous errors
Summary of errors detected:
	[ERROR (VERI-1128)] /home/rk6650/VeriTriples/malik2627research/repos_6.24/ic-lab-duth_DRIM-S/rtl/load_store_unit.sv(29): 'to_execution' is not declared
	[ERROR (VERI-1128)] /home/rk6650/VeriTriples/malik2627research/repos_6.24/ic-lab-duth_DRIM-S/rtl/load_store_unit.sv(30): 'ex_update' is not declared
	[ERROR (VERI-1128)] /home/rk6650/VeriTriples/malik2627research/repos_6.24/ic-lab-duth_DRIM-S/rtl/load_store_unit.sv(54): 'ex_update' is not declared
	[ERROR (VERI-1072)] /home/rk6650/VeriTriples/malik2627research/repos_6.24/ic-lab-duth_DRIM-S/rtl/load_store_unit.sv(202): module 'load_store_unit' ignored due to previous errors
1
% catch { analyze -sv -incdir /home/rk6650/VeriTriples/malik2627research/repos_6.24/ic-lab-duth_DRIM-S/rtl -incdir /home/rk6650/VeriTriples/malik2627research -incdir /home/rk6650/VeriTriples/malik2627research/rig_tb/tb/top_tb/sv -incdir /home/rk6650/VeriTriples/malik2627research/rtl -incdir /home/rk6650/VeriTriples/malik2627research/sim /home/rk6650/VeriTriples/malik2627research/repos_6.24/ic-lab-duth_DRIM-S/rtl/module_top.sv }
[-- (VERI-1482)] Analyzing Verilog file '/home/rk6650/VeriTriples/malik2627research/repos_6.24/ic-lab-duth_DRIM-S/rtl/module_top.sv'
[WARN (VERI-2271)] /home/rk6650/VeriTriples/malik2627research/repos_6.24/ic-lab-duth_DRIM-S/rtl/module_top.sv(42): 4294901760 as 32-bit signed integer overflows, using -65536 instead
0
% catch { analyze -sv -incdir /home/rk6650/VeriTriples/malik2627research/repos_6.24/ic-lab-duth_DRIM-S/rtl -incdir /home/rk6650/VeriTriples/malik2627research -incdir /home/rk6650/VeriTriples/malik2627research/rig_tb/tb/top_tb/sv -incdir /home/rk6650/VeriTriples/malik2627research/rtl -incdir /home/rk6650/VeriTriples/malik2627research/sim /home/rk6650/VeriTriples/malik2627research/repos_6.24/ic-lab-duth_DRIM-S/rtl/arbiter.sv }
[-- (VERI-1482)] Analyzing Verilog file '/home/rk6650/VeriTriples/malik2627research/repos_6.24/ic-lab-duth_DRIM-S/rtl/arbiter.sv'
0
% catch { analyze -sv -incdir /home/rk6650/VeriTriples/malik2627research/repos_6.24/ic-lab-duth_DRIM-S/rtl -incdir /home/rk6650/VeriTriples/malik2627research -incdir /home/rk6650/VeriTriples/malik2627research/rig_tb/tb/top_tb/sv -incdir /home/rk6650/VeriTriples/malik2627research/rtl -incdir /home/rk6650/VeriTriples/malik2627research/sim /home/rk6650/VeriTriples/malik2627research/repos_6.24/ic-lab-duth_DRIM-S/rtl/rat.sv }
[-- (VERI-1482)] Analyzing Verilog file '/home/rk6650/VeriTriples/malik2627research/repos_6.24/ic-lab-duth_DRIM-S/rtl/rat.sv'
0
% catch { analyze -sv -incdir /home/rk6650/VeriTriples/malik2627research/repos_6.24/ic-lab-duth_DRIM-S/rtl -incdir /home/rk6650/VeriTriples/malik2627research -incdir /home/rk6650/VeriTriples/malik2627research/rig_tb/tb/top_tb/sv -incdir /home/rk6650/VeriTriples/malik2627research/rtl -incdir /home/rk6650/VeriTriples/malik2627research/sim /home/rk6650/VeriTriples/malik2627research/repos_6.24/ic-lab-duth_DRIM-S/rtl/onehot_detect.sv }
[-- (VERI-1482)] Analyzing Verilog file '/home/rk6650/VeriTriples/malik2627research/repos_6.24/ic-lab-duth_DRIM-S/rtl/onehot_detect.sv'
0
% catch { analyze -sv -incdir /home/rk6650/VeriTriples/malik2627research/repos_6.24/ic-lab-duth_DRIM-S/rtl -incdir /home/rk6650/VeriTriples/malik2627research -incdir /home/rk6650/VeriTriples/malik2627research/rig_tb/tb/top_tb/sv -incdir /home/rk6650/VeriTriples/malik2627research/rtl -incdir /home/rk6650/VeriTriples/malik2627research/sim /home/rk6650/VeriTriples/malik2627research/repos_6.24/ic-lab-duth_DRIM-S/rtl/issue.sv }
[-- (VERI-1482)] Analyzing Verilog file '/home/rk6650/VeriTriples/malik2627research/repos_6.24/ic-lab-duth_DRIM-S/rtl/issue.sv'
[ERROR (VERI-1128)] /home/rk6650/VeriTriples/malik2627research/repos_6.24/ic-lab-duth_DRIM-S/rtl/issue.sv(38): 'renamed_instr' is not declared
[ERROR (VERI-1128)] /home/rk6650/VeriTriples/malik2627research/repos_6.24/ic-lab-duth_DRIM-S/rtl/issue.sv(40): 'renamed_instr' is not declared
[ERROR (VERI-1128)] /home/rk6650/VeriTriples/malik2627research/repos_6.24/ic-lab-duth_DRIM-S/rtl/issue.sv(47): 'writeback_toARF' is not declared
[ERROR (VERI-1128)] /home/rk6650/VeriTriples/malik2627research/repos_6.24/ic-lab-duth_DRIM-S/rtl/issue.sv(48): 'writeback_toARF' is not declared
[ERROR (VERI-1128)] /home/rk6650/VeriTriples/malik2627research/repos_6.24/ic-lab-duth_DRIM-S/rtl/issue.sv(50): 'predictor_update' is not declared
[ERROR (VERI-1128)] /home/rk6650/VeriTriples/malik2627research/repos_6.24/ic-lab-duth_DRIM-S/rtl/issue.sv(56): 'ex_update' is not declared
[ERROR (VERI-1128)] /home/rk6650/VeriTriples/malik2627research/repos_6.24/ic-lab-duth_DRIM-S/rtl/issue.sv(57): 'ex_update' is not declared
[ERROR (VERI-1128)] /home/rk6650/VeriTriples/malik2627research/repos_6.24/ic-lab-duth_DRIM-S/rtl/issue.sv(62): 'to_execution' is not declared
[ERROR (VERI-1128)] /home/rk6650/VeriTriples/malik2627research/repos_6.24/ic-lab-duth_DRIM-S/rtl/issue.sv(63): 'to_vector' is not declared
[ERROR (VERI-1072)] /home/rk6650/VeriTriples/malik2627research/repos_6.24/ic-lab-duth_DRIM-S/rtl/issue.sv(495): module 'issue' ignored due to previous errors
Summary of errors detected:
	[ERROR (VERI-1128)] /home/rk6650/VeriTriples/malik2627research/repos_6.24/ic-lab-duth_DRIM-S/rtl/issue.sv(38): 'renamed_instr' is not declared
	[ERROR (VERI-1128)] /home/rk6650/VeriTriples/malik2627research/repos_6.24/ic-lab-duth_DRIM-S/rtl/issue.sv(40): 'renamed_instr' is not declared
	[ERROR (VERI-1128)] /home/rk6650/VeriTriples/malik2627research/repos_6.24/ic-lab-duth_DRIM-S/rtl/issue.sv(47): 'writeback_toARF' is not declared
	[ERROR (VERI-1128)] /home/rk6650/VeriTriples/malik2627research/repos_6.24/ic-lab-duth_DRIM-S/rtl/issue.sv(48): 'writeback_toARF' is not declared
	[ERROR (VERI-1128)] /home/rk6650/VeriTriples/malik2627research/repos_6.24/ic-lab-duth_DRIM-S/rtl/issue.sv(50): 'predictor_update' is not declared
	[ERROR (VERI-1128)] /home/rk6650/VeriTriples/malik2627research/repos_6.24/ic-lab-duth_DRIM-S/rtl/issue.sv(56): 'ex_update' is not declared
	[ERROR (VERI-1128)] /home/rk6650/VeriTriples/malik2627research/repos_6.24/ic-lab-duth_DRIM-S/rtl/issue.sv(57): 'ex_update' is not declared
	[ERROR (VERI-1128)] /home/rk6650/VeriTriples/malik2627research/repos_6.24/ic-lab-duth_DRIM-S/rtl/issue.sv(62): 'to_execution' is not declared
	[ERROR (VERI-1128)] /home/rk6650/VeriTriples/malik2627research/repos_6.24/ic-lab-duth_DRIM-S/rtl/issue.sv(63): 'to_vector' is not declared
	[ERROR (VERI-1072)] /home/rk6650/VeriTriples/malik2627research/repos_6.24/ic-lab-duth_DRIM-S/rtl/issue.sv(495): module 'issue' ignored due to previous errors
1
% catch { analyze -sv -incdir /home/rk6650/VeriTriples/malik2627research/repos_6.24/ic-lab-duth_DRIM-S/rtl -incdir /home/rk6650/VeriTriples/malik2627research -incdir /home/rk6650/VeriTriples/malik2627research/rig_tb/tb/top_tb/sv -incdir /home/rk6650/VeriTriples/malik2627research/rtl -incdir /home/rk6650/VeriTriples/malik2627research/sim /home/rk6650/VeriTriples/malik2627research/repos_6.24/ic-lab-duth_DRIM-S/rtl/int_alu.sv }
[-- (VERI-1482)] Analyzing Verilog file '/home/rk6650/VeriTriples/malik2627research/repos_6.24/ic-lab-duth_DRIM-S/rtl/int_alu.sv'
[ERROR (VERI-1128)] /home/rk6650/VeriTriples/malik2627research/repos_6.24/ic-lab-duth_DRIM-S/rtl/int_alu.sv(27): 'to_execution' is not declared
[ERROR (VERI-1128)] /home/rk6650/VeriTriples/malik2627research/repos_6.24/ic-lab-duth_DRIM-S/rtl/int_alu.sv(29): 'ex_update' is not declared
[ERROR (VERI-1072)] /home/rk6650/VeriTriples/malik2627research/repos_6.24/ic-lab-duth_DRIM-S/rtl/int_alu.sv(328): module 'int_alu' ignored due to previous errors
Summary of errors detected:
	[ERROR (VERI-1128)] /home/rk6650/VeriTriples/malik2627research/repos_6.24/ic-lab-duth_DRIM-S/rtl/int_alu.sv(27): 'to_execution' is not declared
	[ERROR (VERI-1128)] /home/rk6650/VeriTriples/malik2627research/repos_6.24/ic-lab-duth_DRIM-S/rtl/int_alu.sv(29): 'ex_update' is not declared
	[ERROR (VERI-1072)] /home/rk6650/VeriTriples/malik2627research/repos_6.24/ic-lab-duth_DRIM-S/rtl/int_alu.sv(328): module 'int_alu' ignored due to previous errors
1
% catch { analyze -sv -incdir /home/rk6650/VeriTriples/malik2627research/repos_6.24/ic-lab-duth_DRIM-S/rtl -incdir /home/rk6650/VeriTriples/malik2627research -incdir /home/rk6650/VeriTriples/malik2627research/rig_tb/tb/top_tb/sv -incdir /home/rk6650/VeriTriples/malik2627research/rtl -incdir /home/rk6650/VeriTriples/malik2627research/sim /home/rk6650/VeriTriples/malik2627research/repos_6.24/ic-lab-duth_DRIM-S/rtl/floating_alu.sv }
[-- (VERI-1482)] Analyzing Verilog file '/home/rk6650/VeriTriples/malik2627research/repos_6.24/ic-lab-duth_DRIM-S/rtl/floating_alu.sv'
[ERROR (VERI-1128)] /home/rk6650/VeriTriples/malik2627research/repos_6.24/ic-lab-duth_DRIM-S/rtl/floating_alu.sv(18): 'to_execution' is not declared
[ERROR (VERI-1128)] /home/rk6650/VeriTriples/malik2627research/repos_6.24/ic-lab-duth_DRIM-S/rtl/floating_alu.sv(21): 'ex_update' is not declared
[ERROR (VERI-1072)] /home/rk6650/VeriTriples/malik2627research/repos_6.24/ic-lab-duth_DRIM-S/rtl/floating_alu.sv(32): module 'floating_alu' ignored due to previous errors
Summary of errors detected:
	[ERROR (VERI-1128)] /home/rk6650/VeriTriples/malik2627research/repos_6.24/ic-lab-duth_DRIM-S/rtl/floating_alu.sv(18): 'to_execution' is not declared
	[ERROR (VERI-1128)] /home/rk6650/VeriTriples/malik2627research/repos_6.24/ic-lab-duth_DRIM-S/rtl/floating_alu.sv(21): 'ex_update' is not declared
	[ERROR (VERI-1072)] /home/rk6650/VeriTriples/malik2627research/repos_6.24/ic-lab-duth_DRIM-S/rtl/floating_alu.sv(32): module 'floating_alu' ignored due to previous errors
1
% catch { analyze -sv -incdir /home/rk6650/VeriTriples/malik2627research/repos_6.24/ic-lab-duth_DRIM-S/rtl -incdir /home/rk6650/VeriTriples/malik2627research -incdir /home/rk6650/VeriTriples/malik2627research/rig_tb/tb/top_tb/sv -incdir /home/rk6650/VeriTriples/malik2627research/rtl -incdir /home/rk6650/VeriTriples/malik2627research/sim /home/rk6650/VeriTriples/malik2627research/repos_6.24/ic-lab-duth_DRIM-S/rtl/lrumore.sv }
[-- (VERI-1482)] Analyzing Verilog file '/home/rk6650/VeriTriples/malik2627research/repos_6.24/ic-lab-duth_DRIM-S/rtl/lrumore.sv'
[WARN (VERI-1320)] /home/rk6650/VeriTriples/malik2627research/repos_6.24/ic-lab-duth_DRIM-S/rtl/lrumore.sv(89): concatenation with unsized literal; will interpret as 32 bits
[WARN (VERI-1320)] /home/rk6650/VeriTriples/malik2627research/repos_6.24/ic-lab-duth_DRIM-S/rtl/lrumore.sv(89): concatenation with unsized literal; will interpret as 32 bits
0
% catch { analyze -sv -incdir /home/rk6650/VeriTriples/malik2627research/repos_6.24/ic-lab-duth_DRIM-S/rtl -incdir /home/rk6650/VeriTriples/malik2627research -incdir /home/rk6650/VeriTriples/malik2627research/rig_tb/tb/top_tb/sv -incdir /home/rk6650/VeriTriples/malik2627research/rtl -incdir /home/rk6650/VeriTriples/malik2627research/sim /home/rk6650/VeriTriples/malik2627research/repos_6.24/ic-lab-duth_DRIM-S/rtl/free_list.sv }
[-- (VERI-1482)] Analyzing Verilog file '/home/rk6650/VeriTriples/malik2627research/repos_6.24/ic-lab-duth_DRIM-S/rtl/free_list.sv'
0
% catch { analyze -sv -incdir /home/rk6650/VeriTriples/malik2627research/repos_6.24/ic-lab-duth_DRIM-S/rtl -incdir /home/rk6650/VeriTriples/malik2627research -incdir /home/rk6650/VeriTriples/malik2627research/rig_tb/tb/top_tb/sv -incdir /home/rk6650/VeriTriples/malik2627research/rtl -incdir /home/rk6650/VeriTriples/malik2627research/sim /home/rk6650/VeriTriples/malik2627research/repos_6.24/ic-lab-duth_DRIM-S/rtl/eb_two_slot.sv }
[-- (VERI-1482)] Analyzing Verilog file '/home/rk6650/VeriTriples/malik2627research/repos_6.24/ic-lab-duth_DRIM-S/rtl/eb_two_slot.sv'
0
% catch { analyze -sv -incdir /home/rk6650/VeriTriples/malik2627research/repos_6.24/ic-lab-duth_DRIM-S/rtl -incdir /home/rk6650/VeriTriples/malik2627research -incdir /home/rk6650/VeriTriples/malik2627research/rig_tb/tb/top_tb/sv -incdir /home/rk6650/VeriTriples/malik2627research/rtl -incdir /home/rk6650/VeriTriples/malik2627research/sim /home/rk6650/VeriTriples/malik2627research/repos_6.24/ic-lab-duth_DRIM-S/rtl/ras.sv }
[-- (VERI-1482)] Analyzing Verilog file '/home/rk6650/VeriTriples/malik2627research/repos_6.24/ic-lab-duth_DRIM-S/rtl/ras.sv'
0
% catch { analyze -sv -incdir /home/rk6650/VeriTriples/malik2627research/repos_6.24/ic-lab-duth_DRIM-S/rtl -incdir /home/rk6650/VeriTriples/malik2627research -incdir /home/rk6650/VeriTriples/malik2627research/rig_tb/tb/top_tb/sv -incdir /home/rk6650/VeriTriples/malik2627research/rtl -incdir /home/rk6650/VeriTriples/malik2627research/sim /home/rk6650/VeriTriples/malik2627research/repos_6.24/ic-lab-duth_DRIM-S/rtl/rr.sv }
[-- (VERI-1482)] Analyzing Verilog file '/home/rk6650/VeriTriples/malik2627research/repos_6.24/ic-lab-duth_DRIM-S/rtl/rr.sv'
[ERROR (VERI-1128)] /home/rk6650/VeriTriples/malik2627research/repos_6.24/ic-lab-duth_DRIM-S/rtl/rr.sv(27): 'decoded_instr' is not declared
[ERROR (VERI-1128)] /home/rk6650/VeriTriples/malik2627research/repos_6.24/ic-lab-duth_DRIM-S/rtl/rr.sv(29): 'decoded_instr' is not declared
[ERROR (VERI-1128)] /home/rk6650/VeriTriples/malik2627research/repos_6.24/ic-lab-duth_DRIM-S/rtl/rr.sv(33): 'renamed_instr' is not declared
[ERROR (VERI-1128)] /home/rk6650/VeriTriples/malik2627research/repos_6.24/ic-lab-duth_DRIM-S/rtl/rr.sv(35): 'renamed_instr' is not declared
[ERROR (VERI-1128)] /home/rk6650/VeriTriples/malik2627research/repos_6.24/ic-lab-duth_DRIM-S/rtl/rr.sv(37): 'to_issue' is not declared
[ERROR (VERI-1128)] /home/rk6650/VeriTriples/malik2627research/repos_6.24/ic-lab-duth_DRIM-S/rtl/rr.sv(38): 'new_entries' is not declared
[ERROR (VERI-1128)] /home/rk6650/VeriTriples/malik2627research/repos_6.24/ic-lab-duth_DRIM-S/rtl/rr.sv(40): 'writeback_toARF' is not declared
[ERROR (VERI-1128)] /home/rk6650/VeriTriples/malik2627research/repos_6.24/ic-lab-duth_DRIM-S/rtl/rr.sv(41): 'writeback_toARF' is not declared
[ERROR (VERI-1128)] /home/rk6650/VeriTriples/malik2627research/repos_6.24/ic-lab-duth_DRIM-S/rtl/rr.sv(44): 'predictor_update' is not declared
[ERROR (VERI-1072)] /home/rk6650/VeriTriples/malik2627research/repos_6.24/ic-lab-duth_DRIM-S/rtl/rr.sv(294): module 'rr' ignored due to previous errors
Summary of errors detected:
	[ERROR (VERI-1128)] /home/rk6650/VeriTriples/malik2627research/repos_6.24/ic-lab-duth_DRIM-S/rtl/rr.sv(27): 'decoded_instr' is not declared
	[ERROR (VERI-1128)] /home/rk6650/VeriTriples/malik2627research/repos_6.24/ic-lab-duth_DRIM-S/rtl/rr.sv(29): 'decoded_instr' is not declared
	[ERROR (VERI-1128)] /home/rk6650/VeriTriples/malik2627research/repos_6.24/ic-lab-duth_DRIM-S/rtl/rr.sv(33): 'renamed_instr' is not declared
	[ERROR (VERI-1128)] /home/rk6650/VeriTriples/malik2627research/repos_6.24/ic-lab-duth_DRIM-S/rtl/rr.sv(35): 'renamed_instr' is not declared
	[ERROR (VERI-1128)] /home/rk6650/VeriTriples/malik2627research/repos_6.24/ic-lab-duth_DRIM-S/rtl/rr.sv(37): 'to_issue' is not declared
	[ERROR (VERI-1128)] /home/rk6650/VeriTriples/malik2627research/repos_6.24/ic-lab-duth_DRIM-S/rtl/rr.sv(38): 'new_entries' is not declared
	[ERROR (VERI-1128)] /home/rk6650/VeriTriples/malik2627research/repos_6.24/ic-lab-duth_DRIM-S/rtl/rr.sv(40): 'writeback_toARF' is not declared
	[ERROR (VERI-1128)] /home/rk6650/VeriTriples/malik2627research/repos_6.24/ic-lab-duth_DRIM-S/rtl/rr.sv(41): 'writeback_toARF' is not declared
	[ERROR (VERI-1128)] /home/rk6650/VeriTriples/malik2627research/repos_6.24/ic-lab-duth_DRIM-S/rtl/rr.sv(44): 'predictor_update' is not declared
	[ERROR (VERI-1072)] /home/rk6650/VeriTriples/malik2627research/repos_6.24/ic-lab-duth_DRIM-S/rtl/rr.sv(294): module 'rr' ignored due to previous errors
1
% catch { analyze -sv -incdir /home/rk6650/VeriTriples/malik2627research/repos_6.24/ic-lab-duth_DRIM-S/rtl -incdir /home/rk6650/VeriTriples/malik2627research -incdir /home/rk6650/VeriTriples/malik2627research/rig_tb/tb/top_tb/sv -incdir /home/rk6650/VeriTriples/malik2627research/rtl -incdir /home/rk6650/VeriTriples/malik2627research/sim /home/rk6650/VeriTriples/malik2627research/repos_6.24/ic-lab-duth_DRIM-S/rtl/eb_one_slot.sv }
[-- (VERI-1482)] Analyzing Verilog file '/home/rk6650/VeriTriples/malik2627research/repos_6.24/ic-lab-duth_DRIM-S/rtl/eb_one_slot.sv'
0
% catch { analyze -sv -incdir /home/rk6650/VeriTriples/malik2627research/repos_6.24/ic-lab-duth_DRIM-S/rtl -incdir /home/rk6650/VeriTriples/malik2627research -incdir /home/rk6650/VeriTriples/malik2627research/rig_tb/tb/top_tb/sv -incdir /home/rk6650/VeriTriples/malik2627research/rtl -incdir /home/rk6650/VeriTriples/malik2627research/sim /home/rk6650/VeriTriples/malik2627research/repos_6.24/ic-lab-duth_DRIM-S/rtl/lru.sv }
[-- (VERI-1482)] Analyzing Verilog file '/home/rk6650/VeriTriples/malik2627research/repos_6.24/ic-lab-duth_DRIM-S/rtl/lru.sv'
0
% catch { analyze -sv -incdir /home/rk6650/VeriTriples/malik2627research/repos_6.24/ic-lab-duth_DRIM-S/rtl -incdir /home/rk6650/VeriTriples/malik2627research -incdir /home/rk6650/VeriTriples/malik2627research/rig_tb/tb/top_tb/sv -incdir /home/rk6650/VeriTriples/malik2627research/rtl -incdir /home/rk6650/VeriTriples/malik2627research/sim /home/rk6650/VeriTriples/malik2627research/repos_6.24/ic-lab-duth_DRIM-S/rtl/ld_st_buffer.sv }
[-- (VERI-1482)] Analyzing Verilog file '/home/rk6650/VeriTriples/malik2627research/repos_6.24/ic-lab-duth_DRIM-S/rtl/ld_st_buffer.sv'
0
% catch { analyze -sv -incdir /home/rk6650/VeriTriples/malik2627research/repos_6.24/ic-lab-duth_DRIM-S/rtl -incdir /home/rk6650/VeriTriples/malik2627research -incdir /home/rk6650/VeriTriples/malik2627research/rig_tb/tb/top_tb/sv -incdir /home/rk6650/VeriTriples/malik2627research/rtl -incdir /home/rk6650/VeriTriples/malik2627research/sim /home/rk6650/VeriTriples/malik2627research/repos_6.24/ic-lab-duth_DRIM-S/rtl/fifo_overflow.sv }
[-- (VERI-1482)] Analyzing Verilog file '/home/rk6650/VeriTriples/malik2627research/repos_6.24/ic-lab-duth_DRIM-S/rtl/fifo_overflow.sv'
0
% catch { analyze -sv -incdir /home/rk6650/VeriTriples/malik2627research/repos_6.24/ic-lab-duth_DRIM-S/rtl -incdir /home/rk6650/VeriTriples/malik2627research -incdir /home/rk6650/VeriTriples/malik2627research/rig_tb/tb/top_tb/sv -incdir /home/rk6650/VeriTriples/malik2627research/rtl -incdir /home/rk6650/VeriTriples/malik2627research/sim /home/rk6650/VeriTriples/malik2627research/repos_6.24/ic-lab-duth_DRIM-S/rtl/rob.sv }
[-- (VERI-1482)] Analyzing Verilog file '/home/rk6650/VeriTriples/malik2627research/repos_6.24/ic-lab-duth_DRIM-S/rtl/rob.sv'
[ERROR (VERI-1128)] /home/rk6650/VeriTriples/malik2627research/repos_6.24/ic-lab-duth_DRIM-S/rtl/rob.sv(60): 'ex_update' is not declared
[ERROR (VERI-1128)] /home/rk6650/VeriTriples/malik2627research/repos_6.24/ic-lab-duth_DRIM-S/rtl/rob.sv(62): 'new_entries' is not declared
[ERROR (VERI-1128)] /home/rk6650/VeriTriples/malik2627research/repos_6.24/ic-lab-duth_DRIM-S/rtl/rob.sv(63): 'to_issue' is not declared
[ERROR (VERI-1128)] /home/rk6650/VeriTriples/malik2627research/repos_6.24/ic-lab-duth_DRIM-S/rtl/rob.sv(64): 'writeback_toARF' is not declared
[ERROR (VERI-1128)] /home/rk6650/VeriTriples/malik2627research/repos_6.24/ic-lab-duth_DRIM-S/rtl/rob.sv(65): 'writeback_toARF' is not declared
[ERROR (VERI-1072)] /home/rk6650/VeriTriples/malik2627research/repos_6.24/ic-lab-duth_DRIM-S/rtl/rob.sv(419): module 'rob' ignored due to previous errors
Summary of errors detected:
	[ERROR (VERI-1128)] /home/rk6650/VeriTriples/malik2627research/repos_6.24/ic-lab-duth_DRIM-S/rtl/rob.sv(60): 'ex_update' is not declared
	[ERROR (VERI-1128)] /home/rk6650/VeriTriples/malik2627research/repos_6.24/ic-lab-duth_DRIM-S/rtl/rob.sv(62): 'new_entries' is not declared
	[ERROR (VERI-1128)] /home/rk6650/VeriTriples/malik2627research/repos_6.24/ic-lab-duth_DRIM-S/rtl/rob.sv(63): 'to_issue' is not declared
	[ERROR (VERI-1128)] /home/rk6650/VeriTriples/malik2627research/repos_6.24/ic-lab-duth_DRIM-S/rtl/rob.sv(64): 'writeback_toARF' is not declared
	[ERROR (VERI-1128)] /home/rk6650/VeriTriples/malik2627research/repos_6.24/ic-lab-duth_DRIM-S/rtl/rob.sv(65): 'writeback_toARF' is not declared
	[ERROR (VERI-1072)] /home/rk6650/VeriTriples/malik2627research/repos_6.24/ic-lab-duth_DRIM-S/rtl/rob.sv(419): module 'rob' ignored due to previous errors
1
% catch { analyze -sv -incdir /home/rk6650/VeriTriples/malik2627research/repos_6.24/ic-lab-duth_DRIM-S/rtl -incdir /home/rk6650/VeriTriples/malik2627research -incdir /home/rk6650/VeriTriples/malik2627research/rig_tb/tb/top_tb/sv -incdir /home/rk6650/VeriTriples/malik2627research/rtl -incdir /home/rk6650/VeriTriples/malik2627research/sim /home/rk6650/VeriTriples/malik2627research/repos_6.24/ic-lab-duth_DRIM-S/rtl/eb_buff_generic.sv }
[-- (VERI-1482)] Analyzing Verilog file '/home/rk6650/VeriTriples/malik2627research/repos_6.24/ic-lab-duth_DRIM-S/rtl/eb_buff_generic.sv'
0
% catch { analyze -sv -incdir /home/rk6650/VeriTriples/malik2627research/repos_6.24/ic-lab-duth_DRIM-S/rtl -incdir /home/rk6650/VeriTriples/malik2627research -incdir /home/rk6650/VeriTriples/malik2627research/rig_tb/tb/top_tb/sv -incdir /home/rk6650/VeriTriples/malik2627research/rtl -incdir /home/rk6650/VeriTriples/malik2627research/sim /home/rk6650/VeriTriples/malik2627research/repos_6.24/ic-lab-duth_DRIM-S/rtl/lru2.sv }
[-- (VERI-1482)] Analyzing Verilog file '/home/rk6650/VeriTriples/malik2627research/repos_6.24/ic-lab-duth_DRIM-S/rtl/lru2.sv'
0
% catch { analyze -sv -incdir /home/rk6650/VeriTriples/malik2627research/repos_6.24/ic-lab-duth_DRIM-S/rtl -incdir /home/rk6650/VeriTriples/malik2627research -incdir /home/rk6650/VeriTriples/malik2627research/rig_tb/tb/top_tb/sv -incdir /home/rk6650/VeriTriples/malik2627research/rtl -incdir /home/rk6650/VeriTriples/malik2627research/sim /home/rk6650/VeriTriples/malik2627research/repos_6.24/ic-lab-duth_DRIM-S/rtl/main_memory.sv }
[-- (VERI-1482)] Analyzing Verilog file '/home/rk6650/VeriTriples/malik2627research/repos_6.24/ic-lab-duth_DRIM-S/rtl/main_memory.sv'
0
% catch { analyze -sv -incdir /home/rk6650/VeriTriples/malik2627research/repos_6.24/ic-lab-duth_DRIM-S/rtl -incdir /home/rk6650/VeriTriples/malik2627research -incdir /home/rk6650/VeriTriples/malik2627research/rig_tb/tb/top_tb/sv -incdir /home/rk6650/VeriTriples/malik2627research/rtl -incdir /home/rk6650/VeriTriples/malik2627research/sim /home/rk6650/VeriTriples/malik2627research/repos_6.24/ic-lab-duth_DRIM-S/rtl/sram.sv }
[-- (VERI-1482)] Analyzing Verilog file '/home/rk6650/VeriTriples/malik2627research/repos_6.24/ic-lab-duth_DRIM-S/rtl/sram.sv'
0
% catch { analyze -sv -incdir /home/rk6650/VeriTriples/malik2627research/repos_6.24/ic-lab-duth_DRIM-S/rtl -incdir /home/rk6650/VeriTriples/malik2627research -incdir /home/rk6650/VeriTriples/malik2627research/rig_tb/tb/top_tb/sv -incdir /home/rk6650/VeriTriples/malik2627research/rtl -incdir /home/rk6650/VeriTriples/malik2627research/sim /home/rk6650/VeriTriples/malik2627research/repos_6.24/ic-lab-duth_DRIM-S/rtl/data_operation.sv }
[-- (VERI-1482)] Analyzing Verilog file '/home/rk6650/VeriTriples/malik2627research/repos_6.24/ic-lab-duth_DRIM-S/rtl/data_operation.sv'
0
% catch { analyze -sv -incdir /home/rk6650/VeriTriples/malik2627research/repos_6.24/ic-lab-duth_DRIM-S/rtl -incdir /home/rk6650/VeriTriples/malik2627research -incdir /home/rk6650/VeriTriples/malik2627research/rig_tb/tb/top_tb/sv -incdir /home/rk6650/VeriTriples/malik2627research/rtl -incdir /home/rk6650/VeriTriples/malik2627research/sim /home/rk6650/VeriTriples/malik2627research/repos_6.24/ic-lab-duth_DRIM-S/rtl/idecode.sv }
[-- (VERI-1482)] Analyzing Verilog file '/home/rk6650/VeriTriples/malik2627research/repos_6.24/ic-lab-duth_DRIM-S/rtl/idecode.sv'
[ERROR (VERI-1128)] /home/rk6650/VeriTriples/malik2627research/repos_6.24/ic-lab-duth_DRIM-S/rtl/idecode.sv(43): 'decoded_instr' is not declared
[ERROR (VERI-1128)] /home/rk6650/VeriTriples/malik2627research/repos_6.24/ic-lab-duth_DRIM-S/rtl/idecode.sv(45): 'decoded_instr' is not declared
[ERROR (VERI-1128)] /home/rk6650/VeriTriples/malik2627research/repos_6.24/ic-lab-duth_DRIM-S/rtl/idecode.sv(47): 'predictor_update' is not declared
[ERROR (VERI-1072)] /home/rk6650/VeriTriples/malik2627research/repos_6.24/ic-lab-duth_DRIM-S/rtl/idecode.sv(162): module 'idecode' ignored due to previous errors
Summary of errors detected:
	[ERROR (VERI-1128)] /home/rk6650/VeriTriples/malik2627research/repos_6.24/ic-lab-duth_DRIM-S/rtl/idecode.sv(43): 'decoded_instr' is not declared
	[ERROR (VERI-1128)] /home/rk6650/VeriTriples/malik2627research/repos_6.24/ic-lab-duth_DRIM-S/rtl/idecode.sv(45): 'decoded_instr' is not declared
	[ERROR (VERI-1128)] /home/rk6650/VeriTriples/malik2627research/repos_6.24/ic-lab-duth_DRIM-S/rtl/idecode.sv(47): 'predictor_update' is not declared
	[ERROR (VERI-1072)] /home/rk6650/VeriTriples/malik2627research/repos_6.24/ic-lab-duth_DRIM-S/rtl/idecode.sv(162): module 'idecode' ignored due to previous errors
1
% catch { analyze -sv -incdir /home/rk6650/VeriTriples/malik2627research/repos_6.24/ic-lab-duth_DRIM-S/rtl -incdir /home/rk6650/VeriTriples/malik2627research -incdir /home/rk6650/VeriTriples/malik2627research/rig_tb/tb/top_tb/sv -incdir /home/rk6650/VeriTriples/malik2627research/rtl -incdir /home/rk6650/VeriTriples/malik2627research/sim /home/rk6650/VeriTriples/malik2627research/repos_6.24/ic-lab-duth_DRIM-S/rig_tb/tb/top_tb/sv/top_th.sv }
[-- (VERI-1482)] Analyzing Verilog file '/home/rk6650/VeriTriples/malik2627research/repos_6.24/ic-lab-duth_DRIM-S/rig_tb/tb/top_tb/sv/top_th.sv'
0
% catch { analyze -sv -incdir /home/rk6650/VeriTriples/malik2627research/repos_6.24/ic-lab-duth_DRIM-S/rtl -incdir /home/rk6650/VeriTriples/malik2627research -incdir /home/rk6650/VeriTriples/malik2627research/rig_tb/tb/top_tb/sv -incdir /home/rk6650/VeriTriples/malik2627research/rtl -incdir /home/rk6650/VeriTriples/malik2627research/sim /home/rk6650/VeriTriples/malik2627research/repos_6.24/ic-lab-duth_DRIM-S/rtl/fifo_flush.sv }
[-- (VERI-1482)] Analyzing Verilog file '/home/rk6650/VeriTriples/malik2627research/repos_6.24/ic-lab-duth_DRIM-S/rtl/fifo_flush.sv'
0
% catch { analyze -sv -incdir /home/rk6650/VeriTriples/malik2627research/repos_6.24/ic-lab-duth_DRIM-S/rtl -incdir /home/rk6650/VeriTriples/malik2627research -incdir /home/rk6650/VeriTriples/malik2627research/rig_tb/tb/top_tb/sv -incdir /home/rk6650/VeriTriples/malik2627research/rtl -incdir /home/rk6650/VeriTriples/malik2627research/sim /home/rk6650/VeriTriples/malik2627research/repos_6.24/ic-lab-duth_DRIM-S/rtl/flush_controller.sv }
[-- (VERI-1482)] Analyzing Verilog file '/home/rk6650/VeriTriples/malik2627research/repos_6.24/ic-lab-duth_DRIM-S/rtl/flush_controller.sv'
[ERROR (VERI-1128)] /home/rk6650/VeriTriples/malik2627research/repos_6.24/ic-lab-duth_DRIM-S/rtl/flush_controller.sv(30): 'predictor_update' is not declared
[ERROR (VERI-1072)] /home/rk6650/VeriTriples/malik2627research/repos_6.24/ic-lab-duth_DRIM-S/rtl/flush_controller.sv(142): module 'flush_controller' ignored due to previous errors
Summary of errors detected:
	[ERROR (VERI-1128)] /home/rk6650/VeriTriples/malik2627research/repos_6.24/ic-lab-duth_DRIM-S/rtl/flush_controller.sv(30): 'predictor_update' is not declared
	[ERROR (VERI-1072)] /home/rk6650/VeriTriples/malik2627research/repos_6.24/ic-lab-duth_DRIM-S/rtl/flush_controller.sv(142): module 'flush_controller' ignored due to previous errors
1
% catch { analyze -sv -incdir /home/rk6650/VeriTriples/malik2627research/repos_6.24/ic-lab-duth_DRIM-S/rtl -incdir /home/rk6650/VeriTriples/malik2627research -incdir /home/rk6650/VeriTriples/malik2627research/rig_tb/tb/top_tb/sv -incdir /home/rk6650/VeriTriples/malik2627research/rtl -incdir /home/rk6650/VeriTriples/malik2627research/sim /home/rk6650/VeriTriples/malik2627research/repos_6.24/ic-lab-duth_DRIM-S/rtl/decoder_full.sv }
[-- (VERI-1482)] Analyzing Verilog file '/home/rk6650/VeriTriples/malik2627research/repos_6.24/ic-lab-duth_DRIM-S/rtl/decoder_full.sv'
[INFO (VERI-1328)] /home/rk6650/VeriTriples/malik2627research/repos_6.24/ic-lab-duth_DRIM-S/rtl/decoder_full.sv(15): analyzing included file '/home/rk6650/VeriTriples/malik2627research/repos_6.24/ic-lab-duth_DRIM-S/rtl/enum.sv'
[ERROR (VERI-1128)] /home/rk6650/VeriTriples/malik2627research/repos_6.24/ic-lab-duth_DRIM-S/rtl/decoder_full.sv(28): 'decoded_instr' is not declared
[ERROR (VERI-1072)] /home/rk6650/VeriTriples/malik2627research/repos_6.24/ic-lab-duth_DRIM-S/rtl/decoder_full.sv(2092): module 'decoder_full' ignored due to previous errors
Summary of errors detected:
	[ERROR (VERI-1128)] /home/rk6650/VeriTriples/malik2627research/repos_6.24/ic-lab-duth_DRIM-S/rtl/decoder_full.sv(28): 'decoded_instr' is not declared
	[ERROR (VERI-1072)] /home/rk6650/VeriTriples/malik2627research/repos_6.24/ic-lab-duth_DRIM-S/rtl/decoder_full.sv(2092): module 'decoder_full' ignored due to previous errors
1
% catch { analyze -sv -incdir /home/rk6650/VeriTriples/malik2627research/repos_6.24/ic-lab-duth_DRIM-S/rtl -incdir /home/rk6650/VeriTriples/malik2627research -incdir /home/rk6650/VeriTriples/malik2627research/rig_tb/tb/top_tb/sv -incdir /home/rk6650/VeriTriples/malik2627research/rtl -incdir /home/rk6650/VeriTriples/malik2627research/sim /home/rk6650/VeriTriples/malik2627research/repos_6.24/ic-lab-duth_DRIM-S/rtl/wait_buffer.sv }
[-- (VERI-1482)] Analyzing Verilog file '/home/rk6650/VeriTriples/malik2627research/repos_6.24/ic-lab-duth_DRIM-S/rtl/wait_buffer.sv'
0
% catch { analyze -sv -incdir /home/rk6650/VeriTriples/malik2627research/repos_6.24/ic-lab-duth_DRIM-S/rtl -incdir /home/rk6650/VeriTriples/malik2627research -incdir /home/rk6650/VeriTriples/malik2627research/rig_tb/tb/top_tb/sv -incdir /home/rk6650/VeriTriples/malik2627research/rtl -incdir /home/rk6650/VeriTriples/malik2627research/sim /home/rk6650/VeriTriples/malik2627research/repos_6.24/ic-lab-duth_DRIM-S/rtl/data_cache.sv }
[-- (VERI-1482)] Analyzing Verilog file '/home/rk6650/VeriTriples/malik2627research/repos_6.24/ic-lab-duth_DRIM-S/rtl/data_cache.sv'
[ERROR (VERI-1128)] /home/rk6650/VeriTriples/malik2627research/repos_6.24/ic-lab-duth_DRIM-S/rtl/data_cache.sv(64): 'ex_update' is not declared
[ERROR (VERI-1072)] /home/rk6650/VeriTriples/malik2627research/repos_6.24/ic-lab-duth_DRIM-S/rtl/data_cache.sv(702): module 'data_cache' ignored due to previous errors
Summary of errors detected:
	[ERROR (VERI-1128)] /home/rk6650/VeriTriples/malik2627research/repos_6.24/ic-lab-duth_DRIM-S/rtl/data_cache.sv(64): 'ex_update' is not declared
	[ERROR (VERI-1072)] /home/rk6650/VeriTriples/malik2627research/repos_6.24/ic-lab-duth_DRIM-S/rtl/data_cache.sv(702): module 'data_cache' ignored due to previous errors
1
% catch { analyze -sv -incdir /home/rk6650/VeriTriples/malik2627research/repos_6.24/ic-lab-duth_DRIM-S/rtl -incdir /home/rk6650/VeriTriples/malik2627research -incdir /home/rk6650/VeriTriples/malik2627research/rig_tb/tb/top_tb/sv -incdir /home/rk6650/VeriTriples/malik2627research/rtl -incdir /home/rk6650/VeriTriples/malik2627research/sim /home/rk6650/VeriTriples/malik2627research/repos_6.24/ic-lab-duth_DRIM-S/rtl/fifo_initialized.sv }
[-- (VERI-1482)] Analyzing Verilog file '/home/rk6650/VeriTriples/malik2627research/repos_6.24/ic-lab-duth_DRIM-S/rtl/fifo_initialized.sv'
0
% catch { analyze -sv -incdir /home/rk6650/VeriTriples/malik2627research/repos_6.24/ic-lab-duth_DRIM-S/rtl -incdir /home/rk6650/VeriTriples/malik2627research -incdir /home/rk6650/VeriTriples/malik2627research/rig_tb/tb/top_tb/sv -incdir /home/rk6650/VeriTriples/malik2627research/rtl -incdir /home/rk6650/VeriTriples/malik2627research/sim /home/rk6650/VeriTriples/malik2627research/repos_6.24/ic-lab-duth_DRIM-S/rtl/division.sv }
[-- (VERI-1482)] Analyzing Verilog file '/home/rk6650/VeriTriples/malik2627research/repos_6.24/ic-lab-duth_DRIM-S/rtl/division.sv'
0
% catch { analyze -sv -incdir /home/rk6650/VeriTriples/malik2627research/repos_6.24/ic-lab-duth_DRIM-S/rtl -incdir /home/rk6650/VeriTriples/malik2627research -incdir /home/rk6650/VeriTriples/malik2627research/rig_tb/tb/top_tb/sv -incdir /home/rk6650/VeriTriples/malik2627research/rtl -incdir /home/rk6650/VeriTriples/malik2627research/sim /home/rk6650/VeriTriples/malik2627research/repos_6.24/ic-lab-duth_DRIM-S/rtl/ifetch.sv }
[-- (VERI-1482)] Analyzing Verilog file '/home/rk6650/VeriTriples/malik2627research/repos_6.24/ic-lab-duth_DRIM-S/rtl/ifetch.sv'
[ERROR (VERI-1128)] /home/rk6650/VeriTriples/malik2627research/repos_6.24/ic-lab-duth_DRIM-S/rtl/ifetch.sv(32): 'predictor_update' is not declared
[ERROR (VERI-1072)] /home/rk6650/VeriTriples/malik2627research/repos_6.24/ic-lab-duth_DRIM-S/rtl/ifetch.sv(263): module 'ifetch' ignored due to previous errors
Summary of errors detected:
	[ERROR (VERI-1128)] /home/rk6650/VeriTriples/malik2627research/repos_6.24/ic-lab-duth_DRIM-S/rtl/ifetch.sv(32): 'predictor_update' is not declared
	[ERROR (VERI-1072)] /home/rk6650/VeriTriples/malik2627research/repos_6.24/ic-lab-duth_DRIM-S/rtl/ifetch.sv(263): module 'ifetch' ignored due to previous errors
1
% catch { analyze -sv -incdir /home/rk6650/VeriTriples/malik2627research/repos_6.24/ic-lab-duth_DRIM-S/rtl -incdir /home/rk6650/VeriTriples/malik2627research -incdir /home/rk6650/VeriTriples/malik2627research/rig_tb/tb/top_tb/sv -incdir /home/rk6650/VeriTriples/malik2627research/rtl -incdir /home/rk6650/VeriTriples/malik2627research/sim /home/rk6650/VeriTriples/malik2627research/repos_6.24/ic-lab-duth_DRIM-S/rtl/icache.sv }
[-- (VERI-1482)] Analyzing Verilog file '/home/rk6650/VeriTriples/malik2627research/repos_6.24/ic-lab-duth_DRIM-S/rtl/icache.sv'
0
% catch { analyze -sv -incdir /home/rk6650/VeriTriples/malik2627research/repos_6.24/ic-lab-duth_DRIM-S/rtl -incdir /home/rk6650/VeriTriples/malik2627research -incdir /home/rk6650/VeriTriples/malik2627research/rig_tb/tb/top_tb/sv -incdir /home/rk6650/VeriTriples/malik2627research/rtl -incdir /home/rk6650/VeriTriples/malik2627research/sim /home/rk6650/VeriTriples/malik2627research/repos_6.24/ic-lab-duth_DRIM-S/rtl/csr_registers.sv }
[-- (VERI-1482)] Analyzing Verilog file '/home/rk6650/VeriTriples/malik2627research/repos_6.24/ic-lab-duth_DRIM-S/rtl/csr_registers.sv'
[WARN (VERI-1214)] /home/rk6650/VeriTriples/malik2627research/repos_6.24/ic-lab-duth_DRIM-S/rtl/csr_registers.sv(74): assignment to input 'data_out'
0
% catch { analyze -sv -incdir /home/rk6650/VeriTriples/malik2627research/repos_6.24/ic-lab-duth_DRIM-S/rtl -incdir /home/rk6650/VeriTriples/malik2627research -incdir /home/rk6650/VeriTriples/malik2627research/rig_tb/tb/top_tb/sv -incdir /home/rk6650/VeriTriples/malik2627research/rtl -incdir /home/rk6650/VeriTriples/malik2627research/sim /home/rk6650/VeriTriples/malik2627research/repos_6.24/ic-lab-duth_DRIM-S/rtl/register_file.sv }
[-- (VERI-1482)] Analyzing Verilog file '/home/rk6650/VeriTriples/malik2627research/repos_6.24/ic-lab-duth_DRIM-S/rtl/register_file.sv'
0
% catch { analyze -sv -incdir /home/rk6650/VeriTriples/malik2627research/repos_6.24/ic-lab-duth_DRIM-S/rtl -incdir /home/rk6650/VeriTriples/malik2627research -incdir /home/rk6650/VeriTriples/malik2627research/rig_tb/tb/top_tb/sv -incdir /home/rk6650/VeriTriples/malik2627research/rtl -incdir /home/rk6650/VeriTriples/malik2627research/sim /home/rk6650/VeriTriples/malik2627research/repos_6.24/ic-lab-duth_DRIM-S/rtl/vga_controller.sv }
[-- (VERI-1482)] Analyzing Verilog file '/home/rk6650/VeriTriples/malik2627research/repos_6.24/ic-lab-duth_DRIM-S/rtl/vga_controller.sv'
0
% catch { analyze -sv -incdir /home/rk6650/VeriTriples/malik2627research/repos_6.24/ic-lab-duth_DRIM-S/rtl -incdir /home/rk6650/VeriTriples/malik2627research -incdir /home/rk6650/VeriTriples/malik2627research/rig_tb/tb/top_tb/sv -incdir /home/rk6650/VeriTriples/malik2627research/rtl -incdir /home/rk6650/VeriTriples/malik2627research/sim /home/rk6650/VeriTriples/malik2627research/repos_6.24/ic-lab-duth_DRIM-S/rtl/multiply.sv }
[-- (VERI-1482)] Analyzing Verilog file '/home/rk6650/VeriTriples/malik2627research/repos_6.24/ic-lab-duth_DRIM-S/rtl/multiply.sv'
0
% catch { analyze -sv -incdir /home/rk6650/VeriTriples/malik2627research/repos_6.24/ic-lab-duth_DRIM-S/rtl -incdir /home/rk6650/VeriTriples/malik2627research -incdir /home/rk6650/VeriTriples/malik2627research/rig_tb/tb/top_tb/sv -incdir /home/rk6650/VeriTriples/malik2627research/rtl -incdir /home/rk6650/VeriTriples/malik2627research/sim /home/rk6650/VeriTriples/malik2627research/repos_6.24/ic-lab-duth_DRIM-S/rtl/decoder.sv }
[-- (VERI-1482)] Analyzing Verilog file '/home/rk6650/VeriTriples/malik2627research/repos_6.24/ic-lab-duth_DRIM-S/rtl/decoder.sv'
[ERROR (VERI-1128)] /home/rk6650/VeriTriples/malik2627research/repos_6.24/ic-lab-duth_DRIM-S/rtl/decoder.sv(45): 'decoded_instr' is not declared
[ERROR (VERI-1128)] /home/rk6650/VeriTriples/malik2627research/repos_6.24/ic-lab-duth_DRIM-S/rtl/decoder.sv(47): 'decoded_instr' is not declared
[ERROR (VERI-1072)] /home/rk6650/VeriTriples/malik2627research/repos_6.24/ic-lab-duth_DRIM-S/rtl/decoder.sv(135): module 'decoder' ignored due to previous errors
Summary of errors detected:
	[ERROR (VERI-1128)] /home/rk6650/VeriTriples/malik2627research/repos_6.24/ic-lab-duth_DRIM-S/rtl/decoder.sv(45): 'decoded_instr' is not declared
	[ERROR (VERI-1128)] /home/rk6650/VeriTriples/malik2627research/repos_6.24/ic-lab-duth_DRIM-S/rtl/decoder.sv(47): 'decoded_instr' is not declared
	[ERROR (VERI-1072)] /home/rk6650/VeriTriples/malik2627research/repos_6.24/ic-lab-duth_DRIM-S/rtl/decoder.sv(135): module 'decoder' ignored due to previous errors
1
% catch { analyze -sv -incdir /home/rk6650/VeriTriples/malik2627research/repos_6.24/ic-lab-duth_DRIM-S/rtl -incdir /home/rk6650/VeriTriples/malik2627research -incdir /home/rk6650/VeriTriples/malik2627research/rig_tb/tb/top_tb/sv -incdir /home/rk6650/VeriTriples/malik2627research/rtl -incdir /home/rk6650/VeriTriples/malik2627research/sim /home/rk6650/VeriTriples/malik2627research/repos_6.24/ic-lab-duth_DRIM-S/rtl/branch_resolver.sv }
[-- (VERI-1482)] Analyzing Verilog file '/home/rk6650/VeriTriples/malik2627research/repos_6.24/ic-lab-duth_DRIM-S/rtl/branch_resolver.sv'
[ERROR (VERI-1128)] /home/rk6650/VeriTriples/malik2627research/repos_6.24/ic-lab-duth_DRIM-S/rtl/branch_resolver.sv(23): 'to_execution' is not declared
[ERROR (VERI-1128)] /home/rk6650/VeriTriples/malik2627research/repos_6.24/ic-lab-duth_DRIM-S/rtl/branch_resolver.sv(25): 'ex_update' is not declared
[ERROR (VERI-1128)] /home/rk6650/VeriTriples/malik2627research/repos_6.24/ic-lab-duth_DRIM-S/rtl/branch_resolver.sv(26): 'predictor_update' is not declared
[ERROR (VERI-1072)] /home/rk6650/VeriTriples/malik2627research/repos_6.24/ic-lab-duth_DRIM-S/rtl/branch_resolver.sv(411): module 'branch_resolver' ignored due to previous errors
Summary of errors detected:
	[ERROR (VERI-1128)] /home/rk6650/VeriTriples/malik2627research/repos_6.24/ic-lab-duth_DRIM-S/rtl/branch_resolver.sv(23): 'to_execution' is not declared
	[ERROR (VERI-1128)] /home/rk6650/VeriTriples/malik2627research/repos_6.24/ic-lab-duth_DRIM-S/rtl/branch_resolver.sv(25): 'ex_update' is not declared
	[ERROR (VERI-1128)] /home/rk6650/VeriTriples/malik2627research/repos_6.24/ic-lab-duth_DRIM-S/rtl/branch_resolver.sv(26): 'predictor_update' is not declared
	[ERROR (VERI-1072)] /home/rk6650/VeriTriples/malik2627research/repos_6.24/ic-lab-duth_DRIM-S/rtl/branch_resolver.sv(411): module 'branch_resolver' ignored due to previous errors
1
% catch { analyze -sv -incdir /home/rk6650/VeriTriples/malik2627research/repos_6.24/ic-lab-duth_DRIM-S/rtl -incdir /home/rk6650/VeriTriples/malik2627research -incdir /home/rk6650/VeriTriples/malik2627research/rig_tb/tb/top_tb/sv -incdir /home/rk6650/VeriTriples/malik2627research/rtl -incdir /home/rk6650/VeriTriples/malik2627research/sim /home/rk6650/VeriTriples/malik2627research/repos_6.24/ic-lab-duth_DRIM-S/rtl/gshare.sv }
[-- (VERI-1482)] Analyzing Verilog file '/home/rk6650/VeriTriples/malik2627research/repos_6.24/ic-lab-duth_DRIM-S/rtl/gshare.sv'
0
% catch { analyze -sv -incdir /home/rk6650/VeriTriples/malik2627research/repos_6.24/ic-lab-duth_DRIM-S/rtl -incdir /home/rk6650/VeriTriples/malik2627research -incdir /home/rk6650/VeriTriples/malik2627research/rig_tb/tb/top_tb/sv -incdir /home/rk6650/VeriTriples/malik2627research/rtl -incdir /home/rk6650/VeriTriples/malik2627research/sim /home/rk6650/VeriTriples/malik2627research/repos_6.24/ic-lab-duth_DRIM-S/rtl/and_or_mux.sv }
[-- (VERI-1482)] Analyzing Verilog file '/home/rk6650/VeriTriples/malik2627research/repos_6.24/ic-lab-duth_DRIM-S/rtl/and_or_mux.sv'
0
% catch { analyze -sv -incdir /home/rk6650/VeriTriples/malik2627research/repos_6.24/ic-lab-duth_DRIM-S/rtl -incdir /home/rk6650/VeriTriples/malik2627research -incdir /home/rk6650/VeriTriples/malik2627research/rig_tb/tb/top_tb/sv -incdir /home/rk6650/VeriTriples/malik2627research/rtl -incdir /home/rk6650/VeriTriples/malik2627research/sim /home/rk6650/VeriTriples/malik2627research/repos_6.24/ic-lab-duth_DRIM-S/rtl/fifo_duth.sv }
[-- (VERI-1482)] Analyzing Verilog file '/home/rk6650/VeriTriples/malik2627research/repos_6.24/ic-lab-duth_DRIM-S/rtl/fifo_duth.sv'
0
% catch { analyze -sv -incdir /home/rk6650/VeriTriples/malik2627research/repos_6.24/ic-lab-duth_DRIM-S/rtl -incdir /home/rk6650/VeriTriples/malik2627research -incdir /home/rk6650/VeriTriples/malik2627research/rig_tb/tb/top_tb/sv -incdir /home/rk6650/VeriTriples/malik2627research/rtl -incdir /home/rk6650/VeriTriples/malik2627research/sim /home/rk6650/VeriTriples/malik2627research/repos_6.24/ic-lab-duth_DRIM-S/rtl/fifo_dual_ported.sv }
[-- (VERI-1482)] Analyzing Verilog file '/home/rk6650/VeriTriples/malik2627research/repos_6.24/ic-lab-duth_DRIM-S/rtl/fifo_dual_ported.sv'
0
% 
% catch { analyze -sv -incdir /home/rk6650/VeriTriples/malik2627research/repos_6.24/ic-lab-duth_DRIM-S/rtl -incdir /home/rk6650/VeriTriples/malik2627research -incdir /home/rk6650/VeriTriples/malik2627research/rig_tb/tb/top_tb/sv -incdir /home/rk6650/VeriTriples/malik2627research/rtl -incdir /home/rk6650/VeriTriples/malik2627research/sim /home/rk6650/VeriTriples/malik2627research/repos_6.24/ic-lab-duth_DRIM-S/rtl/fifo_overflow.sv }
[-- (VERI-1482)] Analyzing Verilog file '/home/rk6650/VeriTriples/malik2627research/repos_6.24/ic-lab-duth_DRIM-S/rtl/fifo_overflow.sv'
[WARN (VERI-1206)] /home/rk6650/VeriTriples/malik2627research/repos_6.24/ic-lab-duth_DRIM-S/rtl/fifo_overflow.sv(109): overwriting previous definition of module 'fifo_overflow'
[INFO (VERI-2142)] /home/rk6650/VeriTriples/malik2627research/repos_6.24/ic-lab-duth_DRIM-S/rtl/fifo_overflow.sv(109): previous definition of design element 'fifo_overflow' is here
0
% catch { analyze -sv -incdir /home/rk6650/VeriTriples/malik2627research/repos_6.24/ic-lab-duth_DRIM-S/rtl -incdir /home/rk6650/VeriTriples/malik2627research -incdir /home/rk6650/VeriTriples/malik2627research/rig_tb/tb/top_tb/sv -incdir /home/rk6650/VeriTriples/malik2627research/rtl -incdir /home/rk6650/VeriTriples/malik2627research/sim /home/rk6650/VeriTriples/malik2627research/repos_6.24/ic-lab-duth_DRIM-S/rtl/fifo_flush.sv }
[-- (VERI-1482)] Analyzing Verilog file '/home/rk6650/VeriTriples/malik2627research/repos_6.24/ic-lab-duth_DRIM-S/rtl/fifo_flush.sv'
[WARN (VERI-1206)] /home/rk6650/VeriTriples/malik2627research/repos_6.24/ic-lab-duth_DRIM-S/rtl/fifo_flush.sv(106): overwriting previous definition of module 'fifo_flush'
[INFO (VERI-2142)] /home/rk6650/VeriTriples/malik2627research/repos_6.24/ic-lab-duth_DRIM-S/rtl/fifo_flush.sv(106): previous definition of design element 'fifo_flush' is here
0
% catch { analyze -sv -incdir /home/rk6650/VeriTriples/malik2627research/repos_6.24/ic-lab-duth_DRIM-S/rtl -incdir /home/rk6650/VeriTriples/malik2627research -incdir /home/rk6650/VeriTriples/malik2627research/rig_tb/tb/top_tb/sv -incdir /home/rk6650/VeriTriples/malik2627research/rtl -incdir /home/rk6650/VeriTriples/malik2627research/sim /home/rk6650/VeriTriples/malik2627research/repos_6.24/ic-lab-duth_DRIM-S/rtl/fifo_initialized.sv }
[-- (VERI-1482)] Analyzing Verilog file '/home/rk6650/VeriTriples/malik2627research/repos_6.24/ic-lab-duth_DRIM-S/rtl/fifo_initialized.sv'
[WARN (VERI-1206)] /home/rk6650/VeriTriples/malik2627research/repos_6.24/ic-lab-duth_DRIM-S/rtl/fifo_initialized.sv(107): overwriting previous definition of module 'fifo_initialized'
[INFO (VERI-2142)] /home/rk6650/VeriTriples/malik2627research/repos_6.24/ic-lab-duth_DRIM-S/rtl/fifo_initialized.sv(107): previous definition of design element 'fifo_initialized' is here
0
% catch { analyze -sv -incdir /home/rk6650/VeriTriples/malik2627research/repos_6.24/ic-lab-duth_DRIM-S/rtl -incdir /home/rk6650/VeriTriples/malik2627research -incdir /home/rk6650/VeriTriples/malik2627research/rig_tb/tb/top_tb/sv -incdir /home/rk6650/VeriTriples/malik2627research/rtl -incdir /home/rk6650/VeriTriples/malik2627research/sim /home/rk6650/VeriTriples/malik2627research/repos_6.24/ic-lab-duth_DRIM-S/rtl/fifo_duth.sv }
[-- (VERI-1482)] Analyzing Verilog file '/home/rk6650/VeriTriples/malik2627research/repos_6.24/ic-lab-duth_DRIM-S/rtl/fifo_duth.sv'
[WARN (VERI-1206)] /home/rk6650/VeriTriples/malik2627research/repos_6.24/ic-lab-duth_DRIM-S/rtl/fifo_duth.sv(99): overwriting previous definition of module 'fifo_duth'
[INFO (VERI-2142)] /home/rk6650/VeriTriples/malik2627research/repos_6.24/ic-lab-duth_DRIM-S/rtl/fifo_duth.sv(99): previous definition of design element 'fifo_duth' is here
0
% catch { analyze -sv -incdir /home/rk6650/VeriTriples/malik2627research/repos_6.24/ic-lab-duth_DRIM-S/rtl -incdir /home/rk6650/VeriTriples/malik2627research -incdir /home/rk6650/VeriTriples/malik2627research/rig_tb/tb/top_tb/sv -incdir /home/rk6650/VeriTriples/malik2627research/rtl -incdir /home/rk6650/VeriTriples/malik2627research/sim /home/rk6650/VeriTriples/malik2627research/repos_6.24/ic-lab-duth_DRIM-S/rtl/fifo_dual_ported.sv }
[-- (VERI-1482)] Analyzing Verilog file '/home/rk6650/VeriTriples/malik2627research/repos_6.24/ic-lab-duth_DRIM-S/rtl/fifo_dual_ported.sv'
[WARN (VERI-1206)] /home/rk6650/VeriTriples/malik2627research/repos_6.24/ic-lab-duth_DRIM-S/rtl/fifo_dual_ported.sv(155): overwriting previous definition of module 'fifo_dual_ported'
[INFO (VERI-2142)] /home/rk6650/VeriTriples/malik2627research/repos_6.24/ic-lab-duth_DRIM-S/rtl/fifo_dual_ported.sv(155): previous definition of design element 'fifo_dual_ported' is here
0
% 
% 
%             if {[catch {elaborate -top processor_top} err]} {
            puts "ELAB ERROR: $err"
            exit
            }
INFO (ISW003): Top module name is "processor_top".
[ERROR (VERI-9029)] Module processor_top has not been analyzed yet
[ERROR (VDB-9017)] Module processor_top could not be elaborated
Summary of errors detected:
	[ERROR (VERI-9029)] Module processor_top has not been analyzed yet
	[ERROR (VDB-9017)] Module processor_top could not be elaborated
ELAB ERROR: ERROR (ENL034): 2 errors detected in the design file(s).

% INFO (IPL005): Received request to exit from the console.
INFO (IPL018): The peak resident set memory use for this session was 0.419 GB.
INFO (IPL014): Waiting for the Tcl-thread to exit.
INFO (IPL015): The Tcl-thread exited with status 0.
INFO (IPL016): Exiting the analysis session with status 0.
