JasperGold Apps 2021.03 FCS 64 bits 2021.03.23 02:50:43 UTC

Any disclosure about the Cadence Design Systems software or its use
model to any third party violates the written Non-Disclosure Agreement
between Cadence Design Systems, Inc. and the customer.

THIS SOFTWARE CONTAINS CONFIDENTIAL INFORMATION AND TRADE SECRETS OF
CADENCE DESIGN SYSTEMS, INC. USE, DISCLOSURE, OR REPRODUCTION IS
PROHIBITED WITHOUT THE PRIOR EXPRESS WRITTEN PERMISSION OF CADENCE
DESIGN SYSTEMS, INC.

Copyright (C) 2000-2021 Cadence Design Systems, Inc. All Rights
Reserved.  Unpublished -- rights reserved under the copyright laws of
the United States.

This product includes software developed by others and redistributed
according to license agreement. See doc/third_party_readme.txt for
further details.

RESTRICTED RIGHTS LEGEND

Use, duplication, or disclosure by the Government is subject to
restrictions as set forth in subparagraph (c) (1) (ii) of the Rights in
Technical Data and Computer Software clause at DFARS 252.227-7013 or
subparagraphs (c) (1) and (2) of Commercial Computer Software -- Restricted
Rights at 48 CFR 52.227-19, as applicable.


                          Cadence Design Systems, Inc. 
                          2655 Seely Avenue
                          San Jose, CA 95134
                          Phone: 408.943.1234

For technical assistance visit http://support.cadence.com.

JasperGold Apps Analysis Session - /home/rk6650/VeriTriples/malik2627research/repos_6.24/Justin08784_eecs470-p4/jgproject/sessionLogs/session_0

INFO: successfully checked out license "jasper_fao".
INFO: reading configuration file "/home/rk6650/.config/jasper/jaspergold.conf".
% clear -all
INFO (IPF121): Cleared environment completely for new design analysis.
% 
% catch { analyze -sv -incdir /home/rk6650/VeriTriples/malik2627research/repos_6.24/Justin08784_eecs470-p4/test -incdir /home/rk6650/VeriTriples/malik2627research/repos_6.24/Justin08784_eecs470-p4/verilog -incdir /home/rk6650/VeriTriples/malik2627research/repos_6.24/Justin08784_eecs470-p4/verilog/p3 -incdir /home/rk6650/VeriTriples/malik2627research -incdir /home/rk6650/VeriTriples/malik2627research/test -incdir /home/rk6650/VeriTriples/malik2627research/verilog -incdir /home/rk6650/VeriTriples/malik2627research/verilog/p3 /home/rk6650/VeriTriples/malik2627research/repos_6.24/Justin08784_eecs470-p4/test/stage_id_p4_sva.svh }
[-- (VERI-1482)] Analyzing Verilog file '/usr/licensed/cadence-20210126/jasper_2021.03/lib/verilog/packages/std/std.sv' into library 'std'
[-- (VERI-1482)] Analyzing Verilog file '/home/rk6650/VeriTriples/malik2627research/repos_6.24/Justin08784_eecs470-p4/test/stage_id_p4_sva.svh'
[ERROR (VERI-1158)] /home/rk6650/VeriTriples/malik2627research/repos_6.24/Justin08784_eecs470-p4/test/stage_id_p4_sva.svh(15): use of undefined macro 'N'
[ERROR (VERI-1137)] /home/rk6650/VeriTriples/malik2627research/repos_6.24/Justin08784_eecs470-p4/test/stage_id_p4_sva.svh(15): syntax error near ';'
[ERROR (VERI-1158)] /home/rk6650/VeriTriples/malik2627research/repos_6.24/Justin08784_eecs470-p4/test/stage_id_p4_sva.svh(104): use of undefined macro 'MIN'
[ERROR (VERI-1137)] /home/rk6650/VeriTriples/malik2627research/repos_6.24/Justin08784_eecs470-p4/test/stage_id_p4_sva.svh(104): syntax error near ','
[ERROR (VERI-1137)] /home/rk6650/VeriTriples/malik2627research/repos_6.24/Justin08784_eecs470-p4/test/stage_id_p4_sva.svh(109): syntax error near ','
[ERROR (VERI-1137)] /home/rk6650/VeriTriples/malik2627research/repos_6.24/Justin08784_eecs470-p4/test/stage_id_p4_sva.svh(118): syntax error near 'INST'
[ERROR (VERI-1158)] /home/rk6650/VeriTriples/malik2627research/repos_6.24/Justin08784_eecs470-p4/test/stage_id_p4_sva.svh(151): use of undefined macro 'ZERO_REG'
[ERROR (VERI-1137)] /home/rk6650/VeriTriples/malik2627research/repos_6.24/Justin08784_eecs470-p4/test/stage_id_p4_sva.svh(151): syntax error near ','
[ERROR (VERI-1137)] /home/rk6650/VeriTriples/malik2627research/repos_6.24/Justin08784_eecs470-p4/test/stage_id_p4_sva.svh(171): syntax error near ';'
[ERROR (VERI-1128)] /home/rk6650/VeriTriples/malik2627research/repos_6.24/Justin08784_eecs470-p4/test/stage_id_p4_sva.svh(8): 'fetch2decode' is not declared
[ERROR (VERI-1128)] /home/rk6650/VeriTriples/malik2627research/repos_6.24/Justin08784_eecs470-p4/test/stage_id_p4_sva.svh(9): 'decode2fetch' is not declared
[ERROR (VERI-1128)] /home/rk6650/VeriTriples/malik2627research/repos_6.24/Justin08784_eecs470-p4/test/stage_id_p4_sva.svh(11): 'dispatch2decode' is not declared
[ERROR (VERI-1128)] /home/rk6650/VeriTriples/malik2627research/repos_6.24/Justin08784_eecs470-p4/test/stage_id_p4_sva.svh(12): 'decode2dispatch' is not declared
[ERROR (VERI-1128)] /home/rk6650/VeriTriples/malik2627research/repos_6.24/Justin08784_eecs470-p4/test/stage_id_p4_sva.svh(19): 'DEPTH' is not declared
[ERROR (VERI-1952)] /home/rk6650/VeriTriples/malik2627research/repos_6.24/Justin08784_eecs470-p4/test/stage_id_p4_sva.svh(19): range must be bounded by constant expressions
[ERROR (VERI-1128)] /home/rk6650/VeriTriples/malik2627research/repos_6.24/Justin08784_eecs470-p4/test/stage_id_p4_sva.svh(20): 'DEPTH' is not declared
[ERROR (VERI-1952)] /home/rk6650/VeriTriples/malik2627research/repos_6.24/Justin08784_eecs470-p4/test/stage_id_p4_sva.svh(20): range must be bounded by constant expressions
[ERROR (VERI-1128)] /home/rk6650/VeriTriples/malik2627research/repos_6.24/Justin08784_eecs470-p4/test/stage_id_p4_sva.svh(21): 'DEPTH' is not declared
[ERROR (VERI-1128)] /home/rk6650/VeriTriples/malik2627research/repos_6.24/Justin08784_eecs470-p4/test/stage_id_p4_sva.svh(121): 'i' is not declared
[INFO (VMSG-1000)] Too many errors. Further error messages will be suppressed.
Summary of errors detected:
	[ERROR (VERI-1158)] /home/rk6650/VeriTriples/malik2627research/repos_6.24/Justin08784_eecs470-p4/test/stage_id_p4_sva.svh(15): use of undefined macro 'N'
	[ERROR (VERI-1137)] /home/rk6650/VeriTriples/malik2627research/repos_6.24/Justin08784_eecs470-p4/test/stage_id_p4_sva.svh(15): syntax error near ';'
	[ERROR (VERI-1158)] /home/rk6650/VeriTriples/malik2627research/repos_6.24/Justin08784_eecs470-p4/test/stage_id_p4_sva.svh(104): use of undefined macro 'MIN'
	[ERROR (VERI-1137)] /home/rk6650/VeriTriples/malik2627research/repos_6.24/Justin08784_eecs470-p4/test/stage_id_p4_sva.svh(104): syntax error near ','
	[ERROR (VERI-1137)] /home/rk6650/VeriTriples/malik2627research/repos_6.24/Justin08784_eecs470-p4/test/stage_id_p4_sva.svh(109): syntax error near ','
	[ERROR (VERI-1137)] /home/rk6650/VeriTriples/malik2627research/repos_6.24/Justin08784_eecs470-p4/test/stage_id_p4_sva.svh(118): syntax error near 'INST'
	[ERROR (VERI-1158)] /home/rk6650/VeriTriples/malik2627research/repos_6.24/Justin08784_eecs470-p4/test/stage_id_p4_sva.svh(151): use of undefined macro 'ZERO_REG'
	[ERROR (VERI-1137)] /home/rk6650/VeriTriples/malik2627research/repos_6.24/Justin08784_eecs470-p4/test/stage_id_p4_sva.svh(151): syntax error near ','
	[ERROR (VERI-1137)] /home/rk6650/VeriTriples/malik2627research/repos_6.24/Justin08784_eecs470-p4/test/stage_id_p4_sva.svh(171): syntax error near ';'
	[ERROR (VERI-1128)] /home/rk6650/VeriTriples/malik2627research/repos_6.24/Justin08784_eecs470-p4/test/stage_id_p4_sva.svh(8): 'fetch2decode' is not declared
	[ERROR (VERI-1128)] /home/rk6650/VeriTriples/malik2627research/repos_6.24/Justin08784_eecs470-p4/test/stage_id_p4_sva.svh(9): 'decode2fetch' is not declared
	[ERROR (VERI-1128)] /home/rk6650/VeriTriples/malik2627research/repos_6.24/Justin08784_eecs470-p4/test/stage_id_p4_sva.svh(11): 'dispatch2decode' is not declared
	[ERROR (VERI-1128)] /home/rk6650/VeriTriples/malik2627research/repos_6.24/Justin08784_eecs470-p4/test/stage_id_p4_sva.svh(12): 'decode2dispatch' is not declared
	[ERROR (VERI-1128)] /home/rk6650/VeriTriples/malik2627research/repos_6.24/Justin08784_eecs470-p4/test/stage_id_p4_sva.svh(19): 'DEPTH' is not declared
	[ERROR (VERI-1952)] /home/rk6650/VeriTriples/malik2627research/repos_6.24/Justin08784_eecs470-p4/test/stage_id_p4_sva.svh(19): range must be bounded by constant expressions
	[ERROR (VERI-1128)] /home/rk6650/VeriTriples/malik2627research/repos_6.24/Justin08784_eecs470-p4/test/stage_id_p4_sva.svh(20): 'DEPTH' is not declared
	[ERROR (VERI-1952)] /home/rk6650/VeriTriples/malik2627research/repos_6.24/Justin08784_eecs470-p4/test/stage_id_p4_sva.svh(20): range must be bounded by constant expressions
	[ERROR (VERI-1128)] /home/rk6650/VeriTriples/malik2627research/repos_6.24/Justin08784_eecs470-p4/test/stage_id_p4_sva.svh(21): 'DEPTH' is not declared
	[ERROR (VERI-1128)] /home/rk6650/VeriTriples/malik2627research/repos_6.24/Justin08784_eecs470-p4/test/stage_id_p4_sva.svh(121): 'i' is not declared
1
% catch { analyze -sv -incdir /home/rk6650/VeriTriples/malik2627research/repos_6.24/Justin08784_eecs470-p4/test -incdir /home/rk6650/VeriTriples/malik2627research/repos_6.24/Justin08784_eecs470-p4/verilog -incdir /home/rk6650/VeriTriples/malik2627research/repos_6.24/Justin08784_eecs470-p4/verilog/p3 -incdir /home/rk6650/VeriTriples/malik2627research -incdir /home/rk6650/VeriTriples/malik2627research/test -incdir /home/rk6650/VeriTriples/malik2627research/verilog -incdir /home/rk6650/VeriTriples/malik2627research/verilog/p3 /home/rk6650/VeriTriples/malik2627research/repos_6.24/Justin08784_eecs470-p4/test/rs_chk.svh }
[-- (VERI-1482)] Analyzing Verilog file '/home/rk6650/VeriTriples/malik2627research/repos_6.24/Justin08784_eecs470-p4/test/rs_chk.svh'
[INFO (VERI-1328)] /home/rk6650/VeriTriples/malik2627research/repos_6.24/Justin08784_eecs470-p4/test/rs_chk.svh(1): analyzing included file '/home/rk6650/VeriTriples/malik2627research/repos_6.24/Justin08784_eecs470-p4/verilog/sys_defs.svh'
[ERROR (VERI-1128)] /home/rk6650/VeriTriples/malik2627research/repos_6.24/Justin08784_eecs470-p4/test/rs_chk.svh(25): 'execute2complete' is not declared
[ERROR (VERI-1072)] /home/rk6650/VeriTriples/malik2627research/repos_6.24/Justin08784_eecs470-p4/test/rs_chk.svh(450): module 'rs_chk' ignored due to previous errors
Summary of errors detected:
	[ERROR (VERI-1128)] /home/rk6650/VeriTriples/malik2627research/repos_6.24/Justin08784_eecs470-p4/test/rs_chk.svh(25): 'execute2complete' is not declared
	[ERROR (VERI-1072)] /home/rk6650/VeriTriples/malik2627research/repos_6.24/Justin08784_eecs470-p4/test/rs_chk.svh(450): module 'rs_chk' ignored due to previous errors
1
% catch { analyze -sv -incdir /home/rk6650/VeriTriples/malik2627research/repos_6.24/Justin08784_eecs470-p4/test -incdir /home/rk6650/VeriTriples/malik2627research/repos_6.24/Justin08784_eecs470-p4/verilog -incdir /home/rk6650/VeriTriples/malik2627research/repos_6.24/Justin08784_eecs470-p4/verilog/p3 -incdir /home/rk6650/VeriTriples/malik2627research -incdir /home/rk6650/VeriTriples/malik2627research/test -incdir /home/rk6650/VeriTriples/malik2627research/verilog -incdir /home/rk6650/VeriTriples/malik2627research/verilog/p3 /home/rk6650/VeriTriples/malik2627research/repos_6.24/Justin08784_eecs470-p4/verilog/sys_defs.svh }
[-- (VERI-1482)] Analyzing Verilog file '/home/rk6650/VeriTriples/malik2627research/repos_6.24/Justin08784_eecs470-p4/verilog/sys_defs.svh'
0
% catch { analyze -sv -incdir /home/rk6650/VeriTriples/malik2627research/repos_6.24/Justin08784_eecs470-p4/test -incdir /home/rk6650/VeriTriples/malik2627research/repos_6.24/Justin08784_eecs470-p4/verilog -incdir /home/rk6650/VeriTriples/malik2627research/repos_6.24/Justin08784_eecs470-p4/verilog/p3 -incdir /home/rk6650/VeriTriples/malik2627research -incdir /home/rk6650/VeriTriples/malik2627research/test -incdir /home/rk6650/VeriTriples/malik2627research/verilog -incdir /home/rk6650/VeriTriples/malik2627research/verilog/p3 /home/rk6650/VeriTriples/malik2627research/repos_6.24/Justin08784_eecs470-p4/test/fifo_sva.svh }
[-- (VERI-1482)] Analyzing Verilog file '/home/rk6650/VeriTriples/malik2627research/repos_6.24/Justin08784_eecs470-p4/test/fifo_sva.svh'
[ERROR (VERI-1817)] /home/rk6650/VeriTriples/malik2627research/repos_6.24/Justin08784_eecs470-p4/test/fifo_sva.svh(9): parameter initial value cannot be omitted in this mode of Verilog
[ERROR (VERI-1817)] /home/rk6650/VeriTriples/malik2627research/repos_6.24/Justin08784_eecs470-p4/test/fifo_sva.svh(10): parameter initial value cannot be omitted in this mode of Verilog
[ERROR (VERI-1817)] /home/rk6650/VeriTriples/malik2627research/repos_6.24/Justin08784_eecs470-p4/test/fifo_sva.svh(18): parameter initial value cannot be omitted in this mode of Verilog
[ERROR (VERI-1817)] /home/rk6650/VeriTriples/malik2627research/repos_6.24/Justin08784_eecs470-p4/test/fifo_sva.svh(19): parameter initial value cannot be omitted in this mode of Verilog
[ERROR (VERI-1072)] /home/rk6650/VeriTriples/malik2627research/repos_6.24/Justin08784_eecs470-p4/test/fifo_sva.svh(190): module 'fifo_sva' ignored due to previous errors
Summary of errors detected:
	[ERROR (VERI-1817)] /home/rk6650/VeriTriples/malik2627research/repos_6.24/Justin08784_eecs470-p4/test/fifo_sva.svh(9): parameter initial value cannot be omitted in this mode of Verilog
	[ERROR (VERI-1817)] /home/rk6650/VeriTriples/malik2627research/repos_6.24/Justin08784_eecs470-p4/test/fifo_sva.svh(10): parameter initial value cannot be omitted in this mode of Verilog
	[ERROR (VERI-1817)] /home/rk6650/VeriTriples/malik2627research/repos_6.24/Justin08784_eecs470-p4/test/fifo_sva.svh(18): parameter initial value cannot be omitted in this mode of Verilog
	[ERROR (VERI-1817)] /home/rk6650/VeriTriples/malik2627research/repos_6.24/Justin08784_eecs470-p4/test/fifo_sva.svh(19): parameter initial value cannot be omitted in this mode of Verilog
	[ERROR (VERI-1072)] /home/rk6650/VeriTriples/malik2627research/repos_6.24/Justin08784_eecs470-p4/test/fifo_sva.svh(190): module 'fifo_sva' ignored due to previous errors
1
% catch { analyze -sv -incdir /home/rk6650/VeriTriples/malik2627research/repos_6.24/Justin08784_eecs470-p4/test -incdir /home/rk6650/VeriTriples/malik2627research/repos_6.24/Justin08784_eecs470-p4/verilog -incdir /home/rk6650/VeriTriples/malik2627research/repos_6.24/Justin08784_eecs470-p4/verilog/p3 -incdir /home/rk6650/VeriTriples/malik2627research -incdir /home/rk6650/VeriTriples/malik2627research/test -incdir /home/rk6650/VeriTriples/malik2627research/verilog -incdir /home/rk6650/VeriTriples/malik2627research/verilog/p3 /home/rk6650/VeriTriples/malik2627research/repos_6.24/Justin08784_eecs470-p4/test/map_table_sva.svh }
[-- (VERI-1482)] Analyzing Verilog file '/home/rk6650/VeriTriples/malik2627research/repos_6.24/Justin08784_eecs470-p4/test/map_table_sva.svh'
[INFO (VERI-1328)] /home/rk6650/VeriTriples/malik2627research/repos_6.24/Justin08784_eecs470-p4/test/map_table_sva.svh(1): analyzing included file '/home/rk6650/VeriTriples/malik2627research/repos_6.24/Justin08784_eecs470-p4/verilog/sys_defs.svh'
[ERROR (VERI-1128)] /home/rk6650/VeriTriples/malik2627research/repos_6.24/Justin08784_eecs470-p4/test/map_table_sva.svh(18): 'execute2complete' is not declared
[ERROR (VERI-1072)] /home/rk6650/VeriTriples/malik2627research/repos_6.24/Justin08784_eecs470-p4/test/map_table_sva.svh(217): module 'mt_sva' ignored due to previous errors
Summary of errors detected:
	[ERROR (VERI-1128)] /home/rk6650/VeriTriples/malik2627research/repos_6.24/Justin08784_eecs470-p4/test/map_table_sva.svh(18): 'execute2complete' is not declared
	[ERROR (VERI-1072)] /home/rk6650/VeriTriples/malik2627research/repos_6.24/Justin08784_eecs470-p4/test/map_table_sva.svh(217): module 'mt_sva' ignored due to previous errors
1
% catch { analyze -sv -incdir /home/rk6650/VeriTriples/malik2627research/repos_6.24/Justin08784_eecs470-p4/test -incdir /home/rk6650/VeriTriples/malik2627research/repos_6.24/Justin08784_eecs470-p4/verilog -incdir /home/rk6650/VeriTriples/malik2627research/repos_6.24/Justin08784_eecs470-p4/verilog/p3 -incdir /home/rk6650/VeriTriples/malik2627research -incdir /home/rk6650/VeriTriples/malik2627research/test -incdir /home/rk6650/VeriTriples/malik2627research/verilog -incdir /home/rk6650/VeriTriples/malik2627research/verilog/p3 /home/rk6650/VeriTriples/malik2627research/repos_6.24/Justin08784_eecs470-p4/verilog/execute.svh }
[-- (VERI-1482)] Analyzing Verilog file '/home/rk6650/VeriTriples/malik2627research/repos_6.24/Justin08784_eecs470-p4/verilog/execute.svh'
[INFO (VERI-1328)] /home/rk6650/VeriTriples/malik2627research/repos_6.24/Justin08784_eecs470-p4/verilog/execute.svh(4): analyzing included file '/home/rk6650/VeriTriples/malik2627research/repos_6.24/Justin08784_eecs470-p4/verilog/sys_defs.svh'
0
% catch { analyze -sv -incdir /home/rk6650/VeriTriples/malik2627research/repos_6.24/Justin08784_eecs470-p4/test -incdir /home/rk6650/VeriTriples/malik2627research/repos_6.24/Justin08784_eecs470-p4/verilog -incdir /home/rk6650/VeriTriples/malik2627research/repos_6.24/Justin08784_eecs470-p4/verilog/p3 -incdir /home/rk6650/VeriTriples/malik2627research -incdir /home/rk6650/VeriTriples/malik2627research/test -incdir /home/rk6650/VeriTriples/malik2627research/verilog -incdir /home/rk6650/VeriTriples/malik2627research/verilog/p3 /home/rk6650/VeriTriples/malik2627research/repos_6.24/Justin08784_eecs470-p4/test/cpu_test.sv }
[-- (VERI-1482)] Analyzing Verilog file '/home/rk6650/VeriTriples/malik2627research/repos_6.24/Justin08784_eecs470-p4/test/cpu_test.sv'
[INFO (VERI-1328)] /home/rk6650/VeriTriples/malik2627research/repos_6.24/Justin08784_eecs470-p4/test/cpu_test.sv(10): analyzing included file '/home/rk6650/VeriTriples/malik2627research/repos_6.24/Justin08784_eecs470-p4/verilog/sys_defs.svh'
[INFO (VERI-1328)] /home/rk6650/VeriTriples/malik2627research/repos_6.24/Justin08784_eecs470-p4/test/cpu_test.sv(11): analyzing included file '/home/rk6650/VeriTriples/malik2627research/repos_6.24/Justin08784_eecs470-p4/verilog/dcache_block_direct.svh'
[INFO (VERI-1328)] /home/rk6650/VeriTriples/malik2627research/repos_6.24/Justin08784_eecs470-p4/verilog/dcache_block_direct.svh(4): analyzing included file '/home/rk6650/VeriTriples/malik2627research/repos_6.24/Justin08784_eecs470-p4/verilog/sys_defs.svh'
[INFO (VERI-1328)] /home/rk6650/VeriTriples/malik2627research/repos_6.24/Justin08784_eecs470-p4/test/cpu_test.sv(12): analyzing included file '/home/rk6650/VeriTriples/malik2627research/repos_6.24/Justin08784_eecs470-p4/verilog/execute.svh'
[ERROR (VERI-1158)] /home/rk6650/VeriTriples/malik2627research/repos_6.24/Justin08784_eecs470-p4/test/cpu_test.sv(149): use of undefined macro 'CLOCK_PERIOD'
[ERROR (VERI-1137)] /home/rk6650/VeriTriples/malik2627research/repos_6.24/Justin08784_eecs470-p4/test/cpu_test.sv(149): syntax error near '/'
[ERROR (VERI-1137)] /home/rk6650/VeriTriples/malik2627research/repos_6.24/Justin08784_eecs470-p4/test/cpu_test.sv(443): syntax error near ')'
[ERROR (VERI-1281)] /home/rk6650/VeriTriples/malik2627research/repos_6.24/Justin08784_eecs470-p4/test/cpu_test.sv(150): 'clock' is not a type
[ERROR (VERI-1072)] /home/rk6650/VeriTriples/malik2627research/repos_6.24/Justin08784_eecs470-p4/test/cpu_test.sv(1566): module 'testbench' ignored due to previous errors
Summary of errors detected:
	[ERROR (VERI-1158)] /home/rk6650/VeriTriples/malik2627research/repos_6.24/Justin08784_eecs470-p4/test/cpu_test.sv(149): use of undefined macro 'CLOCK_PERIOD'
	[ERROR (VERI-1137)] /home/rk6650/VeriTriples/malik2627research/repos_6.24/Justin08784_eecs470-p4/test/cpu_test.sv(149): syntax error near '/'
	[ERROR (VERI-1137)] /home/rk6650/VeriTriples/malik2627research/repos_6.24/Justin08784_eecs470-p4/test/cpu_test.sv(443): syntax error near ')'
	[ERROR (VERI-1281)] /home/rk6650/VeriTriples/malik2627research/repos_6.24/Justin08784_eecs470-p4/test/cpu_test.sv(150): 'clock' is not a type
	[ERROR (VERI-1072)] /home/rk6650/VeriTriples/malik2627research/repos_6.24/Justin08784_eecs470-p4/test/cpu_test.sv(1566): module 'testbench' ignored due to previous errors
1
% catch { analyze -sv -incdir /home/rk6650/VeriTriples/malik2627research/repos_6.24/Justin08784_eecs470-p4/test -incdir /home/rk6650/VeriTriples/malik2627research/repos_6.24/Justin08784_eecs470-p4/verilog -incdir /home/rk6650/VeriTriples/malik2627research/repos_6.24/Justin08784_eecs470-p4/verilog/p3 -incdir /home/rk6650/VeriTriples/malik2627research -incdir /home/rk6650/VeriTriples/malik2627research/test -incdir /home/rk6650/VeriTriples/malik2627research/verilog -incdir /home/rk6650/VeriTriples/malik2627research/verilog/p3 /home/rk6650/VeriTriples/malik2627research/repos_6.24/Justin08784_eecs470-p4/verilog/p3/sys_defs.svh }
[-- (VERI-1482)] Analyzing Verilog file '/home/rk6650/VeriTriples/malik2627research/repos_6.24/Justin08784_eecs470-p4/verilog/p3/sys_defs.svh'
0
% catch { analyze -sv -incdir /home/rk6650/VeriTriples/malik2627research/repos_6.24/Justin08784_eecs470-p4/test -incdir /home/rk6650/VeriTriples/malik2627research/repos_6.24/Justin08784_eecs470-p4/verilog -incdir /home/rk6650/VeriTriples/malik2627research/repos_6.24/Justin08784_eecs470-p4/verilog/p3 -incdir /home/rk6650/VeriTriples/malik2627research -incdir /home/rk6650/VeriTriples/malik2627research/test -incdir /home/rk6650/VeriTriples/malik2627research/verilog -incdir /home/rk6650/VeriTriples/malik2627research/verilog/p3 /home/rk6650/VeriTriples/malik2627research/repos_6.24/Justin08784_eecs470-p4/verilog/dcache_block_direct.svh }
[-- (VERI-1482)] Analyzing Verilog file '/home/rk6650/VeriTriples/malik2627research/repos_6.24/Justin08784_eecs470-p4/verilog/dcache_block_direct.svh'
0
% catch { analyze -sv -incdir /home/rk6650/VeriTriples/malik2627research/repos_6.24/Justin08784_eecs470-p4/test -incdir /home/rk6650/VeriTriples/malik2627research/repos_6.24/Justin08784_eecs470-p4/verilog -incdir /home/rk6650/VeriTriples/malik2627research/repos_6.24/Justin08784_eecs470-p4/verilog/p3 -incdir /home/rk6650/VeriTriples/malik2627research -incdir /home/rk6650/VeriTriples/malik2627research/test -incdir /home/rk6650/VeriTriples/malik2627research/verilog -incdir /home/rk6650/VeriTriples/malik2627research/verilog/p3 /home/rk6650/VeriTriples/malik2627research/repos_6.24/Justin08784_eecs470-p4/verilog/ISA.svh }
[-- (VERI-1482)] Analyzing Verilog file '/home/rk6650/VeriTriples/malik2627research/repos_6.24/Justin08784_eecs470-p4/verilog/ISA.svh'
0
% catch { analyze -sv -incdir /home/rk6650/VeriTriples/malik2627research/repos_6.24/Justin08784_eecs470-p4/test -incdir /home/rk6650/VeriTriples/malik2627research/repos_6.24/Justin08784_eecs470-p4/verilog -incdir /home/rk6650/VeriTriples/malik2627research/repos_6.24/Justin08784_eecs470-p4/verilog/p3 -incdir /home/rk6650/VeriTriples/malik2627research -incdir /home/rk6650/VeriTriples/malik2627research/test -incdir /home/rk6650/VeriTriples/malik2627research/verilog -incdir /home/rk6650/VeriTriples/malik2627research/verilog/p3 /home/rk6650/VeriTriples/malik2627research/repos_6.24/Justin08784_eecs470-p4/test/rs_sva.svh }
[-- (VERI-1482)] Analyzing Verilog file '/home/rk6650/VeriTriples/malik2627research/repos_6.24/Justin08784_eecs470-p4/test/rs_sva.svh'
[INFO (VERI-1328)] /home/rk6650/VeriTriples/malik2627research/repos_6.24/Justin08784_eecs470-p4/test/rs_sva.svh(1): analyzing included file '/home/rk6650/VeriTriples/malik2627research/repos_6.24/Justin08784_eecs470-p4/verilog/sys_defs.svh'
[ERROR (VERI-1363)] /home/rk6650/VeriTriples/malik2627research/repos_6.24/Justin08784_eecs470-p4/test/rs_sva.svh(309): range is not allowed in a prefix
[ERROR (VERI-1363)] /home/rk6650/VeriTriples/malik2627research/repos_6.24/Justin08784_eecs470-p4/test/rs_sva.svh(310): range is not allowed in a prefix
[ERROR (VERI-1363)] /home/rk6650/VeriTriples/malik2627research/repos_6.24/Justin08784_eecs470-p4/test/rs_sva.svh(318): range is not allowed in a prefix
[ERROR (VERI-1363)] /home/rk6650/VeriTriples/malik2627research/repos_6.24/Justin08784_eecs470-p4/test/rs_sva.svh(319): range is not allowed in a prefix
[ERROR (VERI-1363)] /home/rk6650/VeriTriples/malik2627research/repos_6.24/Justin08784_eecs470-p4/test/rs_sva.svh(327): range is not allowed in a prefix
[ERROR (VERI-1363)] /home/rk6650/VeriTriples/malik2627research/repos_6.24/Justin08784_eecs470-p4/test/rs_sva.svh(328): range is not allowed in a prefix
[ERROR (VERI-1363)] /home/rk6650/VeriTriples/malik2627research/repos_6.24/Justin08784_eecs470-p4/test/rs_sva.svh(336): range is not allowed in a prefix
[ERROR (VERI-1363)] /home/rk6650/VeriTriples/malik2627research/repos_6.24/Justin08784_eecs470-p4/test/rs_sva.svh(337): range is not allowed in a prefix
[ERROR (VERI-1072)] /home/rk6650/VeriTriples/malik2627research/repos_6.24/Justin08784_eecs470-p4/test/rs_sva.svh(537): module 'rs_sva' ignored due to previous errors
Summary of errors detected:
	[ERROR (VERI-1363)] /home/rk6650/VeriTriples/malik2627research/repos_6.24/Justin08784_eecs470-p4/test/rs_sva.svh(309): range is not allowed in a prefix
	[ERROR (VERI-1363)] /home/rk6650/VeriTriples/malik2627research/repos_6.24/Justin08784_eecs470-p4/test/rs_sva.svh(310): range is not allowed in a prefix
	[ERROR (VERI-1363)] /home/rk6650/VeriTriples/malik2627research/repos_6.24/Justin08784_eecs470-p4/test/rs_sva.svh(318): range is not allowed in a prefix
	[ERROR (VERI-1363)] /home/rk6650/VeriTriples/malik2627research/repos_6.24/Justin08784_eecs470-p4/test/rs_sva.svh(319): range is not allowed in a prefix
	[ERROR (VERI-1363)] /home/rk6650/VeriTriples/malik2627research/repos_6.24/Justin08784_eecs470-p4/test/rs_sva.svh(327): range is not allowed in a prefix
	[ERROR (VERI-1363)] /home/rk6650/VeriTriples/malik2627research/repos_6.24/Justin08784_eecs470-p4/test/rs_sva.svh(328): range is not allowed in a prefix
	[ERROR (VERI-1363)] /home/rk6650/VeriTriples/malik2627research/repos_6.24/Justin08784_eecs470-p4/test/rs_sva.svh(336): range is not allowed in a prefix
	[ERROR (VERI-1363)] /home/rk6650/VeriTriples/malik2627research/repos_6.24/Justin08784_eecs470-p4/test/rs_sva.svh(337): range is not allowed in a prefix
	[ERROR (VERI-1072)] /home/rk6650/VeriTriples/malik2627research/repos_6.24/Justin08784_eecs470-p4/test/rs_sva.svh(537): module 'rs_sva' ignored due to previous errors
1
% catch { analyze -sv -incdir /home/rk6650/VeriTriples/malik2627research/repos_6.24/Justin08784_eecs470-p4/test -incdir /home/rk6650/VeriTriples/malik2627research/repos_6.24/Justin08784_eecs470-p4/verilog -incdir /home/rk6650/VeriTriples/malik2627research/repos_6.24/Justin08784_eecs470-p4/verilog/p3 -incdir /home/rk6650/VeriTriples/malik2627research -incdir /home/rk6650/VeriTriples/malik2627research/test -incdir /home/rk6650/VeriTriples/malik2627research/verilog -incdir /home/rk6650/VeriTriples/malik2627research/verilog/p3 /home/rk6650/VeriTriples/malik2627research/repos_6.24/Justin08784_eecs470-p4/verilog/dcache_nblock_set copy.svh }
1
% catch { analyze -sv -incdir /home/rk6650/VeriTriples/malik2627research/repos_6.24/Justin08784_eecs470-p4/test -incdir /home/rk6650/VeriTriples/malik2627research/repos_6.24/Justin08784_eecs470-p4/verilog -incdir /home/rk6650/VeriTriples/malik2627research/repos_6.24/Justin08784_eecs470-p4/verilog/p3 -incdir /home/rk6650/VeriTriples/malik2627research -incdir /home/rk6650/VeriTriples/malik2627research/test -incdir /home/rk6650/VeriTriples/malik2627research/verilog -incdir /home/rk6650/VeriTriples/malik2627research/verilog/p3 /home/rk6650/VeriTriples/malik2627research/repos_6.24/Justin08784_eecs470-p4/verilog/p3/ISA.svh }
[-- (VERI-1482)] Analyzing Verilog file '/home/rk6650/VeriTriples/malik2627research/repos_6.24/Justin08784_eecs470-p4/verilog/p3/ISA.svh'
0
% catch { analyze -sv -incdir /home/rk6650/VeriTriples/malik2627research/repos_6.24/Justin08784_eecs470-p4/test -incdir /home/rk6650/VeriTriples/malik2627research/repos_6.24/Justin08784_eecs470-p4/verilog -incdir /home/rk6650/VeriTriples/malik2627research/repos_6.24/Justin08784_eecs470-p4/verilog/p3 -incdir /home/rk6650/VeriTriples/malik2627research -incdir /home/rk6650/VeriTriples/malik2627research/test -incdir /home/rk6650/VeriTriples/malik2627research/verilog -incdir /home/rk6650/VeriTriples/malik2627research/verilog/p3 /home/rk6650/VeriTriples/malik2627research/repos_6.24/Justin08784_eecs470-p4/test/rob_sva.svh }
[-- (VERI-1482)] Analyzing Verilog file '/home/rk6650/VeriTriples/malik2627research/repos_6.24/Justin08784_eecs470-p4/test/rob_sva.svh'
[ERROR (VERI-1128)] /home/rk6650/VeriTriples/malik2627research/repos_6.24/Justin08784_eecs470-p4/test/rob_sva.svh(18): 'execute2complete' is not declared
[ERROR (VERI-1072)] /home/rk6650/VeriTriples/malik2627research/repos_6.24/Justin08784_eecs470-p4/test/rob_sva.svh(255): module 'rob_sva' ignored due to previous errors
Summary of errors detected:
	[ERROR (VERI-1128)] /home/rk6650/VeriTriples/malik2627research/repos_6.24/Justin08784_eecs470-p4/test/rob_sva.svh(18): 'execute2complete' is not declared
	[ERROR (VERI-1072)] /home/rk6650/VeriTriples/malik2627research/repos_6.24/Justin08784_eecs470-p4/test/rob_sva.svh(255): module 'rob_sva' ignored due to previous errors
1
% 
% catch { analyze -sv -incdir /home/rk6650/VeriTriples/malik2627research/repos_6.24/Justin08784_eecs470-p4/test -incdir /home/rk6650/VeriTriples/malik2627research/repos_6.24/Justin08784_eecs470-p4/verilog -incdir /home/rk6650/VeriTriples/malik2627research/repos_6.24/Justin08784_eecs470-p4/verilog/p3 -incdir /home/rk6650/VeriTriples/malik2627research -incdir /home/rk6650/VeriTriples/malik2627research/test -incdir /home/rk6650/VeriTriples/malik2627research/verilog -incdir /home/rk6650/VeriTriples/malik2627research/verilog/p3 /home/rk6650/VeriTriples/malik2627research/repos_6.24/Justin08784_eecs470-p4/verilog/lq.sv }
[-- (VERI-1482)] Analyzing Verilog file '/home/rk6650/VeriTriples/malik2627research/repos_6.24/Justin08784_eecs470-p4/verilog/lq.sv'
[INFO (VERI-1328)] /home/rk6650/VeriTriples/malik2627research/repos_6.24/Justin08784_eecs470-p4/verilog/lq.sv(1): analyzing included file '/home/rk6650/VeriTriples/malik2627research/repos_6.24/Justin08784_eecs470-p4/verilog/sys_defs.svh'
[ERROR (VERI-1348)] /home/rk6650/VeriTriples/malik2627research/repos_6.24/Justin08784_eecs470-p4/verilog/lq.sv(151): an enum variable may only be assigned the same enum typed variable or one of its values
[ERROR (VERI-1072)] /home/rk6650/VeriTriples/malik2627research/repos_6.24/Justin08784_eecs470-p4/verilog/lq.sv(176): module 'lq' ignored due to previous errors
Summary of errors detected:
	[ERROR (VERI-1348)] /home/rk6650/VeriTriples/malik2627research/repos_6.24/Justin08784_eecs470-p4/verilog/lq.sv(151): an enum variable may only be assigned the same enum typed variable or one of its values
	[ERROR (VERI-1072)] /home/rk6650/VeriTriples/malik2627research/repos_6.24/Justin08784_eecs470-p4/verilog/lq.sv(176): module 'lq' ignored due to previous errors
1
% catch { analyze -sv -incdir /home/rk6650/VeriTriples/malik2627research/repos_6.24/Justin08784_eecs470-p4/test -incdir /home/rk6650/VeriTriples/malik2627research/repos_6.24/Justin08784_eecs470-p4/verilog -incdir /home/rk6650/VeriTriples/malik2627research/repos_6.24/Justin08784_eecs470-p4/verilog/p3 -incdir /home/rk6650/VeriTriples/malik2627research -incdir /home/rk6650/VeriTriples/malik2627research/test -incdir /home/rk6650/VeriTriples/malik2627research/verilog -incdir /home/rk6650/VeriTriples/malik2627research/verilog/p3 /home/rk6650/VeriTriples/malik2627research/repos_6.24/Justin08784_eecs470-p4/verilog/fifo.sv }
[-- (VERI-1482)] Analyzing Verilog file '/home/rk6650/VeriTriples/malik2627research/repos_6.24/Justin08784_eecs470-p4/verilog/fifo.sv'
[INFO (VERI-1328)] /home/rk6650/VeriTriples/malik2627research/repos_6.24/Justin08784_eecs470-p4/verilog/fifo.sv(1): analyzing included file '/home/rk6650/VeriTriples/malik2627research/repos_6.24/Justin08784_eecs470-p4/verilog/sys_defs.svh'
0
% catch { analyze -sv -incdir /home/rk6650/VeriTriples/malik2627research/repos_6.24/Justin08784_eecs470-p4/test -incdir /home/rk6650/VeriTriples/malik2627research/repos_6.24/Justin08784_eecs470-p4/verilog -incdir /home/rk6650/VeriTriples/malik2627research/repos_6.24/Justin08784_eecs470-p4/verilog/p3 -incdir /home/rk6650/VeriTriples/malik2627research -incdir /home/rk6650/VeriTriples/malik2627research/test -incdir /home/rk6650/VeriTriples/malik2627research/verilog -incdir /home/rk6650/VeriTriples/malik2627research/verilog/p3 /home/rk6650/VeriTriples/malik2627research/repos_6.24/Justin08784_eecs470-p4/verilog/tournament.sv }
[-- (VERI-1482)] Analyzing Verilog file '/home/rk6650/VeriTriples/malik2627research/repos_6.24/Justin08784_eecs470-p4/verilog/tournament.sv'
[INFO (VERI-1328)] /home/rk6650/VeriTriples/malik2627research/repos_6.24/Justin08784_eecs470-p4/verilog/tournament.sv(1): analyzing included file '/home/rk6650/VeriTriples/malik2627research/repos_6.24/Justin08784_eecs470-p4/verilog/sys_defs.svh'
0
% catch { analyze -sv -incdir /home/rk6650/VeriTriples/malik2627research/repos_6.24/Justin08784_eecs470-p4/test -incdir /home/rk6650/VeriTriples/malik2627research/repos_6.24/Justin08784_eecs470-p4/verilog -incdir /home/rk6650/VeriTriples/malik2627research/repos_6.24/Justin08784_eecs470-p4/verilog/p3 -incdir /home/rk6650/VeriTriples/malik2627research -incdir /home/rk6650/VeriTriples/malik2627research/test -incdir /home/rk6650/VeriTriples/malik2627research/verilog -incdir /home/rk6650/VeriTriples/malik2627research/verilog/p3 /home/rk6650/VeriTriples/malik2627research/repos_6.24/Justin08784_eecs470-p4/verilog/skid_buffer.sv }
[-- (VERI-1482)] Analyzing Verilog file '/home/rk6650/VeriTriples/malik2627research/repos_6.24/Justin08784_eecs470-p4/verilog/skid_buffer.sv'
[INFO (VERI-1328)] /home/rk6650/VeriTriples/malik2627research/repos_6.24/Justin08784_eecs470-p4/verilog/skid_buffer.sv(1): analyzing included file '/home/rk6650/VeriTriples/malik2627research/repos_6.24/Justin08784_eecs470-p4/verilog/sys_defs.svh'
[ERROR (VERI-1817)] /home/rk6650/VeriTriples/malik2627research/repos_6.24/Justin08784_eecs470-p4/verilog/skid_buffer.sv(4): parameter initial value cannot be omitted in this mode of Verilog
[ERROR (VERI-1072)] /home/rk6650/VeriTriples/malik2627research/repos_6.24/Justin08784_eecs470-p4/verilog/skid_buffer.sv(30): module 'flop' ignored due to previous errors
[ERROR (VERI-1817)] /home/rk6650/VeriTriples/malik2627research/repos_6.24/Justin08784_eecs470-p4/verilog/skid_buffer.sv(33): parameter initial value cannot be omitted in this mode of Verilog
[ERROR (VERI-1072)] /home/rk6650/VeriTriples/malik2627research/repos_6.24/Justin08784_eecs470-p4/verilog/skid_buffer.sv(85): module 'skid' ignored due to previous errors
[ERROR (VERI-1817)] /home/rk6650/VeriTriples/malik2627research/repos_6.24/Justin08784_eecs470-p4/verilog/skid_buffer.sv(93): parameter initial value cannot be omitted in this mode of Verilog
[ERROR (VERI-1072)] /home/rk6650/VeriTriples/malik2627research/repos_6.24/Justin08784_eecs470-p4/verilog/skid_buffer.sv(159): module 'ppln_skid' ignored due to previous errors
Summary of errors detected:
	[ERROR (VERI-1817)] /home/rk6650/VeriTriples/malik2627research/repos_6.24/Justin08784_eecs470-p4/verilog/skid_buffer.sv(4): parameter initial value cannot be omitted in this mode of Verilog
	[ERROR (VERI-1072)] /home/rk6650/VeriTriples/malik2627research/repos_6.24/Justin08784_eecs470-p4/verilog/skid_buffer.sv(30): module 'flop' ignored due to previous errors
	[ERROR (VERI-1817)] /home/rk6650/VeriTriples/malik2627research/repos_6.24/Justin08784_eecs470-p4/verilog/skid_buffer.sv(33): parameter initial value cannot be omitted in this mode of Verilog
	[ERROR (VERI-1072)] /home/rk6650/VeriTriples/malik2627research/repos_6.24/Justin08784_eecs470-p4/verilog/skid_buffer.sv(85): module 'skid' ignored due to previous errors
	[ERROR (VERI-1817)] /home/rk6650/VeriTriples/malik2627research/repos_6.24/Justin08784_eecs470-p4/verilog/skid_buffer.sv(93): parameter initial value cannot be omitted in this mode of Verilog
	[ERROR (VERI-1072)] /home/rk6650/VeriTriples/malik2627research/repos_6.24/Justin08784_eecs470-p4/verilog/skid_buffer.sv(159): module 'ppln_skid' ignored due to previous errors
1
% catch { analyze -sv -incdir /home/rk6650/VeriTriples/malik2627research/repos_6.24/Justin08784_eecs470-p4/test -incdir /home/rk6650/VeriTriples/malik2627research/repos_6.24/Justin08784_eecs470-p4/verilog -incdir /home/rk6650/VeriTriples/malik2627research/repos_6.24/Justin08784_eecs470-p4/verilog/p3 -incdir /home/rk6650/VeriTriples/malik2627research -incdir /home/rk6650/VeriTriples/malik2627research/test -incdir /home/rk6650/VeriTriples/malik2627research/verilog -incdir /home/rk6650/VeriTriples/malik2627research/verilog/p3 /home/rk6650/VeriTriples/malik2627research/repos_6.24/Justin08784_eecs470-p4/verilog/decode_deprecated.sv }
[-- (VERI-1482)] Analyzing Verilog file '/home/rk6650/VeriTriples/malik2627research/repos_6.24/Justin08784_eecs470-p4/verilog/decode_deprecated.sv'
[INFO (VERI-1328)] /home/rk6650/VeriTriples/malik2627research/repos_6.24/Justin08784_eecs470-p4/verilog/decode_deprecated.sv(11): analyzing included file '/home/rk6650/VeriTriples/malik2627research/repos_6.24/Justin08784_eecs470-p4/verilog/sys_defs.svh'
[INFO (VERI-1328)] /home/rk6650/VeriTriples/malik2627research/repos_6.24/Justin08784_eecs470-p4/verilog/decode_deprecated.sv(12): analyzing included file '/home/rk6650/VeriTriples/malik2627research/repos_6.24/Justin08784_eecs470-p4/verilog/ISA.svh'
[ERROR (VERI-1137)] /home/rk6650/VeriTriples/malik2627research/repos_6.24/Justin08784_eecs470-p4/verilog/decode_deprecated.sv(221): syntax error near '('
[ERROR (VERI-1137)] /home/rk6650/VeriTriples/malik2627research/repos_6.24/Justin08784_eecs470-p4/verilog/decode_deprecated.sv(223): syntax error near '.'
[ERROR (VERI-1137)] /home/rk6650/VeriTriples/malik2627research/repos_6.24/Justin08784_eecs470-p4/verilog/decode_deprecated.sv(235): syntax error near '('
[ERROR (VERI-1137)] /home/rk6650/VeriTriples/malik2627research/repos_6.24/Justin08784_eecs470-p4/verilog/decode_deprecated.sv(238): syntax error near '.'
[ERROR (VERI-1128)] /home/rk6650/VeriTriples/malik2627research/repos_6.24/Justin08784_eecs470-p4/verilog/decode_deprecated.sv(198): 'N' is not declared
[ERROR (VERI-1952)] /home/rk6650/VeriTriples/malik2627research/repos_6.24/Justin08784_eecs470-p4/verilog/decode_deprecated.sv(198): range must be bounded by constant expressions
[ERROR (VERI-1128)] /home/rk6650/VeriTriples/malik2627research/repos_6.24/Justin08784_eecs470-p4/verilog/decode_deprecated.sv(199): 'N' is not declared
[ERROR (VERI-1952)] /home/rk6650/VeriTriples/malik2627research/repos_6.24/Justin08784_eecs470-p4/verilog/decode_deprecated.sv(199): range must be bounded by constant expressions
[ERROR (VERI-1128)] /home/rk6650/VeriTriples/malik2627research/repos_6.24/Justin08784_eecs470-p4/verilog/decode_deprecated.sv(200): 'N' is not declared
[ERROR (VERI-1952)] /home/rk6650/VeriTriples/malik2627research/repos_6.24/Justin08784_eecs470-p4/verilog/decode_deprecated.sv(200): range must be bounded by constant expressions
[ERROR (VERI-1128)] /home/rk6650/VeriTriples/malik2627research/repos_6.24/Justin08784_eecs470-p4/verilog/decode_deprecated.sv(201): 'N' is not declared
[ERROR (VERI-1952)] /home/rk6650/VeriTriples/malik2627research/repos_6.24/Justin08784_eecs470-p4/verilog/decode_deprecated.sv(201): range must be bounded by constant expressions
[ERROR (VERI-1128)] /home/rk6650/VeriTriples/malik2627research/repos_6.24/Justin08784_eecs470-p4/verilog/decode_deprecated.sv(202): 'N' is not declared
[ERROR (VERI-1952)] /home/rk6650/VeriTriples/malik2627research/repos_6.24/Justin08784_eecs470-p4/verilog/decode_deprecated.sv(202): range must be bounded by constant expressions
[ERROR (VERI-1128)] /home/rk6650/VeriTriples/malik2627research/repos_6.24/Justin08784_eecs470-p4/verilog/decode_deprecated.sv(204): 'N' is not declared
[ERROR (VERI-1952)] /home/rk6650/VeriTriples/malik2627research/repos_6.24/Justin08784_eecs470-p4/verilog/decode_deprecated.sv(204): range must be bounded by constant expressions
[ERROR (VERI-1128)] /home/rk6650/VeriTriples/malik2627research/repos_6.24/Justin08784_eecs470-p4/verilog/decode_deprecated.sv(209): 'N' is not declared
[ERROR (VERI-1128)] /home/rk6650/VeriTriples/malik2627research/repos_6.24/Justin08784_eecs470-p4/verilog/decode_deprecated.sv(215): 'N' is not declared
[ERROR (VERI-1952)] /home/rk6650/VeriTriples/malik2627research/repos_6.24/Justin08784_eecs470-p4/verilog/decode_deprecated.sv(215): range must be bounded by constant expressions
[WARN (VERI-1381)] /home/rk6650/VeriTriples/malik2627research/repos_6.24/Justin08784_eecs470-p4/verilog/decode_deprecated.sv(237): cannot select 'inst' inside 'if_id_reg' due to dimension mismatch
[INFO (VMSG-1000)] Too many errors. Further error messages will be suppressed.
Summary of errors detected:
	[ERROR (VERI-1137)] /home/rk6650/VeriTriples/malik2627research/repos_6.24/Justin08784_eecs470-p4/verilog/decode_deprecated.sv(221): syntax error near '('
	[ERROR (VERI-1137)] /home/rk6650/VeriTriples/malik2627research/repos_6.24/Justin08784_eecs470-p4/verilog/decode_deprecated.sv(223): syntax error near '.'
	[ERROR (VERI-1137)] /home/rk6650/VeriTriples/malik2627research/repos_6.24/Justin08784_eecs470-p4/verilog/decode_deprecated.sv(235): syntax error near '('
	[ERROR (VERI-1137)] /home/rk6650/VeriTriples/malik2627research/repos_6.24/Justin08784_eecs470-p4/verilog/decode_deprecated.sv(238): syntax error near '.'
	[ERROR (VERI-1128)] /home/rk6650/VeriTriples/malik2627research/repos_6.24/Justin08784_eecs470-p4/verilog/decode_deprecated.sv(198): 'N' is not declared
	[ERROR (VERI-1952)] /home/rk6650/VeriTriples/malik2627research/repos_6.24/Justin08784_eecs470-p4/verilog/decode_deprecated.sv(198): range must be bounded by constant expressions
	[ERROR (VERI-1128)] /home/rk6650/VeriTriples/malik2627research/repos_6.24/Justin08784_eecs470-p4/verilog/decode_deprecated.sv(199): 'N' is not declared
	[ERROR (VERI-1952)] /home/rk6650/VeriTriples/malik2627research/repos_6.24/Justin08784_eecs470-p4/verilog/decode_deprecated.sv(199): range must be bounded by constant expressions
	[ERROR (VERI-1128)] /home/rk6650/VeriTriples/malik2627research/repos_6.24/Justin08784_eecs470-p4/verilog/decode_deprecated.sv(200): 'N' is not declared
	[ERROR (VERI-1952)] /home/rk6650/VeriTriples/malik2627research/repos_6.24/Justin08784_eecs470-p4/verilog/decode_deprecated.sv(200): range must be bounded by constant expressions
	[ERROR (VERI-1128)] /home/rk6650/VeriTriples/malik2627research/repos_6.24/Justin08784_eecs470-p4/verilog/decode_deprecated.sv(201): 'N' is not declared
	[ERROR (VERI-1952)] /home/rk6650/VeriTriples/malik2627research/repos_6.24/Justin08784_eecs470-p4/verilog/decode_deprecated.sv(201): range must be bounded by constant expressions
	[ERROR (VERI-1128)] /home/rk6650/VeriTriples/malik2627research/repos_6.24/Justin08784_eecs470-p4/verilog/decode_deprecated.sv(202): 'N' is not declared
	[ERROR (VERI-1952)] /home/rk6650/VeriTriples/malik2627research/repos_6.24/Justin08784_eecs470-p4/verilog/decode_deprecated.sv(202): range must be bounded by constant expressions
	[ERROR (VERI-1128)] /home/rk6650/VeriTriples/malik2627research/repos_6.24/Justin08784_eecs470-p4/verilog/decode_deprecated.sv(204): 'N' is not declared
	[ERROR (VERI-1952)] /home/rk6650/VeriTriples/malik2627research/repos_6.24/Justin08784_eecs470-p4/verilog/decode_deprecated.sv(204): range must be bounded by constant expressions
	[ERROR (VERI-1128)] /home/rk6650/VeriTriples/malik2627research/repos_6.24/Justin08784_eecs470-p4/verilog/decode_deprecated.sv(209): 'N' is not declared
	[ERROR (VERI-1128)] /home/rk6650/VeriTriples/malik2627research/repos_6.24/Justin08784_eecs470-p4/verilog/decode_deprecated.sv(215): 'N' is not declared
	[ERROR (VERI-1952)] /home/rk6650/VeriTriples/malik2627research/repos_6.24/Justin08784_eecs470-p4/verilog/decode_deprecated.sv(215): range must be bounded by constant expressions
1
% catch { analyze -sv -incdir /home/rk6650/VeriTriples/malik2627research/repos_6.24/Justin08784_eecs470-p4/test -incdir /home/rk6650/VeriTriples/malik2627research/repos_6.24/Justin08784_eecs470-p4/verilog -incdir /home/rk6650/VeriTriples/malik2627research/repos_6.24/Justin08784_eecs470-p4/verilog/p3 -incdir /home/rk6650/VeriTriples/malik2627research -incdir /home/rk6650/VeriTriples/malik2627research/test -incdir /home/rk6650/VeriTriples/malik2627research/verilog -incdir /home/rk6650/VeriTriples/malik2627research/verilog/p3 /home/rk6650/VeriTriples/malik2627research/repos_6.24/Justin08784_eecs470-p4/verilog/pht.sv }
[-- (VERI-1482)] Analyzing Verilog file '/home/rk6650/VeriTriples/malik2627research/repos_6.24/Justin08784_eecs470-p4/verilog/pht.sv'
[INFO (VERI-1328)] /home/rk6650/VeriTriples/malik2627research/repos_6.24/Justin08784_eecs470-p4/verilog/pht.sv(1): analyzing included file '/home/rk6650/VeriTriples/malik2627research/repos_6.24/Justin08784_eecs470-p4/verilog/sys_defs.svh'
0
% catch { analyze -sv -incdir /home/rk6650/VeriTriples/malik2627research/repos_6.24/Justin08784_eecs470-p4/test -incdir /home/rk6650/VeriTriples/malik2627research/repos_6.24/Justin08784_eecs470-p4/verilog -incdir /home/rk6650/VeriTriples/malik2627research/repos_6.24/Justin08784_eecs470-p4/verilog/p3 -incdir /home/rk6650/VeriTriples/malik2627research -incdir /home/rk6650/VeriTriples/malik2627research/test -incdir /home/rk6650/VeriTriples/malik2627research/verilog -incdir /home/rk6650/VeriTriples/malik2627research/verilog/p3 /home/rk6650/VeriTriples/malik2627research/repos_6.24/Justin08784_eecs470-p4/verilog/rob.sv }
[-- (VERI-1482)] Analyzing Verilog file '/home/rk6650/VeriTriples/malik2627research/repos_6.24/Justin08784_eecs470-p4/verilog/rob.sv'
[INFO (VERI-1328)] /home/rk6650/VeriTriples/malik2627research/repos_6.24/Justin08784_eecs470-p4/verilog/rob.sv(1): analyzing included file '/home/rk6650/VeriTriples/malik2627research/repos_6.24/Justin08784_eecs470-p4/verilog/sys_defs.svh'
0
% catch { analyze -sv -incdir /home/rk6650/VeriTriples/malik2627research/repos_6.24/Justin08784_eecs470-p4/test -incdir /home/rk6650/VeriTriples/malik2627research/repos_6.24/Justin08784_eecs470-p4/verilog -incdir /home/rk6650/VeriTriples/malik2627research/repos_6.24/Justin08784_eecs470-p4/verilog/p3 -incdir /home/rk6650/VeriTriples/malik2627research -incdir /home/rk6650/VeriTriples/malik2627research/test -incdir /home/rk6650/VeriTriples/malik2627research/verilog -incdir /home/rk6650/VeriTriples/malik2627research/verilog/p3 /home/rk6650/VeriTriples/malik2627research/repos_6.24/Justin08784_eecs470-p4/verilog/fetch.sv }
[-- (VERI-1482)] Analyzing Verilog file '/home/rk6650/VeriTriples/malik2627research/repos_6.24/Justin08784_eecs470-p4/verilog/fetch.sv'
[INFO (VERI-1328)] /home/rk6650/VeriTriples/malik2627research/repos_6.24/Justin08784_eecs470-p4/verilog/fetch.sv(11): analyzing included file '/home/rk6650/VeriTriples/malik2627research/repos_6.24/Justin08784_eecs470-p4/verilog/sys_defs.svh'
0
% catch { analyze -sv -incdir /home/rk6650/VeriTriples/malik2627research/repos_6.24/Justin08784_eecs470-p4/test -incdir /home/rk6650/VeriTriples/malik2627research/repos_6.24/Justin08784_eecs470-p4/verilog -incdir /home/rk6650/VeriTriples/malik2627research/repos_6.24/Justin08784_eecs470-p4/verilog/p3 -incdir /home/rk6650/VeriTriples/malik2627research -incdir /home/rk6650/VeriTriples/malik2627research/test -incdir /home/rk6650/VeriTriples/malik2627research/verilog -incdir /home/rk6650/VeriTriples/malik2627research/verilog/p3 /home/rk6650/VeriTriples/malik2627research/repos_6.24/Justin08784_eecs470-p4/verilog/p3/stage_ex.sv }
[-- (VERI-1482)] Analyzing Verilog file '/home/rk6650/VeriTriples/malik2627research/repos_6.24/Justin08784_eecs470-p4/verilog/p3/stage_ex.sv'
[INFO (VERI-1328)] /home/rk6650/VeriTriples/malik2627research/repos_6.24/Justin08784_eecs470-p4/verilog/p3/stage_ex.sv(13): analyzing included file '/home/rk6650/VeriTriples/malik2627research/repos_6.24/Justin08784_eecs470-p4/verilog/p3/sys_defs.svh'
[INFO (VERI-1328)] /home/rk6650/VeriTriples/malik2627research/repos_6.24/Justin08784_eecs470-p4/verilog/p3/stage_ex.sv(14): analyzing included file '/home/rk6650/VeriTriples/malik2627research/repos_6.24/Justin08784_eecs470-p4/verilog/p3/ISA.svh'
0
% catch { analyze -sv -incdir /home/rk6650/VeriTriples/malik2627research/repos_6.24/Justin08784_eecs470-p4/test -incdir /home/rk6650/VeriTriples/malik2627research/repos_6.24/Justin08784_eecs470-p4/verilog -incdir /home/rk6650/VeriTriples/malik2627research/repos_6.24/Justin08784_eecs470-p4/verilog/p3 -incdir /home/rk6650/VeriTriples/malik2627research -incdir /home/rk6650/VeriTriples/malik2627research/test -incdir /home/rk6650/VeriTriples/malik2627research/verilog -incdir /home/rk6650/VeriTriples/malik2627research/verilog/p3 /home/rk6650/VeriTriples/malik2627research/repos_6.24/Justin08784_eecs470-p4/verilog/regfile.sv }
[-- (VERI-1482)] Analyzing Verilog file '/home/rk6650/VeriTriples/malik2627research/repos_6.24/Justin08784_eecs470-p4/verilog/regfile.sv'
[INFO (VERI-1328)] /home/rk6650/VeriTriples/malik2627research/repos_6.24/Justin08784_eecs470-p4/verilog/regfile.sv(10): analyzing included file '/home/rk6650/VeriTriples/malik2627research/repos_6.24/Justin08784_eecs470-p4/verilog/sys_defs.svh'
0
% catch { analyze -sv -incdir /home/rk6650/VeriTriples/malik2627research/repos_6.24/Justin08784_eecs470-p4/test -incdir /home/rk6650/VeriTriples/malik2627research/repos_6.24/Justin08784_eecs470-p4/verilog -incdir /home/rk6650/VeriTriples/malik2627research/repos_6.24/Justin08784_eecs470-p4/verilog/p3 -incdir /home/rk6650/VeriTriples/malik2627research -incdir /home/rk6650/VeriTriples/malik2627research/test -incdir /home/rk6650/VeriTriples/malik2627research/verilog -incdir /home/rk6650/VeriTriples/malik2627research/verilog/p3 /home/rk6650/VeriTriples/malik2627research/repos_6.24/Justin08784_eecs470-p4/verilog/psel_gen.sv }
[-- (VERI-1482)] Analyzing Verilog file '/home/rk6650/VeriTriples/malik2627research/repos_6.24/Justin08784_eecs470-p4/verilog/psel_gen.sv'
[INFO (VERI-1328)] /home/rk6650/VeriTriples/malik2627research/repos_6.24/Justin08784_eecs470-p4/verilog/psel_gen.sv(76): analyzing included file 'verilog/sys_defs.svh'
[ERROR (VERI-1817)] /home/rk6650/VeriTriples/malik2627research/repos_6.24/Justin08784_eecs470-p4/verilog/psel_gen.sv(79): parameter initial value cannot be omitted in this mode of Verilog
[ERROR (VERI-1817)] /home/rk6650/VeriTriples/malik2627research/repos_6.24/Justin08784_eecs470-p4/verilog/psel_gen.sv(79): parameter initial value cannot be omitted in this mode of Verilog
[ERROR (VERI-1072)] /home/rk6650/VeriTriples/malik2627research/repos_6.24/Justin08784_eecs470-p4/verilog/psel_gen.sv(152): module 'psel_gen' ignored due to previous errors
[ERROR (VERI-1072)] /home/rk6650/VeriTriples/malik2627research/repos_6.24/Justin08784_eecs470-p4/verilog/psel_gen.sv(179): module 'wand_sel' ignored due to previous errors
Summary of errors detected:
	[ERROR (VERI-1817)] /home/rk6650/VeriTriples/malik2627research/repos_6.24/Justin08784_eecs470-p4/verilog/psel_gen.sv(79): parameter initial value cannot be omitted in this mode of Verilog
	[ERROR (VERI-1817)] /home/rk6650/VeriTriples/malik2627research/repos_6.24/Justin08784_eecs470-p4/verilog/psel_gen.sv(79): parameter initial value cannot be omitted in this mode of Verilog
	[ERROR (VERI-1072)] /home/rk6650/VeriTriples/malik2627research/repos_6.24/Justin08784_eecs470-p4/verilog/psel_gen.sv(152): module 'psel_gen' ignored due to previous errors
	[ERROR (VERI-1072)] /home/rk6650/VeriTriples/malik2627research/repos_6.24/Justin08784_eecs470-p4/verilog/psel_gen.sv(179): module 'wand_sel' ignored due to previous errors
1
% catch { analyze -sv -incdir /home/rk6650/VeriTriples/malik2627research/repos_6.24/Justin08784_eecs470-p4/test -incdir /home/rk6650/VeriTriples/malik2627research/repos_6.24/Justin08784_eecs470-p4/verilog -incdir /home/rk6650/VeriTriples/malik2627research/repos_6.24/Justin08784_eecs470-p4/verilog/p3 -incdir /home/rk6650/VeriTriples/malik2627research -incdir /home/rk6650/VeriTriples/malik2627research/test -incdir /home/rk6650/VeriTriples/malik2627research/verilog -incdir /home/rk6650/VeriTriples/malik2627research/verilog/p3 /home/rk6650/VeriTriples/malik2627research/repos_6.24/Justin08784_eecs470-p4/verilog/cpu.sv }
[-- (VERI-1482)] Analyzing Verilog file '/home/rk6650/VeriTriples/malik2627research/repos_6.24/Justin08784_eecs470-p4/verilog/cpu.sv'
[INFO (VERI-1328)] /home/rk6650/VeriTriples/malik2627research/repos_6.24/Justin08784_eecs470-p4/verilog/cpu.sv(11): analyzing included file '/home/rk6650/VeriTriples/malik2627research/repos_6.24/Justin08784_eecs470-p4/verilog/sys_defs.svh'
[INFO (VERI-1328)] /home/rk6650/VeriTriples/malik2627research/repos_6.24/Justin08784_eecs470-p4/verilog/cpu.sv(12): analyzing included file '/home/rk6650/VeriTriples/malik2627research/repos_6.24/Justin08784_eecs470-p4/verilog/dcache_block_direct.svh'
0
% catch { analyze -sv -incdir /home/rk6650/VeriTriples/malik2627research/repos_6.24/Justin08784_eecs470-p4/test -incdir /home/rk6650/VeriTriples/malik2627research/repos_6.24/Justin08784_eecs470-p4/verilog -incdir /home/rk6650/VeriTriples/malik2627research/repos_6.24/Justin08784_eecs470-p4/verilog/p3 -incdir /home/rk6650/VeriTriples/malik2627research -incdir /home/rk6650/VeriTriples/malik2627research/test -incdir /home/rk6650/VeriTriples/malik2627research/verilog -incdir /home/rk6650/VeriTriples/malik2627research/verilog/p3 /home/rk6650/VeriTriples/malik2627research/repos_6.24/Justin08784_eecs470-p4/verilog/btq.sv }
[-- (VERI-1482)] Analyzing Verilog file '/home/rk6650/VeriTriples/malik2627research/repos_6.24/Justin08784_eecs470-p4/verilog/btq.sv'
[INFO (VERI-1328)] /home/rk6650/VeriTriples/malik2627research/repos_6.24/Justin08784_eecs470-p4/verilog/btq.sv(1): analyzing included file '/home/rk6650/VeriTriples/malik2627research/repos_6.24/Justin08784_eecs470-p4/verilog/sys_defs.svh'
0
% catch { analyze -sv -incdir /home/rk6650/VeriTriples/malik2627research/repos_6.24/Justin08784_eecs470-p4/test -incdir /home/rk6650/VeriTriples/malik2627research/repos_6.24/Justin08784_eecs470-p4/verilog -incdir /home/rk6650/VeriTriples/malik2627research/repos_6.24/Justin08784_eecs470-p4/verilog/p3 -incdir /home/rk6650/VeriTriples/malik2627research -incdir /home/rk6650/VeriTriples/malik2627research/test -incdir /home/rk6650/VeriTriples/malik2627research/verilog -incdir /home/rk6650/VeriTriples/malik2627research/verilog/p3 /home/rk6650/VeriTriples/malik2627research/repos_6.24/Justin08784_eecs470-p4/verilog/dcache_block_direct.sv }
[-- (VERI-1482)] Analyzing Verilog file '/home/rk6650/VeriTriples/malik2627research/repos_6.24/Justin08784_eecs470-p4/verilog/dcache_block_direct.sv'
[INFO (VERI-1328)] /home/rk6650/VeriTriples/malik2627research/repos_6.24/Justin08784_eecs470-p4/verilog/dcache_block_direct.sv(1): analyzing included file '/home/rk6650/VeriTriples/malik2627research/repos_6.24/Justin08784_eecs470-p4/verilog/sys_defs.svh'
[INFO (VERI-1328)] /home/rk6650/VeriTriples/malik2627research/repos_6.24/Justin08784_eecs470-p4/verilog/dcache_block_direct.sv(2): analyzing included file '/home/rk6650/VeriTriples/malik2627research/repos_6.24/Justin08784_eecs470-p4/verilog/dcache_block_direct.svh'
[WARN (VERI-2190)] /home/rk6650/VeriTriples/malik2627research/repos_6.24/Justin08784_eecs470-p4/verilog/dcache_block_direct.sv(186): extra semicolon in $unit (global) scope
[WARN (VERI-2190)] /home/rk6650/VeriTriples/malik2627research/repos_6.24/Justin08784_eecs470-p4/verilog/dcache_block_direct.sv(260): extra semicolon in $unit (global) scope
[WARN (VERI-2190)] /home/rk6650/VeriTriples/malik2627research/repos_6.24/Justin08784_eecs470-p4/verilog/dcache_block_direct.sv(337): extra semicolon in $unit (global) scope
[ERROR (VERI-1348)] /home/rk6650/VeriTriples/malik2627research/repos_6.24/Justin08784_eecs470-p4/verilog/dcache_block_direct.sv(362): an enum variable may only be assigned the same enum typed variable or one of its values
[ERROR (VERI-1072)] /home/rk6650/VeriTriples/malik2627research/repos_6.24/Justin08784_eecs470-p4/verilog/dcache_block_direct.sv(454): module 'refill_engine' ignored due to previous errors
[ERROR (VERI-1348)] /home/rk6650/VeriTriples/malik2627research/repos_6.24/Justin08784_eecs470-p4/verilog/dcache_block_direct.sv(527): an enum variable may only be assigned the same enum typed variable or one of its values
[ERROR (VERI-1348)] /home/rk6650/VeriTriples/malik2627research/repos_6.24/Justin08784_eecs470-p4/verilog/dcache_block_direct.sv(533): an enum variable may only be assigned the same enum typed variable or one of its values
[ERROR (VERI-1072)] /home/rk6650/VeriTriples/malik2627research/repos_6.24/Justin08784_eecs470-p4/verilog/dcache_block_direct.sv(692): module 'dcache_block' ignored due to previous errors
Summary of errors detected:
	[ERROR (VERI-1348)] /home/rk6650/VeriTriples/malik2627research/repos_6.24/Justin08784_eecs470-p4/verilog/dcache_block_direct.sv(362): an enum variable may only be assigned the same enum typed variable or one of its values
	[ERROR (VERI-1072)] /home/rk6650/VeriTriples/malik2627research/repos_6.24/Justin08784_eecs470-p4/verilog/dcache_block_direct.sv(454): module 'refill_engine' ignored due to previous errors
	[ERROR (VERI-1348)] /home/rk6650/VeriTriples/malik2627research/repos_6.24/Justin08784_eecs470-p4/verilog/dcache_block_direct.sv(527): an enum variable may only be assigned the same enum typed variable or one of its values
	[ERROR (VERI-1348)] /home/rk6650/VeriTriples/malik2627research/repos_6.24/Justin08784_eecs470-p4/verilog/dcache_block_direct.sv(533): an enum variable may only be assigned the same enum typed variable or one of its values
	[ERROR (VERI-1072)] /home/rk6650/VeriTriples/malik2627research/repos_6.24/Justin08784_eecs470-p4/verilog/dcache_block_direct.sv(692): module 'dcache_block' ignored due to previous errors
1
% catch { analyze -sv -incdir /home/rk6650/VeriTriples/malik2627research/repos_6.24/Justin08784_eecs470-p4/test -incdir /home/rk6650/VeriTriples/malik2627research/repos_6.24/Justin08784_eecs470-p4/verilog -incdir /home/rk6650/VeriTriples/malik2627research/repos_6.24/Justin08784_eecs470-p4/verilog/p3 -incdir /home/rk6650/VeriTriples/malik2627research -incdir /home/rk6650/VeriTriples/malik2627research/test -incdir /home/rk6650/VeriTriples/malik2627research/verilog -incdir /home/rk6650/VeriTriples/malik2627research/verilog/p3 /home/rk6650/VeriTriples/malik2627research/repos_6.24/Justin08784_eecs470-p4/verilog/rs.sv }
[-- (VERI-1482)] Analyzing Verilog file '/home/rk6650/VeriTriples/malik2627research/repos_6.24/Justin08784_eecs470-p4/verilog/rs.sv'
[INFO (VERI-1328)] /home/rk6650/VeriTriples/malik2627research/repos_6.24/Justin08784_eecs470-p4/verilog/rs.sv(1): analyzing included file '/home/rk6650/VeriTriples/malik2627research/repos_6.24/Justin08784_eecs470-p4/verilog/sys_defs.svh'
[ERROR (VERI-1348)] /home/rk6650/VeriTriples/malik2627research/repos_6.24/Justin08784_eecs470-p4/verilog/rs.sv(96): an enum variable may only be assigned the same enum typed variable or one of its values
[ERROR (VERI-1072)] /home/rk6650/VeriTriples/malik2627research/repos_6.24/Justin08784_eecs470-p4/verilog/rs.sv(339): module 'rs' ignored due to previous errors
Summary of errors detected:
	[ERROR (VERI-1348)] /home/rk6650/VeriTriples/malik2627research/repos_6.24/Justin08784_eecs470-p4/verilog/rs.sv(96): an enum variable may only be assigned the same enum typed variable or one of its values
	[ERROR (VERI-1072)] /home/rk6650/VeriTriples/malik2627research/repos_6.24/Justin08784_eecs470-p4/verilog/rs.sv(339): module 'rs' ignored due to previous errors
1
% catch { analyze -sv -incdir /home/rk6650/VeriTriples/malik2627research/repos_6.24/Justin08784_eecs470-p4/test -incdir /home/rk6650/VeriTriples/malik2627research/repos_6.24/Justin08784_eecs470-p4/verilog -incdir /home/rk6650/VeriTriples/malik2627research/repos_6.24/Justin08784_eecs470-p4/verilog/p3 -incdir /home/rk6650/VeriTriples/malik2627research -incdir /home/rk6650/VeriTriples/malik2627research/test -incdir /home/rk6650/VeriTriples/malik2627research/verilog -incdir /home/rk6650/VeriTriples/malik2627research/verilog/p3 /home/rk6650/VeriTriples/malik2627research/repos_6.24/Justin08784_eecs470-p4/verilog/p3/stage_id.sv }
[-- (VERI-1482)] Analyzing Verilog file '/home/rk6650/VeriTriples/malik2627research/repos_6.24/Justin08784_eecs470-p4/verilog/p3/stage_id.sv'
[INFO (VERI-1328)] /home/rk6650/VeriTriples/malik2627research/repos_6.24/Justin08784_eecs470-p4/verilog/p3/stage_id.sv(11): analyzing included file '/home/rk6650/VeriTriples/malik2627research/repos_6.24/Justin08784_eecs470-p4/verilog/p3/sys_defs.svh'
[INFO (VERI-1328)] /home/rk6650/VeriTriples/malik2627research/repos_6.24/Justin08784_eecs470-p4/verilog/p3/stage_id.sv(12): analyzing included file '/home/rk6650/VeriTriples/malik2627research/repos_6.24/Justin08784_eecs470-p4/verilog/p3/ISA.svh'
[WARN (VERI-1206)] /home/rk6650/VeriTriples/malik2627research/repos_6.24/Justin08784_eecs470-p4/verilog/p3/stage_id.sv(191): overwriting previous definition of module 'decoder'
[INFO (VERI-2142)] /home/rk6650/VeriTriples/malik2627research/repos_6.24/Justin08784_eecs470-p4/verilog/decode_deprecated.sv(191): previous definition of design element 'decoder' is here
0
% catch { analyze -sv -incdir /home/rk6650/VeriTriples/malik2627research/repos_6.24/Justin08784_eecs470-p4/test -incdir /home/rk6650/VeriTriples/malik2627research/repos_6.24/Justin08784_eecs470-p4/verilog -incdir /home/rk6650/VeriTriples/malik2627research/repos_6.24/Justin08784_eecs470-p4/verilog/p3 -incdir /home/rk6650/VeriTriples/malik2627research -incdir /home/rk6650/VeriTriples/malik2627research/test -incdir /home/rk6650/VeriTriples/malik2627research/verilog -incdir /home/rk6650/VeriTriples/malik2627research/verilog/p3 /home/rk6650/VeriTriples/malik2627research/repos_6.24/Justin08784_eecs470-p4/verilog/correlated_predictor.sv }
[-- (VERI-1482)] Analyzing Verilog file '/home/rk6650/VeriTriples/malik2627research/repos_6.24/Justin08784_eecs470-p4/verilog/correlated_predictor.sv'
[INFO (VERI-1328)] /home/rk6650/VeriTriples/malik2627research/repos_6.24/Justin08784_eecs470-p4/verilog/correlated_predictor.sv(1): analyzing included file '/home/rk6650/VeriTriples/malik2627research/repos_6.24/Justin08784_eecs470-p4/verilog/sys_defs.svh'
0
% catch { analyze -sv -incdir /home/rk6650/VeriTriples/malik2627research/repos_6.24/Justin08784_eecs470-p4/test -incdir /home/rk6650/VeriTriples/malik2627research/repos_6.24/Justin08784_eecs470-p4/verilog -incdir /home/rk6650/VeriTriples/malik2627research/repos_6.24/Justin08784_eecs470-p4/verilog/p3 -incdir /home/rk6650/VeriTriples/malik2627research -incdir /home/rk6650/VeriTriples/malik2627research/test -incdir /home/rk6650/VeriTriples/malik2627research/verilog -incdir /home/rk6650/VeriTriples/malik2627research/verilog/p3 /home/rk6650/VeriTriples/malik2627research/repos_6.24/Justin08784_eecs470-p4/verilog/p3/cpu.sv }
[-- (VERI-1482)] Analyzing Verilog file '/home/rk6650/VeriTriples/malik2627research/repos_6.24/Justin08784_eecs470-p4/verilog/p3/cpu.sv'
[INFO (VERI-1328)] /home/rk6650/VeriTriples/malik2627research/repos_6.24/Justin08784_eecs470-p4/verilog/p3/cpu.sv(11): analyzing included file '/home/rk6650/VeriTriples/malik2627research/repos_6.24/Justin08784_eecs470-p4/verilog/p3/sys_defs.svh'
[ERROR (VERI-1128)] /home/rk6650/VeriTriples/malik2627research/repos_6.24/Justin08784_eecs470-p4/verilog/p3/cpu.sv(97): 'Imem_command' is not declared
[ERROR (VERI-1072)] /home/rk6650/VeriTriples/malik2627research/repos_6.24/Justin08784_eecs470-p4/verilog/p3/cpu.sv(344): module 'cpu' ignored due to previous errors
Summary of errors detected:
	[ERROR (VERI-1128)] /home/rk6650/VeriTriples/malik2627research/repos_6.24/Justin08784_eecs470-p4/verilog/p3/cpu.sv(97): 'Imem_command' is not declared
	[ERROR (VERI-1072)] /home/rk6650/VeriTriples/malik2627research/repos_6.24/Justin08784_eecs470-p4/verilog/p3/cpu.sv(344): module 'cpu' ignored due to previous errors
1
% catch { analyze -sv -incdir /home/rk6650/VeriTriples/malik2627research/repos_6.24/Justin08784_eecs470-p4/test -incdir /home/rk6650/VeriTriples/malik2627research/repos_6.24/Justin08784_eecs470-p4/verilog -incdir /home/rk6650/VeriTriples/malik2627research/repos_6.24/Justin08784_eecs470-p4/verilog/p3 -incdir /home/rk6650/VeriTriples/malik2627research -incdir /home/rk6650/VeriTriples/malik2627research/test -incdir /home/rk6650/VeriTriples/malik2627research/verilog -incdir /home/rk6650/VeriTriples/malik2627research/verilog/p3 /home/rk6650/VeriTriples/malik2627research/repos_6.24/Justin08784_eecs470-p4/verilog/mult.sv }
[-- (VERI-1482)] Analyzing Verilog file '/home/rk6650/VeriTriples/malik2627research/repos_6.24/Justin08784_eecs470-p4/verilog/mult.sv'
[INFO (VERI-1328)] /home/rk6650/VeriTriples/malik2627research/repos_6.24/Justin08784_eecs470-p4/verilog/mult.sv(2): analyzing included file '/home/rk6650/VeriTriples/malik2627research/repos_6.24/Justin08784_eecs470-p4/verilog/sys_defs.svh'
[ERROR (VERI-1817)] /home/rk6650/VeriTriples/malik2627research/repos_6.24/Justin08784_eecs470-p4/verilog/mult.sv(26): parameter initial value cannot be omitted in this mode of Verilog
[WARN (VERI-1756)] /home/rk6650/VeriTriples/malik2627research/repos_6.24/Justin08784_eecs470-p4/verilog/mult.sv(169): elaboration system task error violates IEEE 1800 (2005) syntax
[WARN (VERI-1756)] /home/rk6650/VeriTriples/malik2627research/repos_6.24/Justin08784_eecs470-p4/verilog/mult.sv(170): elaboration system task fatal violates IEEE 1800 (2005) syntax
[ERROR (VERI-1072)] /home/rk6650/VeriTriples/malik2627research/repos_6.24/Justin08784_eecs470-p4/verilog/mult.sv(202): module 'mult' ignored due to previous errors
[WARN (VERI-1199)] /home/rk6650/VeriTriples/malik2627research/repos_6.24/Justin08784_eecs470-p4/verilog/mult.sv(219): parameter 'SHIFT' becomes localparam in 'mult_stage' with formal parameter declaration list
[ERROR (VERI-1072)] /home/rk6650/VeriTriples/malik2627research/repos_6.24/Justin08784_eecs470-p4/verilog/mult.sv(302): module 'mult_stage' ignored due to previous errors
Summary of errors detected:
	[ERROR (VERI-1817)] /home/rk6650/VeriTriples/malik2627research/repos_6.24/Justin08784_eecs470-p4/verilog/mult.sv(26): parameter initial value cannot be omitted in this mode of Verilog
	[ERROR (VERI-1072)] /home/rk6650/VeriTriples/malik2627research/repos_6.24/Justin08784_eecs470-p4/verilog/mult.sv(202): module 'mult' ignored due to previous errors
	[ERROR (VERI-1072)] /home/rk6650/VeriTriples/malik2627research/repos_6.24/Justin08784_eecs470-p4/verilog/mult.sv(302): module 'mult_stage' ignored due to previous errors
1
% catch { analyze -sv -incdir /home/rk6650/VeriTriples/malik2627research/repos_6.24/Justin08784_eecs470-p4/test -incdir /home/rk6650/VeriTriples/malik2627research/repos_6.24/Justin08784_eecs470-p4/verilog -incdir /home/rk6650/VeriTriples/malik2627research/repos_6.24/Justin08784_eecs470-p4/verilog/p3 -incdir /home/rk6650/VeriTriples/malik2627research -incdir /home/rk6650/VeriTriples/malik2627research/test -incdir /home/rk6650/VeriTriples/malik2627research/verilog -incdir /home/rk6650/VeriTriples/malik2627research/verilog/p3 /home/rk6650/VeriTriples/malik2627research/repos_6.24/Justin08784_eecs470-p4/verilog/memDP.sv }
[-- (VERI-1482)] Analyzing Verilog file '/home/rk6650/VeriTriples/malik2627research/repos_6.24/Justin08784_eecs470-p4/verilog/memDP.sv'
0
% catch { analyze -sv -incdir /home/rk6650/VeriTriples/malik2627research/repos_6.24/Justin08784_eecs470-p4/test -incdir /home/rk6650/VeriTriples/malik2627research/repos_6.24/Justin08784_eecs470-p4/verilog -incdir /home/rk6650/VeriTriples/malik2627research/repos_6.24/Justin08784_eecs470-p4/verilog/p3 -incdir /home/rk6650/VeriTriples/malik2627research -incdir /home/rk6650/VeriTriples/malik2627research/test -incdir /home/rk6650/VeriTriples/malik2627research/verilog -incdir /home/rk6650/VeriTriples/malik2627research/verilog/p3 /home/rk6650/VeriTriples/malik2627research/repos_6.24/Justin08784_eecs470-p4/verilog/lod_ex.sv }
[-- (VERI-1482)] Analyzing Verilog file '/home/rk6650/VeriTriples/malik2627research/repos_6.24/Justin08784_eecs470-p4/verilog/lod_ex.sv'
[INFO (VERI-1328)] /home/rk6650/VeriTriples/malik2627research/repos_6.24/Justin08784_eecs470-p4/verilog/lod_ex.sv(1): analyzing included file '/home/rk6650/VeriTriples/malik2627research/repos_6.24/Justin08784_eecs470-p4/verilog/sys_defs.svh'
[INFO (VERI-1328)] /home/rk6650/VeriTriples/malik2627research/repos_6.24/Justin08784_eecs470-p4/verilog/lod_ex.sv(2): analyzing included file '/home/rk6650/VeriTriples/malik2627research/repos_6.24/Justin08784_eecs470-p4/verilog/execute.svh'
0
% catch { analyze -sv -incdir /home/rk6650/VeriTriples/malik2627research/repos_6.24/Justin08784_eecs470-p4/test -incdir /home/rk6650/VeriTriples/malik2627research/repos_6.24/Justin08784_eecs470-p4/verilog -incdir /home/rk6650/VeriTriples/malik2627research/repos_6.24/Justin08784_eecs470-p4/verilog/p3 -incdir /home/rk6650/VeriTriples/malik2627research -incdir /home/rk6650/VeriTriples/malik2627research/test -incdir /home/rk6650/VeriTriples/malik2627research/verilog -incdir /home/rk6650/VeriTriples/malik2627research/verilog/p3 /home/rk6650/VeriTriples/malik2627research/repos_6.24/Justin08784_eecs470-p4/verilog/arch_map.sv }
[-- (VERI-1482)] Analyzing Verilog file '/home/rk6650/VeriTriples/malik2627research/repos_6.24/Justin08784_eecs470-p4/verilog/arch_map.sv'
0
% catch { analyze -sv -incdir /home/rk6650/VeriTriples/malik2627research/repos_6.24/Justin08784_eecs470-p4/test -incdir /home/rk6650/VeriTriples/malik2627research/repos_6.24/Justin08784_eecs470-p4/verilog -incdir /home/rk6650/VeriTriples/malik2627research/repos_6.24/Justin08784_eecs470-p4/verilog/p3 -incdir /home/rk6650/VeriTriples/malik2627research -incdir /home/rk6650/VeriTriples/malik2627research/test -incdir /home/rk6650/VeriTriples/malik2627research/verilog -incdir /home/rk6650/VeriTriples/malik2627research/verilog/p3 /home/rk6650/VeriTriples/malik2627research/repos_6.24/Justin08784_eecs470-p4/verilog/sq.sv }
[-- (VERI-1482)] Analyzing Verilog file '/home/rk6650/VeriTriples/malik2627research/repos_6.24/Justin08784_eecs470-p4/verilog/sq.sv'
[INFO (VERI-1328)] /home/rk6650/VeriTriples/malik2627research/repos_6.24/Justin08784_eecs470-p4/verilog/sq.sv(1): analyzing included file '/home/rk6650/VeriTriples/malik2627research/repos_6.24/Justin08784_eecs470-p4/verilog/sys_defs.svh'
[INFO (VERI-1328)] /home/rk6650/VeriTriples/malik2627research/repos_6.24/Justin08784_eecs470-p4/verilog/sq.sv(2): analyzing included file '/home/rk6650/VeriTriples/malik2627research/repos_6.24/Justin08784_eecs470-p4/verilog/dcache_block_direct.svh'
[ERROR (VERI-1348)] /home/rk6650/VeriTriples/malik2627research/repos_6.24/Justin08784_eecs470-p4/verilog/sq.sv(211): an enum variable may only be assigned the same enum typed variable or one of its values
[ERROR (VERI-1348)] /home/rk6650/VeriTriples/malik2627research/repos_6.24/Justin08784_eecs470-p4/verilog/sq.sv(211): an enum variable may only be assigned the same enum typed variable or one of its values
[ERROR (VERI-1348)] /home/rk6650/VeriTriples/malik2627research/repos_6.24/Justin08784_eecs470-p4/verilog/sq.sv(379): an enum variable may only be assigned the same enum typed variable or one of its values
[ERROR (VERI-1072)] /home/rk6650/VeriTriples/malik2627research/repos_6.24/Justin08784_eecs470-p4/verilog/sq.sv(501): module 'sq' ignored due to previous errors
Summary of errors detected:
	[ERROR (VERI-1348)] /home/rk6650/VeriTriples/malik2627research/repos_6.24/Justin08784_eecs470-p4/verilog/sq.sv(211): an enum variable may only be assigned the same enum typed variable or one of its values
	[ERROR (VERI-1348)] /home/rk6650/VeriTriples/malik2627research/repos_6.24/Justin08784_eecs470-p4/verilog/sq.sv(211): an enum variable may only be assigned the same enum typed variable or one of its values
	[ERROR (VERI-1348)] /home/rk6650/VeriTriples/malik2627research/repos_6.24/Justin08784_eecs470-p4/verilog/sq.sv(379): an enum variable may only be assigned the same enum typed variable or one of its values
	[ERROR (VERI-1072)] /home/rk6650/VeriTriples/malik2627research/repos_6.24/Justin08784_eecs470-p4/verilog/sq.sv(501): module 'sq' ignored due to previous errors
1
% catch { analyze -sv -incdir /home/rk6650/VeriTriples/malik2627research/repos_6.24/Justin08784_eecs470-p4/test -incdir /home/rk6650/VeriTriples/malik2627research/repos_6.24/Justin08784_eecs470-p4/verilog -incdir /home/rk6650/VeriTriples/malik2627research/repos_6.24/Justin08784_eecs470-p4/verilog/p3 -incdir /home/rk6650/VeriTriples/malik2627research -incdir /home/rk6650/VeriTriples/malik2627research/test -incdir /home/rk6650/VeriTriples/malik2627research/verilog -incdir /home/rk6650/VeriTriples/malik2627research/verilog/p3 /home/rk6650/VeriTriples/malik2627research/repos_6.24/Justin08784_eecs470-p4/verilog/dispatch.sv }
[-- (VERI-1482)] Analyzing Verilog file '/home/rk6650/VeriTriples/malik2627research/repos_6.24/Justin08784_eecs470-p4/verilog/dispatch.sv'
[INFO (VERI-1328)] /home/rk6650/VeriTriples/malik2627research/repos_6.24/Justin08784_eecs470-p4/verilog/dispatch.sv(1): analyzing included file '/home/rk6650/VeriTriples/malik2627research/repos_6.24/Justin08784_eecs470-p4/verilog/sys_defs.svh'
0
% catch { analyze -sv -incdir /home/rk6650/VeriTriples/malik2627research/repos_6.24/Justin08784_eecs470-p4/test -incdir /home/rk6650/VeriTriples/malik2627research/repos_6.24/Justin08784_eecs470-p4/verilog -incdir /home/rk6650/VeriTriples/malik2627research/repos_6.24/Justin08784_eecs470-p4/verilog/p3 -incdir /home/rk6650/VeriTriples/malik2627research -incdir /home/rk6650/VeriTriples/malik2627research/test -incdir /home/rk6650/VeriTriples/malik2627research/verilog -incdir /home/rk6650/VeriTriples/malik2627research/verilog/p3 /home/rk6650/VeriTriples/malik2627research/repos_6.24/Justin08784_eecs470-p4/verilog/execute.sv }
[-- (VERI-1482)] Analyzing Verilog file '/home/rk6650/VeriTriples/malik2627research/repos_6.24/Justin08784_eecs470-p4/verilog/execute.sv'
[INFO (VERI-1328)] /home/rk6650/VeriTriples/malik2627research/repos_6.24/Justin08784_eecs470-p4/verilog/execute.sv(13): analyzing included file '/home/rk6650/VeriTriples/malik2627research/repos_6.24/Justin08784_eecs470-p4/verilog/sys_defs.svh'
[INFO (VERI-1328)] /home/rk6650/VeriTriples/malik2627research/repos_6.24/Justin08784_eecs470-p4/verilog/execute.sv(14): analyzing included file '/home/rk6650/VeriTriples/malik2627research/repos_6.24/Justin08784_eecs470-p4/verilog/execute.svh'
[INFO (VERI-1328)] /home/rk6650/VeriTriples/malik2627research/repos_6.24/Justin08784_eecs470-p4/verilog/execute.sv(15): analyzing included file '/home/rk6650/VeriTriples/malik2627research/repos_6.24/Justin08784_eecs470-p4/verilog/ISA.svh'
[WARN (VERI-1206)] /home/rk6650/VeriTriples/malik2627research/repos_6.24/Justin08784_eecs470-p4/verilog/execute.sv(79): overwriting previous definition of module 'alu'
[INFO (VERI-2142)] /home/rk6650/VeriTriples/malik2627research/repos_6.24/Justin08784_eecs470-p4/verilog/p3/stage_ex.sv(43): previous definition of design element 'alu' is here
[ERROR (VERI-1348)] /home/rk6650/VeriTriples/malik2627research/repos_6.24/Justin08784_eecs470-p4/verilog/execute.sv(406): an enum variable may only be assigned the same enum typed variable or one of its values
[ERROR (VERI-1072)] /home/rk6650/VeriTriples/malik2627research/repos_6.24/Justin08784_eecs470-p4/verilog/execute.sv(968): module 'stage_ex_p4' ignored due to previous errors
Summary of errors detected:
	[ERROR (VERI-1348)] /home/rk6650/VeriTriples/malik2627research/repos_6.24/Justin08784_eecs470-p4/verilog/execute.sv(406): an enum variable may only be assigned the same enum typed variable or one of its values
	[ERROR (VERI-1072)] /home/rk6650/VeriTriples/malik2627research/repos_6.24/Justin08784_eecs470-p4/verilog/execute.sv(968): module 'stage_ex_p4' ignored due to previous errors
1
% catch { analyze -sv -incdir /home/rk6650/VeriTriples/malik2627research/repos_6.24/Justin08784_eecs470-p4/test -incdir /home/rk6650/VeriTriples/malik2627research/repos_6.24/Justin08784_eecs470-p4/verilog -incdir /home/rk6650/VeriTriples/malik2627research/repos_6.24/Justin08784_eecs470-p4/verilog/p3 -incdir /home/rk6650/VeriTriples/malik2627research -incdir /home/rk6650/VeriTriples/malik2627research/test -incdir /home/rk6650/VeriTriples/malik2627research/verilog -incdir /home/rk6650/VeriTriples/malik2627research/verilog/p3 /home/rk6650/VeriTriples/malik2627research/repos_6.24/Justin08784_eecs470-p4/test/mem.sv }
[-- (VERI-1482)] Analyzing Verilog file '/home/rk6650/VeriTriples/malik2627research/repos_6.24/Justin08784_eecs470-p4/test/mem.sv'
[INFO (VERI-1328)] /home/rk6650/VeriTriples/malik2627research/repos_6.24/Justin08784_eecs470-p4/test/mem.sv(12): analyzing included file '/home/rk6650/VeriTriples/malik2627research/repos_6.24/Justin08784_eecs470-p4/verilog/sys_defs.svh'
[ERROR (VERI-1158)] /home/rk6650/VeriTriples/malik2627research/repos_6.24/Justin08784_eecs470-p4/test/mem.sv(99): use of undefined macro 'CLOCK_PERIOD'
[ERROR (VERI-1072)] /home/rk6650/VeriTriples/malik2627research/repos_6.24/Justin08784_eecs470-p4/test/mem.sv(138): module 'mem' ignored due to previous errors
Summary of errors detected:
	[ERROR (VERI-1158)] /home/rk6650/VeriTriples/malik2627research/repos_6.24/Justin08784_eecs470-p4/test/mem.sv(99): use of undefined macro 'CLOCK_PERIOD'
	[ERROR (VERI-1072)] /home/rk6650/VeriTriples/malik2627research/repos_6.24/Justin08784_eecs470-p4/test/mem.sv(138): module 'mem' ignored due to previous errors
1
% catch { analyze -sv -incdir /home/rk6650/VeriTriples/malik2627research/repos_6.24/Justin08784_eecs470-p4/test -incdir /home/rk6650/VeriTriples/malik2627research/repos_6.24/Justin08784_eecs470-p4/verilog -incdir /home/rk6650/VeriTriples/malik2627research/repos_6.24/Justin08784_eecs470-p4/verilog/p3 -incdir /home/rk6650/VeriTriples/malik2627research -incdir /home/rk6650/VeriTriples/malik2627research/test -incdir /home/rk6650/VeriTriples/malik2627research/verilog -incdir /home/rk6650/VeriTriples/malik2627research/verilog/p3 /home/rk6650/VeriTriples/malik2627research/repos_6.24/Justin08784_eecs470-p4/verilog/global_history_register.sv }
[-- (VERI-1482)] Analyzing Verilog file '/home/rk6650/VeriTriples/malik2627research/repos_6.24/Justin08784_eecs470-p4/verilog/global_history_register.sv'
[INFO (VERI-1328)] /home/rk6650/VeriTriples/malik2627research/repos_6.24/Justin08784_eecs470-p4/verilog/global_history_register.sv(1): analyzing included file '/home/rk6650/VeriTriples/malik2627research/repos_6.24/Justin08784_eecs470-p4/verilog/sys_defs.svh'
0
% catch { analyze -sv -incdir /home/rk6650/VeriTriples/malik2627research/repos_6.24/Justin08784_eecs470-p4/test -incdir /home/rk6650/VeriTriples/malik2627research/repos_6.24/Justin08784_eecs470-p4/verilog -incdir /home/rk6650/VeriTriples/malik2627research/repos_6.24/Justin08784_eecs470-p4/verilog/p3 -incdir /home/rk6650/VeriTriples/malik2627research -incdir /home/rk6650/VeriTriples/malik2627research/test -incdir /home/rk6650/VeriTriples/malik2627research/verilog -incdir /home/rk6650/VeriTriples/malik2627research/verilog/p3 /home/rk6650/VeriTriples/malik2627research/repos_6.24/Justin08784_eecs470-p4/verilog/icache.sv }
[-- (VERI-1482)] Analyzing Verilog file '/home/rk6650/VeriTriples/malik2627research/repos_6.24/Justin08784_eecs470-p4/verilog/icache.sv'
[INFO (VERI-1328)] /home/rk6650/VeriTriples/malik2627research/repos_6.24/Justin08784_eecs470-p4/verilog/icache.sv(10): analyzing included file 'verilog/sys_defs.svh'
0
% catch { analyze -sv -incdir /home/rk6650/VeriTriples/malik2627research/repos_6.24/Justin08784_eecs470-p4/test -incdir /home/rk6650/VeriTriples/malik2627research/repos_6.24/Justin08784_eecs470-p4/verilog -incdir /home/rk6650/VeriTriples/malik2627research/repos_6.24/Justin08784_eecs470-p4/verilog/p3 -incdir /home/rk6650/VeriTriples/malik2627research -incdir /home/rk6650/VeriTriples/malik2627research/test -incdir /home/rk6650/VeriTriples/malik2627research/verilog -incdir /home/rk6650/VeriTriples/malik2627research/verilog/p3 /home/rk6650/VeriTriples/malik2627research/repos_6.24/Justin08784_eecs470-p4/verilog/prf.sv }
[-- (VERI-1482)] Analyzing Verilog file '/home/rk6650/VeriTriples/malik2627research/repos_6.24/Justin08784_eecs470-p4/verilog/prf.sv'
[INFO (VERI-1328)] /home/rk6650/VeriTriples/malik2627research/repos_6.24/Justin08784_eecs470-p4/verilog/prf.sv(1): analyzing included file '/home/rk6650/VeriTriples/malik2627research/repos_6.24/Justin08784_eecs470-p4/verilog/sys_defs.svh'
0
% catch { analyze -sv -incdir /home/rk6650/VeriTriples/malik2627research/repos_6.24/Justin08784_eecs470-p4/test -incdir /home/rk6650/VeriTriples/malik2627research/repos_6.24/Justin08784_eecs470-p4/verilog -incdir /home/rk6650/VeriTriples/malik2627research/repos_6.24/Justin08784_eecs470-p4/verilog/p3 -incdir /home/rk6650/VeriTriples/malik2627research -incdir /home/rk6650/VeriTriples/malik2627research/test -incdir /home/rk6650/VeriTriples/malik2627research/verilog -incdir /home/rk6650/VeriTriples/malik2627research/verilog/p3 /home/rk6650/VeriTriples/malik2627research/repos_6.24/Justin08784_eecs470-p4/verilog/map_table.sv }
[-- (VERI-1482)] Analyzing Verilog file '/home/rk6650/VeriTriples/malik2627research/repos_6.24/Justin08784_eecs470-p4/verilog/map_table.sv'
[INFO (VERI-1328)] /home/rk6650/VeriTriples/malik2627research/repos_6.24/Justin08784_eecs470-p4/verilog/map_table.sv(1): analyzing included file '/home/rk6650/VeriTriples/malik2627research/repos_6.24/Justin08784_eecs470-p4/verilog/sys_defs.svh'
0
% catch { analyze -sv -incdir /home/rk6650/VeriTriples/malik2627research/repos_6.24/Justin08784_eecs470-p4/test -incdir /home/rk6650/VeriTriples/malik2627research/repos_6.24/Justin08784_eecs470-p4/verilog -incdir /home/rk6650/VeriTriples/malik2627research/repos_6.24/Justin08784_eecs470-p4/verilog/p3 -incdir /home/rk6650/VeriTriples/malik2627research -incdir /home/rk6650/VeriTriples/malik2627research/test -incdir /home/rk6650/VeriTriples/malik2627research/verilog -incdir /home/rk6650/VeriTriples/malik2627research/verilog/p3 /home/rk6650/VeriTriples/malik2627research/repos_6.24/Justin08784_eecs470-p4/verilog/p3/stage_mem.sv }
[-- (VERI-1482)] Analyzing Verilog file '/home/rk6650/VeriTriples/malik2627research/repos_6.24/Justin08784_eecs470-p4/verilog/p3/stage_mem.sv'
[INFO (VERI-1328)] /home/rk6650/VeriTriples/malik2627research/repos_6.24/Justin08784_eecs470-p4/verilog/p3/stage_mem.sv(13): analyzing included file '/home/rk6650/VeriTriples/malik2627research/repos_6.24/Justin08784_eecs470-p4/verilog/p3/sys_defs.svh'
0
% catch { analyze -sv -incdir /home/rk6650/VeriTriples/malik2627research/repos_6.24/Justin08784_eecs470-p4/test -incdir /home/rk6650/VeriTriples/malik2627research/repos_6.24/Justin08784_eecs470-p4/verilog -incdir /home/rk6650/VeriTriples/malik2627research/repos_6.24/Justin08784_eecs470-p4/verilog/p3 -incdir /home/rk6650/VeriTriples/malik2627research -incdir /home/rk6650/VeriTriples/malik2627research/test -incdir /home/rk6650/VeriTriples/malik2627research/verilog -incdir /home/rk6650/VeriTriples/malik2627research/verilog/p3 /home/rk6650/VeriTriples/malik2627research/repos_6.24/Justin08784_eecs470-p4/verilog/p3/stage_wb.sv }
[-- (VERI-1482)] Analyzing Verilog file '/home/rk6650/VeriTriples/malik2627research/repos_6.24/Justin08784_eecs470-p4/verilog/p3/stage_wb.sv'
[INFO (VERI-1328)] /home/rk6650/VeriTriples/malik2627research/repos_6.24/Justin08784_eecs470-p4/verilog/p3/stage_wb.sv(14): analyzing included file '/home/rk6650/VeriTriples/malik2627research/repos_6.24/Justin08784_eecs470-p4/verilog/p3/sys_defs.svh'
0
% catch { analyze -sv -incdir /home/rk6650/VeriTriples/malik2627research/repos_6.24/Justin08784_eecs470-p4/test -incdir /home/rk6650/VeriTriples/malik2627research/repos_6.24/Justin08784_eecs470-p4/verilog -incdir /home/rk6650/VeriTriples/malik2627research/repos_6.24/Justin08784_eecs470-p4/verilog/p3 -incdir /home/rk6650/VeriTriples/malik2627research -incdir /home/rk6650/VeriTriples/malik2627research/test -incdir /home/rk6650/VeriTriples/malik2627research/verilog -incdir /home/rk6650/VeriTriples/malik2627research/verilog/p3 /home/rk6650/VeriTriples/malik2627research/repos_6.24/Justin08784_eecs470-p4/verilog/mem.sv }
[-- (VERI-1482)] Analyzing Verilog file '/home/rk6650/VeriTriples/malik2627research/repos_6.24/Justin08784_eecs470-p4/verilog/mem.sv'
[INFO (VERI-1328)] /home/rk6650/VeriTriples/malik2627research/repos_6.24/Justin08784_eecs470-p4/verilog/mem.sv(12): analyzing included file '/home/rk6650/VeriTriples/malik2627research/repos_6.24/Justin08784_eecs470-p4/verilog/sys_defs.svh'
[ERROR (VERI-1158)] /home/rk6650/VeriTriples/malik2627research/repos_6.24/Justin08784_eecs470-p4/verilog/mem.sv(100): use of undefined macro 'CLOCK_PERIOD'
[ERROR (VERI-1072)] /home/rk6650/VeriTriples/malik2627research/repos_6.24/Justin08784_eecs470-p4/verilog/mem.sv(139): module 'mem' ignored due to previous errors
Summary of errors detected:
	[ERROR (VERI-1158)] /home/rk6650/VeriTriples/malik2627research/repos_6.24/Justin08784_eecs470-p4/verilog/mem.sv(100): use of undefined macro 'CLOCK_PERIOD'
	[ERROR (VERI-1072)] /home/rk6650/VeriTriples/malik2627research/repos_6.24/Justin08784_eecs470-p4/verilog/mem.sv(139): module 'mem' ignored due to previous errors
1
% catch { analyze -sv -incdir /home/rk6650/VeriTriples/malik2627research/repos_6.24/Justin08784_eecs470-p4/test -incdir /home/rk6650/VeriTriples/malik2627research/repos_6.24/Justin08784_eecs470-p4/verilog -incdir /home/rk6650/VeriTriples/malik2627research/repos_6.24/Justin08784_eecs470-p4/verilog/p3 -incdir /home/rk6650/VeriTriples/malik2627research -incdir /home/rk6650/VeriTriples/malik2627research/test -incdir /home/rk6650/VeriTriples/malik2627research/verilog -incdir /home/rk6650/VeriTriples/malik2627research/verilog/p3 /home/rk6650/VeriTriples/malik2627research/repos_6.24/Justin08784_eecs470-p4/verilog/gshare.sv }
[-- (VERI-1482)] Analyzing Verilog file '/home/rk6650/VeriTriples/malik2627research/repos_6.24/Justin08784_eecs470-p4/verilog/gshare.sv'
[INFO (VERI-1328)] /home/rk6650/VeriTriples/malik2627research/repos_6.24/Justin08784_eecs470-p4/verilog/gshare.sv(1): analyzing included file '/home/rk6650/VeriTriples/malik2627research/repos_6.24/Justin08784_eecs470-p4/verilog/sys_defs.svh'
0
% catch { analyze -sv -incdir /home/rk6650/VeriTriples/malik2627research/repos_6.24/Justin08784_eecs470-p4/test -incdir /home/rk6650/VeriTriples/malik2627research/repos_6.24/Justin08784_eecs470-p4/verilog -incdir /home/rk6650/VeriTriples/malik2627research/repos_6.24/Justin08784_eecs470-p4/verilog/p3 -incdir /home/rk6650/VeriTriples/malik2627research -incdir /home/rk6650/VeriTriples/malik2627research/test -incdir /home/rk6650/VeriTriples/malik2627research/verilog -incdir /home/rk6650/VeriTriples/malik2627research/verilog/p3 /home/rk6650/VeriTriples/malik2627research/repos_6.24/Justin08784_eecs470-p4/verilog/free_list.sv }
[-- (VERI-1482)] Analyzing Verilog file '/home/rk6650/VeriTriples/malik2627research/repos_6.24/Justin08784_eecs470-p4/verilog/free_list.sv'
[INFO (VERI-1328)] /home/rk6650/VeriTriples/malik2627research/repos_6.24/Justin08784_eecs470-p4/verilog/free_list.sv(1): analyzing included file '/home/rk6650/VeriTriples/malik2627research/repos_6.24/Justin08784_eecs470-p4/verilog/sys_defs.svh'
0
% catch { analyze -sv -incdir /home/rk6650/VeriTriples/malik2627research/repos_6.24/Justin08784_eecs470-p4/test -incdir /home/rk6650/VeriTriples/malik2627research/repos_6.24/Justin08784_eecs470-p4/verilog -incdir /home/rk6650/VeriTriples/malik2627research/repos_6.24/Justin08784_eecs470-p4/verilog/p3 -incdir /home/rk6650/VeriTriples/malik2627research -incdir /home/rk6650/VeriTriples/malik2627research/test -incdir /home/rk6650/VeriTriples/malik2627research/verilog -incdir /home/rk6650/VeriTriples/malik2627research/verilog/p3 /home/rk6650/VeriTriples/malik2627research/repos_6.24/Justin08784_eecs470-p4/verilog/stage_id_p4.sv }
[-- (VERI-1482)] Analyzing Verilog file '/home/rk6650/VeriTriples/malik2627research/repos_6.24/Justin08784_eecs470-p4/verilog/stage_id_p4.sv'
[INFO (VERI-1328)] /home/rk6650/VeriTriples/malik2627research/repos_6.24/Justin08784_eecs470-p4/verilog/stage_id_p4.sv(4): analyzing included file '/home/rk6650/VeriTriples/malik2627research/repos_6.24/Justin08784_eecs470-p4/verilog/sys_defs.svh'
[INFO (VERI-1328)] /home/rk6650/VeriTriples/malik2627research/repos_6.24/Justin08784_eecs470-p4/verilog/stage_id_p4.sv(5): analyzing included file '/home/rk6650/VeriTriples/malik2627research/repos_6.24/Justin08784_eecs470-p4/verilog/ISA.svh'
0
% catch { analyze -sv -incdir /home/rk6650/VeriTriples/malik2627research/repos_6.24/Justin08784_eecs470-p4/test -incdir /home/rk6650/VeriTriples/malik2627research/repos_6.24/Justin08784_eecs470-p4/verilog -incdir /home/rk6650/VeriTriples/malik2627research/repos_6.24/Justin08784_eecs470-p4/verilog/p3 -incdir /home/rk6650/VeriTriples/malik2627research -incdir /home/rk6650/VeriTriples/malik2627research/test -incdir /home/rk6650/VeriTriples/malik2627research/verilog -incdir /home/rk6650/VeriTriples/malik2627research/verilog/p3 /home/rk6650/VeriTriples/malik2627research/repos_6.24/Justin08784_eecs470-p4/verilog/btb.sv }
[-- (VERI-1482)] Analyzing Verilog file '/home/rk6650/VeriTriples/malik2627research/repos_6.24/Justin08784_eecs470-p4/verilog/btb.sv'
[INFO (VERI-1328)] /home/rk6650/VeriTriples/malik2627research/repos_6.24/Justin08784_eecs470-p4/verilog/btb.sv(1): analyzing included file '/home/rk6650/VeriTriples/malik2627research/repos_6.24/Justin08784_eecs470-p4/verilog/sys_defs.svh'
[INFO (VERI-1328)] /home/rk6650/VeriTriples/malik2627research/repos_6.24/Justin08784_eecs470-p4/verilog/btb.sv(24): analyzing included file '/home/rk6650/VeriTriples/malik2627research/repos_6.24/Justin08784_eecs470-p4/verilog/../test/btb_sva.svh'
0
% catch { analyze -sv -incdir /home/rk6650/VeriTriples/malik2627research/repos_6.24/Justin08784_eecs470-p4/test -incdir /home/rk6650/VeriTriples/malik2627research/repos_6.24/Justin08784_eecs470-p4/verilog -incdir /home/rk6650/VeriTriples/malik2627research/repos_6.24/Justin08784_eecs470-p4/verilog/p3 -incdir /home/rk6650/VeriTriples/malik2627research -incdir /home/rk6650/VeriTriples/malik2627research/test -incdir /home/rk6650/VeriTriples/malik2627research/verilog -incdir /home/rk6650/VeriTriples/malik2627research/verilog/p3 /home/rk6650/VeriTriples/malik2627research/repos_6.24/Justin08784_eecs470-p4/verilog/retire.sv }
[-- (VERI-1482)] Analyzing Verilog file '/home/rk6650/VeriTriples/malik2627research/repos_6.24/Justin08784_eecs470-p4/verilog/retire.sv'
[INFO (VERI-1328)] /home/rk6650/VeriTriples/malik2627research/repos_6.24/Justin08784_eecs470-p4/verilog/retire.sv(1): analyzing included file '/home/rk6650/VeriTriples/malik2627research/repos_6.24/Justin08784_eecs470-p4/verilog/sys_defs.svh'
0
% catch { analyze -sv -incdir /home/rk6650/VeriTriples/malik2627research/repos_6.24/Justin08784_eecs470-p4/test -incdir /home/rk6650/VeriTriples/malik2627research/repos_6.24/Justin08784_eecs470-p4/verilog -incdir /home/rk6650/VeriTriples/malik2627research/repos_6.24/Justin08784_eecs470-p4/verilog/p3 -incdir /home/rk6650/VeriTriples/malik2627research -incdir /home/rk6650/VeriTriples/malik2627research/test -incdir /home/rk6650/VeriTriples/malik2627research/verilog -incdir /home/rk6650/VeriTriples/malik2627research/verilog/p3 /home/rk6650/VeriTriples/malik2627research/repos_6.24/Justin08784_eecs470-p4/verilog/branch_history_table.sv }
[-- (VERI-1482)] Analyzing Verilog file '/home/rk6650/VeriTriples/malik2627research/repos_6.24/Justin08784_eecs470-p4/verilog/branch_history_table.sv'
[INFO (VERI-1328)] /home/rk6650/VeriTriples/malik2627research/repos_6.24/Justin08784_eecs470-p4/verilog/branch_history_table.sv(1): analyzing included file '/home/rk6650/VeriTriples/malik2627research/repos_6.24/Justin08784_eecs470-p4/verilog/sys_defs.svh'
0
% 
% catch { analyze -sv -incdir /home/rk6650/VeriTriples/malik2627research/repos_6.24/Justin08784_eecs470-p4/test -incdir /home/rk6650/VeriTriples/malik2627research/repos_6.24/Justin08784_eecs470-p4/verilog -incdir /home/rk6650/VeriTriples/malik2627research/repos_6.24/Justin08784_eecs470-p4/verilog/p3 -incdir /home/rk6650/VeriTriples/malik2627research -incdir /home/rk6650/VeriTriples/malik2627research/test -incdir /home/rk6650/VeriTriples/malik2627research/verilog -incdir /home/rk6650/VeriTriples/malik2627research/verilog/p3 /home/rk6650/VeriTriples/malik2627research/repos_6.24/Justin08784_eecs470-p4/verilog/memDP.sv }
[-- (VERI-1482)] Analyzing Verilog file '/home/rk6650/VeriTriples/malik2627research/repos_6.24/Justin08784_eecs470-p4/verilog/memDP.sv'
[WARN (VERI-1206)] /home/rk6650/VeriTriples/malik2627research/repos_6.24/Justin08784_eecs470-p4/verilog/memDP.sv(132): overwriting previous definition of module 'memDP'
[INFO (VERI-2142)] /home/rk6650/VeriTriples/malik2627research/repos_6.24/Justin08784_eecs470-p4/verilog/memDP.sv(132): previous definition of design element 'memDP' is here
0
% 
% 
%             if {[catch {elaborate -top str_ex} err]} {
            puts "ELAB ERROR: $err"
            exit
            }
INFO (ISW003): Top module name is "str_ex".
[INFO (HIER-8002)] /home/rk6650/VeriTriples/malik2627research/repos_6.24/Justin08784_eecs470-p4/verilog/execute.sv(219): Disabling old hierarchical reference handler
[INFO (VERI-1018)] /home/rk6650/VeriTriples/malik2627research/repos_6.24/Justin08784_eecs470-p4/verilog/execute.sv(178): compiling module 'str_ex'
[WARN (VERI-1899)] /home/rk6650/VeriTriples/malik2627research/repos_6.24/Justin08784_eecs470-p4/verilog/execute.sv(216): 'addr' inside always_comb block does not represent combinational logic
INFO (INL208): Elaboration synthesis summary:
  Number of synthesized netlists          2 (1 packages)
  Single run mode                         On
  Pipeline                                On (1 pipelined netlists)
  Late hierarchical reference connection  On
  Number of analyzed Verilog modules      39 (2 synthesized)
  Number of analyzed VHDL entities        0 (0 synthesized)
INFO (INL003): Clearing all state information (assumes, stopats, and so forth).
[<embedded>] %         
[<embedded>] %         clock -infer
WARNING (WCK018): The attempt to automatically extract the clock failed. Use:
    "clock signalName" to declare a primary clock,
    "clock -none" for a free-running clock environment,
    "clock -analyze" to help set up the clock environment properly.
[<embedded>] %         clock -list
------------
 No user-defined clocks : 
------------
Rated : 
------------

[<embedded>] %         reset -list
[<embedded>] %         prove -all -time_limit 30s
Ncustom1: Custom engine code is hT3Ng7hPPfiYQOTDZ3qhYOwGAM51eA+J/FjkM5shLioAsqhgLR4Ft+O1BuKG6ilQ83B9tLXSl+CwjiTMAQA
AMcustom2: Custom engine code is hT3Ng7hP/feYQOTDZ3qhYOwGAM51eA+J/FjkM5shLioAsqhgLR4Ft+O1BuKG6ilQ83B9tLXSmmqwm7g9AQA

==============================================================
SUMMARY
==============================================================
           Properties Considered              : 0
                 assertions                   : 0
                  - proven                    : 0
                  - bounded_proven (user)     : 0
                  - bounded_proven (auto)     : 0
                  - marked_proven             : 0
                  - cex                       : 0
                  - ar_cex                    : 0
                  - undetermined              : 0
                  - unknown                   : 0
                  - error                     : 0
                 covers                       : 0
                  - unreachable               : 0
                  - bounded_unreachable (user): 0
                  - covered                   : 0
                  - ar_covered                : 0
                  - undetermined              : 0
                  - unknown                   : 0
                  - error                     : 0
no_properties
[<embedded>] %         report -all -out jasper_runs_6.24/Justin08784_eecs470-p4/misc/results.rpt
ERROR (ESW087): No such switch "-out".

ERROR: problem encountered at line 70 in file /home/rk6650/VeriTriples/malik2627research/jasper_runs_6.24/Justin08784_eecs470-p4/misc/run.tcl

[<embedded>] % INFO (IPL005): Received request to exit from the console.
INFO: Waiting for proof threads to stop...
INFO: Proof threads stopped.
INFO (IPL018): The peak resident set memory use for this session was 0.419 GB.
INFO (IPL014): Waiting for the Tcl-thread to exit.
INFO (IPL015): The Tcl-thread exited with status 1.
INFO (IPL016): Exiting the analysis session with status 1.
