JasperGold Apps 2021.03 FCS 64 bits 2021.03.23 02:50:43 UTC

Any disclosure about the Cadence Design Systems software or its use
model to any third party violates the written Non-Disclosure Agreement
between Cadence Design Systems, Inc. and the customer.

THIS SOFTWARE CONTAINS CONFIDENTIAL INFORMATION AND TRADE SECRETS OF
CADENCE DESIGN SYSTEMS, INC. USE, DISCLOSURE, OR REPRODUCTION IS
PROHIBITED WITHOUT THE PRIOR EXPRESS WRITTEN PERMISSION OF CADENCE
DESIGN SYSTEMS, INC.

Copyright (C) 2000-2021 Cadence Design Systems, Inc. All Rights
Reserved.  Unpublished -- rights reserved under the copyright laws of
the United States.

This product includes software developed by others and redistributed
according to license agreement. See doc/third_party_readme.txt for
further details.

RESTRICTED RIGHTS LEGEND

Use, duplication, or disclosure by the Government is subject to
restrictions as set forth in subparagraph (c) (1) (ii) of the Rights in
Technical Data and Computer Software clause at DFARS 252.227-7013 or
subparagraphs (c) (1) and (2) of Commercial Computer Software -- Restricted
Rights at 48 CFR 52.227-19, as applicable.


                          Cadence Design Systems, Inc. 
                          2655 Seely Avenue
                          San Jose, CA 95134
                          Phone: 408.943.1234

For technical assistance visit http://support.cadence.com.

JasperGold Apps Analysis Session - /home/rk6650/VeriTriples/malik2627research/repos_6.24/guy-cdn_hardware-formal-verification2025/jgproject/sessionLogs/session_0

INFO: successfully checked out license "jasper_fao".
INFO: reading configuration file "/home/rk6650/.config/jasper/jaspergold.conf".
% clear -all
INFO (IPF121): Cleared environment completely for new design analysis.
% 
% catch { analyze -sv -incdir /home/rk6650/VeriTriples/malik2627research/repos_6.24/guy-cdn_hardware-formal-verification2025/ibex/dv/uvm/core_ibex/riscv_dv_extension -incdir /home/rk6650/VeriTriples/malik2627research -incdir /home/rk6650/VeriTriples/malik2627research/assignments/assignment01 -incdir /home/rk6650/VeriTriples/malik2627research/assignments/assignment02 -incdir /home/rk6650/VeriTriples/malik2627research/assignments/assignment03 -incdir /home/rk6650/VeriTriples/malik2627research/assignments/assignment04 -incdir /home/rk6650/VeriTriples/malik2627research/ibex/dv/cosim -incdir /home/rk6650/VeriTriples/malik2627research/ibex/dv/riscv_compliance/rtl -incdir /home/rk6650/VeriTriples/malik2627research/ibex/dv/uvm/core_ibex/common -incdir /home/rk6650/VeriTriples/malik2627research/ibex/dv/uvm/core_ibex/common/ibex_cosim_agent -incdir /home/rk6650/VeriTriples/malik2627research/ibex/dv/uvm/core_ibex/common/prim -incdir /home/rk6650/VeriTriples/malik2627research/ibex/dv/uvm/core_ibex/fcov -incdir /home/rk6650/VeriTriples/malik2627research/ibex/dv/uvm/core_ibex/riscv_dv_extension -incdir /home/rk6650/VeriTriples/malik2627research/ibex/dv/uvm/core_ibex/tb -incdir /home/rk6650/VeriTriples/malik2627research/ibex/dv/uvm/icache/dv/tb -incdir /home/rk6650/VeriTriples/malik2627research/ibex/dv/verilator/simple_system_cosim -incdir /home/rk6650/VeriTriples/malik2627research/ibex/examples/simple_system/rtl -incdir /home/rk6650/VeriTriples/malik2627research/ibex/formal/data_ind_timing /home/rk6650/VeriTriples/malik2627research/repos_6.24/guy-cdn_hardware-formal-verification2025/ibex/dv/uvm/core_ibex/fcov/core_ibex_csr_categories.svh }
[-- (VERI-1482)] Analyzing Verilog file '/usr/licensed/cadence-20210126/jasper_2021.03/lib/verilog/packages/std/std.sv' into library 'std'
[-- (VERI-1482)] Analyzing Verilog file '/home/rk6650/VeriTriples/malik2627research/repos_6.24/guy-cdn_hardware-formal-verification2025/ibex/dv/uvm/core_ibex/fcov/core_ibex_csr_categories.svh'
0
% catch { analyze -sv -incdir /home/rk6650/VeriTriples/malik2627research/repos_6.24/guy-cdn_hardware-formal-verification2025/ibex/dv/uvm/core_ibex/riscv_dv_extension -incdir /home/rk6650/VeriTriples/malik2627research -incdir /home/rk6650/VeriTriples/malik2627research/assignments/assignment01 -incdir /home/rk6650/VeriTriples/malik2627research/assignments/assignment02 -incdir /home/rk6650/VeriTriples/malik2627research/assignments/assignment03 -incdir /home/rk6650/VeriTriples/malik2627research/assignments/assignment04 -incdir /home/rk6650/VeriTriples/malik2627research/ibex/dv/cosim -incdir /home/rk6650/VeriTriples/malik2627research/ibex/dv/riscv_compliance/rtl -incdir /home/rk6650/VeriTriples/malik2627research/ibex/dv/uvm/core_ibex/common -incdir /home/rk6650/VeriTriples/malik2627research/ibex/dv/uvm/core_ibex/common/ibex_cosim_agent -incdir /home/rk6650/VeriTriples/malik2627research/ibex/dv/uvm/core_ibex/common/prim -incdir /home/rk6650/VeriTriples/malik2627research/ibex/dv/uvm/core_ibex/fcov -incdir /home/rk6650/VeriTriples/malik2627research/ibex/dv/uvm/core_ibex/riscv_dv_extension -incdir /home/rk6650/VeriTriples/malik2627research/ibex/dv/uvm/core_ibex/tb -incdir /home/rk6650/VeriTriples/malik2627research/ibex/dv/uvm/icache/dv/tb -incdir /home/rk6650/VeriTriples/malik2627research/ibex/dv/verilator/simple_system_cosim -incdir /home/rk6650/VeriTriples/malik2627research/ibex/examples/simple_system/rtl -incdir /home/rk6650/VeriTriples/malik2627research/ibex/formal/data_ind_timing /home/rk6650/VeriTriples/malik2627research/repos_6.24/guy-cdn_hardware-formal-verification2025/ibex/dv/uvm/core_ibex/common/prim/prim_clock_gating.sv }
[-- (VERI-1482)] Analyzing Verilog file '/home/rk6650/VeriTriples/malik2627research/repos_6.24/guy-cdn_hardware-formal-verification2025/ibex/dv/uvm/core_ibex/common/prim/prim_clock_gating.sv'
[ERROR (VERI-1128)] /home/rk6650/VeriTriples/malik2627research/repos_6.24/guy-cdn_hardware-formal-verification2025/ibex/dv/uvm/core_ibex/common/prim/prim_clock_gating.sv(21): 'prim_pkg' is not declared
[ERROR (VERI-1128)] /home/rk6650/VeriTriples/malik2627research/repos_6.24/guy-cdn_hardware-formal-verification2025/ibex/dv/uvm/core_ibex/common/prim/prim_clock_gating.sv(21): 'prim_pkg' is not declared
[ERROR (VERI-1128)] /home/rk6650/VeriTriples/malik2627research/repos_6.24/guy-cdn_hardware-formal-verification2025/ibex/dv/uvm/core_ibex/common/prim/prim_clock_gating.sv(23): 'prim_pkg' is not declared
[ERROR (VERI-1128)] /home/rk6650/VeriTriples/malik2627research/repos_6.24/guy-cdn_hardware-formal-verification2025/ibex/dv/uvm/core_ibex/common/prim/prim_clock_gating.sv(27): 'prim_pkg' is not declared
[ERROR (VERI-1072)] /home/rk6650/VeriTriples/malik2627research/repos_6.24/guy-cdn_hardware-formal-verification2025/ibex/dv/uvm/core_ibex/common/prim/prim_clock_gating.sv(35): module 'prim_clock_gating' ignored due to previous errors
Summary of errors detected:
	[ERROR (VERI-1128)] /home/rk6650/VeriTriples/malik2627research/repos_6.24/guy-cdn_hardware-formal-verification2025/ibex/dv/uvm/core_ibex/common/prim/prim_clock_gating.sv(21): 'prim_pkg' is not declared
	[ERROR (VERI-1128)] /home/rk6650/VeriTriples/malik2627research/repos_6.24/guy-cdn_hardware-formal-verification2025/ibex/dv/uvm/core_ibex/common/prim/prim_clock_gating.sv(21): 'prim_pkg' is not declared
	[ERROR (VERI-1128)] /home/rk6650/VeriTriples/malik2627research/repos_6.24/guy-cdn_hardware-formal-verification2025/ibex/dv/uvm/core_ibex/common/prim/prim_clock_gating.sv(23): 'prim_pkg' is not declared
	[ERROR (VERI-1128)] /home/rk6650/VeriTriples/malik2627research/repos_6.24/guy-cdn_hardware-formal-verification2025/ibex/dv/uvm/core_ibex/common/prim/prim_clock_gating.sv(27): 'prim_pkg' is not declared
	[ERROR (VERI-1072)] /home/rk6650/VeriTriples/malik2627research/repos_6.24/guy-cdn_hardware-formal-verification2025/ibex/dv/uvm/core_ibex/common/prim/prim_clock_gating.sv(35): module 'prim_clock_gating' ignored due to previous errors
1
% catch { analyze -sv -incdir /home/rk6650/VeriTriples/malik2627research/repos_6.24/guy-cdn_hardware-formal-verification2025/ibex/dv/uvm/core_ibex/riscv_dv_extension -incdir /home/rk6650/VeriTriples/malik2627research -incdir /home/rk6650/VeriTriples/malik2627research/assignments/assignment01 -incdir /home/rk6650/VeriTriples/malik2627research/assignments/assignment02 -incdir /home/rk6650/VeriTriples/malik2627research/assignments/assignment03 -incdir /home/rk6650/VeriTriples/malik2627research/assignments/assignment04 -incdir /home/rk6650/VeriTriples/malik2627research/ibex/dv/cosim -incdir /home/rk6650/VeriTriples/malik2627research/ibex/dv/riscv_compliance/rtl -incdir /home/rk6650/VeriTriples/malik2627research/ibex/dv/uvm/core_ibex/common -incdir /home/rk6650/VeriTriples/malik2627research/ibex/dv/uvm/core_ibex/common/ibex_cosim_agent -incdir /home/rk6650/VeriTriples/malik2627research/ibex/dv/uvm/core_ibex/common/prim -incdir /home/rk6650/VeriTriples/malik2627research/ibex/dv/uvm/core_ibex/fcov -incdir /home/rk6650/VeriTriples/malik2627research/ibex/dv/uvm/core_ibex/riscv_dv_extension -incdir /home/rk6650/VeriTriples/malik2627research/ibex/dv/uvm/core_ibex/tb -incdir /home/rk6650/VeriTriples/malik2627research/ibex/dv/uvm/icache/dv/tb -incdir /home/rk6650/VeriTriples/malik2627research/ibex/dv/verilator/simple_system_cosim -incdir /home/rk6650/VeriTriples/malik2627research/ibex/examples/simple_system/rtl -incdir /home/rk6650/VeriTriples/malik2627research/ibex/formal/data_ind_timing /home/rk6650/VeriTriples/malik2627research/repos_6.24/guy-cdn_hardware-formal-verification2025/ibex/examples/simple_system/rtl/ibex_simple_system.sv }
[-- (VERI-1482)] Analyzing Verilog file '/home/rk6650/VeriTriples/malik2627research/repos_6.24/guy-cdn_hardware-formal-verification2025/ibex/examples/simple_system/rtl/ibex_simple_system.sv'
[ERROR (VERI-1128)] /home/rk6650/VeriTriples/malik2627research/repos_6.24/guy-cdn_hardware-formal-verification2025/ibex/examples/simple_system/rtl/ibex_simple_system.sv(46): 'ibex_pkg' is not declared
[ERROR (VERI-1128)] /home/rk6650/VeriTriples/malik2627research/repos_6.24/guy-cdn_hardware-formal-verification2025/ibex/examples/simple_system/rtl/ibex_simple_system.sv(46): 'ibex_pkg' is not declared
[ERROR (VERI-1128)] /home/rk6650/VeriTriples/malik2627research/repos_6.24/guy-cdn_hardware-formal-verification2025/ibex/examples/simple_system/rtl/ibex_simple_system.sv(47): 'ibex_pkg' is not declared
[ERROR (VERI-1128)] /home/rk6650/VeriTriples/malik2627research/repos_6.24/guy-cdn_hardware-formal-verification2025/ibex/examples/simple_system/rtl/ibex_simple_system.sv(47): 'ibex_pkg' is not declared
[ERROR (VERI-1128)] /home/rk6650/VeriTriples/malik2627research/repos_6.24/guy-cdn_hardware-formal-verification2025/ibex/examples/simple_system/rtl/ibex_simple_system.sv(48): 'ibex_pkg' is not declared
[ERROR (VERI-1128)] /home/rk6650/VeriTriples/malik2627research/repos_6.24/guy-cdn_hardware-formal-verification2025/ibex/examples/simple_system/rtl/ibex_simple_system.sv(48): 'ibex_pkg' is not declared
[ERROR (VERI-1128)] /home/rk6650/VeriTriples/malik2627research/repos_6.24/guy-cdn_hardware-formal-verification2025/ibex/examples/simple_system/rtl/ibex_simple_system.sv(215): 'prim_ram_1p_pkg' is not declared
[ERROR (VERI-1128)] /home/rk6650/VeriTriples/malik2627research/repos_6.24/guy-cdn_hardware-formal-verification2025/ibex/examples/simple_system/rtl/ibex_simple_system.sv(256): 'ibex_pkg' is not declared
[ERROR (VERI-1072)] /home/rk6650/VeriTriples/malik2627research/repos_6.24/guy-cdn_hardware-formal-verification2025/ibex/examples/simple_system/rtl/ibex_simple_system.sv(333): module 'ibex_simple_system' ignored due to previous errors
Summary of errors detected:
	[ERROR (VERI-1128)] /home/rk6650/VeriTriples/malik2627research/repos_6.24/guy-cdn_hardware-formal-verification2025/ibex/examples/simple_system/rtl/ibex_simple_system.sv(46): 'ibex_pkg' is not declared
	[ERROR (VERI-1128)] /home/rk6650/VeriTriples/malik2627research/repos_6.24/guy-cdn_hardware-formal-verification2025/ibex/examples/simple_system/rtl/ibex_simple_system.sv(46): 'ibex_pkg' is not declared
	[ERROR (VERI-1128)] /home/rk6650/VeriTriples/malik2627research/repos_6.24/guy-cdn_hardware-formal-verification2025/ibex/examples/simple_system/rtl/ibex_simple_system.sv(47): 'ibex_pkg' is not declared
	[ERROR (VERI-1128)] /home/rk6650/VeriTriples/malik2627research/repos_6.24/guy-cdn_hardware-formal-verification2025/ibex/examples/simple_system/rtl/ibex_simple_system.sv(47): 'ibex_pkg' is not declared
	[ERROR (VERI-1128)] /home/rk6650/VeriTriples/malik2627research/repos_6.24/guy-cdn_hardware-formal-verification2025/ibex/examples/simple_system/rtl/ibex_simple_system.sv(48): 'ibex_pkg' is not declared
	[ERROR (VERI-1128)] /home/rk6650/VeriTriples/malik2627research/repos_6.24/guy-cdn_hardware-formal-verification2025/ibex/examples/simple_system/rtl/ibex_simple_system.sv(48): 'ibex_pkg' is not declared
	[ERROR (VERI-1128)] /home/rk6650/VeriTriples/malik2627research/repos_6.24/guy-cdn_hardware-formal-verification2025/ibex/examples/simple_system/rtl/ibex_simple_system.sv(215): 'prim_ram_1p_pkg' is not declared
	[ERROR (VERI-1128)] /home/rk6650/VeriTriples/malik2627research/repos_6.24/guy-cdn_hardware-formal-verification2025/ibex/examples/simple_system/rtl/ibex_simple_system.sv(256): 'ibex_pkg' is not declared
	[ERROR (VERI-1072)] /home/rk6650/VeriTriples/malik2627research/repos_6.24/guy-cdn_hardware-formal-verification2025/ibex/examples/simple_system/rtl/ibex_simple_system.sv(333): module 'ibex_simple_system' ignored due to previous errors
1
% catch { analyze -sv -incdir /home/rk6650/VeriTriples/malik2627research/repos_6.24/guy-cdn_hardware-formal-verification2025/ibex/dv/uvm/core_ibex/riscv_dv_extension -incdir /home/rk6650/VeriTriples/malik2627research -incdir /home/rk6650/VeriTriples/malik2627research/assignments/assignment01 -incdir /home/rk6650/VeriTriples/malik2627research/assignments/assignment02 -incdir /home/rk6650/VeriTriples/malik2627research/assignments/assignment03 -incdir /home/rk6650/VeriTriples/malik2627research/assignments/assignment04 -incdir /home/rk6650/VeriTriples/malik2627research/ibex/dv/cosim -incdir /home/rk6650/VeriTriples/malik2627research/ibex/dv/riscv_compliance/rtl -incdir /home/rk6650/VeriTriples/malik2627research/ibex/dv/uvm/core_ibex/common -incdir /home/rk6650/VeriTriples/malik2627research/ibex/dv/uvm/core_ibex/common/ibex_cosim_agent -incdir /home/rk6650/VeriTriples/malik2627research/ibex/dv/uvm/core_ibex/common/prim -incdir /home/rk6650/VeriTriples/malik2627research/ibex/dv/uvm/core_ibex/fcov -incdir /home/rk6650/VeriTriples/malik2627research/ibex/dv/uvm/core_ibex/riscv_dv_extension -incdir /home/rk6650/VeriTriples/malik2627research/ibex/dv/uvm/core_ibex/tb -incdir /home/rk6650/VeriTriples/malik2627research/ibex/dv/uvm/icache/dv/tb -incdir /home/rk6650/VeriTriples/malik2627research/ibex/dv/verilator/simple_system_cosim -incdir /home/rk6650/VeriTriples/malik2627research/ibex/examples/simple_system/rtl -incdir /home/rk6650/VeriTriples/malik2627research/ibex/formal/data_ind_timing /home/rk6650/VeriTriples/malik2627research/repos_6.24/guy-cdn_hardware-formal-verification2025/ibex/dv/cosim/cosim_dpi.svh }
[-- (VERI-1482)] Analyzing Verilog file '/home/rk6650/VeriTriples/malik2627research/repos_6.24/guy-cdn_hardware-formal-verification2025/ibex/dv/cosim/cosim_dpi.svh'
0
% catch { analyze -sv -incdir /home/rk6650/VeriTriples/malik2627research/repos_6.24/guy-cdn_hardware-formal-verification2025/ibex/dv/uvm/core_ibex/riscv_dv_extension -incdir /home/rk6650/VeriTriples/malik2627research -incdir /home/rk6650/VeriTriples/malik2627research/assignments/assignment01 -incdir /home/rk6650/VeriTriples/malik2627research/assignments/assignment02 -incdir /home/rk6650/VeriTriples/malik2627research/assignments/assignment03 -incdir /home/rk6650/VeriTriples/malik2627research/assignments/assignment04 -incdir /home/rk6650/VeriTriples/malik2627research/ibex/dv/cosim -incdir /home/rk6650/VeriTriples/malik2627research/ibex/dv/riscv_compliance/rtl -incdir /home/rk6650/VeriTriples/malik2627research/ibex/dv/uvm/core_ibex/common -incdir /home/rk6650/VeriTriples/malik2627research/ibex/dv/uvm/core_ibex/common/ibex_cosim_agent -incdir /home/rk6650/VeriTriples/malik2627research/ibex/dv/uvm/core_ibex/common/prim -incdir /home/rk6650/VeriTriples/malik2627research/ibex/dv/uvm/core_ibex/fcov -incdir /home/rk6650/VeriTriples/malik2627research/ibex/dv/uvm/core_ibex/riscv_dv_extension -incdir /home/rk6650/VeriTriples/malik2627research/ibex/dv/uvm/core_ibex/tb -incdir /home/rk6650/VeriTriples/malik2627research/ibex/dv/uvm/icache/dv/tb -incdir /home/rk6650/VeriTriples/malik2627research/ibex/dv/verilator/simple_system_cosim -incdir /home/rk6650/VeriTriples/malik2627research/ibex/examples/simple_system/rtl -incdir /home/rk6650/VeriTriples/malik2627research/ibex/formal/data_ind_timing /home/rk6650/VeriTriples/malik2627research/repos_6.24/guy-cdn_hardware-formal-verification2025/ibex/dv/uvm/core_ibex/common/date_dpi.svh }
[-- (VERI-1482)] Analyzing Verilog file '/home/rk6650/VeriTriples/malik2627research/repos_6.24/guy-cdn_hardware-formal-verification2025/ibex/dv/uvm/core_ibex/common/date_dpi.svh'
0
% catch { analyze -sv -incdir /home/rk6650/VeriTriples/malik2627research/repos_6.24/guy-cdn_hardware-formal-verification2025/ibex/dv/uvm/core_ibex/riscv_dv_extension -incdir /home/rk6650/VeriTriples/malik2627research -incdir /home/rk6650/VeriTriples/malik2627research/assignments/assignment01 -incdir /home/rk6650/VeriTriples/malik2627research/assignments/assignment02 -incdir /home/rk6650/VeriTriples/malik2627research/assignments/assignment03 -incdir /home/rk6650/VeriTriples/malik2627research/assignments/assignment04 -incdir /home/rk6650/VeriTriples/malik2627research/ibex/dv/cosim -incdir /home/rk6650/VeriTriples/malik2627research/ibex/dv/riscv_compliance/rtl -incdir /home/rk6650/VeriTriples/malik2627research/ibex/dv/uvm/core_ibex/common -incdir /home/rk6650/VeriTriples/malik2627research/ibex/dv/uvm/core_ibex/common/ibex_cosim_agent -incdir /home/rk6650/VeriTriples/malik2627research/ibex/dv/uvm/core_ibex/common/prim -incdir /home/rk6650/VeriTriples/malik2627research/ibex/dv/uvm/core_ibex/fcov -incdir /home/rk6650/VeriTriples/malik2627research/ibex/dv/uvm/core_ibex/riscv_dv_extension -incdir /home/rk6650/VeriTriples/malik2627research/ibex/dv/uvm/core_ibex/tb -incdir /home/rk6650/VeriTriples/malik2627research/ibex/dv/uvm/icache/dv/tb -incdir /home/rk6650/VeriTriples/malik2627research/ibex/dv/verilator/simple_system_cosim -incdir /home/rk6650/VeriTriples/malik2627research/ibex/examples/simple_system/rtl -incdir /home/rk6650/VeriTriples/malik2627research/ibex/formal/data_ind_timing /home/rk6650/VeriTriples/malik2627research/repos_6.24/guy-cdn_hardware-formal-verification2025/ibex/dv/uvm/core_ibex/tb/core_ibex_tb_top.sv }
[-- (VERI-1482)] Analyzing Verilog file '/home/rk6650/VeriTriples/malik2627research/repos_6.24/guy-cdn_hardware-formal-verification2025/ibex/dv/uvm/core_ibex/tb/core_ibex_tb_top.sv'
[ERROR (VERI-1245)] /home/rk6650/VeriTriples/malik2627research/repos_6.24/guy-cdn_hardware-formal-verification2025/ibex/dv/uvm/core_ibex/tb/core_ibex_tb_top.sv(5): cannot open include file 'prim_assert.sv'
[ERROR (VERI-1128)] /home/rk6650/VeriTriples/malik2627research/repos_6.24/guy-cdn_hardware-formal-verification2025/ibex/dv/uvm/core_ibex/tb/core_ibex_tb_top.sv(9): 'uvm_pkg' is not declared
[ERROR (VERI-1128)] /home/rk6650/VeriTriples/malik2627research/repos_6.24/guy-cdn_hardware-formal-verification2025/ibex/dv/uvm/core_ibex/tb/core_ibex_tb_top.sv(10): 'core_ibex_test_pkg' is not declared
[ERROR (VERI-1128)] /home/rk6650/VeriTriples/malik2627research/repos_6.24/guy-cdn_hardware-formal-verification2025/ibex/dv/uvm/core_ibex/tb/core_ibex_tb_top.sv(59): 'ibex_pkg' is not declared
[ERROR (VERI-1128)] /home/rk6650/VeriTriples/malik2627research/repos_6.24/guy-cdn_hardware-formal-verification2025/ibex/dv/uvm/core_ibex/tb/core_ibex_tb_top.sv(59): 'ibex_pkg' is not declared
[ERROR (VERI-1128)] /home/rk6650/VeriTriples/malik2627research/repos_6.24/guy-cdn_hardware-formal-verification2025/ibex/dv/uvm/core_ibex/tb/core_ibex_tb_top.sv(60): 'ibex_pkg' is not declared
[ERROR (VERI-1128)] /home/rk6650/VeriTriples/malik2627research/repos_6.24/guy-cdn_hardware-formal-verification2025/ibex/dv/uvm/core_ibex/tb/core_ibex_tb_top.sv(60): 'ibex_pkg' is not declared
[ERROR (VERI-1128)] /home/rk6650/VeriTriples/malik2627research/repos_6.24/guy-cdn_hardware-formal-verification2025/ibex/dv/uvm/core_ibex/tb/core_ibex_tb_top.sv(61): 'ibex_pkg' is not declared
[ERROR (VERI-1128)] /home/rk6650/VeriTriples/malik2627research/repos_6.24/guy-cdn_hardware-formal-verification2025/ibex/dv/uvm/core_ibex/tb/core_ibex_tb_top.sv(61): 'ibex_pkg' is not declared
[ERROR (VERI-1128)] /home/rk6650/VeriTriples/malik2627research/repos_6.24/guy-cdn_hardware-formal-verification2025/ibex/dv/uvm/core_ibex/tb/core_ibex_tb_top.sv(72): 'ibex_pkg' is not declared
[ERROR (VERI-1128)] /home/rk6650/VeriTriples/malik2627research/repos_6.24/guy-cdn_hardware-formal-verification2025/ibex/dv/uvm/core_ibex/tb/core_ibex_tb_top.sv(73): 'ibex_pkg' is not declared
[ERROR (VERI-1128)] /home/rk6650/VeriTriples/malik2627research/repos_6.24/guy-cdn_hardware-formal-verification2025/ibex/dv/uvm/core_ibex/tb/core_ibex_tb_top.sv(77): 'ibex_pkg' is not declared
[ERROR (VERI-1128)] /home/rk6650/VeriTriples/malik2627research/repos_6.24/guy-cdn_hardware-formal-verification2025/ibex/dv/uvm/core_ibex/tb/core_ibex_tb_top.sv(77): 'ibex_pkg' is not declared
[ERROR (VERI-1158)] /home/rk6650/VeriTriples/malik2627research/repos_6.24/guy-cdn_hardware-formal-verification2025/ibex/dv/uvm/core_ibex/tb/core_ibex_tb_top.sv(87): use of undefined macro 'BOOT_ADDR'
[ERROR (VERI-1137)] /home/rk6650/VeriTriples/malik2627research/repos_6.24/guy-cdn_hardware-formal-verification2025/ibex/dv/uvm/core_ibex/tb/core_ibex_tb_top.sv(87): syntax error near '+'
[ERROR (VERI-1137)] /home/rk6650/VeriTriples/malik2627research/repos_6.24/guy-cdn_hardware-formal-verification2025/ibex/dv/uvm/core_ibex/tb/core_ibex_tb_top.sv(88): syntax error near '+'
[ERROR (VERI-1158)] /home/rk6650/VeriTriples/malik2627research/repos_6.24/guy-cdn_hardware-formal-verification2025/ibex/dv/uvm/core_ibex/tb/core_ibex_tb_top.sv(163): use of undefined macro 'ASSERT'
[ERROR (VERI-1137)] /home/rk6650/VeriTriples/malik2627research/repos_6.24/guy-cdn_hardware-formal-verification2025/ibex/dv/uvm/core_ibex/tb/core_ibex_tb_top.sv(164): syntax error near '&&'
[ERROR (VERI-1137)] /home/rk6650/VeriTriples/malik2627research/repos_6.24/guy-cdn_hardware-formal-verification2025/ibex/dv/uvm/core_ibex/tb/core_ibex_tb_top.sv(164): syntax error near '&&'
[INFO (VMSG-1000)] Too many errors. Further error messages will be suppressed.
Summary of errors detected:
	[ERROR (VERI-1245)] /home/rk6650/VeriTriples/malik2627research/repos_6.24/guy-cdn_hardware-formal-verification2025/ibex/dv/uvm/core_ibex/tb/core_ibex_tb_top.sv(5): cannot open include file 'prim_assert.sv'
	[ERROR (VERI-1128)] /home/rk6650/VeriTriples/malik2627research/repos_6.24/guy-cdn_hardware-formal-verification2025/ibex/dv/uvm/core_ibex/tb/core_ibex_tb_top.sv(9): 'uvm_pkg' is not declared
	[ERROR (VERI-1128)] /home/rk6650/VeriTriples/malik2627research/repos_6.24/guy-cdn_hardware-formal-verification2025/ibex/dv/uvm/core_ibex/tb/core_ibex_tb_top.sv(10): 'core_ibex_test_pkg' is not declared
	[ERROR (VERI-1128)] /home/rk6650/VeriTriples/malik2627research/repos_6.24/guy-cdn_hardware-formal-verification2025/ibex/dv/uvm/core_ibex/tb/core_ibex_tb_top.sv(59): 'ibex_pkg' is not declared
	[ERROR (VERI-1128)] /home/rk6650/VeriTriples/malik2627research/repos_6.24/guy-cdn_hardware-formal-verification2025/ibex/dv/uvm/core_ibex/tb/core_ibex_tb_top.sv(59): 'ibex_pkg' is not declared
	[ERROR (VERI-1128)] /home/rk6650/VeriTriples/malik2627research/repos_6.24/guy-cdn_hardware-formal-verification2025/ibex/dv/uvm/core_ibex/tb/core_ibex_tb_top.sv(60): 'ibex_pkg' is not declared
	[ERROR (VERI-1128)] /home/rk6650/VeriTriples/malik2627research/repos_6.24/guy-cdn_hardware-formal-verification2025/ibex/dv/uvm/core_ibex/tb/core_ibex_tb_top.sv(60): 'ibex_pkg' is not declared
	[ERROR (VERI-1128)] /home/rk6650/VeriTriples/malik2627research/repos_6.24/guy-cdn_hardware-formal-verification2025/ibex/dv/uvm/core_ibex/tb/core_ibex_tb_top.sv(61): 'ibex_pkg' is not declared
	[ERROR (VERI-1128)] /home/rk6650/VeriTriples/malik2627research/repos_6.24/guy-cdn_hardware-formal-verification2025/ibex/dv/uvm/core_ibex/tb/core_ibex_tb_top.sv(61): 'ibex_pkg' is not declared
	[ERROR (VERI-1128)] /home/rk6650/VeriTriples/malik2627research/repos_6.24/guy-cdn_hardware-formal-verification2025/ibex/dv/uvm/core_ibex/tb/core_ibex_tb_top.sv(72): 'ibex_pkg' is not declared
	[ERROR (VERI-1128)] /home/rk6650/VeriTriples/malik2627research/repos_6.24/guy-cdn_hardware-formal-verification2025/ibex/dv/uvm/core_ibex/tb/core_ibex_tb_top.sv(73): 'ibex_pkg' is not declared
	[ERROR (VERI-1128)] /home/rk6650/VeriTriples/malik2627research/repos_6.24/guy-cdn_hardware-formal-verification2025/ibex/dv/uvm/core_ibex/tb/core_ibex_tb_top.sv(77): 'ibex_pkg' is not declared
	[ERROR (VERI-1128)] /home/rk6650/VeriTriples/malik2627research/repos_6.24/guy-cdn_hardware-formal-verification2025/ibex/dv/uvm/core_ibex/tb/core_ibex_tb_top.sv(77): 'ibex_pkg' is not declared
	[ERROR (VERI-1158)] /home/rk6650/VeriTriples/malik2627research/repos_6.24/guy-cdn_hardware-formal-verification2025/ibex/dv/uvm/core_ibex/tb/core_ibex_tb_top.sv(87): use of undefined macro 'BOOT_ADDR'
	[ERROR (VERI-1137)] /home/rk6650/VeriTriples/malik2627research/repos_6.24/guy-cdn_hardware-formal-verification2025/ibex/dv/uvm/core_ibex/tb/core_ibex_tb_top.sv(87): syntax error near '+'
	[ERROR (VERI-1137)] /home/rk6650/VeriTriples/malik2627research/repos_6.24/guy-cdn_hardware-formal-verification2025/ibex/dv/uvm/core_ibex/tb/core_ibex_tb_top.sv(88): syntax error near '+'
	[ERROR (VERI-1158)] /home/rk6650/VeriTriples/malik2627research/repos_6.24/guy-cdn_hardware-formal-verification2025/ibex/dv/uvm/core_ibex/tb/core_ibex_tb_top.sv(163): use of undefined macro 'ASSERT'
	[ERROR (VERI-1137)] /home/rk6650/VeriTriples/malik2627research/repos_6.24/guy-cdn_hardware-formal-verification2025/ibex/dv/uvm/core_ibex/tb/core_ibex_tb_top.sv(164): syntax error near '&&'
	[ERROR (VERI-1137)] /home/rk6650/VeriTriples/malik2627research/repos_6.24/guy-cdn_hardware-formal-verification2025/ibex/dv/uvm/core_ibex/tb/core_ibex_tb_top.sv(164): syntax error near '&&'
1
% catch { analyze -sv -incdir /home/rk6650/VeriTriples/malik2627research/repos_6.24/guy-cdn_hardware-formal-verification2025/ibex/dv/uvm/core_ibex/riscv_dv_extension -incdir /home/rk6650/VeriTriples/malik2627research -incdir /home/rk6650/VeriTriples/malik2627research/assignments/assignment01 -incdir /home/rk6650/VeriTriples/malik2627research/assignments/assignment02 -incdir /home/rk6650/VeriTriples/malik2627research/assignments/assignment03 -incdir /home/rk6650/VeriTriples/malik2627research/assignments/assignment04 -incdir /home/rk6650/VeriTriples/malik2627research/ibex/dv/cosim -incdir /home/rk6650/VeriTriples/malik2627research/ibex/dv/riscv_compliance/rtl -incdir /home/rk6650/VeriTriples/malik2627research/ibex/dv/uvm/core_ibex/common -incdir /home/rk6650/VeriTriples/malik2627research/ibex/dv/uvm/core_ibex/common/ibex_cosim_agent -incdir /home/rk6650/VeriTriples/malik2627research/ibex/dv/uvm/core_ibex/common/prim -incdir /home/rk6650/VeriTriples/malik2627research/ibex/dv/uvm/core_ibex/fcov -incdir /home/rk6650/VeriTriples/malik2627research/ibex/dv/uvm/core_ibex/riscv_dv_extension -incdir /home/rk6650/VeriTriples/malik2627research/ibex/dv/uvm/core_ibex/tb -incdir /home/rk6650/VeriTriples/malik2627research/ibex/dv/uvm/icache/dv/tb -incdir /home/rk6650/VeriTriples/malik2627research/ibex/dv/verilator/simple_system_cosim -incdir /home/rk6650/VeriTriples/malik2627research/ibex/examples/simple_system/rtl -incdir /home/rk6650/VeriTriples/malik2627research/ibex/formal/data_ind_timing /home/rk6650/VeriTriples/malik2627research/repos_6.24/guy-cdn_hardware-formal-verification2025/ibex/dv/uvm/core_ibex/common/ibex_cosim_agent/spike_cosim_dpi.svh }
[-- (VERI-1482)] Analyzing Verilog file '/home/rk6650/VeriTriples/malik2627research/repos_6.24/guy-cdn_hardware-formal-verification2025/ibex/dv/uvm/core_ibex/common/ibex_cosim_agent/spike_cosim_dpi.svh'
0
% 
% catch { analyze -sv -incdir /home/rk6650/VeriTriples/malik2627research/repos_6.24/guy-cdn_hardware-formal-verification2025/ibex/dv/uvm/core_ibex/riscv_dv_extension -incdir /home/rk6650/VeriTriples/malik2627research -incdir /home/rk6650/VeriTriples/malik2627research/assignments/assignment01 -incdir /home/rk6650/VeriTriples/malik2627research/assignments/assignment02 -incdir /home/rk6650/VeriTriples/malik2627research/assignments/assignment03 -incdir /home/rk6650/VeriTriples/malik2627research/assignments/assignment04 -incdir /home/rk6650/VeriTriples/malik2627research/ibex/dv/cosim -incdir /home/rk6650/VeriTriples/malik2627research/ibex/dv/riscv_compliance/rtl -incdir /home/rk6650/VeriTriples/malik2627research/ibex/dv/uvm/core_ibex/common -incdir /home/rk6650/VeriTriples/malik2627research/ibex/dv/uvm/core_ibex/common/ibex_cosim_agent -incdir /home/rk6650/VeriTriples/malik2627research/ibex/dv/uvm/core_ibex/common/prim -incdir /home/rk6650/VeriTriples/malik2627research/ibex/dv/uvm/core_ibex/fcov -incdir /home/rk6650/VeriTriples/malik2627research/ibex/dv/uvm/core_ibex/riscv_dv_extension -incdir /home/rk6650/VeriTriples/malik2627research/ibex/dv/uvm/core_ibex/tb -incdir /home/rk6650/VeriTriples/malik2627research/ibex/dv/uvm/icache/dv/tb -incdir /home/rk6650/VeriTriples/malik2627research/ibex/dv/verilator/simple_system_cosim -incdir /home/rk6650/VeriTriples/malik2627research/ibex/examples/simple_system/rtl -incdir /home/rk6650/VeriTriples/malik2627research/ibex/formal/data_ind_timing /home/rk6650/VeriTriples/malik2627research/repos_6.24/guy-cdn_hardware-formal-verification2025/assignments/assignment03/15puzzle.sv }
[-- (VERI-1482)] Analyzing Verilog file '/home/rk6650/VeriTriples/malik2627research/repos_6.24/guy-cdn_hardware-formal-verification2025/assignments/assignment03/15puzzle.sv'
0
% catch { analyze -sv -incdir /home/rk6650/VeriTriples/malik2627research/repos_6.24/guy-cdn_hardware-formal-verification2025/ibex/dv/uvm/core_ibex/riscv_dv_extension -incdir /home/rk6650/VeriTriples/malik2627research -incdir /home/rk6650/VeriTriples/malik2627research/assignments/assignment01 -incdir /home/rk6650/VeriTriples/malik2627research/assignments/assignment02 -incdir /home/rk6650/VeriTriples/malik2627research/assignments/assignment03 -incdir /home/rk6650/VeriTriples/malik2627research/assignments/assignment04 -incdir /home/rk6650/VeriTriples/malik2627research/ibex/dv/cosim -incdir /home/rk6650/VeriTriples/malik2627research/ibex/dv/riscv_compliance/rtl -incdir /home/rk6650/VeriTriples/malik2627research/ibex/dv/uvm/core_ibex/common -incdir /home/rk6650/VeriTriples/malik2627research/ibex/dv/uvm/core_ibex/common/ibex_cosim_agent -incdir /home/rk6650/VeriTriples/malik2627research/ibex/dv/uvm/core_ibex/common/prim -incdir /home/rk6650/VeriTriples/malik2627research/ibex/dv/uvm/core_ibex/fcov -incdir /home/rk6650/VeriTriples/malik2627research/ibex/dv/uvm/core_ibex/riscv_dv_extension -incdir /home/rk6650/VeriTriples/malik2627research/ibex/dv/uvm/core_ibex/tb -incdir /home/rk6650/VeriTriples/malik2627research/ibex/dv/uvm/icache/dv/tb -incdir /home/rk6650/VeriTriples/malik2627research/ibex/dv/verilator/simple_system_cosim -incdir /home/rk6650/VeriTriples/malik2627research/ibex/examples/simple_system/rtl -incdir /home/rk6650/VeriTriples/malik2627research/ibex/formal/data_ind_timing /home/rk6650/VeriTriples/malik2627research/repos_6.24/guy-cdn_hardware-formal-verification2025/assignments/assignment02/properties.sv }
[-- (VERI-1482)] Analyzing Verilog file '/home/rk6650/VeriTriples/malik2627research/repos_6.24/guy-cdn_hardware-formal-verification2025/assignments/assignment02/properties.sv'
[ERROR (VERI-1128)] /home/rk6650/VeriTriples/malik2627research/repos_6.24/guy-cdn_hardware-formal-verification2025/assignments/assignment02/properties.sv(1): 'elevator_pkg' is not declared
[ERROR (VERI-1128)] /home/rk6650/VeriTriples/malik2627research/repos_6.24/guy-cdn_hardware-formal-verification2025/assignments/assignment02/properties.sv(10): 'Direction' is not declared
[ERROR (VERI-1128)] /home/rk6650/VeriTriples/malik2627research/repos_6.24/guy-cdn_hardware-formal-verification2025/assignments/assignment02/properties.sv(11): 'DoorsOp' is not declared
[ERROR (VERI-1128)] /home/rk6650/VeriTriples/malik2627research/repos_6.24/guy-cdn_hardware-formal-verification2025/assignments/assignment02/properties.sv(12): 'EngineOp' is not declared
[ERROR (VERI-1128)] /home/rk6650/VeriTriples/malik2627research/repos_6.24/guy-cdn_hardware-formal-verification2025/assignments/assignment02/properties.sv(17): 'GO' is not declared
[ERROR (VERI-1128)] /home/rk6650/VeriTriples/malik2627research/repos_6.24/guy-cdn_hardware-formal-verification2025/assignments/assignment02/properties.sv(17): 'UP' is not declared
[ERROR (VERI-1128)] /home/rk6650/VeriTriples/malik2627research/repos_6.24/guy-cdn_hardware-formal-verification2025/assignments/assignment02/properties.sv(23): 'GO' is not declared
[ERROR (VERI-1128)] /home/rk6650/VeriTriples/malik2627research/repos_6.24/guy-cdn_hardware-formal-verification2025/assignments/assignment02/properties.sv(23): 'DOWN' is not declared
[ERROR (VERI-1072)] /home/rk6650/VeriTriples/malik2627research/repos_6.24/guy-cdn_hardware-formal-verification2025/assignments/assignment02/properties.sv(88): module 'properties' ignored due to previous errors
Summary of errors detected:
	[ERROR (VERI-1128)] /home/rk6650/VeriTriples/malik2627research/repos_6.24/guy-cdn_hardware-formal-verification2025/assignments/assignment02/properties.sv(1): 'elevator_pkg' is not declared
	[ERROR (VERI-1128)] /home/rk6650/VeriTriples/malik2627research/repos_6.24/guy-cdn_hardware-formal-verification2025/assignments/assignment02/properties.sv(10): 'Direction' is not declared
	[ERROR (VERI-1128)] /home/rk6650/VeriTriples/malik2627research/repos_6.24/guy-cdn_hardware-formal-verification2025/assignments/assignment02/properties.sv(11): 'DoorsOp' is not declared
	[ERROR (VERI-1128)] /home/rk6650/VeriTriples/malik2627research/repos_6.24/guy-cdn_hardware-formal-verification2025/assignments/assignment02/properties.sv(12): 'EngineOp' is not declared
	[ERROR (VERI-1128)] /home/rk6650/VeriTriples/malik2627research/repos_6.24/guy-cdn_hardware-formal-verification2025/assignments/assignment02/properties.sv(17): 'GO' is not declared
	[ERROR (VERI-1128)] /home/rk6650/VeriTriples/malik2627research/repos_6.24/guy-cdn_hardware-formal-verification2025/assignments/assignment02/properties.sv(17): 'UP' is not declared
	[ERROR (VERI-1128)] /home/rk6650/VeriTriples/malik2627research/repos_6.24/guy-cdn_hardware-formal-verification2025/assignments/assignment02/properties.sv(23): 'GO' is not declared
	[ERROR (VERI-1128)] /home/rk6650/VeriTriples/malik2627research/repos_6.24/guy-cdn_hardware-formal-verification2025/assignments/assignment02/properties.sv(23): 'DOWN' is not declared
	[ERROR (VERI-1072)] /home/rk6650/VeriTriples/malik2627research/repos_6.24/guy-cdn_hardware-formal-verification2025/assignments/assignment02/properties.sv(88): module 'properties' ignored due to previous errors
1
% catch { analyze -sv -incdir /home/rk6650/VeriTriples/malik2627research/repos_6.24/guy-cdn_hardware-formal-verification2025/ibex/dv/uvm/core_ibex/riscv_dv_extension -incdir /home/rk6650/VeriTriples/malik2627research -incdir /home/rk6650/VeriTriples/malik2627research/assignments/assignment01 -incdir /home/rk6650/VeriTriples/malik2627research/assignments/assignment02 -incdir /home/rk6650/VeriTriples/malik2627research/assignments/assignment03 -incdir /home/rk6650/VeriTriples/malik2627research/assignments/assignment04 -incdir /home/rk6650/VeriTriples/malik2627research/ibex/dv/cosim -incdir /home/rk6650/VeriTriples/malik2627research/ibex/dv/riscv_compliance/rtl -incdir /home/rk6650/VeriTriples/malik2627research/ibex/dv/uvm/core_ibex/common -incdir /home/rk6650/VeriTriples/malik2627research/ibex/dv/uvm/core_ibex/common/ibex_cosim_agent -incdir /home/rk6650/VeriTriples/malik2627research/ibex/dv/uvm/core_ibex/common/prim -incdir /home/rk6650/VeriTriples/malik2627research/ibex/dv/uvm/core_ibex/fcov -incdir /home/rk6650/VeriTriples/malik2627research/ibex/dv/uvm/core_ibex/riscv_dv_extension -incdir /home/rk6650/VeriTriples/malik2627research/ibex/dv/uvm/core_ibex/tb -incdir /home/rk6650/VeriTriples/malik2627research/ibex/dv/uvm/icache/dv/tb -incdir /home/rk6650/VeriTriples/malik2627research/ibex/dv/verilator/simple_system_cosim -incdir /home/rk6650/VeriTriples/malik2627research/ibex/examples/simple_system/rtl -incdir /home/rk6650/VeriTriples/malik2627research/ibex/formal/data_ind_timing /home/rk6650/VeriTriples/malik2627research/repos_6.24/guy-cdn_hardware-formal-verification2025/ibex/dv/uvm/icache/dv/tb/tb.sv }
[-- (VERI-1482)] Analyzing Verilog file '/home/rk6650/VeriTriples/malik2627research/repos_6.24/guy-cdn_hardware-formal-verification2025/ibex/dv/uvm/icache/dv/tb/tb.sv'
[ERROR (VERI-1128)] /home/rk6650/VeriTriples/malik2627research/repos_6.24/guy-cdn_hardware-formal-verification2025/ibex/dv/uvm/icache/dv/tb/tb.sv(5): 'ibex_pkg' is not declared
[ERROR (VERI-1128)] /home/rk6650/VeriTriples/malik2627research/repos_6.24/guy-cdn_hardware-formal-verification2025/ibex/dv/uvm/icache/dv/tb/tb.sv(10): 'uvm_pkg' is not declared
[ERROR (VERI-1128)] /home/rk6650/VeriTriples/malik2627research/repos_6.24/guy-cdn_hardware-formal-verification2025/ibex/dv/uvm/icache/dv/tb/tb.sv(11): 'dv_utils_pkg' is not declared
[ERROR (VERI-1128)] /home/rk6650/VeriTriples/malik2627research/repos_6.24/guy-cdn_hardware-formal-verification2025/ibex/dv/uvm/icache/dv/tb/tb.sv(12): 'ibex_icache_env_pkg' is not declared
[ERROR (VERI-1128)] /home/rk6650/VeriTriples/malik2627research/repos_6.24/guy-cdn_hardware-formal-verification2025/ibex/dv/uvm/icache/dv/tb/tb.sv(13): 'ibex_icache_test_pkg' is not declared
[ERROR (VERI-1245)] /home/rk6650/VeriTriples/malik2627research/repos_6.24/guy-cdn_hardware-formal-verification2025/ibex/dv/uvm/icache/dv/tb/tb.sv(16): cannot open include file 'uvm_macros.svh'
[ERROR (VERI-1245)] /home/rk6650/VeriTriples/malik2627research/repos_6.24/guy-cdn_hardware-formal-verification2025/ibex/dv/uvm/icache/dv/tb/tb.sv(17): cannot open include file 'dv_macros.svh'
[ERROR (VERI-1128)] /home/rk6650/VeriTriples/malik2627research/repos_6.24/guy-cdn_hardware-formal-verification2025/ibex/dv/uvm/icache/dv/tb/tb.sv(231): 'ibex_pkg' is not declared
[ERROR (VERI-1128)] /home/rk6650/VeriTriples/malik2627research/repos_6.24/guy-cdn_hardware-formal-verification2025/ibex/dv/uvm/icache/dv/tb/tb.sv(31): 'BUS_SIZE' is not declared
[ERROR (VERI-1128)] /home/rk6650/VeriTriples/malik2627research/repos_6.24/guy-cdn_hardware-formal-verification2025/ibex/dv/uvm/icache/dv/tb/tb.sv(31): 'BUS_SIZE' is not declared
[ERROR (VERI-1128)] /home/rk6650/VeriTriples/malik2627research/repos_6.24/guy-cdn_hardware-formal-verification2025/ibex/dv/uvm/icache/dv/tb/tb.sv(32): 'IC_LINE_BEATS' is not declared
[ERROR (VERI-1128)] /home/rk6650/VeriTriples/malik2627research/repos_6.24/guy-cdn_hardware-formal-verification2025/ibex/dv/uvm/icache/dv/tb/tb.sv(33): 'IC_TAG_SIZE' is not declared
[ERROR (VERI-1128)] /home/rk6650/VeriTriples/malik2627research/repos_6.24/guy-cdn_hardware-formal-verification2025/ibex/dv/uvm/icache/dv/tb/tb.sv(33): 'IC_TAG_SIZE' is not declared
[ERROR (VERI-1128)] /home/rk6650/VeriTriples/malik2627research/repos_6.24/guy-cdn_hardware-formal-verification2025/ibex/dv/uvm/icache/dv/tb/tb.sv(45): 'SCRAMBLE_KEY_W' is not declared
[ERROR (VERI-1952)] /home/rk6650/VeriTriples/malik2627research/repos_6.24/guy-cdn_hardware-formal-verification2025/ibex/dv/uvm/icache/dv/tb/tb.sv(45): range must be bounded by constant expressions
[ERROR (VERI-1128)] /home/rk6650/VeriTriples/malik2627research/repos_6.24/guy-cdn_hardware-formal-verification2025/ibex/dv/uvm/icache/dv/tb/tb.sv(46): 'SCRAMBLE_NONCE_W' is not declared
[ERROR (VERI-1952)] /home/rk6650/VeriTriples/malik2627research/repos_6.24/guy-cdn_hardware-formal-verification2025/ibex/dv/uvm/icache/dv/tb/tb.sv(46): range must be bounded by constant expressions
[ERROR (VERI-1128)] /home/rk6650/VeriTriples/malik2627research/repos_6.24/guy-cdn_hardware-formal-verification2025/ibex/dv/uvm/icache/dv/tb/tb.sv(132): 'IC_NUM_WAYS' is not declared
[ERROR (VERI-1128)] /home/rk6650/VeriTriples/malik2627research/repos_6.24/guy-cdn_hardware-formal-verification2025/ibex/dv/uvm/icache/dv/tb/tb.sv(136): 'IC_NUM_LINES' is not declared
[INFO (VMSG-1000)] Too many errors. Further error messages will be suppressed.
Summary of errors detected:
	[ERROR (VERI-1128)] /home/rk6650/VeriTriples/malik2627research/repos_6.24/guy-cdn_hardware-formal-verification2025/ibex/dv/uvm/icache/dv/tb/tb.sv(5): 'ibex_pkg' is not declared
	[ERROR (VERI-1128)] /home/rk6650/VeriTriples/malik2627research/repos_6.24/guy-cdn_hardware-formal-verification2025/ibex/dv/uvm/icache/dv/tb/tb.sv(10): 'uvm_pkg' is not declared
	[ERROR (VERI-1128)] /home/rk6650/VeriTriples/malik2627research/repos_6.24/guy-cdn_hardware-formal-verification2025/ibex/dv/uvm/icache/dv/tb/tb.sv(11): 'dv_utils_pkg' is not declared
	[ERROR (VERI-1128)] /home/rk6650/VeriTriples/malik2627research/repos_6.24/guy-cdn_hardware-formal-verification2025/ibex/dv/uvm/icache/dv/tb/tb.sv(12): 'ibex_icache_env_pkg' is not declared
	[ERROR (VERI-1128)] /home/rk6650/VeriTriples/malik2627research/repos_6.24/guy-cdn_hardware-formal-verification2025/ibex/dv/uvm/icache/dv/tb/tb.sv(13): 'ibex_icache_test_pkg' is not declared
	[ERROR (VERI-1245)] /home/rk6650/VeriTriples/malik2627research/repos_6.24/guy-cdn_hardware-formal-verification2025/ibex/dv/uvm/icache/dv/tb/tb.sv(16): cannot open include file 'uvm_macros.svh'
	[ERROR (VERI-1245)] /home/rk6650/VeriTriples/malik2627research/repos_6.24/guy-cdn_hardware-formal-verification2025/ibex/dv/uvm/icache/dv/tb/tb.sv(17): cannot open include file 'dv_macros.svh'
	[ERROR (VERI-1128)] /home/rk6650/VeriTriples/malik2627research/repos_6.24/guy-cdn_hardware-formal-verification2025/ibex/dv/uvm/icache/dv/tb/tb.sv(231): 'ibex_pkg' is not declared
	[ERROR (VERI-1128)] /home/rk6650/VeriTriples/malik2627research/repos_6.24/guy-cdn_hardware-formal-verification2025/ibex/dv/uvm/icache/dv/tb/tb.sv(31): 'BUS_SIZE' is not declared
	[ERROR (VERI-1128)] /home/rk6650/VeriTriples/malik2627research/repos_6.24/guy-cdn_hardware-formal-verification2025/ibex/dv/uvm/icache/dv/tb/tb.sv(31): 'BUS_SIZE' is not declared
	[ERROR (VERI-1128)] /home/rk6650/VeriTriples/malik2627research/repos_6.24/guy-cdn_hardware-formal-verification2025/ibex/dv/uvm/icache/dv/tb/tb.sv(32): 'IC_LINE_BEATS' is not declared
	[ERROR (VERI-1128)] /home/rk6650/VeriTriples/malik2627research/repos_6.24/guy-cdn_hardware-formal-verification2025/ibex/dv/uvm/icache/dv/tb/tb.sv(33): 'IC_TAG_SIZE' is not declared
	[ERROR (VERI-1128)] /home/rk6650/VeriTriples/malik2627research/repos_6.24/guy-cdn_hardware-formal-verification2025/ibex/dv/uvm/icache/dv/tb/tb.sv(33): 'IC_TAG_SIZE' is not declared
	[ERROR (VERI-1128)] /home/rk6650/VeriTriples/malik2627research/repos_6.24/guy-cdn_hardware-formal-verification2025/ibex/dv/uvm/icache/dv/tb/tb.sv(45): 'SCRAMBLE_KEY_W' is not declared
	[ERROR (VERI-1952)] /home/rk6650/VeriTriples/malik2627research/repos_6.24/guy-cdn_hardware-formal-verification2025/ibex/dv/uvm/icache/dv/tb/tb.sv(45): range must be bounded by constant expressions
	[ERROR (VERI-1128)] /home/rk6650/VeriTriples/malik2627research/repos_6.24/guy-cdn_hardware-formal-verification2025/ibex/dv/uvm/icache/dv/tb/tb.sv(46): 'SCRAMBLE_NONCE_W' is not declared
	[ERROR (VERI-1952)] /home/rk6650/VeriTriples/malik2627research/repos_6.24/guy-cdn_hardware-formal-verification2025/ibex/dv/uvm/icache/dv/tb/tb.sv(46): range must be bounded by constant expressions
	[ERROR (VERI-1128)] /home/rk6650/VeriTriples/malik2627research/repos_6.24/guy-cdn_hardware-formal-verification2025/ibex/dv/uvm/icache/dv/tb/tb.sv(132): 'IC_NUM_WAYS' is not declared
	[ERROR (VERI-1128)] /home/rk6650/VeriTriples/malik2627research/repos_6.24/guy-cdn_hardware-formal-verification2025/ibex/dv/uvm/icache/dv/tb/tb.sv(136): 'IC_NUM_LINES' is not declared
1
% catch { analyze -sv -incdir /home/rk6650/VeriTriples/malik2627research/repos_6.24/guy-cdn_hardware-formal-verification2025/ibex/dv/uvm/core_ibex/riscv_dv_extension -incdir /home/rk6650/VeriTriples/malik2627research -incdir /home/rk6650/VeriTriples/malik2627research/assignments/assignment01 -incdir /home/rk6650/VeriTriples/malik2627research/assignments/assignment02 -incdir /home/rk6650/VeriTriples/malik2627research/assignments/assignment03 -incdir /home/rk6650/VeriTriples/malik2627research/assignments/assignment04 -incdir /home/rk6650/VeriTriples/malik2627research/ibex/dv/cosim -incdir /home/rk6650/VeriTriples/malik2627research/ibex/dv/riscv_compliance/rtl -incdir /home/rk6650/VeriTriples/malik2627research/ibex/dv/uvm/core_ibex/common -incdir /home/rk6650/VeriTriples/malik2627research/ibex/dv/uvm/core_ibex/common/ibex_cosim_agent -incdir /home/rk6650/VeriTriples/malik2627research/ibex/dv/uvm/core_ibex/common/prim -incdir /home/rk6650/VeriTriples/malik2627research/ibex/dv/uvm/core_ibex/fcov -incdir /home/rk6650/VeriTriples/malik2627research/ibex/dv/uvm/core_ibex/riscv_dv_extension -incdir /home/rk6650/VeriTriples/malik2627research/ibex/dv/uvm/core_ibex/tb -incdir /home/rk6650/VeriTriples/malik2627research/ibex/dv/uvm/icache/dv/tb -incdir /home/rk6650/VeriTriples/malik2627research/ibex/dv/verilator/simple_system_cosim -incdir /home/rk6650/VeriTriples/malik2627research/ibex/examples/simple_system/rtl -incdir /home/rk6650/VeriTriples/malik2627research/ibex/formal/data_ind_timing /home/rk6650/VeriTriples/malik2627research/repos_6.24/guy-cdn_hardware-formal-verification2025/assignments/assignment03/reqgnt.sv }
[-- (VERI-1482)] Analyzing Verilog file '/home/rk6650/VeriTriples/malik2627research/repos_6.24/guy-cdn_hardware-formal-verification2025/assignments/assignment03/reqgnt.sv'
0
% catch { analyze -sv -incdir /home/rk6650/VeriTriples/malik2627research/repos_6.24/guy-cdn_hardware-formal-verification2025/ibex/dv/uvm/core_ibex/riscv_dv_extension -incdir /home/rk6650/VeriTriples/malik2627research -incdir /home/rk6650/VeriTriples/malik2627research/assignments/assignment01 -incdir /home/rk6650/VeriTriples/malik2627research/assignments/assignment02 -incdir /home/rk6650/VeriTriples/malik2627research/assignments/assignment03 -incdir /home/rk6650/VeriTriples/malik2627research/assignments/assignment04 -incdir /home/rk6650/VeriTriples/malik2627research/ibex/dv/cosim -incdir /home/rk6650/VeriTriples/malik2627research/ibex/dv/riscv_compliance/rtl -incdir /home/rk6650/VeriTriples/malik2627research/ibex/dv/uvm/core_ibex/common -incdir /home/rk6650/VeriTriples/malik2627research/ibex/dv/uvm/core_ibex/common/ibex_cosim_agent -incdir /home/rk6650/VeriTriples/malik2627research/ibex/dv/uvm/core_ibex/common/prim -incdir /home/rk6650/VeriTriples/malik2627research/ibex/dv/uvm/core_ibex/fcov -incdir /home/rk6650/VeriTriples/malik2627research/ibex/dv/uvm/core_ibex/riscv_dv_extension -incdir /home/rk6650/VeriTriples/malik2627research/ibex/dv/uvm/core_ibex/tb -incdir /home/rk6650/VeriTriples/malik2627research/ibex/dv/uvm/icache/dv/tb -incdir /home/rk6650/VeriTriples/malik2627research/ibex/dv/verilator/simple_system_cosim -incdir /home/rk6650/VeriTriples/malik2627research/ibex/examples/simple_system/rtl -incdir /home/rk6650/VeriTriples/malik2627research/ibex/formal/data_ind_timing /home/rk6650/VeriTriples/malik2627research/repos_6.24/guy-cdn_hardware-formal-verification2025/ibex/dv/riscv_compliance/rtl/ibex_riscv_compliance.sv }
[-- (VERI-1482)] Analyzing Verilog file '/home/rk6650/VeriTriples/malik2627research/repos_6.24/guy-cdn_hardware-formal-verification2025/ibex/dv/riscv_compliance/rtl/ibex_riscv_compliance.sv'
[ERROR (VERI-1128)] /home/rk6650/VeriTriples/malik2627research/repos_6.24/guy-cdn_hardware-formal-verification2025/ibex/dv/riscv_compliance/rtl/ibex_riscv_compliance.sv(24): 'ibex_pkg' is not declared
[ERROR (VERI-1128)] /home/rk6650/VeriTriples/malik2627research/repos_6.24/guy-cdn_hardware-formal-verification2025/ibex/dv/riscv_compliance/rtl/ibex_riscv_compliance.sv(24): 'ibex_pkg' is not declared
[ERROR (VERI-1128)] /home/rk6650/VeriTriples/malik2627research/repos_6.24/guy-cdn_hardware-formal-verification2025/ibex/dv/riscv_compliance/rtl/ibex_riscv_compliance.sv(25): 'ibex_pkg' is not declared
[ERROR (VERI-1128)] /home/rk6650/VeriTriples/malik2627research/repos_6.24/guy-cdn_hardware-formal-verification2025/ibex/dv/riscv_compliance/rtl/ibex_riscv_compliance.sv(25): 'ibex_pkg' is not declared
[ERROR (VERI-1128)] /home/rk6650/VeriTriples/malik2627research/repos_6.24/guy-cdn_hardware-formal-verification2025/ibex/dv/riscv_compliance/rtl/ibex_riscv_compliance.sv(26): 'ibex_pkg' is not declared
[ERROR (VERI-1128)] /home/rk6650/VeriTriples/malik2627research/repos_6.24/guy-cdn_hardware-formal-verification2025/ibex/dv/riscv_compliance/rtl/ibex_riscv_compliance.sv(26): 'ibex_pkg' is not declared
[ERROR (VERI-1128)] /home/rk6650/VeriTriples/malik2627research/repos_6.24/guy-cdn_hardware-formal-verification2025/ibex/dv/riscv_compliance/rtl/ibex_riscv_compliance.sv(207): 'ibex_pkg' is not declared
[ERROR (VERI-1072)] /home/rk6650/VeriTriples/malik2627research/repos_6.24/guy-cdn_hardware-formal-verification2025/ibex/dv/riscv_compliance/rtl/ibex_riscv_compliance.sv(254): module 'ibex_riscv_compliance' ignored due to previous errors
Summary of errors detected:
	[ERROR (VERI-1128)] /home/rk6650/VeriTriples/malik2627research/repos_6.24/guy-cdn_hardware-formal-verification2025/ibex/dv/riscv_compliance/rtl/ibex_riscv_compliance.sv(24): 'ibex_pkg' is not declared
	[ERROR (VERI-1128)] /home/rk6650/VeriTriples/malik2627research/repos_6.24/guy-cdn_hardware-formal-verification2025/ibex/dv/riscv_compliance/rtl/ibex_riscv_compliance.sv(24): 'ibex_pkg' is not declared
	[ERROR (VERI-1128)] /home/rk6650/VeriTriples/malik2627research/repos_6.24/guy-cdn_hardware-formal-verification2025/ibex/dv/riscv_compliance/rtl/ibex_riscv_compliance.sv(25): 'ibex_pkg' is not declared
	[ERROR (VERI-1128)] /home/rk6650/VeriTriples/malik2627research/repos_6.24/guy-cdn_hardware-formal-verification2025/ibex/dv/riscv_compliance/rtl/ibex_riscv_compliance.sv(25): 'ibex_pkg' is not declared
	[ERROR (VERI-1128)] /home/rk6650/VeriTriples/malik2627research/repos_6.24/guy-cdn_hardware-formal-verification2025/ibex/dv/riscv_compliance/rtl/ibex_riscv_compliance.sv(26): 'ibex_pkg' is not declared
	[ERROR (VERI-1128)] /home/rk6650/VeriTriples/malik2627research/repos_6.24/guy-cdn_hardware-formal-verification2025/ibex/dv/riscv_compliance/rtl/ibex_riscv_compliance.sv(26): 'ibex_pkg' is not declared
	[ERROR (VERI-1128)] /home/rk6650/VeriTriples/malik2627research/repos_6.24/guy-cdn_hardware-formal-verification2025/ibex/dv/riscv_compliance/rtl/ibex_riscv_compliance.sv(207): 'ibex_pkg' is not declared
	[ERROR (VERI-1072)] /home/rk6650/VeriTriples/malik2627research/repos_6.24/guy-cdn_hardware-formal-verification2025/ibex/dv/riscv_compliance/rtl/ibex_riscv_compliance.sv(254): module 'ibex_riscv_compliance' ignored due to previous errors
1
% catch { analyze -sv -incdir /home/rk6650/VeriTriples/malik2627research/repos_6.24/guy-cdn_hardware-formal-verification2025/ibex/dv/uvm/core_ibex/riscv_dv_extension -incdir /home/rk6650/VeriTriples/malik2627research -incdir /home/rk6650/VeriTriples/malik2627research/assignments/assignment01 -incdir /home/rk6650/VeriTriples/malik2627research/assignments/assignment02 -incdir /home/rk6650/VeriTriples/malik2627research/assignments/assignment03 -incdir /home/rk6650/VeriTriples/malik2627research/assignments/assignment04 -incdir /home/rk6650/VeriTriples/malik2627research/ibex/dv/cosim -incdir /home/rk6650/VeriTriples/malik2627research/ibex/dv/riscv_compliance/rtl -incdir /home/rk6650/VeriTriples/malik2627research/ibex/dv/uvm/core_ibex/common -incdir /home/rk6650/VeriTriples/malik2627research/ibex/dv/uvm/core_ibex/common/ibex_cosim_agent -incdir /home/rk6650/VeriTriples/malik2627research/ibex/dv/uvm/core_ibex/common/prim -incdir /home/rk6650/VeriTriples/malik2627research/ibex/dv/uvm/core_ibex/fcov -incdir /home/rk6650/VeriTriples/malik2627research/ibex/dv/uvm/core_ibex/riscv_dv_extension -incdir /home/rk6650/VeriTriples/malik2627research/ibex/dv/uvm/core_ibex/tb -incdir /home/rk6650/VeriTriples/malik2627research/ibex/dv/uvm/icache/dv/tb -incdir /home/rk6650/VeriTriples/malik2627research/ibex/dv/verilator/simple_system_cosim -incdir /home/rk6650/VeriTriples/malik2627research/ibex/examples/simple_system/rtl -incdir /home/rk6650/VeriTriples/malik2627research/ibex/formal/data_ind_timing /home/rk6650/VeriTriples/malik2627research/repos_6.24/guy-cdn_hardware-formal-verification2025/assignments/assignment01/traffic_light.v }
[-- (VERI-1482)] Analyzing Verilog file '/home/rk6650/VeriTriples/malik2627research/repos_6.24/guy-cdn_hardware-formal-verification2025/assignments/assignment01/traffic_light.v'
[ERROR (VERI-1128)] /home/rk6650/VeriTriples/malik2627research/repos_6.24/guy-cdn_hardware-formal-verification2025/assignments/assignment01/traffic_light.v(12): 'state_pkg' is not declared
[ERROR (VERI-1128)] /home/rk6650/VeriTriples/malik2627research/repos_6.24/guy-cdn_hardware-formal-verification2025/assignments/assignment01/traffic_light.v(29): 'RED' is not declared
[ERROR (VERI-1128)] /home/rk6650/VeriTriples/malik2627research/repos_6.24/guy-cdn_hardware-formal-verification2025/assignments/assignment01/traffic_light.v(30): 'RED' is not declared
[ERROR (VERI-1128)] /home/rk6650/VeriTriples/malik2627research/repos_6.24/guy-cdn_hardware-formal-verification2025/assignments/assignment01/traffic_light.v(49): 'GREEN' is not declared
[ERROR (VERI-1128)] /home/rk6650/VeriTriples/malik2627research/repos_6.24/guy-cdn_hardware-formal-verification2025/assignments/assignment01/traffic_light.v(51): 'YELLOW' is not declared
[ERROR (VERI-1128)] /home/rk6650/VeriTriples/malik2627research/repos_6.24/guy-cdn_hardware-formal-verification2025/assignments/assignment01/traffic_light.v(53): 'YELLOW' is not declared
[ERROR (VERI-1128)] /home/rk6650/VeriTriples/malik2627research/repos_6.24/guy-cdn_hardware-formal-verification2025/assignments/assignment01/traffic_light.v(55): 'GREEN' is not declared
[ERROR (VERI-1128)] /home/rk6650/VeriTriples/malik2627research/repos_6.24/guy-cdn_hardware-formal-verification2025/assignments/assignment01/traffic_light.v(57): 'YELLOW' is not declared
[ERROR (VERI-1128)] /home/rk6650/VeriTriples/malik2627research/repos_6.24/guy-cdn_hardware-formal-verification2025/assignments/assignment01/traffic_light.v(59): 'RED' is not declared
[ERROR (VERI-1128)] /home/rk6650/VeriTriples/malik2627research/repos_6.24/guy-cdn_hardware-formal-verification2025/assignments/assignment01/traffic_light.v(61): 'YELLOW' is not declared
[ERROR (VERI-1128)] /home/rk6650/VeriTriples/malik2627research/repos_6.24/guy-cdn_hardware-formal-verification2025/assignments/assignment01/traffic_light.v(63): 'RED' is not declared
[ERROR (VERI-1128)] /home/rk6650/VeriTriples/malik2627research/repos_6.24/guy-cdn_hardware-formal-verification2025/assignments/assignment01/traffic_light.v(65): 'GREEN' is not declared
[ERROR (VERI-1128)] /home/rk6650/VeriTriples/malik2627research/repos_6.24/guy-cdn_hardware-formal-verification2025/assignments/assignment01/traffic_light.v(67): 'RED' is not declared
[ERROR (VERI-1128)] /home/rk6650/VeriTriples/malik2627research/repos_6.24/guy-cdn_hardware-formal-verification2025/assignments/assignment01/traffic_light.v(69): 'GREEN' is not declared
[ERROR (VERI-1128)] /home/rk6650/VeriTriples/malik2627research/repos_6.24/guy-cdn_hardware-formal-verification2025/assignments/assignment01/traffic_light.v(76): 'GREEN' is not declared
[ERROR (VERI-1128)] /home/rk6650/VeriTriples/malik2627research/repos_6.24/guy-cdn_hardware-formal-verification2025/assignments/assignment01/traffic_light.v(77): 'RED' is not declared
[ERROR (VERI-1128)] /home/rk6650/VeriTriples/malik2627research/repos_6.24/guy-cdn_hardware-formal-verification2025/assignments/assignment01/traffic_light.v(78): 'RED' is not declared
[ERROR (VERI-1128)] /home/rk6650/VeriTriples/malik2627research/repos_6.24/guy-cdn_hardware-formal-verification2025/assignments/assignment01/traffic_light.v(80): 'GREEN' is not declared
[ERROR (VERI-1128)] /home/rk6650/VeriTriples/malik2627research/repos_6.24/guy-cdn_hardware-formal-verification2025/assignments/assignment01/traffic_light.v(82): 'RED' is not declared
[INFO (VMSG-1000)] Too many errors. Further error messages will be suppressed.
Summary of errors detected:
	[ERROR (VERI-1128)] /home/rk6650/VeriTriples/malik2627research/repos_6.24/guy-cdn_hardware-formal-verification2025/assignments/assignment01/traffic_light.v(12): 'state_pkg' is not declared
	[ERROR (VERI-1128)] /home/rk6650/VeriTriples/malik2627research/repos_6.24/guy-cdn_hardware-formal-verification2025/assignments/assignment01/traffic_light.v(29): 'RED' is not declared
	[ERROR (VERI-1128)] /home/rk6650/VeriTriples/malik2627research/repos_6.24/guy-cdn_hardware-formal-verification2025/assignments/assignment01/traffic_light.v(30): 'RED' is not declared
	[ERROR (VERI-1128)] /home/rk6650/VeriTriples/malik2627research/repos_6.24/guy-cdn_hardware-formal-verification2025/assignments/assignment01/traffic_light.v(49): 'GREEN' is not declared
	[ERROR (VERI-1128)] /home/rk6650/VeriTriples/malik2627research/repos_6.24/guy-cdn_hardware-formal-verification2025/assignments/assignment01/traffic_light.v(51): 'YELLOW' is not declared
	[ERROR (VERI-1128)] /home/rk6650/VeriTriples/malik2627research/repos_6.24/guy-cdn_hardware-formal-verification2025/assignments/assignment01/traffic_light.v(53): 'YELLOW' is not declared
	[ERROR (VERI-1128)] /home/rk6650/VeriTriples/malik2627research/repos_6.24/guy-cdn_hardware-formal-verification2025/assignments/assignment01/traffic_light.v(55): 'GREEN' is not declared
	[ERROR (VERI-1128)] /home/rk6650/VeriTriples/malik2627research/repos_6.24/guy-cdn_hardware-formal-verification2025/assignments/assignment01/traffic_light.v(57): 'YELLOW' is not declared
	[ERROR (VERI-1128)] /home/rk6650/VeriTriples/malik2627research/repos_6.24/guy-cdn_hardware-formal-verification2025/assignments/assignment01/traffic_light.v(59): 'RED' is not declared
	[ERROR (VERI-1128)] /home/rk6650/VeriTriples/malik2627research/repos_6.24/guy-cdn_hardware-formal-verification2025/assignments/assignment01/traffic_light.v(61): 'YELLOW' is not declared
	[ERROR (VERI-1128)] /home/rk6650/VeriTriples/malik2627research/repos_6.24/guy-cdn_hardware-formal-verification2025/assignments/assignment01/traffic_light.v(63): 'RED' is not declared
	[ERROR (VERI-1128)] /home/rk6650/VeriTriples/malik2627research/repos_6.24/guy-cdn_hardware-formal-verification2025/assignments/assignment01/traffic_light.v(65): 'GREEN' is not declared
	[ERROR (VERI-1128)] /home/rk6650/VeriTriples/malik2627research/repos_6.24/guy-cdn_hardware-formal-verification2025/assignments/assignment01/traffic_light.v(67): 'RED' is not declared
	[ERROR (VERI-1128)] /home/rk6650/VeriTriples/malik2627research/repos_6.24/guy-cdn_hardware-formal-verification2025/assignments/assignment01/traffic_light.v(69): 'GREEN' is not declared
	[ERROR (VERI-1128)] /home/rk6650/VeriTriples/malik2627research/repos_6.24/guy-cdn_hardware-formal-verification2025/assignments/assignment01/traffic_light.v(76): 'GREEN' is not declared
	[ERROR (VERI-1128)] /home/rk6650/VeriTriples/malik2627research/repos_6.24/guy-cdn_hardware-formal-verification2025/assignments/assignment01/traffic_light.v(77): 'RED' is not declared
	[ERROR (VERI-1128)] /home/rk6650/VeriTriples/malik2627research/repos_6.24/guy-cdn_hardware-formal-verification2025/assignments/assignment01/traffic_light.v(78): 'RED' is not declared
	[ERROR (VERI-1128)] /home/rk6650/VeriTriples/malik2627research/repos_6.24/guy-cdn_hardware-formal-verification2025/assignments/assignment01/traffic_light.v(80): 'GREEN' is not declared
	[ERROR (VERI-1128)] /home/rk6650/VeriTriples/malik2627research/repos_6.24/guy-cdn_hardware-formal-verification2025/assignments/assignment01/traffic_light.v(82): 'RED' is not declared
1
% catch { analyze -sv -incdir /home/rk6650/VeriTriples/malik2627research/repos_6.24/guy-cdn_hardware-formal-verification2025/ibex/dv/uvm/core_ibex/riscv_dv_extension -incdir /home/rk6650/VeriTriples/malik2627research -incdir /home/rk6650/VeriTriples/malik2627research/assignments/assignment01 -incdir /home/rk6650/VeriTriples/malik2627research/assignments/assignment02 -incdir /home/rk6650/VeriTriples/malik2627research/assignments/assignment03 -incdir /home/rk6650/VeriTriples/malik2627research/assignments/assignment04 -incdir /home/rk6650/VeriTriples/malik2627research/ibex/dv/cosim -incdir /home/rk6650/VeriTriples/malik2627research/ibex/dv/riscv_compliance/rtl -incdir /home/rk6650/VeriTriples/malik2627research/ibex/dv/uvm/core_ibex/common -incdir /home/rk6650/VeriTriples/malik2627research/ibex/dv/uvm/core_ibex/common/ibex_cosim_agent -incdir /home/rk6650/VeriTriples/malik2627research/ibex/dv/uvm/core_ibex/common/prim -incdir /home/rk6650/VeriTriples/malik2627research/ibex/dv/uvm/core_ibex/fcov -incdir /home/rk6650/VeriTriples/malik2627research/ibex/dv/uvm/core_ibex/riscv_dv_extension -incdir /home/rk6650/VeriTriples/malik2627research/ibex/dv/uvm/core_ibex/tb -incdir /home/rk6650/VeriTriples/malik2627research/ibex/dv/uvm/icache/dv/tb -incdir /home/rk6650/VeriTriples/malik2627research/ibex/dv/verilator/simple_system_cosim -incdir /home/rk6650/VeriTriples/malik2627research/ibex/examples/simple_system/rtl -incdir /home/rk6650/VeriTriples/malik2627research/ibex/formal/data_ind_timing /home/rk6650/VeriTriples/malik2627research/repos_6.24/guy-cdn_hardware-formal-verification2025/assignments/assignment04/coop.sv }
[-- (VERI-1482)] Analyzing Verilog file '/home/rk6650/VeriTriples/malik2627research/repos_6.24/guy-cdn_hardware-formal-verification2025/assignments/assignment04/coop.sv'
[WARN (VERI-1931)] /home/rk6650/VeriTriples/malik2627research/repos_6.24/guy-cdn_hardware-formal-verification2025/assignments/assignment04/coop.sv(90): potential always loop found
[ERROR (VERI-1137)] /home/rk6650/VeriTriples/malik2627research/repos_6.24/guy-cdn_hardware-formal-verification2025/assignments/assignment04/coop.sv(131): syntax error near 'valid'
[ERROR (VERI-1072)] /home/rk6650/VeriTriples/malik2627research/repos_6.24/guy-cdn_hardware-formal-verification2025/assignments/assignment04/coop.sv(135): module 'wrap' ignored due to previous errors
Summary of errors detected:
	[ERROR (VERI-1137)] /home/rk6650/VeriTriples/malik2627research/repos_6.24/guy-cdn_hardware-formal-verification2025/assignments/assignment04/coop.sv(131): syntax error near 'valid'
	[ERROR (VERI-1072)] /home/rk6650/VeriTriples/malik2627research/repos_6.24/guy-cdn_hardware-formal-verification2025/assignments/assignment04/coop.sv(135): module 'wrap' ignored due to previous errors
1
% catch { analyze -sv -incdir /home/rk6650/VeriTriples/malik2627research/repos_6.24/guy-cdn_hardware-formal-verification2025/ibex/dv/uvm/core_ibex/riscv_dv_extension -incdir /home/rk6650/VeriTriples/malik2627research -incdir /home/rk6650/VeriTriples/malik2627research/assignments/assignment01 -incdir /home/rk6650/VeriTriples/malik2627research/assignments/assignment02 -incdir /home/rk6650/VeriTriples/malik2627research/assignments/assignment03 -incdir /home/rk6650/VeriTriples/malik2627research/assignments/assignment04 -incdir /home/rk6650/VeriTriples/malik2627research/ibex/dv/cosim -incdir /home/rk6650/VeriTriples/malik2627research/ibex/dv/riscv_compliance/rtl -incdir /home/rk6650/VeriTriples/malik2627research/ibex/dv/uvm/core_ibex/common -incdir /home/rk6650/VeriTriples/malik2627research/ibex/dv/uvm/core_ibex/common/ibex_cosim_agent -incdir /home/rk6650/VeriTriples/malik2627research/ibex/dv/uvm/core_ibex/common/prim -incdir /home/rk6650/VeriTriples/malik2627research/ibex/dv/uvm/core_ibex/fcov -incdir /home/rk6650/VeriTriples/malik2627research/ibex/dv/uvm/core_ibex/riscv_dv_extension -incdir /home/rk6650/VeriTriples/malik2627research/ibex/dv/uvm/core_ibex/tb -incdir /home/rk6650/VeriTriples/malik2627research/ibex/dv/uvm/icache/dv/tb -incdir /home/rk6650/VeriTriples/malik2627research/ibex/dv/verilator/simple_system_cosim -incdir /home/rk6650/VeriTriples/malik2627research/ibex/examples/simple_system/rtl -incdir /home/rk6650/VeriTriples/malik2627research/ibex/formal/data_ind_timing /home/rk6650/VeriTriples/malik2627research/repos_6.24/guy-cdn_hardware-formal-verification2025/assignments/assignment02/elevator.sv }
[-- (VERI-1482)] Analyzing Verilog file '/home/rk6650/VeriTriples/malik2627research/repos_6.24/guy-cdn_hardware-formal-verification2025/assignments/assignment02/elevator.sv'
[ERROR (VERI-1128)] /home/rk6650/VeriTriples/malik2627research/repos_6.24/guy-cdn_hardware-formal-verification2025/assignments/assignment02/elevator.sv(1): 'elevator_pkg' is not declared
[ERROR (VERI-1128)] /home/rk6650/VeriTriples/malik2627research/repos_6.24/guy-cdn_hardware-formal-verification2025/assignments/assignment02/elevator.sv(10): 'Direction' is not declared
[ERROR (VERI-1128)] /home/rk6650/VeriTriples/malik2627research/repos_6.24/guy-cdn_hardware-formal-verification2025/assignments/assignment02/elevator.sv(11): 'DoorsOp' is not declared
[ERROR (VERI-1128)] /home/rk6650/VeriTriples/malik2627research/repos_6.24/guy-cdn_hardware-formal-verification2025/assignments/assignment02/elevator.sv(12): 'EngineOp' is not declared
[ERROR (VERI-1128)] /home/rk6650/VeriTriples/malik2627research/repos_6.24/guy-cdn_hardware-formal-verification2025/assignments/assignment02/elevator.sv(19): 'STOP' is not declared
[ERROR (VERI-1128)] /home/rk6650/VeriTriples/malik2627research/repos_6.24/guy-cdn_hardware-formal-verification2025/assignments/assignment02/elevator.sv(21): 'UP' is not declared
[ERROR (VERI-1128)] /home/rk6650/VeriTriples/malik2627research/repos_6.24/guy-cdn_hardware-formal-verification2025/assignments/assignment02/elevator.sv(29): 'OPEN' is not declared
[ERROR (VERI-1128)] /home/rk6650/VeriTriples/malik2627research/repos_6.24/guy-cdn_hardware-formal-verification2025/assignments/assignment02/elevator.sv(34): 'CLOSE' is not declared
[ERROR (VERI-1128)] /home/rk6650/VeriTriples/malik2627research/repos_6.24/guy-cdn_hardware-formal-verification2025/assignments/assignment02/elevator.sv(36): 'OPEN' is not declared
[ERROR (VERI-1128)] /home/rk6650/VeriTriples/malik2627research/repos_6.24/guy-cdn_hardware-formal-verification2025/assignments/assignment02/elevator.sv(41): 'OPEN' is not declared
[ERROR (VERI-1128)] /home/rk6650/VeriTriples/malik2627research/repos_6.24/guy-cdn_hardware-formal-verification2025/assignments/assignment02/elevator.sv(46): 'CLOSE' is not declared
[ERROR (VERI-1128)] /home/rk6650/VeriTriples/malik2627research/repos_6.24/guy-cdn_hardware-formal-verification2025/assignments/assignment02/elevator.sv(54): 'STOP' is not declared
[ERROR (VERI-1128)] /home/rk6650/VeriTriples/malik2627research/repos_6.24/guy-cdn_hardware-formal-verification2025/assignments/assignment02/elevator.sv(57): 'CLOSE' is not declared
[ERROR (VERI-1128)] /home/rk6650/VeriTriples/malik2627research/repos_6.24/guy-cdn_hardware-formal-verification2025/assignments/assignment02/elevator.sv(58): 'STOP' is not declared
[ERROR (VERI-1128)] /home/rk6650/VeriTriples/malik2627research/repos_6.24/guy-cdn_hardware-formal-verification2025/assignments/assignment02/elevator.sv(59): 'CLOSE' is not declared
[ERROR (VERI-1128)] /home/rk6650/VeriTriples/malik2627research/repos_6.24/guy-cdn_hardware-formal-verification2025/assignments/assignment02/elevator.sv(60): 'GO' is not declared
[ERROR (VERI-1128)] /home/rk6650/VeriTriples/malik2627research/repos_6.24/guy-cdn_hardware-formal-verification2025/assignments/assignment02/elevator.sv(65): 'OPEN' is not declared
[ERROR (VERI-1128)] /home/rk6650/VeriTriples/malik2627research/repos_6.24/guy-cdn_hardware-formal-verification2025/assignments/assignment02/elevator.sv(91): 'UP' is not declared
[ERROR (VERI-1128)] /home/rk6650/VeriTriples/malik2627research/repos_6.24/guy-cdn_hardware-formal-verification2025/assignments/assignment02/elevator.sv(94): 'UP' is not declared
[INFO (VMSG-1000)] Too many errors. Further error messages will be suppressed.
Summary of errors detected:
	[ERROR (VERI-1128)] /home/rk6650/VeriTriples/malik2627research/repos_6.24/guy-cdn_hardware-formal-verification2025/assignments/assignment02/elevator.sv(1): 'elevator_pkg' is not declared
	[ERROR (VERI-1128)] /home/rk6650/VeriTriples/malik2627research/repos_6.24/guy-cdn_hardware-formal-verification2025/assignments/assignment02/elevator.sv(10): 'Direction' is not declared
	[ERROR (VERI-1128)] /home/rk6650/VeriTriples/malik2627research/repos_6.24/guy-cdn_hardware-formal-verification2025/assignments/assignment02/elevator.sv(11): 'DoorsOp' is not declared
	[ERROR (VERI-1128)] /home/rk6650/VeriTriples/malik2627research/repos_6.24/guy-cdn_hardware-formal-verification2025/assignments/assignment02/elevator.sv(12): 'EngineOp' is not declared
	[ERROR (VERI-1128)] /home/rk6650/VeriTriples/malik2627research/repos_6.24/guy-cdn_hardware-formal-verification2025/assignments/assignment02/elevator.sv(19): 'STOP' is not declared
	[ERROR (VERI-1128)] /home/rk6650/VeriTriples/malik2627research/repos_6.24/guy-cdn_hardware-formal-verification2025/assignments/assignment02/elevator.sv(21): 'UP' is not declared
	[ERROR (VERI-1128)] /home/rk6650/VeriTriples/malik2627research/repos_6.24/guy-cdn_hardware-formal-verification2025/assignments/assignment02/elevator.sv(29): 'OPEN' is not declared
	[ERROR (VERI-1128)] /home/rk6650/VeriTriples/malik2627research/repos_6.24/guy-cdn_hardware-formal-verification2025/assignments/assignment02/elevator.sv(34): 'CLOSE' is not declared
	[ERROR (VERI-1128)] /home/rk6650/VeriTriples/malik2627research/repos_6.24/guy-cdn_hardware-formal-verification2025/assignments/assignment02/elevator.sv(36): 'OPEN' is not declared
	[ERROR (VERI-1128)] /home/rk6650/VeriTriples/malik2627research/repos_6.24/guy-cdn_hardware-formal-verification2025/assignments/assignment02/elevator.sv(41): 'OPEN' is not declared
	[ERROR (VERI-1128)] /home/rk6650/VeriTriples/malik2627research/repos_6.24/guy-cdn_hardware-formal-verification2025/assignments/assignment02/elevator.sv(46): 'CLOSE' is not declared
	[ERROR (VERI-1128)] /home/rk6650/VeriTriples/malik2627research/repos_6.24/guy-cdn_hardware-formal-verification2025/assignments/assignment02/elevator.sv(54): 'STOP' is not declared
	[ERROR (VERI-1128)] /home/rk6650/VeriTriples/malik2627research/repos_6.24/guy-cdn_hardware-formal-verification2025/assignments/assignment02/elevator.sv(57): 'CLOSE' is not declared
	[ERROR (VERI-1128)] /home/rk6650/VeriTriples/malik2627research/repos_6.24/guy-cdn_hardware-formal-verification2025/assignments/assignment02/elevator.sv(58): 'STOP' is not declared
	[ERROR (VERI-1128)] /home/rk6650/VeriTriples/malik2627research/repos_6.24/guy-cdn_hardware-formal-verification2025/assignments/assignment02/elevator.sv(59): 'CLOSE' is not declared
	[ERROR (VERI-1128)] /home/rk6650/VeriTriples/malik2627research/repos_6.24/guy-cdn_hardware-formal-verification2025/assignments/assignment02/elevator.sv(60): 'GO' is not declared
	[ERROR (VERI-1128)] /home/rk6650/VeriTriples/malik2627research/repos_6.24/guy-cdn_hardware-formal-verification2025/assignments/assignment02/elevator.sv(65): 'OPEN' is not declared
	[ERROR (VERI-1128)] /home/rk6650/VeriTriples/malik2627research/repos_6.24/guy-cdn_hardware-formal-verification2025/assignments/assignment02/elevator.sv(91): 'UP' is not declared
	[ERROR (VERI-1128)] /home/rk6650/VeriTriples/malik2627research/repos_6.24/guy-cdn_hardware-formal-verification2025/assignments/assignment02/elevator.sv(94): 'UP' is not declared
1
% catch { analyze -sv -incdir /home/rk6650/VeriTriples/malik2627research/repos_6.24/guy-cdn_hardware-formal-verification2025/ibex/dv/uvm/core_ibex/riscv_dv_extension -incdir /home/rk6650/VeriTriples/malik2627research -incdir /home/rk6650/VeriTriples/malik2627research/assignments/assignment01 -incdir /home/rk6650/VeriTriples/malik2627research/assignments/assignment02 -incdir /home/rk6650/VeriTriples/malik2627research/assignments/assignment03 -incdir /home/rk6650/VeriTriples/malik2627research/assignments/assignment04 -incdir /home/rk6650/VeriTriples/malik2627research/ibex/dv/cosim -incdir /home/rk6650/VeriTriples/malik2627research/ibex/dv/riscv_compliance/rtl -incdir /home/rk6650/VeriTriples/malik2627research/ibex/dv/uvm/core_ibex/common -incdir /home/rk6650/VeriTriples/malik2627research/ibex/dv/uvm/core_ibex/common/ibex_cosim_agent -incdir /home/rk6650/VeriTriples/malik2627research/ibex/dv/uvm/core_ibex/common/prim -incdir /home/rk6650/VeriTriples/malik2627research/ibex/dv/uvm/core_ibex/fcov -incdir /home/rk6650/VeriTriples/malik2627research/ibex/dv/uvm/core_ibex/riscv_dv_extension -incdir /home/rk6650/VeriTriples/malik2627research/ibex/dv/uvm/core_ibex/tb -incdir /home/rk6650/VeriTriples/malik2627research/ibex/dv/uvm/icache/dv/tb -incdir /home/rk6650/VeriTriples/malik2627research/ibex/dv/verilator/simple_system_cosim -incdir /home/rk6650/VeriTriples/malik2627research/ibex/examples/simple_system/rtl -incdir /home/rk6650/VeriTriples/malik2627research/ibex/formal/data_ind_timing /home/rk6650/VeriTriples/malik2627research/repos_6.24/guy-cdn_hardware-formal-verification2025/assignments/assignment03/fifo.sv }
[-- (VERI-1482)] Analyzing Verilog file '/home/rk6650/VeriTriples/malik2627research/repos_6.24/guy-cdn_hardware-formal-verification2025/assignments/assignment03/fifo.sv'
0
% 
% catch { analyze -sv -incdir /home/rk6650/VeriTriples/malik2627research/repos_6.24/guy-cdn_hardware-formal-verification2025/ibex/dv/uvm/core_ibex/riscv_dv_extension -incdir /home/rk6650/VeriTriples/malik2627research -incdir /home/rk6650/VeriTriples/malik2627research/assignments/assignment01 -incdir /home/rk6650/VeriTriples/malik2627research/assignments/assignment02 -incdir /home/rk6650/VeriTriples/malik2627research/assignments/assignment03 -incdir /home/rk6650/VeriTriples/malik2627research/assignments/assignment04 -incdir /home/rk6650/VeriTriples/malik2627research/ibex/dv/cosim -incdir /home/rk6650/VeriTriples/malik2627research/ibex/dv/riscv_compliance/rtl -incdir /home/rk6650/VeriTriples/malik2627research/ibex/dv/uvm/core_ibex/common -incdir /home/rk6650/VeriTriples/malik2627research/ibex/dv/uvm/core_ibex/common/ibex_cosim_agent -incdir /home/rk6650/VeriTriples/malik2627research/ibex/dv/uvm/core_ibex/common/prim -incdir /home/rk6650/VeriTriples/malik2627research/ibex/dv/uvm/core_ibex/fcov -incdir /home/rk6650/VeriTriples/malik2627research/ibex/dv/uvm/core_ibex/riscv_dv_extension -incdir /home/rk6650/VeriTriples/malik2627research/ibex/dv/uvm/core_ibex/tb -incdir /home/rk6650/VeriTriples/malik2627research/ibex/dv/uvm/icache/dv/tb -incdir /home/rk6650/VeriTriples/malik2627research/ibex/dv/verilator/simple_system_cosim -incdir /home/rk6650/VeriTriples/malik2627research/ibex/examples/simple_system/rtl -incdir /home/rk6650/VeriTriples/malik2627research/ibex/formal/data_ind_timing /home/rk6650/VeriTriples/malik2627research/repos_6.24/guy-cdn_hardware-formal-verification2025/assignments/assignment02/properties.sv }
[-- (VERI-1482)] Analyzing Verilog file '/home/rk6650/VeriTriples/malik2627research/repos_6.24/guy-cdn_hardware-formal-verification2025/assignments/assignment02/properties.sv'
[ERROR (VERI-1128)] /home/rk6650/VeriTriples/malik2627research/repos_6.24/guy-cdn_hardware-formal-verification2025/assignments/assignment02/properties.sv(1): 'elevator_pkg' is not declared
[ERROR (VERI-1128)] /home/rk6650/VeriTriples/malik2627research/repos_6.24/guy-cdn_hardware-formal-verification2025/assignments/assignment02/properties.sv(10): 'Direction' is not declared
[ERROR (VERI-1128)] /home/rk6650/VeriTriples/malik2627research/repos_6.24/guy-cdn_hardware-formal-verification2025/assignments/assignment02/properties.sv(11): 'DoorsOp' is not declared
[ERROR (VERI-1128)] /home/rk6650/VeriTriples/malik2627research/repos_6.24/guy-cdn_hardware-formal-verification2025/assignments/assignment02/properties.sv(12): 'EngineOp' is not declared
[ERROR (VERI-1128)] /home/rk6650/VeriTriples/malik2627research/repos_6.24/guy-cdn_hardware-formal-verification2025/assignments/assignment02/properties.sv(17): 'GO' is not declared
[ERROR (VERI-1128)] /home/rk6650/VeriTriples/malik2627research/repos_6.24/guy-cdn_hardware-formal-verification2025/assignments/assignment02/properties.sv(17): 'UP' is not declared
[ERROR (VERI-1128)] /home/rk6650/VeriTriples/malik2627research/repos_6.24/guy-cdn_hardware-formal-verification2025/assignments/assignment02/properties.sv(23): 'GO' is not declared
[ERROR (VERI-1128)] /home/rk6650/VeriTriples/malik2627research/repos_6.24/guy-cdn_hardware-formal-verification2025/assignments/assignment02/properties.sv(23): 'DOWN' is not declared
[ERROR (VERI-1072)] /home/rk6650/VeriTriples/malik2627research/repos_6.24/guy-cdn_hardware-formal-verification2025/assignments/assignment02/properties.sv(88): module 'properties' ignored due to previous errors
Summary of errors detected:
	[ERROR (VERI-1128)] /home/rk6650/VeriTriples/malik2627research/repos_6.24/guy-cdn_hardware-formal-verification2025/assignments/assignment02/properties.sv(1): 'elevator_pkg' is not declared
	[ERROR (VERI-1128)] /home/rk6650/VeriTriples/malik2627research/repos_6.24/guy-cdn_hardware-formal-verification2025/assignments/assignment02/properties.sv(10): 'Direction' is not declared
	[ERROR (VERI-1128)] /home/rk6650/VeriTriples/malik2627research/repos_6.24/guy-cdn_hardware-formal-verification2025/assignments/assignment02/properties.sv(11): 'DoorsOp' is not declared
	[ERROR (VERI-1128)] /home/rk6650/VeriTriples/malik2627research/repos_6.24/guy-cdn_hardware-formal-verification2025/assignments/assignment02/properties.sv(12): 'EngineOp' is not declared
	[ERROR (VERI-1128)] /home/rk6650/VeriTriples/malik2627research/repos_6.24/guy-cdn_hardware-formal-verification2025/assignments/assignment02/properties.sv(17): 'GO' is not declared
	[ERROR (VERI-1128)] /home/rk6650/VeriTriples/malik2627research/repos_6.24/guy-cdn_hardware-formal-verification2025/assignments/assignment02/properties.sv(17): 'UP' is not declared
	[ERROR (VERI-1128)] /home/rk6650/VeriTriples/malik2627research/repos_6.24/guy-cdn_hardware-formal-verification2025/assignments/assignment02/properties.sv(23): 'GO' is not declared
	[ERROR (VERI-1128)] /home/rk6650/VeriTriples/malik2627research/repos_6.24/guy-cdn_hardware-formal-verification2025/assignments/assignment02/properties.sv(23): 'DOWN' is not declared
	[ERROR (VERI-1072)] /home/rk6650/VeriTriples/malik2627research/repos_6.24/guy-cdn_hardware-formal-verification2025/assignments/assignment02/properties.sv(88): module 'properties' ignored due to previous errors
1
% catch { analyze -sv -incdir /home/rk6650/VeriTriples/malik2627research/repos_6.24/guy-cdn_hardware-formal-verification2025/ibex/dv/uvm/core_ibex/riscv_dv_extension -incdir /home/rk6650/VeriTriples/malik2627research -incdir /home/rk6650/VeriTriples/malik2627research/assignments/assignment01 -incdir /home/rk6650/VeriTriples/malik2627research/assignments/assignment02 -incdir /home/rk6650/VeriTriples/malik2627research/assignments/assignment03 -incdir /home/rk6650/VeriTriples/malik2627research/assignments/assignment04 -incdir /home/rk6650/VeriTriples/malik2627research/ibex/dv/cosim -incdir /home/rk6650/VeriTriples/malik2627research/ibex/dv/riscv_compliance/rtl -incdir /home/rk6650/VeriTriples/malik2627research/ibex/dv/uvm/core_ibex/common -incdir /home/rk6650/VeriTriples/malik2627research/ibex/dv/uvm/core_ibex/common/ibex_cosim_agent -incdir /home/rk6650/VeriTriples/malik2627research/ibex/dv/uvm/core_ibex/common/prim -incdir /home/rk6650/VeriTriples/malik2627research/ibex/dv/uvm/core_ibex/fcov -incdir /home/rk6650/VeriTriples/malik2627research/ibex/dv/uvm/core_ibex/riscv_dv_extension -incdir /home/rk6650/VeriTriples/malik2627research/ibex/dv/uvm/core_ibex/tb -incdir /home/rk6650/VeriTriples/malik2627research/ibex/dv/uvm/icache/dv/tb -incdir /home/rk6650/VeriTriples/malik2627research/ibex/dv/verilator/simple_system_cosim -incdir /home/rk6650/VeriTriples/malik2627research/ibex/examples/simple_system/rtl -incdir /home/rk6650/VeriTriples/malik2627research/ibex/formal/data_ind_timing /home/rk6650/VeriTriples/malik2627research/repos_6.24/guy-cdn_hardware-formal-verification2025/assignments/assignment03/reqgnt.sv }
[-- (VERI-1482)] Analyzing Verilog file '/home/rk6650/VeriTriples/malik2627research/repos_6.24/guy-cdn_hardware-formal-verification2025/assignments/assignment03/reqgnt.sv'
[WARN (VERI-1206)] /home/rk6650/VeriTriples/malik2627research/repos_6.24/guy-cdn_hardware-formal-verification2025/assignments/assignment03/reqgnt.sv(22): overwriting previous definition of module 'reqgnt'
[INFO (VERI-2142)] /home/rk6650/VeriTriples/malik2627research/repos_6.24/guy-cdn_hardware-formal-verification2025/assignments/assignment03/reqgnt.sv(22): previous definition of design element 'reqgnt' is here
0
% catch { analyze -sv -incdir /home/rk6650/VeriTriples/malik2627research/repos_6.24/guy-cdn_hardware-formal-verification2025/ibex/dv/uvm/core_ibex/riscv_dv_extension -incdir /home/rk6650/VeriTriples/malik2627research -incdir /home/rk6650/VeriTriples/malik2627research/assignments/assignment01 -incdir /home/rk6650/VeriTriples/malik2627research/assignments/assignment02 -incdir /home/rk6650/VeriTriples/malik2627research/assignments/assignment03 -incdir /home/rk6650/VeriTriples/malik2627research/assignments/assignment04 -incdir /home/rk6650/VeriTriples/malik2627research/ibex/dv/cosim -incdir /home/rk6650/VeriTriples/malik2627research/ibex/dv/riscv_compliance/rtl -incdir /home/rk6650/VeriTriples/malik2627research/ibex/dv/uvm/core_ibex/common -incdir /home/rk6650/VeriTriples/malik2627research/ibex/dv/uvm/core_ibex/common/ibex_cosim_agent -incdir /home/rk6650/VeriTriples/malik2627research/ibex/dv/uvm/core_ibex/common/prim -incdir /home/rk6650/VeriTriples/malik2627research/ibex/dv/uvm/core_ibex/fcov -incdir /home/rk6650/VeriTriples/malik2627research/ibex/dv/uvm/core_ibex/riscv_dv_extension -incdir /home/rk6650/VeriTriples/malik2627research/ibex/dv/uvm/core_ibex/tb -incdir /home/rk6650/VeriTriples/malik2627research/ibex/dv/uvm/icache/dv/tb -incdir /home/rk6650/VeriTriples/malik2627research/ibex/dv/verilator/simple_system_cosim -incdir /home/rk6650/VeriTriples/malik2627research/ibex/examples/simple_system/rtl -incdir /home/rk6650/VeriTriples/malik2627research/ibex/formal/data_ind_timing /home/rk6650/VeriTriples/malik2627research/repos_6.24/guy-cdn_hardware-formal-verification2025/assignments/assignment04/coop.sv }
[-- (VERI-1482)] Analyzing Verilog file '/home/rk6650/VeriTriples/malik2627research/repos_6.24/guy-cdn_hardware-formal-verification2025/assignments/assignment04/coop.sv'
[ERROR (VERI-1116)] /home/rk6650/VeriTriples/malik2627research/repos_6.24/guy-cdn_hardware-formal-verification2025/assignments/assignment04/coop.sv(1): 'SET' is already declared
[INFO (VERI-1967)] /home/rk6650/VeriTriples/malik2627research/repos_6.24/guy-cdn_hardware-formal-verification2025/assignments/assignment04/coop.sv(1): previous declaration of 'SET' is from here
[ERROR (VERI-1116)] /home/rk6650/VeriTriples/malik2627research/repos_6.24/guy-cdn_hardware-formal-verification2025/assignments/assignment04/coop.sv(1): 'ADD' is already declared
[INFO (VERI-1967)] /home/rk6650/VeriTriples/malik2627research/repos_6.24/guy-cdn_hardware-formal-verification2025/assignments/assignment04/coop.sv(1): previous declaration of 'ADD' is from here
[ERROR (VERI-1116)] /home/rk6650/VeriTriples/malik2627research/repos_6.24/guy-cdn_hardware-formal-verification2025/assignments/assignment04/coop.sv(1): 'SUB' is already declared
[INFO (VERI-1967)] /home/rk6650/VeriTriples/malik2627research/repos_6.24/guy-cdn_hardware-formal-verification2025/assignments/assignment04/coop.sv(1): previous declaration of 'SUB' is from here
[ERROR (VERI-1116)] /home/rk6650/VeriTriples/malik2627research/repos_6.24/guy-cdn_hardware-formal-verification2025/assignments/assignment04/coop.sv(1): 'MUL' is already declared
[INFO (VERI-1967)] /home/rk6650/VeriTriples/malik2627research/repos_6.24/guy-cdn_hardware-formal-verification2025/assignments/assignment04/coop.sv(1): previous declaration of 'MUL' is from here
[ERROR (VERI-1116)] /home/rk6650/VeriTriples/malik2627research/repos_6.24/guy-cdn_hardware-formal-verification2025/assignments/assignment04/coop.sv(1): 'op_t' is already declared
[INFO (VERI-1967)] /home/rk6650/VeriTriples/malik2627research/repos_6.24/guy-cdn_hardware-formal-verification2025/assignments/assignment04/coop.sv(1): previous declaration of 'op_t' is from here
[ERROR (VERI-1116)] /home/rk6650/VeriTriples/malik2627research/repos_6.24/guy-cdn_hardware-formal-verification2025/assignments/assignment04/coop.sv(6): 'header_t' is already declared
[INFO (VERI-1967)] /home/rk6650/VeriTriples/malik2627research/repos_6.24/guy-cdn_hardware-formal-verification2025/assignments/assignment04/coop.sv(6): previous declaration of 'header_t' is from here
[ERROR (VERI-1116)] /home/rk6650/VeriTriples/malik2627research/repos_6.24/guy-cdn_hardware-formal-verification2025/assignments/assignment04/coop.sv(11): 'arg_t' is already declared
[INFO (VERI-1967)] /home/rk6650/VeriTriples/malik2627research/repos_6.24/guy-cdn_hardware-formal-verification2025/assignments/assignment04/coop.sv(11): previous declaration of 'arg_t' is from here
[ERROR (VERI-1116)] /home/rk6650/VeriTriples/malik2627research/repos_6.24/guy-cdn_hardware-formal-verification2025/assignments/assignment04/coop.sv(19): 'message_t' is already declared
[INFO (VERI-1967)] /home/rk6650/VeriTriples/malik2627research/repos_6.24/guy-cdn_hardware-formal-verification2025/assignments/assignment04/coop.sv(19): previous declaration of 'message_t' is from here
[ERROR (VERI-1072)] /home/rk6650/VeriTriples/malik2627research/repos_6.24/guy-cdn_hardware-formal-verification2025/assignments/assignment04/coop.sv(60): module 'generator' ignored due to previous errors
[WARN (VERI-1931)] /home/rk6650/VeriTriples/malik2627research/repos_6.24/guy-cdn_hardware-formal-verification2025/assignments/assignment04/coop.sv(90): potential always loop found
[ERROR (VERI-1072)] /home/rk6650/VeriTriples/malik2627research/repos_6.24/guy-cdn_hardware-formal-verification2025/assignments/assignment04/coop.sv(111): module 'calculator' ignored due to previous errors
[ERROR (VERI-1137)] /home/rk6650/VeriTriples/malik2627research/repos_6.24/guy-cdn_hardware-formal-verification2025/assignments/assignment04/coop.sv(131): syntax error near 'valid'
[ERROR (VERI-1072)] /home/rk6650/VeriTriples/malik2627research/repos_6.24/guy-cdn_hardware-formal-verification2025/assignments/assignment04/coop.sv(135): module 'wrap' ignored due to previous errors
Summary of errors detected:
	[ERROR (VERI-1116)] /home/rk6650/VeriTriples/malik2627research/repos_6.24/guy-cdn_hardware-formal-verification2025/assignments/assignment04/coop.sv(1): 'SET' is already declared
	[ERROR (VERI-1116)] /home/rk6650/VeriTriples/malik2627research/repos_6.24/guy-cdn_hardware-formal-verification2025/assignments/assignment04/coop.sv(1): 'ADD' is already declared
	[ERROR (VERI-1116)] /home/rk6650/VeriTriples/malik2627research/repos_6.24/guy-cdn_hardware-formal-verification2025/assignments/assignment04/coop.sv(1): 'SUB' is already declared
	[ERROR (VERI-1116)] /home/rk6650/VeriTriples/malik2627research/repos_6.24/guy-cdn_hardware-formal-verification2025/assignments/assignment04/coop.sv(1): 'MUL' is already declared
	[ERROR (VERI-1116)] /home/rk6650/VeriTriples/malik2627research/repos_6.24/guy-cdn_hardware-formal-verification2025/assignments/assignment04/coop.sv(1): 'op_t' is already declared
	[ERROR (VERI-1116)] /home/rk6650/VeriTriples/malik2627research/repos_6.24/guy-cdn_hardware-formal-verification2025/assignments/assignment04/coop.sv(6): 'header_t' is already declared
	[ERROR (VERI-1116)] /home/rk6650/VeriTriples/malik2627research/repos_6.24/guy-cdn_hardware-formal-verification2025/assignments/assignment04/coop.sv(11): 'arg_t' is already declared
	[ERROR (VERI-1116)] /home/rk6650/VeriTriples/malik2627research/repos_6.24/guy-cdn_hardware-formal-verification2025/assignments/assignment04/coop.sv(19): 'message_t' is already declared
	[ERROR (VERI-1072)] /home/rk6650/VeriTriples/malik2627research/repos_6.24/guy-cdn_hardware-formal-verification2025/assignments/assignment04/coop.sv(60): module 'generator' ignored due to previous errors
	[ERROR (VERI-1072)] /home/rk6650/VeriTriples/malik2627research/repos_6.24/guy-cdn_hardware-formal-verification2025/assignments/assignment04/coop.sv(111): module 'calculator' ignored due to previous errors
	[ERROR (VERI-1137)] /home/rk6650/VeriTriples/malik2627research/repos_6.24/guy-cdn_hardware-formal-verification2025/assignments/assignment04/coop.sv(131): syntax error near 'valid'
	[ERROR (VERI-1072)] /home/rk6650/VeriTriples/malik2627research/repos_6.24/guy-cdn_hardware-formal-verification2025/assignments/assignment04/coop.sv(135): module 'wrap' ignored due to previous errors
1
% catch { analyze -sv -incdir /home/rk6650/VeriTriples/malik2627research/repos_6.24/guy-cdn_hardware-formal-verification2025/ibex/dv/uvm/core_ibex/riscv_dv_extension -incdir /home/rk6650/VeriTriples/malik2627research -incdir /home/rk6650/VeriTriples/malik2627research/assignments/assignment01 -incdir /home/rk6650/VeriTriples/malik2627research/assignments/assignment02 -incdir /home/rk6650/VeriTriples/malik2627research/assignments/assignment03 -incdir /home/rk6650/VeriTriples/malik2627research/assignments/assignment04 -incdir /home/rk6650/VeriTriples/malik2627research/ibex/dv/cosim -incdir /home/rk6650/VeriTriples/malik2627research/ibex/dv/riscv_compliance/rtl -incdir /home/rk6650/VeriTriples/malik2627research/ibex/dv/uvm/core_ibex/common -incdir /home/rk6650/VeriTriples/malik2627research/ibex/dv/uvm/core_ibex/common/ibex_cosim_agent -incdir /home/rk6650/VeriTriples/malik2627research/ibex/dv/uvm/core_ibex/common/prim -incdir /home/rk6650/VeriTriples/malik2627research/ibex/dv/uvm/core_ibex/fcov -incdir /home/rk6650/VeriTriples/malik2627research/ibex/dv/uvm/core_ibex/riscv_dv_extension -incdir /home/rk6650/VeriTriples/malik2627research/ibex/dv/uvm/core_ibex/tb -incdir /home/rk6650/VeriTriples/malik2627research/ibex/dv/uvm/icache/dv/tb -incdir /home/rk6650/VeriTriples/malik2627research/ibex/dv/verilator/simple_system_cosim -incdir /home/rk6650/VeriTriples/malik2627research/ibex/examples/simple_system/rtl -incdir /home/rk6650/VeriTriples/malik2627research/ibex/formal/data_ind_timing /home/rk6650/VeriTriples/malik2627research/repos_6.24/guy-cdn_hardware-formal-verification2025/assignments/assignment03/fifo.sv }
[-- (VERI-1482)] Analyzing Verilog file '/home/rk6650/VeriTriples/malik2627research/repos_6.24/guy-cdn_hardware-formal-verification2025/assignments/assignment03/fifo.sv'
[WARN (VERI-1206)] /home/rk6650/VeriTriples/malik2627research/repos_6.24/guy-cdn_hardware-formal-verification2025/assignments/assignment03/fifo.sv(92): overwriting previous definition of module 'fifo'
[INFO (VERI-2142)] /home/rk6650/VeriTriples/malik2627research/repos_6.24/guy-cdn_hardware-formal-verification2025/assignments/assignment03/fifo.sv(92): previous definition of design element 'fifo' is here
0
% 
% 
%             if {[catch {elaborate -top reqgnt} err]} {
            puts "ELAB ERROR: $err"
            exit
            }
INFO (ISW003): Top module name is "reqgnt".
[INFO (HIER-8002)] /home/rk6650/VeriTriples/malik2627research/repos_6.24/guy-cdn_hardware-formal-verification2025/assignments/assignment03/reqgnt.sv(22): Disabling old hierarchical reference handler
[INFO (VERI-1018)] /home/rk6650/VeriTriples/malik2627research/repos_6.24/guy-cdn_hardware-formal-verification2025/assignments/assignment03/reqgnt.sv(1): compiling module 'reqgnt'
INFO (INL208): Elaboration synthesis summary:
  Number of synthesized netlists          2 (1 packages)
  Single run mode                         On
  Pipeline                                On (1 pipelined netlists)
  Late hierarchical reference connection  On
  Number of analyzed Verilog modules      6 (2 synthesized)
  Number of analyzed VHDL entities        0 (0 synthesized)
INFO (INL003): Clearing all state information (assumes, stopats, and so forth).
[<embedded>] %         
[<embedded>] %         clock -infer
INFO (ICK007): The tool has inferred "clk" as a primary clock.
WARNING (WCK024): All inferred clocks were declared with both factor and phase equal to 1.
clk
[<embedded>] %         clock -list
User-defined clocks:
------------
0:	clk clk 1 1
------------
Rated : 
------------

clk
[<embedded>] %         reset -list
[<embedded>] %         prove -all -time_limit 30s
Ncustom1: Custom engine code is hT3Ng7hPPfiYQOTDZ3qhYOwGAM51eA+J/FjkM5shLioAsqhgLR4Ft+O1BuKG6ilQ83B9tLXSl+CwjiTMAQA
AMcustom2: Custom engine code is hT3Ng7hP/feYQOTDZ3qhYOwGAM51eA+J/FjkM5shLioAsqhgLR4Ft+O1BuKG6ilQ83B9tLXSmmqwm7g9AQA
INFO (IPF036): Starting proof on task: "<embedded>", 1 properties to prove with 0 already proven/unreachable
ERROR (ERS033): Reset information is not defined. Use:
    "reset signalName" to declare a reset pin,
    "reset -expression" to use a well defined expression,
    "reset -sequence" to set a reset sequence file,
    "reset -init_state" to set a reset snapshot file,
    "reset -none" for a free-running reset environment,
    "reset -analyze" to help set up the reset environment properly.
ERROR (EPF002): Unable to perform the analysis. Try using the "reset" command.
    For message help, type "help -message epf002".
INFO (IPF059): Completed proof on task: "<embedded>" for proof thread 0

==============================================================
SUMMARY
==============================================================
           Properties Considered              : 1
                 assertions                   : 1
                  - proven                    : 0 (0%)
                  - bounded_proven (user)     : 0 (0%)
                  - bounded_proven (auto)     : 0 (0%)
                  - marked_proven             : 0 (0%)
                  - cex                       : 0 (0%)
                  - ar_cex                    : 0 (0%)
                  - undetermined              : 0 (0%)
                  - unknown                   : 1 (100%)
                  - error                     : 0 (0%)
                 covers                       : 0
                  - unreachable               : 0
                  - bounded_unreachable (user): 0
                  - covered                   : 0
                  - ar_covered                : 0
                  - undetermined              : 0
                  - unknown                   : 0
                  - error                     : 0
failed
ERROR: problem encountered at line 35 in file /home/rk6650/VeriTriples/malik2627research/jasper_runs_6.24/guy-cdn_hardware-formal-verification2025/proj_0/run.tcl

[<embedded>] % INFO (IPL005): Received request to exit from the console.
INFO: Waiting for proof threads to stop...
INFO: Proof threads stopped.
INFO (IPL018): The peak resident set memory use for this session was 0.424 GB.
INFO (IPL014): Waiting for the Tcl-thread to exit.
INFO (IPL015): The Tcl-thread exited with status 1.
INFO (IPL016): Exiting the analysis session with status 1.
