JasperGold Apps 2021.03 FCS 64 bits 2021.03.23 02:50:43 UTC

Any disclosure about the Cadence Design Systems software or its use
model to any third party violates the written Non-Disclosure Agreement
between Cadence Design Systems, Inc. and the customer.

THIS SOFTWARE CONTAINS CONFIDENTIAL INFORMATION AND TRADE SECRETS OF
CADENCE DESIGN SYSTEMS, INC. USE, DISCLOSURE, OR REPRODUCTION IS
PROHIBITED WITHOUT THE PRIOR EXPRESS WRITTEN PERMISSION OF CADENCE
DESIGN SYSTEMS, INC.

Copyright (C) 2000-2021 Cadence Design Systems, Inc. All Rights
Reserved.  Unpublished -- rights reserved under the copyright laws of
the United States.

This product includes software developed by others and redistributed
according to license agreement. See doc/third_party_readme.txt for
further details.

RESTRICTED RIGHTS LEGEND

Use, duplication, or disclosure by the Government is subject to
restrictions as set forth in subparagraph (c) (1) (ii) of the Rights in
Technical Data and Computer Software clause at DFARS 252.227-7013 or
subparagraphs (c) (1) and (2) of Commercial Computer Software -- Restricted
Rights at 48 CFR 52.227-19, as applicable.


                          Cadence Design Systems, Inc. 
                          2655 Seely Avenue
                          San Jose, CA 95134
                          Phone: 408.943.1234

For technical assistance visit http://support.cadence.com.

JasperGold Apps Analysis Session - /home/rk6650/VeriTriples/malik2627research/repos_6.24/SvrAdityaReddy_Inter_Device_Communication_Protocols/jgproject/sessionLogs/session_0

INFO: successfully checked out license "jasper_fao".
INFO: reading configuration file "/home/rk6650/.config/jasper/jaspergold.conf".
% clear -all
INFO (IPF121): Cleared environment completely for new design analysis.
% 
% catch { analyze -sv -incdir /home/rk6650/VeriTriples/malik2627research -incdir /home/rk6650/VeriTriples/malik2627research/SPI_protocol -incdir /home/rk6650/VeriTriples/malik2627research/UART_protocol /home/rk6650/VeriTriples/malik2627research/repos_6.24/SvrAdityaReddy_Inter_Device_Communication_Protocols/UART_protocol/uart.sv }
[-- (VERI-1482)] Analyzing Verilog file '/usr/licensed/cadence-20210126/jasper_2021.03/lib/verilog/packages/std/std.sv' into library 'std'
[-- (VERI-1482)] Analyzing Verilog file '/home/rk6650/VeriTriples/malik2627research/repos_6.24/SvrAdityaReddy_Inter_Device_Communication_Protocols/UART_protocol/uart.sv'
0
% 
% catch { analyze -sv -incdir /home/rk6650/VeriTriples/malik2627research -incdir /home/rk6650/VeriTriples/malik2627research/SPI_protocol -incdir /home/rk6650/VeriTriples/malik2627research/UART_protocol /home/rk6650/VeriTriples/malik2627research/repos_6.24/SvrAdityaReddy_Inter_Device_Communication_Protocols/UART_protocol/uart.sv }
[-- (VERI-1482)] Analyzing Verilog file '/home/rk6650/VeriTriples/malik2627research/repos_6.24/SvrAdityaReddy_Inter_Device_Communication_Protocols/UART_protocol/uart.sv'
[WARN (VERI-1206)] /home/rk6650/VeriTriples/malik2627research/repos_6.24/SvrAdityaReddy_Inter_Device_Communication_Protocols/UART_protocol/uart.sv(96): overwriting previous definition of module 'uart'
[INFO (VERI-2142)] /home/rk6650/VeriTriples/malik2627research/repos_6.24/SvrAdityaReddy_Inter_Device_Communication_Protocols/UART_protocol/uart.sv(96): previous definition of design element 'uart' is here
0
% 
% 
%             if {[catch {elaborate -top uart} err]} {
            puts "ELAB ERROR: $err"
            exit
            }
INFO (ISW003): Top module name is "uart".
[INFO (HIER-8002)] /home/rk6650/VeriTriples/malik2627research/repos_6.24/SvrAdityaReddy_Inter_Device_Communication_Protocols/UART_protocol/uart.sv(96): Disabling old hierarchical reference handler
[INFO (VERI-1018)] /home/rk6650/VeriTriples/malik2627research/repos_6.24/SvrAdityaReddy_Inter_Device_Communication_Protocols/UART_protocol/uart.sv(1): compiling module 'uart'
[WARN (VERI-1209)] /home/rk6650/VeriTriples/malik2627research/repos_6.24/SvrAdityaReddy_Inter_Device_Communication_Protocols/UART_protocol/uart.sv(46): expression size 32 truncated to fit in target size 4
[WARN (VERI-9005)] /home/rk6650/VeriTriples/malik2627research/repos_6.24/SvrAdityaReddy_Inter_Device_Communication_Protocols/UART_protocol/uart.sv(50): 32-bit index expression '(Tx_count - 1)' is larger than the required 3 bits. This might lead to an out-of-bound access
[WARN (VERI-1209)] /home/rk6650/VeriTriples/malik2627research/repos_6.24/SvrAdityaReddy_Inter_Device_Communication_Protocols/UART_protocol/uart.sv(51): expression size 32 truncated to fit in target size 4
[WARN (VERI-1142)] /home/rk6650/VeriTriples/malik2627research/repos_6.24/SvrAdityaReddy_Inter_Device_Communication_Protocols/UART_protocol/uart.sv(52): system task 'display' ignored for synthesis
[WARN (VERI-1209)] /home/rk6650/VeriTriples/malik2627research/repos_6.24/SvrAdityaReddy_Inter_Device_Communication_Protocols/UART_protocol/uart.sv(77): expression size 32 truncated to fit in target size 4
[WARN (VERI-9005)] /home/rk6650/VeriTriples/malik2627research/repos_6.24/SvrAdityaReddy_Inter_Device_Communication_Protocols/UART_protocol/uart.sv(81): 32-bit index expression '(Rx_count - 1)' is larger than the required 3 bits. This might lead to an out-of-bound access
[WARN (VERI-1209)] /home/rk6650/VeriTriples/malik2627research/repos_6.24/SvrAdityaReddy_Inter_Device_Communication_Protocols/UART_protocol/uart.sv(82): expression size 32 truncated to fit in target size 4
[WARN (VERI-1209)] /home/rk6650/VeriTriples/malik2627research/repos_6.24/SvrAdityaReddy_Inter_Device_Communication_Protocols/UART_protocol/uart.sv(88): expression size 32 truncated to fit in target size 4
[WARN (VDB-1000)] /home/rk6650/VeriTriples/malik2627research/repos_6.24/SvrAdityaReddy_Inter_Device_Communication_Protocols/UART_protocol/uart.sv(62): net 'Tx' is constantly driven from multiple places
[WARN (VDB-1001)] /home/rk6650/VeriTriples/malik2627research/repos_6.24/SvrAdityaReddy_Inter_Device_Communication_Protocols/UART_protocol/uart.sv(95): found another driver here
INFO (INL208): Elaboration synthesis summary:
  Number of synthesized netlists          1 (0 packages)
  Single run mode                         On
  Pipeline                                On (1 pipelined netlists)
  Late hierarchical reference connection  On
  Number of analyzed Verilog modules      1 (1 synthesized)
  Number of analyzed VHDL entities        0 (0 synthesized)
INFO (INL003): Clearing all state information (assumes, stopats, and so forth).
INFO (IMDS005): Number of multiple-driven bits in design: 1. Use "get_design_info -list multiple_driven" for more information.
[<embedded>] %         
[<embedded>] %         clock -infer
INFO (ICK007): The tool has inferred "clk" as a primary clock.
WARNING (WCK024): All inferred clocks were declared with both factor and phase equal to 1.
clk
[<embedded>] %         clock -list
User-defined clocks:
------------
0:	clk clk 1 1
------------
Rated : 
------------

clk
[<embedded>] %         reset -list
[<embedded>] %         prove -all -time_limit 30s
Ncustom1: Custom engine code is hT3Ng7hPPfiYQOTDZ3qhYOwGAM51eA+J/FjkM5shLioAsqhgLR4Ft+O1BuKG6ilQ83B9tLXSl+CwjiTMAQA
AMcustom2: Custom engine code is hT3Ng7hP/feYQOTDZ3qhYOwGAM51eA+J/FjkM5shLioAsqhgLR4Ft+O1BuKG6ilQ83B9tLXSmmqwm7g9AQA
INFO (IPF036): Starting proof on task: "<embedded>", 6 properties to prove with 0 already proven/unreachable
ERROR (ERS033): Reset information is not defined. Use:
    "reset signalName" to declare a reset pin,
    "reset -expression" to use a well defined expression,
    "reset -sequence" to set a reset sequence file,
    "reset -init_state" to set a reset snapshot file,
    "reset -none" for a free-running reset environment,
    "reset -analyze" to help set up the reset environment properly.
ERROR (EPF002): Unable to perform the analysis. Try using the "reset" command.
    For message help, type "help -message epf002".
INFO (IPF059): Completed proof on task: "<embedded>" for proof thread 0

==============================================================
SUMMARY
==============================================================
           Properties Considered              : 6
                 assertions                   : 3
                  - proven                    : 0 (0%)
                  - bounded_proven (user)     : 0 (0%)
                  - bounded_proven (auto)     : 0 (0%)
                  - marked_proven             : 0 (0%)
                  - cex                       : 0 (0%)
                  - ar_cex                    : 0 (0%)
                  - undetermined              : 0 (0%)
                  - unknown                   : 3 (100%)
                  - error                     : 0 (0%)
                 covers                       : 3
                  - unreachable               : 0 (0%)
                  - bounded_unreachable (user): 0 (0%)
                  - covered                   : 0 (0%)
                  - ar_covered                : 0 (0%)
                  - undetermined              : 0 (0%)
                  - unknown                   : 3 (100%)
                  - error                     : 0 (0%)
failed
ERROR: problem encountered at line 16 in file /home/rk6650/VeriTriples/malik2627research/jasper_runs_6.24/SvrAdityaReddy_Inter_Device_Communication_Protocols/proj_0/run.tcl

[<embedded>] % INFO (IPL005): Received request to exit from the console.
INFO: Waiting for proof threads to stop...
INFO: Proof threads stopped.
INFO (IPL018): The peak resident set memory use for this session was 0.000 GB.
INFO (IPL014): Waiting for the Tcl-thread to exit.
INFO (IPL015): The Tcl-thread exited with status 1.
INFO (IPL016): Exiting the analysis session with status 1.
