JasperGold Apps 2021.03 FCS 64 bits 2021.03.23 02:50:43 UTC

Any disclosure about the Cadence Design Systems software or its use
model to any third party violates the written Non-Disclosure Agreement
between Cadence Design Systems, Inc. and the customer.

THIS SOFTWARE CONTAINS CONFIDENTIAL INFORMATION AND TRADE SECRETS OF
CADENCE DESIGN SYSTEMS, INC. USE, DISCLOSURE, OR REPRODUCTION IS
PROHIBITED WITHOUT THE PRIOR EXPRESS WRITTEN PERMISSION OF CADENCE
DESIGN SYSTEMS, INC.

Copyright (C) 2000-2021 Cadence Design Systems, Inc. All Rights
Reserved.  Unpublished -- rights reserved under the copyright laws of
the United States.

This product includes software developed by others and redistributed
according to license agreement. See doc/third_party_readme.txt for
further details.

RESTRICTED RIGHTS LEGEND

Use, duplication, or disclosure by the Government is subject to
restrictions as set forth in subparagraph (c) (1) (ii) of the Rights in
Technical Data and Computer Software clause at DFARS 252.227-7013 or
subparagraphs (c) (1) and (2) of Commercial Computer Software -- Restricted
Rights at 48 CFR 52.227-19, as applicable.


                          Cadence Design Systems, Inc. 
                          2655 Seely Avenue
                          San Jose, CA 95134
                          Phone: 408.943.1234

For technical assistance visit http://support.cadence.com.

JasperGold Apps Analysis Session - /home/rk6650/VeriTriples/malik2627research/repos_6.24/guy-cdn_hardware-formal-verification/jgproject/sessionLogs/session_0

INFO: successfully checked out license "jasper_fao".
INFO: reading configuration file "/home/rk6650/.config/jasper/jaspergold.conf".
% clear -all
INFO (IPF121): Cleared environment completely for new design analysis.
% 
% catch { analyze -sv -incdir /home/rk6650/VeriTriples/malik2627research/repos_6.24/guy-cdn_hardware-formal-verification/ibex/dv/uvm/core_ibex/riscv_dv_extension -incdir /home/rk6650/VeriTriples/malik2627research -incdir /home/rk6650/VeriTriples/malik2627research/assignments/assignment01 -incdir /home/rk6650/VeriTriples/malik2627research/assignments/assignment02/auxiliary -incdir /home/rk6650/VeriTriples/malik2627research/assignments/assignment02/traffic-lights -incdir /home/rk6650/VeriTriples/malik2627research/assignments/assignment04/question01 -incdir /home/rk6650/VeriTriples/malik2627research/assignments/assignment05/9-puzzle -incdir /home/rk6650/VeriTriples/malik2627research/assignments/assignment05/liveness-to-safety -incdir /home/rk6650/VeriTriples/malik2627research/assignments/assignment06/question03 -incdir /home/rk6650/VeriTriples/malik2627research/assignments/assignment07/question02 -incdir /home/rk6650/VeriTriples/malik2627research/ibex/dv/cosim -incdir /home/rk6650/VeriTriples/malik2627research/ibex/dv/riscv_compliance/rtl -incdir /home/rk6650/VeriTriples/malik2627research/ibex/dv/uvm/core_ibex/common -incdir /home/rk6650/VeriTriples/malik2627research/ibex/dv/uvm/core_ibex/common/ibex_cosim_agent -incdir /home/rk6650/VeriTriples/malik2627research/ibex/dv/uvm/core_ibex/common/prim -incdir /home/rk6650/VeriTriples/malik2627research/ibex/dv/uvm/core_ibex/fcov -incdir /home/rk6650/VeriTriples/malik2627research/ibex/dv/uvm/core_ibex/riscv_dv_extension -incdir /home/rk6650/VeriTriples/malik2627research/ibex/dv/uvm/core_ibex/tb -incdir /home/rk6650/VeriTriples/malik2627research/ibex/dv/uvm/icache/dv/tb -incdir /home/rk6650/VeriTriples/malik2627research/ibex/dv/verilator/simple_system_cosim -incdir /home/rk6650/VeriTriples/malik2627research/ibex/examples/simple_system/rtl -incdir /home/rk6650/VeriTriples/malik2627research/ibex/formal/data_ind_timing /home/rk6650/VeriTriples/malik2627research/repos_6.24/guy-cdn_hardware-formal-verification/ibex/dv/uvm/core_ibex/common/ibex_cosim_agent/spike_cosim_dpi.svh }
[-- (VERI-1482)] Analyzing Verilog file '/usr/licensed/cadence-20210126/jasper_2021.03/lib/verilog/packages/std/std.sv' into library 'std'
[-- (VERI-1482)] Analyzing Verilog file '/home/rk6650/VeriTriples/malik2627research/repos_6.24/guy-cdn_hardware-formal-verification/ibex/dv/uvm/core_ibex/common/ibex_cosim_agent/spike_cosim_dpi.svh'
0
% catch { analyze -sv -incdir /home/rk6650/VeriTriples/malik2627research/repos_6.24/guy-cdn_hardware-formal-verification/ibex/dv/uvm/core_ibex/riscv_dv_extension -incdir /home/rk6650/VeriTriples/malik2627research -incdir /home/rk6650/VeriTriples/malik2627research/assignments/assignment01 -incdir /home/rk6650/VeriTriples/malik2627research/assignments/assignment02/auxiliary -incdir /home/rk6650/VeriTriples/malik2627research/assignments/assignment02/traffic-lights -incdir /home/rk6650/VeriTriples/malik2627research/assignments/assignment04/question01 -incdir /home/rk6650/VeriTriples/malik2627research/assignments/assignment05/9-puzzle -incdir /home/rk6650/VeriTriples/malik2627research/assignments/assignment05/liveness-to-safety -incdir /home/rk6650/VeriTriples/malik2627research/assignments/assignment06/question03 -incdir /home/rk6650/VeriTriples/malik2627research/assignments/assignment07/question02 -incdir /home/rk6650/VeriTriples/malik2627research/ibex/dv/cosim -incdir /home/rk6650/VeriTriples/malik2627research/ibex/dv/riscv_compliance/rtl -incdir /home/rk6650/VeriTriples/malik2627research/ibex/dv/uvm/core_ibex/common -incdir /home/rk6650/VeriTriples/malik2627research/ibex/dv/uvm/core_ibex/common/ibex_cosim_agent -incdir /home/rk6650/VeriTriples/malik2627research/ibex/dv/uvm/core_ibex/common/prim -incdir /home/rk6650/VeriTriples/malik2627research/ibex/dv/uvm/core_ibex/fcov -incdir /home/rk6650/VeriTriples/malik2627research/ibex/dv/uvm/core_ibex/riscv_dv_extension -incdir /home/rk6650/VeriTriples/malik2627research/ibex/dv/uvm/core_ibex/tb -incdir /home/rk6650/VeriTriples/malik2627research/ibex/dv/uvm/icache/dv/tb -incdir /home/rk6650/VeriTriples/malik2627research/ibex/dv/verilator/simple_system_cosim -incdir /home/rk6650/VeriTriples/malik2627research/ibex/examples/simple_system/rtl -incdir /home/rk6650/VeriTriples/malik2627research/ibex/formal/data_ind_timing /home/rk6650/VeriTriples/malik2627research/repos_6.24/guy-cdn_hardware-formal-verification/ibex/dv/uvm/core_ibex/common/prim/prim_clock_gating.sv }
[-- (VERI-1482)] Analyzing Verilog file '/home/rk6650/VeriTriples/malik2627research/repos_6.24/guy-cdn_hardware-formal-verification/ibex/dv/uvm/core_ibex/common/prim/prim_clock_gating.sv'
[ERROR (VERI-1128)] /home/rk6650/VeriTriples/malik2627research/repos_6.24/guy-cdn_hardware-formal-verification/ibex/dv/uvm/core_ibex/common/prim/prim_clock_gating.sv(21): 'prim_pkg' is not declared
[ERROR (VERI-1128)] /home/rk6650/VeriTriples/malik2627research/repos_6.24/guy-cdn_hardware-formal-verification/ibex/dv/uvm/core_ibex/common/prim/prim_clock_gating.sv(21): 'prim_pkg' is not declared
[ERROR (VERI-1128)] /home/rk6650/VeriTriples/malik2627research/repos_6.24/guy-cdn_hardware-formal-verification/ibex/dv/uvm/core_ibex/common/prim/prim_clock_gating.sv(23): 'prim_pkg' is not declared
[ERROR (VERI-1128)] /home/rk6650/VeriTriples/malik2627research/repos_6.24/guy-cdn_hardware-formal-verification/ibex/dv/uvm/core_ibex/common/prim/prim_clock_gating.sv(27): 'prim_pkg' is not declared
[ERROR (VERI-1072)] /home/rk6650/VeriTriples/malik2627research/repos_6.24/guy-cdn_hardware-formal-verification/ibex/dv/uvm/core_ibex/common/prim/prim_clock_gating.sv(35): module 'prim_clock_gating' ignored due to previous errors
Summary of errors detected:
	[ERROR (VERI-1128)] /home/rk6650/VeriTriples/malik2627research/repos_6.24/guy-cdn_hardware-formal-verification/ibex/dv/uvm/core_ibex/common/prim/prim_clock_gating.sv(21): 'prim_pkg' is not declared
	[ERROR (VERI-1128)] /home/rk6650/VeriTriples/malik2627research/repos_6.24/guy-cdn_hardware-formal-verification/ibex/dv/uvm/core_ibex/common/prim/prim_clock_gating.sv(21): 'prim_pkg' is not declared
	[ERROR (VERI-1128)] /home/rk6650/VeriTriples/malik2627research/repos_6.24/guy-cdn_hardware-formal-verification/ibex/dv/uvm/core_ibex/common/prim/prim_clock_gating.sv(23): 'prim_pkg' is not declared
	[ERROR (VERI-1128)] /home/rk6650/VeriTriples/malik2627research/repos_6.24/guy-cdn_hardware-formal-verification/ibex/dv/uvm/core_ibex/common/prim/prim_clock_gating.sv(27): 'prim_pkg' is not declared
	[ERROR (VERI-1072)] /home/rk6650/VeriTriples/malik2627research/repos_6.24/guy-cdn_hardware-formal-verification/ibex/dv/uvm/core_ibex/common/prim/prim_clock_gating.sv(35): module 'prim_clock_gating' ignored due to previous errors
1
% catch { analyze -sv -incdir /home/rk6650/VeriTriples/malik2627research/repos_6.24/guy-cdn_hardware-formal-verification/ibex/dv/uvm/core_ibex/riscv_dv_extension -incdir /home/rk6650/VeriTriples/malik2627research -incdir /home/rk6650/VeriTriples/malik2627research/assignments/assignment01 -incdir /home/rk6650/VeriTriples/malik2627research/assignments/assignment02/auxiliary -incdir /home/rk6650/VeriTriples/malik2627research/assignments/assignment02/traffic-lights -incdir /home/rk6650/VeriTriples/malik2627research/assignments/assignment04/question01 -incdir /home/rk6650/VeriTriples/malik2627research/assignments/assignment05/9-puzzle -incdir /home/rk6650/VeriTriples/malik2627research/assignments/assignment05/liveness-to-safety -incdir /home/rk6650/VeriTriples/malik2627research/assignments/assignment06/question03 -incdir /home/rk6650/VeriTriples/malik2627research/assignments/assignment07/question02 -incdir /home/rk6650/VeriTriples/malik2627research/ibex/dv/cosim -incdir /home/rk6650/VeriTriples/malik2627research/ibex/dv/riscv_compliance/rtl -incdir /home/rk6650/VeriTriples/malik2627research/ibex/dv/uvm/core_ibex/common -incdir /home/rk6650/VeriTriples/malik2627research/ibex/dv/uvm/core_ibex/common/ibex_cosim_agent -incdir /home/rk6650/VeriTriples/malik2627research/ibex/dv/uvm/core_ibex/common/prim -incdir /home/rk6650/VeriTriples/malik2627research/ibex/dv/uvm/core_ibex/fcov -incdir /home/rk6650/VeriTriples/malik2627research/ibex/dv/uvm/core_ibex/riscv_dv_extension -incdir /home/rk6650/VeriTriples/malik2627research/ibex/dv/uvm/core_ibex/tb -incdir /home/rk6650/VeriTriples/malik2627research/ibex/dv/uvm/icache/dv/tb -incdir /home/rk6650/VeriTriples/malik2627research/ibex/dv/verilator/simple_system_cosim -incdir /home/rk6650/VeriTriples/malik2627research/ibex/examples/simple_system/rtl -incdir /home/rk6650/VeriTriples/malik2627research/ibex/formal/data_ind_timing /home/rk6650/VeriTriples/malik2627research/repos_6.24/guy-cdn_hardware-formal-verification/ibex/dv/uvm/core_ibex/tb/core_ibex_tb_top.sv }
[-- (VERI-1482)] Analyzing Verilog file '/home/rk6650/VeriTriples/malik2627research/repos_6.24/guy-cdn_hardware-formal-verification/ibex/dv/uvm/core_ibex/tb/core_ibex_tb_top.sv'
[ERROR (VERI-1245)] /home/rk6650/VeriTriples/malik2627research/repos_6.24/guy-cdn_hardware-formal-verification/ibex/dv/uvm/core_ibex/tb/core_ibex_tb_top.sv(5): cannot open include file 'prim_assert.sv'
[ERROR (VERI-1128)] /home/rk6650/VeriTriples/malik2627research/repos_6.24/guy-cdn_hardware-formal-verification/ibex/dv/uvm/core_ibex/tb/core_ibex_tb_top.sv(9): 'uvm_pkg' is not declared
[ERROR (VERI-1128)] /home/rk6650/VeriTriples/malik2627research/repos_6.24/guy-cdn_hardware-formal-verification/ibex/dv/uvm/core_ibex/tb/core_ibex_tb_top.sv(10): 'core_ibex_test_pkg' is not declared
[ERROR (VERI-1128)] /home/rk6650/VeriTriples/malik2627research/repos_6.24/guy-cdn_hardware-formal-verification/ibex/dv/uvm/core_ibex/tb/core_ibex_tb_top.sv(59): 'ibex_pkg' is not declared
[ERROR (VERI-1128)] /home/rk6650/VeriTriples/malik2627research/repos_6.24/guy-cdn_hardware-formal-verification/ibex/dv/uvm/core_ibex/tb/core_ibex_tb_top.sv(59): 'ibex_pkg' is not declared
[ERROR (VERI-1128)] /home/rk6650/VeriTriples/malik2627research/repos_6.24/guy-cdn_hardware-formal-verification/ibex/dv/uvm/core_ibex/tb/core_ibex_tb_top.sv(60): 'ibex_pkg' is not declared
[ERROR (VERI-1128)] /home/rk6650/VeriTriples/malik2627research/repos_6.24/guy-cdn_hardware-formal-verification/ibex/dv/uvm/core_ibex/tb/core_ibex_tb_top.sv(60): 'ibex_pkg' is not declared
[ERROR (VERI-1128)] /home/rk6650/VeriTriples/malik2627research/repos_6.24/guy-cdn_hardware-formal-verification/ibex/dv/uvm/core_ibex/tb/core_ibex_tb_top.sv(61): 'ibex_pkg' is not declared
[ERROR (VERI-1128)] /home/rk6650/VeriTriples/malik2627research/repos_6.24/guy-cdn_hardware-formal-verification/ibex/dv/uvm/core_ibex/tb/core_ibex_tb_top.sv(61): 'ibex_pkg' is not declared
[ERROR (VERI-1128)] /home/rk6650/VeriTriples/malik2627research/repos_6.24/guy-cdn_hardware-formal-verification/ibex/dv/uvm/core_ibex/tb/core_ibex_tb_top.sv(72): 'ibex_pkg' is not declared
[ERROR (VERI-1128)] /home/rk6650/VeriTriples/malik2627research/repos_6.24/guy-cdn_hardware-formal-verification/ibex/dv/uvm/core_ibex/tb/core_ibex_tb_top.sv(73): 'ibex_pkg' is not declared
[ERROR (VERI-1128)] /home/rk6650/VeriTriples/malik2627research/repos_6.24/guy-cdn_hardware-formal-verification/ibex/dv/uvm/core_ibex/tb/core_ibex_tb_top.sv(77): 'ibex_pkg' is not declared
[ERROR (VERI-1128)] /home/rk6650/VeriTriples/malik2627research/repos_6.24/guy-cdn_hardware-formal-verification/ibex/dv/uvm/core_ibex/tb/core_ibex_tb_top.sv(77): 'ibex_pkg' is not declared
[ERROR (VERI-1158)] /home/rk6650/VeriTriples/malik2627research/repos_6.24/guy-cdn_hardware-formal-verification/ibex/dv/uvm/core_ibex/tb/core_ibex_tb_top.sv(87): use of undefined macro 'BOOT_ADDR'
[ERROR (VERI-1137)] /home/rk6650/VeriTriples/malik2627research/repos_6.24/guy-cdn_hardware-formal-verification/ibex/dv/uvm/core_ibex/tb/core_ibex_tb_top.sv(87): syntax error near '+'
[ERROR (VERI-1137)] /home/rk6650/VeriTriples/malik2627research/repos_6.24/guy-cdn_hardware-formal-verification/ibex/dv/uvm/core_ibex/tb/core_ibex_tb_top.sv(88): syntax error near '+'
[ERROR (VERI-1158)] /home/rk6650/VeriTriples/malik2627research/repos_6.24/guy-cdn_hardware-formal-verification/ibex/dv/uvm/core_ibex/tb/core_ibex_tb_top.sv(163): use of undefined macro 'ASSERT'
[ERROR (VERI-1137)] /home/rk6650/VeriTriples/malik2627research/repos_6.24/guy-cdn_hardware-formal-verification/ibex/dv/uvm/core_ibex/tb/core_ibex_tb_top.sv(164): syntax error near '&&'
[ERROR (VERI-1137)] /home/rk6650/VeriTriples/malik2627research/repos_6.24/guy-cdn_hardware-formal-verification/ibex/dv/uvm/core_ibex/tb/core_ibex_tb_top.sv(164): syntax error near '&&'
[INFO (VMSG-1000)] Too many errors. Further error messages will be suppressed.
Summary of errors detected:
	[ERROR (VERI-1245)] /home/rk6650/VeriTriples/malik2627research/repos_6.24/guy-cdn_hardware-formal-verification/ibex/dv/uvm/core_ibex/tb/core_ibex_tb_top.sv(5): cannot open include file 'prim_assert.sv'
	[ERROR (VERI-1128)] /home/rk6650/VeriTriples/malik2627research/repos_6.24/guy-cdn_hardware-formal-verification/ibex/dv/uvm/core_ibex/tb/core_ibex_tb_top.sv(9): 'uvm_pkg' is not declared
	[ERROR (VERI-1128)] /home/rk6650/VeriTriples/malik2627research/repos_6.24/guy-cdn_hardware-formal-verification/ibex/dv/uvm/core_ibex/tb/core_ibex_tb_top.sv(10): 'core_ibex_test_pkg' is not declared
	[ERROR (VERI-1128)] /home/rk6650/VeriTriples/malik2627research/repos_6.24/guy-cdn_hardware-formal-verification/ibex/dv/uvm/core_ibex/tb/core_ibex_tb_top.sv(59): 'ibex_pkg' is not declared
	[ERROR (VERI-1128)] /home/rk6650/VeriTriples/malik2627research/repos_6.24/guy-cdn_hardware-formal-verification/ibex/dv/uvm/core_ibex/tb/core_ibex_tb_top.sv(59): 'ibex_pkg' is not declared
	[ERROR (VERI-1128)] /home/rk6650/VeriTriples/malik2627research/repos_6.24/guy-cdn_hardware-formal-verification/ibex/dv/uvm/core_ibex/tb/core_ibex_tb_top.sv(60): 'ibex_pkg' is not declared
	[ERROR (VERI-1128)] /home/rk6650/VeriTriples/malik2627research/repos_6.24/guy-cdn_hardware-formal-verification/ibex/dv/uvm/core_ibex/tb/core_ibex_tb_top.sv(60): 'ibex_pkg' is not declared
	[ERROR (VERI-1128)] /home/rk6650/VeriTriples/malik2627research/repos_6.24/guy-cdn_hardware-formal-verification/ibex/dv/uvm/core_ibex/tb/core_ibex_tb_top.sv(61): 'ibex_pkg' is not declared
	[ERROR (VERI-1128)] /home/rk6650/VeriTriples/malik2627research/repos_6.24/guy-cdn_hardware-formal-verification/ibex/dv/uvm/core_ibex/tb/core_ibex_tb_top.sv(61): 'ibex_pkg' is not declared
	[ERROR (VERI-1128)] /home/rk6650/VeriTriples/malik2627research/repos_6.24/guy-cdn_hardware-formal-verification/ibex/dv/uvm/core_ibex/tb/core_ibex_tb_top.sv(72): 'ibex_pkg' is not declared
	[ERROR (VERI-1128)] /home/rk6650/VeriTriples/malik2627research/repos_6.24/guy-cdn_hardware-formal-verification/ibex/dv/uvm/core_ibex/tb/core_ibex_tb_top.sv(73): 'ibex_pkg' is not declared
	[ERROR (VERI-1128)] /home/rk6650/VeriTriples/malik2627research/repos_6.24/guy-cdn_hardware-formal-verification/ibex/dv/uvm/core_ibex/tb/core_ibex_tb_top.sv(77): 'ibex_pkg' is not declared
	[ERROR (VERI-1128)] /home/rk6650/VeriTriples/malik2627research/repos_6.24/guy-cdn_hardware-formal-verification/ibex/dv/uvm/core_ibex/tb/core_ibex_tb_top.sv(77): 'ibex_pkg' is not declared
	[ERROR (VERI-1158)] /home/rk6650/VeriTriples/malik2627research/repos_6.24/guy-cdn_hardware-formal-verification/ibex/dv/uvm/core_ibex/tb/core_ibex_tb_top.sv(87): use of undefined macro 'BOOT_ADDR'
	[ERROR (VERI-1137)] /home/rk6650/VeriTriples/malik2627research/repos_6.24/guy-cdn_hardware-formal-verification/ibex/dv/uvm/core_ibex/tb/core_ibex_tb_top.sv(87): syntax error near '+'
	[ERROR (VERI-1137)] /home/rk6650/VeriTriples/malik2627research/repos_6.24/guy-cdn_hardware-formal-verification/ibex/dv/uvm/core_ibex/tb/core_ibex_tb_top.sv(88): syntax error near '+'
	[ERROR (VERI-1158)] /home/rk6650/VeriTriples/malik2627research/repos_6.24/guy-cdn_hardware-formal-verification/ibex/dv/uvm/core_ibex/tb/core_ibex_tb_top.sv(163): use of undefined macro 'ASSERT'
	[ERROR (VERI-1137)] /home/rk6650/VeriTriples/malik2627research/repos_6.24/guy-cdn_hardware-formal-verification/ibex/dv/uvm/core_ibex/tb/core_ibex_tb_top.sv(164): syntax error near '&&'
	[ERROR (VERI-1137)] /home/rk6650/VeriTriples/malik2627research/repos_6.24/guy-cdn_hardware-formal-verification/ibex/dv/uvm/core_ibex/tb/core_ibex_tb_top.sv(164): syntax error near '&&'
1
% catch { analyze -sv -incdir /home/rk6650/VeriTriples/malik2627research/repos_6.24/guy-cdn_hardware-formal-verification/ibex/dv/uvm/core_ibex/riscv_dv_extension -incdir /home/rk6650/VeriTriples/malik2627research -incdir /home/rk6650/VeriTriples/malik2627research/assignments/assignment01 -incdir /home/rk6650/VeriTriples/malik2627research/assignments/assignment02/auxiliary -incdir /home/rk6650/VeriTriples/malik2627research/assignments/assignment02/traffic-lights -incdir /home/rk6650/VeriTriples/malik2627research/assignments/assignment04/question01 -incdir /home/rk6650/VeriTriples/malik2627research/assignments/assignment05/9-puzzle -incdir /home/rk6650/VeriTriples/malik2627research/assignments/assignment05/liveness-to-safety -incdir /home/rk6650/VeriTriples/malik2627research/assignments/assignment06/question03 -incdir /home/rk6650/VeriTriples/malik2627research/assignments/assignment07/question02 -incdir /home/rk6650/VeriTriples/malik2627research/ibex/dv/cosim -incdir /home/rk6650/VeriTriples/malik2627research/ibex/dv/riscv_compliance/rtl -incdir /home/rk6650/VeriTriples/malik2627research/ibex/dv/uvm/core_ibex/common -incdir /home/rk6650/VeriTriples/malik2627research/ibex/dv/uvm/core_ibex/common/ibex_cosim_agent -incdir /home/rk6650/VeriTriples/malik2627research/ibex/dv/uvm/core_ibex/common/prim -incdir /home/rk6650/VeriTriples/malik2627research/ibex/dv/uvm/core_ibex/fcov -incdir /home/rk6650/VeriTriples/malik2627research/ibex/dv/uvm/core_ibex/riscv_dv_extension -incdir /home/rk6650/VeriTriples/malik2627research/ibex/dv/uvm/core_ibex/tb -incdir /home/rk6650/VeriTriples/malik2627research/ibex/dv/uvm/icache/dv/tb -incdir /home/rk6650/VeriTriples/malik2627research/ibex/dv/verilator/simple_system_cosim -incdir /home/rk6650/VeriTriples/malik2627research/ibex/examples/simple_system/rtl -incdir /home/rk6650/VeriTriples/malik2627research/ibex/formal/data_ind_timing /home/rk6650/VeriTriples/malik2627research/repos_6.24/guy-cdn_hardware-formal-verification/ibex/dv/uvm/core_ibex/common/date_dpi.svh }
[-- (VERI-1482)] Analyzing Verilog file '/home/rk6650/VeriTriples/malik2627research/repos_6.24/guy-cdn_hardware-formal-verification/ibex/dv/uvm/core_ibex/common/date_dpi.svh'
0
% catch { analyze -sv -incdir /home/rk6650/VeriTriples/malik2627research/repos_6.24/guy-cdn_hardware-formal-verification/ibex/dv/uvm/core_ibex/riscv_dv_extension -incdir /home/rk6650/VeriTriples/malik2627research -incdir /home/rk6650/VeriTriples/malik2627research/assignments/assignment01 -incdir /home/rk6650/VeriTriples/malik2627research/assignments/assignment02/auxiliary -incdir /home/rk6650/VeriTriples/malik2627research/assignments/assignment02/traffic-lights -incdir /home/rk6650/VeriTriples/malik2627research/assignments/assignment04/question01 -incdir /home/rk6650/VeriTriples/malik2627research/assignments/assignment05/9-puzzle -incdir /home/rk6650/VeriTriples/malik2627research/assignments/assignment05/liveness-to-safety -incdir /home/rk6650/VeriTriples/malik2627research/assignments/assignment06/question03 -incdir /home/rk6650/VeriTriples/malik2627research/assignments/assignment07/question02 -incdir /home/rk6650/VeriTriples/malik2627research/ibex/dv/cosim -incdir /home/rk6650/VeriTriples/malik2627research/ibex/dv/riscv_compliance/rtl -incdir /home/rk6650/VeriTriples/malik2627research/ibex/dv/uvm/core_ibex/common -incdir /home/rk6650/VeriTriples/malik2627research/ibex/dv/uvm/core_ibex/common/ibex_cosim_agent -incdir /home/rk6650/VeriTriples/malik2627research/ibex/dv/uvm/core_ibex/common/prim -incdir /home/rk6650/VeriTriples/malik2627research/ibex/dv/uvm/core_ibex/fcov -incdir /home/rk6650/VeriTriples/malik2627research/ibex/dv/uvm/core_ibex/riscv_dv_extension -incdir /home/rk6650/VeriTriples/malik2627research/ibex/dv/uvm/core_ibex/tb -incdir /home/rk6650/VeriTriples/malik2627research/ibex/dv/uvm/icache/dv/tb -incdir /home/rk6650/VeriTriples/malik2627research/ibex/dv/verilator/simple_system_cosim -incdir /home/rk6650/VeriTriples/malik2627research/ibex/examples/simple_system/rtl -incdir /home/rk6650/VeriTriples/malik2627research/ibex/formal/data_ind_timing /home/rk6650/VeriTriples/malik2627research/repos_6.24/guy-cdn_hardware-formal-verification/ibex/dv/cosim/cosim_dpi.svh }
[-- (VERI-1482)] Analyzing Verilog file '/home/rk6650/VeriTriples/malik2627research/repos_6.24/guy-cdn_hardware-formal-verification/ibex/dv/cosim/cosim_dpi.svh'
0
% catch { analyze -sv -incdir /home/rk6650/VeriTriples/malik2627research/repos_6.24/guy-cdn_hardware-formal-verification/ibex/dv/uvm/core_ibex/riscv_dv_extension -incdir /home/rk6650/VeriTriples/malik2627research -incdir /home/rk6650/VeriTriples/malik2627research/assignments/assignment01 -incdir /home/rk6650/VeriTriples/malik2627research/assignments/assignment02/auxiliary -incdir /home/rk6650/VeriTriples/malik2627research/assignments/assignment02/traffic-lights -incdir /home/rk6650/VeriTriples/malik2627research/assignments/assignment04/question01 -incdir /home/rk6650/VeriTriples/malik2627research/assignments/assignment05/9-puzzle -incdir /home/rk6650/VeriTriples/malik2627research/assignments/assignment05/liveness-to-safety -incdir /home/rk6650/VeriTriples/malik2627research/assignments/assignment06/question03 -incdir /home/rk6650/VeriTriples/malik2627research/assignments/assignment07/question02 -incdir /home/rk6650/VeriTriples/malik2627research/ibex/dv/cosim -incdir /home/rk6650/VeriTriples/malik2627research/ibex/dv/riscv_compliance/rtl -incdir /home/rk6650/VeriTriples/malik2627research/ibex/dv/uvm/core_ibex/common -incdir /home/rk6650/VeriTriples/malik2627research/ibex/dv/uvm/core_ibex/common/ibex_cosim_agent -incdir /home/rk6650/VeriTriples/malik2627research/ibex/dv/uvm/core_ibex/common/prim -incdir /home/rk6650/VeriTriples/malik2627research/ibex/dv/uvm/core_ibex/fcov -incdir /home/rk6650/VeriTriples/malik2627research/ibex/dv/uvm/core_ibex/riscv_dv_extension -incdir /home/rk6650/VeriTriples/malik2627research/ibex/dv/uvm/core_ibex/tb -incdir /home/rk6650/VeriTriples/malik2627research/ibex/dv/uvm/icache/dv/tb -incdir /home/rk6650/VeriTriples/malik2627research/ibex/dv/verilator/simple_system_cosim -incdir /home/rk6650/VeriTriples/malik2627research/ibex/examples/simple_system/rtl -incdir /home/rk6650/VeriTriples/malik2627research/ibex/formal/data_ind_timing /home/rk6650/VeriTriples/malik2627research/repos_6.24/guy-cdn_hardware-formal-verification/ibex/examples/simple_system/rtl/ibex_simple_system.sv }
[-- (VERI-1482)] Analyzing Verilog file '/home/rk6650/VeriTriples/malik2627research/repos_6.24/guy-cdn_hardware-formal-verification/ibex/examples/simple_system/rtl/ibex_simple_system.sv'
[ERROR (VERI-1128)] /home/rk6650/VeriTriples/malik2627research/repos_6.24/guy-cdn_hardware-formal-verification/ibex/examples/simple_system/rtl/ibex_simple_system.sv(46): 'ibex_pkg' is not declared
[ERROR (VERI-1128)] /home/rk6650/VeriTriples/malik2627research/repos_6.24/guy-cdn_hardware-formal-verification/ibex/examples/simple_system/rtl/ibex_simple_system.sv(46): 'ibex_pkg' is not declared
[ERROR (VERI-1128)] /home/rk6650/VeriTriples/malik2627research/repos_6.24/guy-cdn_hardware-formal-verification/ibex/examples/simple_system/rtl/ibex_simple_system.sv(47): 'ibex_pkg' is not declared
[ERROR (VERI-1128)] /home/rk6650/VeriTriples/malik2627research/repos_6.24/guy-cdn_hardware-formal-verification/ibex/examples/simple_system/rtl/ibex_simple_system.sv(47): 'ibex_pkg' is not declared
[ERROR (VERI-1128)] /home/rk6650/VeriTriples/malik2627research/repos_6.24/guy-cdn_hardware-formal-verification/ibex/examples/simple_system/rtl/ibex_simple_system.sv(48): 'ibex_pkg' is not declared
[ERROR (VERI-1128)] /home/rk6650/VeriTriples/malik2627research/repos_6.24/guy-cdn_hardware-formal-verification/ibex/examples/simple_system/rtl/ibex_simple_system.sv(48): 'ibex_pkg' is not declared
[ERROR (VERI-1128)] /home/rk6650/VeriTriples/malik2627research/repos_6.24/guy-cdn_hardware-formal-verification/ibex/examples/simple_system/rtl/ibex_simple_system.sv(215): 'prim_ram_1p_pkg' is not declared
[ERROR (VERI-1128)] /home/rk6650/VeriTriples/malik2627research/repos_6.24/guy-cdn_hardware-formal-verification/ibex/examples/simple_system/rtl/ibex_simple_system.sv(256): 'ibex_pkg' is not declared
[ERROR (VERI-1072)] /home/rk6650/VeriTriples/malik2627research/repos_6.24/guy-cdn_hardware-formal-verification/ibex/examples/simple_system/rtl/ibex_simple_system.sv(333): module 'ibex_simple_system' ignored due to previous errors
Summary of errors detected:
	[ERROR (VERI-1128)] /home/rk6650/VeriTriples/malik2627research/repos_6.24/guy-cdn_hardware-formal-verification/ibex/examples/simple_system/rtl/ibex_simple_system.sv(46): 'ibex_pkg' is not declared
	[ERROR (VERI-1128)] /home/rk6650/VeriTriples/malik2627research/repos_6.24/guy-cdn_hardware-formal-verification/ibex/examples/simple_system/rtl/ibex_simple_system.sv(46): 'ibex_pkg' is not declared
	[ERROR (VERI-1128)] /home/rk6650/VeriTriples/malik2627research/repos_6.24/guy-cdn_hardware-formal-verification/ibex/examples/simple_system/rtl/ibex_simple_system.sv(47): 'ibex_pkg' is not declared
	[ERROR (VERI-1128)] /home/rk6650/VeriTriples/malik2627research/repos_6.24/guy-cdn_hardware-formal-verification/ibex/examples/simple_system/rtl/ibex_simple_system.sv(47): 'ibex_pkg' is not declared
	[ERROR (VERI-1128)] /home/rk6650/VeriTriples/malik2627research/repos_6.24/guy-cdn_hardware-formal-verification/ibex/examples/simple_system/rtl/ibex_simple_system.sv(48): 'ibex_pkg' is not declared
	[ERROR (VERI-1128)] /home/rk6650/VeriTriples/malik2627research/repos_6.24/guy-cdn_hardware-formal-verification/ibex/examples/simple_system/rtl/ibex_simple_system.sv(48): 'ibex_pkg' is not declared
	[ERROR (VERI-1128)] /home/rk6650/VeriTriples/malik2627research/repos_6.24/guy-cdn_hardware-formal-verification/ibex/examples/simple_system/rtl/ibex_simple_system.sv(215): 'prim_ram_1p_pkg' is not declared
	[ERROR (VERI-1128)] /home/rk6650/VeriTriples/malik2627research/repos_6.24/guy-cdn_hardware-formal-verification/ibex/examples/simple_system/rtl/ibex_simple_system.sv(256): 'ibex_pkg' is not declared
	[ERROR (VERI-1072)] /home/rk6650/VeriTriples/malik2627research/repos_6.24/guy-cdn_hardware-formal-verification/ibex/examples/simple_system/rtl/ibex_simple_system.sv(333): module 'ibex_simple_system' ignored due to previous errors
1
% catch { analyze -sv -incdir /home/rk6650/VeriTriples/malik2627research/repos_6.24/guy-cdn_hardware-formal-verification/ibex/dv/uvm/core_ibex/riscv_dv_extension -incdir /home/rk6650/VeriTriples/malik2627research -incdir /home/rk6650/VeriTriples/malik2627research/assignments/assignment01 -incdir /home/rk6650/VeriTriples/malik2627research/assignments/assignment02/auxiliary -incdir /home/rk6650/VeriTriples/malik2627research/assignments/assignment02/traffic-lights -incdir /home/rk6650/VeriTriples/malik2627research/assignments/assignment04/question01 -incdir /home/rk6650/VeriTriples/malik2627research/assignments/assignment05/9-puzzle -incdir /home/rk6650/VeriTriples/malik2627research/assignments/assignment05/liveness-to-safety -incdir /home/rk6650/VeriTriples/malik2627research/assignments/assignment06/question03 -incdir /home/rk6650/VeriTriples/malik2627research/assignments/assignment07/question02 -incdir /home/rk6650/VeriTriples/malik2627research/ibex/dv/cosim -incdir /home/rk6650/VeriTriples/malik2627research/ibex/dv/riscv_compliance/rtl -incdir /home/rk6650/VeriTriples/malik2627research/ibex/dv/uvm/core_ibex/common -incdir /home/rk6650/VeriTriples/malik2627research/ibex/dv/uvm/core_ibex/common/ibex_cosim_agent -incdir /home/rk6650/VeriTriples/malik2627research/ibex/dv/uvm/core_ibex/common/prim -incdir /home/rk6650/VeriTriples/malik2627research/ibex/dv/uvm/core_ibex/fcov -incdir /home/rk6650/VeriTriples/malik2627research/ibex/dv/uvm/core_ibex/riscv_dv_extension -incdir /home/rk6650/VeriTriples/malik2627research/ibex/dv/uvm/core_ibex/tb -incdir /home/rk6650/VeriTriples/malik2627research/ibex/dv/uvm/icache/dv/tb -incdir /home/rk6650/VeriTriples/malik2627research/ibex/dv/verilator/simple_system_cosim -incdir /home/rk6650/VeriTriples/malik2627research/ibex/examples/simple_system/rtl -incdir /home/rk6650/VeriTriples/malik2627research/ibex/formal/data_ind_timing /home/rk6650/VeriTriples/malik2627research/repos_6.24/guy-cdn_hardware-formal-verification/ibex/dv/uvm/core_ibex/fcov/core_ibex_csr_categories.svh }
[-- (VERI-1482)] Analyzing Verilog file '/home/rk6650/VeriTriples/malik2627research/repos_6.24/guy-cdn_hardware-formal-verification/ibex/dv/uvm/core_ibex/fcov/core_ibex_csr_categories.svh'
0
% 
% catch { analyze -sv -incdir /home/rk6650/VeriTriples/malik2627research/repos_6.24/guy-cdn_hardware-formal-verification/ibex/dv/uvm/core_ibex/riscv_dv_extension -incdir /home/rk6650/VeriTriples/malik2627research -incdir /home/rk6650/VeriTriples/malik2627research/assignments/assignment01 -incdir /home/rk6650/VeriTriples/malik2627research/assignments/assignment02/auxiliary -incdir /home/rk6650/VeriTriples/malik2627research/assignments/assignment02/traffic-lights -incdir /home/rk6650/VeriTriples/malik2627research/assignments/assignment04/question01 -incdir /home/rk6650/VeriTriples/malik2627research/assignments/assignment05/9-puzzle -incdir /home/rk6650/VeriTriples/malik2627research/assignments/assignment05/liveness-to-safety -incdir /home/rk6650/VeriTriples/malik2627research/assignments/assignment06/question03 -incdir /home/rk6650/VeriTriples/malik2627research/assignments/assignment07/question02 -incdir /home/rk6650/VeriTriples/malik2627research/ibex/dv/cosim -incdir /home/rk6650/VeriTriples/malik2627research/ibex/dv/riscv_compliance/rtl -incdir /home/rk6650/VeriTriples/malik2627research/ibex/dv/uvm/core_ibex/common -incdir /home/rk6650/VeriTriples/malik2627research/ibex/dv/uvm/core_ibex/common/ibex_cosim_agent -incdir /home/rk6650/VeriTriples/malik2627research/ibex/dv/uvm/core_ibex/common/prim -incdir /home/rk6650/VeriTriples/malik2627research/ibex/dv/uvm/core_ibex/fcov -incdir /home/rk6650/VeriTriples/malik2627research/ibex/dv/uvm/core_ibex/riscv_dv_extension -incdir /home/rk6650/VeriTriples/malik2627research/ibex/dv/uvm/core_ibex/tb -incdir /home/rk6650/VeriTriples/malik2627research/ibex/dv/uvm/icache/dv/tb -incdir /home/rk6650/VeriTriples/malik2627research/ibex/dv/verilator/simple_system_cosim -incdir /home/rk6650/VeriTriples/malik2627research/ibex/examples/simple_system/rtl -incdir /home/rk6650/VeriTriples/malik2627research/ibex/formal/data_ind_timing /home/rk6650/VeriTriples/malik2627research/repos_6.24/guy-cdn_hardware-formal-verification/assignments/assignment07/question02/spec.v }
[-- (VERI-1482)] Analyzing Verilog file '/home/rk6650/VeriTriples/malik2627research/repos_6.24/guy-cdn_hardware-formal-verification/assignments/assignment07/question02/spec.v'
0
% catch { analyze -sv -incdir /home/rk6650/VeriTriples/malik2627research/repos_6.24/guy-cdn_hardware-formal-verification/ibex/dv/uvm/core_ibex/riscv_dv_extension -incdir /home/rk6650/VeriTriples/malik2627research -incdir /home/rk6650/VeriTriples/malik2627research/assignments/assignment01 -incdir /home/rk6650/VeriTriples/malik2627research/assignments/assignment02/auxiliary -incdir /home/rk6650/VeriTriples/malik2627research/assignments/assignment02/traffic-lights -incdir /home/rk6650/VeriTriples/malik2627research/assignments/assignment04/question01 -incdir /home/rk6650/VeriTriples/malik2627research/assignments/assignment05/9-puzzle -incdir /home/rk6650/VeriTriples/malik2627research/assignments/assignment05/liveness-to-safety -incdir /home/rk6650/VeriTriples/malik2627research/assignments/assignment06/question03 -incdir /home/rk6650/VeriTriples/malik2627research/assignments/assignment07/question02 -incdir /home/rk6650/VeriTriples/malik2627research/ibex/dv/cosim -incdir /home/rk6650/VeriTriples/malik2627research/ibex/dv/riscv_compliance/rtl -incdir /home/rk6650/VeriTriples/malik2627research/ibex/dv/uvm/core_ibex/common -incdir /home/rk6650/VeriTriples/malik2627research/ibex/dv/uvm/core_ibex/common/ibex_cosim_agent -incdir /home/rk6650/VeriTriples/malik2627research/ibex/dv/uvm/core_ibex/common/prim -incdir /home/rk6650/VeriTriples/malik2627research/ibex/dv/uvm/core_ibex/fcov -incdir /home/rk6650/VeriTriples/malik2627research/ibex/dv/uvm/core_ibex/riscv_dv_extension -incdir /home/rk6650/VeriTriples/malik2627research/ibex/dv/uvm/core_ibex/tb -incdir /home/rk6650/VeriTriples/malik2627research/ibex/dv/uvm/icache/dv/tb -incdir /home/rk6650/VeriTriples/malik2627research/ibex/dv/verilator/simple_system_cosim -incdir /home/rk6650/VeriTriples/malik2627research/ibex/examples/simple_system/rtl -incdir /home/rk6650/VeriTriples/malik2627research/ibex/formal/data_ind_timing /home/rk6650/VeriTriples/malik2627research/repos_6.24/guy-cdn_hardware-formal-verification/assignments/assignment02/auxiliary/props.v }
[-- (VERI-1482)] Analyzing Verilog file '/home/rk6650/VeriTriples/malik2627research/repos_6.24/guy-cdn_hardware-formal-verification/assignments/assignment02/auxiliary/props.v'
0
% catch { analyze -sv -incdir /home/rk6650/VeriTriples/malik2627research/repos_6.24/guy-cdn_hardware-formal-verification/ibex/dv/uvm/core_ibex/riscv_dv_extension -incdir /home/rk6650/VeriTriples/malik2627research -incdir /home/rk6650/VeriTriples/malik2627research/assignments/assignment01 -incdir /home/rk6650/VeriTriples/malik2627research/assignments/assignment02/auxiliary -incdir /home/rk6650/VeriTriples/malik2627research/assignments/assignment02/traffic-lights -incdir /home/rk6650/VeriTriples/malik2627research/assignments/assignment04/question01 -incdir /home/rk6650/VeriTriples/malik2627research/assignments/assignment05/9-puzzle -incdir /home/rk6650/VeriTriples/malik2627research/assignments/assignment05/liveness-to-safety -incdir /home/rk6650/VeriTriples/malik2627research/assignments/assignment06/question03 -incdir /home/rk6650/VeriTriples/malik2627research/assignments/assignment07/question02 -incdir /home/rk6650/VeriTriples/malik2627research/ibex/dv/cosim -incdir /home/rk6650/VeriTriples/malik2627research/ibex/dv/riscv_compliance/rtl -incdir /home/rk6650/VeriTriples/malik2627research/ibex/dv/uvm/core_ibex/common -incdir /home/rk6650/VeriTriples/malik2627research/ibex/dv/uvm/core_ibex/common/ibex_cosim_agent -incdir /home/rk6650/VeriTriples/malik2627research/ibex/dv/uvm/core_ibex/common/prim -incdir /home/rk6650/VeriTriples/malik2627research/ibex/dv/uvm/core_ibex/fcov -incdir /home/rk6650/VeriTriples/malik2627research/ibex/dv/uvm/core_ibex/riscv_dv_extension -incdir /home/rk6650/VeriTriples/malik2627research/ibex/dv/uvm/core_ibex/tb -incdir /home/rk6650/VeriTriples/malik2627research/ibex/dv/uvm/icache/dv/tb -incdir /home/rk6650/VeriTriples/malik2627research/ibex/dv/verilator/simple_system_cosim -incdir /home/rk6650/VeriTriples/malik2627research/ibex/examples/simple_system/rtl -incdir /home/rk6650/VeriTriples/malik2627research/ibex/formal/data_ind_timing /home/rk6650/VeriTriples/malik2627research/repos_6.24/guy-cdn_hardware-formal-verification/assignments/assignment01/pac-man.v }
[-- (VERI-1482)] Analyzing Verilog file '/home/rk6650/VeriTriples/malik2627research/repos_6.24/guy-cdn_hardware-formal-verification/assignments/assignment01/pac-man.v'
0
% catch { analyze -sv -incdir /home/rk6650/VeriTriples/malik2627research/repos_6.24/guy-cdn_hardware-formal-verification/ibex/dv/uvm/core_ibex/riscv_dv_extension -incdir /home/rk6650/VeriTriples/malik2627research -incdir /home/rk6650/VeriTriples/malik2627research/assignments/assignment01 -incdir /home/rk6650/VeriTriples/malik2627research/assignments/assignment02/auxiliary -incdir /home/rk6650/VeriTriples/malik2627research/assignments/assignment02/traffic-lights -incdir /home/rk6650/VeriTriples/malik2627research/assignments/assignment04/question01 -incdir /home/rk6650/VeriTriples/malik2627research/assignments/assignment05/9-puzzle -incdir /home/rk6650/VeriTriples/malik2627research/assignments/assignment05/liveness-to-safety -incdir /home/rk6650/VeriTriples/malik2627research/assignments/assignment06/question03 -incdir /home/rk6650/VeriTriples/malik2627research/assignments/assignment07/question02 -incdir /home/rk6650/VeriTriples/malik2627research/ibex/dv/cosim -incdir /home/rk6650/VeriTriples/malik2627research/ibex/dv/riscv_compliance/rtl -incdir /home/rk6650/VeriTriples/malik2627research/ibex/dv/uvm/core_ibex/common -incdir /home/rk6650/VeriTriples/malik2627research/ibex/dv/uvm/core_ibex/common/ibex_cosim_agent -incdir /home/rk6650/VeriTriples/malik2627research/ibex/dv/uvm/core_ibex/common/prim -incdir /home/rk6650/VeriTriples/malik2627research/ibex/dv/uvm/core_ibex/fcov -incdir /home/rk6650/VeriTriples/malik2627research/ibex/dv/uvm/core_ibex/riscv_dv_extension -incdir /home/rk6650/VeriTriples/malik2627research/ibex/dv/uvm/core_ibex/tb -incdir /home/rk6650/VeriTriples/malik2627research/ibex/dv/uvm/icache/dv/tb -incdir /home/rk6650/VeriTriples/malik2627research/ibex/dv/verilator/simple_system_cosim -incdir /home/rk6650/VeriTriples/malik2627research/ibex/examples/simple_system/rtl -incdir /home/rk6650/VeriTriples/malik2627research/ibex/formal/data_ind_timing /home/rk6650/VeriTriples/malik2627research/repos_6.24/guy-cdn_hardware-formal-verification/assignments/assignment05/9-puzzle/puzzle.v }
[-- (VERI-1482)] Analyzing Verilog file '/home/rk6650/VeriTriples/malik2627research/repos_6.24/guy-cdn_hardware-formal-verification/assignments/assignment05/9-puzzle/puzzle.v'
0
% catch { analyze -sv -incdir /home/rk6650/VeriTriples/malik2627research/repos_6.24/guy-cdn_hardware-formal-verification/ibex/dv/uvm/core_ibex/riscv_dv_extension -incdir /home/rk6650/VeriTriples/malik2627research -incdir /home/rk6650/VeriTriples/malik2627research/assignments/assignment01 -incdir /home/rk6650/VeriTriples/malik2627research/assignments/assignment02/auxiliary -incdir /home/rk6650/VeriTriples/malik2627research/assignments/assignment02/traffic-lights -incdir /home/rk6650/VeriTriples/malik2627research/assignments/assignment04/question01 -incdir /home/rk6650/VeriTriples/malik2627research/assignments/assignment05/9-puzzle -incdir /home/rk6650/VeriTriples/malik2627research/assignments/assignment05/liveness-to-safety -incdir /home/rk6650/VeriTriples/malik2627research/assignments/assignment06/question03 -incdir /home/rk6650/VeriTriples/malik2627research/assignments/assignment07/question02 -incdir /home/rk6650/VeriTriples/malik2627research/ibex/dv/cosim -incdir /home/rk6650/VeriTriples/malik2627research/ibex/dv/riscv_compliance/rtl -incdir /home/rk6650/VeriTriples/malik2627research/ibex/dv/uvm/core_ibex/common -incdir /home/rk6650/VeriTriples/malik2627research/ibex/dv/uvm/core_ibex/common/ibex_cosim_agent -incdir /home/rk6650/VeriTriples/malik2627research/ibex/dv/uvm/core_ibex/common/prim -incdir /home/rk6650/VeriTriples/malik2627research/ibex/dv/uvm/core_ibex/fcov -incdir /home/rk6650/VeriTriples/malik2627research/ibex/dv/uvm/core_ibex/riscv_dv_extension -incdir /home/rk6650/VeriTriples/malik2627research/ibex/dv/uvm/core_ibex/tb -incdir /home/rk6650/VeriTriples/malik2627research/ibex/dv/uvm/icache/dv/tb -incdir /home/rk6650/VeriTriples/malik2627research/ibex/dv/verilator/simple_system_cosim -incdir /home/rk6650/VeriTriples/malik2627research/ibex/examples/simple_system/rtl -incdir /home/rk6650/VeriTriples/malik2627research/ibex/formal/data_ind_timing /home/rk6650/VeriTriples/malik2627research/repos_6.24/guy-cdn_hardware-formal-verification/assignments/assignment06/question03/load_store.sv }
[-- (VERI-1482)] Analyzing Verilog file '/home/rk6650/VeriTriples/malik2627research/repos_6.24/guy-cdn_hardware-formal-verification/assignments/assignment06/question03/load_store.sv'
[ERROR (VERI-1137)] /home/rk6650/VeriTriples/malik2627research/repos_6.24/guy-cdn_hardware-formal-verification/assignments/assignment06/question03/load_store.sv(15): syntax error near '<'
[ERROR (VERI-1072)] /home/rk6650/VeriTriples/malik2627research/repos_6.24/guy-cdn_hardware-formal-verification/assignments/assignment06/question03/load_store.sv(17): module 'load_store_prop' ignored due to previous errors
Summary of errors detected:
	[ERROR (VERI-1137)] /home/rk6650/VeriTriples/malik2627research/repos_6.24/guy-cdn_hardware-formal-verification/assignments/assignment06/question03/load_store.sv(15): syntax error near '<'
	[ERROR (VERI-1072)] /home/rk6650/VeriTriples/malik2627research/repos_6.24/guy-cdn_hardware-formal-verification/assignments/assignment06/question03/load_store.sv(17): module 'load_store_prop' ignored due to previous errors
1
% catch { analyze -sv -incdir /home/rk6650/VeriTriples/malik2627research/repos_6.24/guy-cdn_hardware-formal-verification/ibex/dv/uvm/core_ibex/riscv_dv_extension -incdir /home/rk6650/VeriTriples/malik2627research -incdir /home/rk6650/VeriTriples/malik2627research/assignments/assignment01 -incdir /home/rk6650/VeriTriples/malik2627research/assignments/assignment02/auxiliary -incdir /home/rk6650/VeriTriples/malik2627research/assignments/assignment02/traffic-lights -incdir /home/rk6650/VeriTriples/malik2627research/assignments/assignment04/question01 -incdir /home/rk6650/VeriTriples/malik2627research/assignments/assignment05/9-puzzle -incdir /home/rk6650/VeriTriples/malik2627research/assignments/assignment05/liveness-to-safety -incdir /home/rk6650/VeriTriples/malik2627research/assignments/assignment06/question03 -incdir /home/rk6650/VeriTriples/malik2627research/assignments/assignment07/question02 -incdir /home/rk6650/VeriTriples/malik2627research/ibex/dv/cosim -incdir /home/rk6650/VeriTriples/malik2627research/ibex/dv/riscv_compliance/rtl -incdir /home/rk6650/VeriTriples/malik2627research/ibex/dv/uvm/core_ibex/common -incdir /home/rk6650/VeriTriples/malik2627research/ibex/dv/uvm/core_ibex/common/ibex_cosim_agent -incdir /home/rk6650/VeriTriples/malik2627research/ibex/dv/uvm/core_ibex/common/prim -incdir /home/rk6650/VeriTriples/malik2627research/ibex/dv/uvm/core_ibex/fcov -incdir /home/rk6650/VeriTriples/malik2627research/ibex/dv/uvm/core_ibex/riscv_dv_extension -incdir /home/rk6650/VeriTriples/malik2627research/ibex/dv/uvm/core_ibex/tb -incdir /home/rk6650/VeriTriples/malik2627research/ibex/dv/uvm/icache/dv/tb -incdir /home/rk6650/VeriTriples/malik2627research/ibex/dv/verilator/simple_system_cosim -incdir /home/rk6650/VeriTriples/malik2627research/ibex/examples/simple_system/rtl -incdir /home/rk6650/VeriTriples/malik2627research/ibex/formal/data_ind_timing /home/rk6650/VeriTriples/malik2627research/repos_6.24/guy-cdn_hardware-formal-verification/assignments/assignment05/liveness-to-safety/test.v }
[-- (VERI-1482)] Analyzing Verilog file '/home/rk6650/VeriTriples/malik2627research/repos_6.24/guy-cdn_hardware-formal-verification/assignments/assignment05/liveness-to-safety/test.v'
[ERROR (VERI-2283)] /home/rk6650/VeriTriples/malik2627research/repos_6.24/guy-cdn_hardware-formal-verification/assignments/assignment05/liveness-to-safety/test.v(24): operator always is not allowed in a 2005 SystemVerilog mode
[ERROR (VERI-1072)] /home/rk6650/VeriTriples/malik2627research/repos_6.24/guy-cdn_hardware-formal-verification/assignments/assignment05/liveness-to-safety/test.v(26): module 'top' ignored due to previous errors
Summary of errors detected:
	[ERROR (VERI-2283)] /home/rk6650/VeriTriples/malik2627research/repos_6.24/guy-cdn_hardware-formal-verification/assignments/assignment05/liveness-to-safety/test.v(24): operator always is not allowed in a 2005 SystemVerilog mode
	[ERROR (VERI-1072)] /home/rk6650/VeriTriples/malik2627research/repos_6.24/guy-cdn_hardware-formal-verification/assignments/assignment05/liveness-to-safety/test.v(26): module 'top' ignored due to previous errors
1
% catch { analyze -sv -incdir /home/rk6650/VeriTriples/malik2627research/repos_6.24/guy-cdn_hardware-formal-verification/ibex/dv/uvm/core_ibex/riscv_dv_extension -incdir /home/rk6650/VeriTriples/malik2627research -incdir /home/rk6650/VeriTriples/malik2627research/assignments/assignment01 -incdir /home/rk6650/VeriTriples/malik2627research/assignments/assignment02/auxiliary -incdir /home/rk6650/VeriTriples/malik2627research/assignments/assignment02/traffic-lights -incdir /home/rk6650/VeriTriples/malik2627research/assignments/assignment04/question01 -incdir /home/rk6650/VeriTriples/malik2627research/assignments/assignment05/9-puzzle -incdir /home/rk6650/VeriTriples/malik2627research/assignments/assignment05/liveness-to-safety -incdir /home/rk6650/VeriTriples/malik2627research/assignments/assignment06/question03 -incdir /home/rk6650/VeriTriples/malik2627research/assignments/assignment07/question02 -incdir /home/rk6650/VeriTriples/malik2627research/ibex/dv/cosim -incdir /home/rk6650/VeriTriples/malik2627research/ibex/dv/riscv_compliance/rtl -incdir /home/rk6650/VeriTriples/malik2627research/ibex/dv/uvm/core_ibex/common -incdir /home/rk6650/VeriTriples/malik2627research/ibex/dv/uvm/core_ibex/common/ibex_cosim_agent -incdir /home/rk6650/VeriTriples/malik2627research/ibex/dv/uvm/core_ibex/common/prim -incdir /home/rk6650/VeriTriples/malik2627research/ibex/dv/uvm/core_ibex/fcov -incdir /home/rk6650/VeriTriples/malik2627research/ibex/dv/uvm/core_ibex/riscv_dv_extension -incdir /home/rk6650/VeriTriples/malik2627research/ibex/dv/uvm/core_ibex/tb -incdir /home/rk6650/VeriTriples/malik2627research/ibex/dv/uvm/icache/dv/tb -incdir /home/rk6650/VeriTriples/malik2627research/ibex/dv/verilator/simple_system_cosim -incdir /home/rk6650/VeriTriples/malik2627research/ibex/examples/simple_system/rtl -incdir /home/rk6650/VeriTriples/malik2627research/ibex/formal/data_ind_timing /home/rk6650/VeriTriples/malik2627research/repos_6.24/guy-cdn_hardware-formal-verification/ibex/dv/riscv_compliance/rtl/ibex_riscv_compliance.sv }
[-- (VERI-1482)] Analyzing Verilog file '/home/rk6650/VeriTriples/malik2627research/repos_6.24/guy-cdn_hardware-formal-verification/ibex/dv/riscv_compliance/rtl/ibex_riscv_compliance.sv'
[ERROR (VERI-1128)] /home/rk6650/VeriTriples/malik2627research/repos_6.24/guy-cdn_hardware-formal-verification/ibex/dv/riscv_compliance/rtl/ibex_riscv_compliance.sv(24): 'ibex_pkg' is not declared
[ERROR (VERI-1128)] /home/rk6650/VeriTriples/malik2627research/repos_6.24/guy-cdn_hardware-formal-verification/ibex/dv/riscv_compliance/rtl/ibex_riscv_compliance.sv(24): 'ibex_pkg' is not declared
[ERROR (VERI-1128)] /home/rk6650/VeriTriples/malik2627research/repos_6.24/guy-cdn_hardware-formal-verification/ibex/dv/riscv_compliance/rtl/ibex_riscv_compliance.sv(25): 'ibex_pkg' is not declared
[ERROR (VERI-1128)] /home/rk6650/VeriTriples/malik2627research/repos_6.24/guy-cdn_hardware-formal-verification/ibex/dv/riscv_compliance/rtl/ibex_riscv_compliance.sv(25): 'ibex_pkg' is not declared
[ERROR (VERI-1128)] /home/rk6650/VeriTriples/malik2627research/repos_6.24/guy-cdn_hardware-formal-verification/ibex/dv/riscv_compliance/rtl/ibex_riscv_compliance.sv(26): 'ibex_pkg' is not declared
[ERROR (VERI-1128)] /home/rk6650/VeriTriples/malik2627research/repos_6.24/guy-cdn_hardware-formal-verification/ibex/dv/riscv_compliance/rtl/ibex_riscv_compliance.sv(26): 'ibex_pkg' is not declared
[ERROR (VERI-1128)] /home/rk6650/VeriTriples/malik2627research/repos_6.24/guy-cdn_hardware-formal-verification/ibex/dv/riscv_compliance/rtl/ibex_riscv_compliance.sv(207): 'ibex_pkg' is not declared
[ERROR (VERI-1072)] /home/rk6650/VeriTriples/malik2627research/repos_6.24/guy-cdn_hardware-formal-verification/ibex/dv/riscv_compliance/rtl/ibex_riscv_compliance.sv(254): module 'ibex_riscv_compliance' ignored due to previous errors
Summary of errors detected:
	[ERROR (VERI-1128)] /home/rk6650/VeriTriples/malik2627research/repos_6.24/guy-cdn_hardware-formal-verification/ibex/dv/riscv_compliance/rtl/ibex_riscv_compliance.sv(24): 'ibex_pkg' is not declared
	[ERROR (VERI-1128)] /home/rk6650/VeriTriples/malik2627research/repos_6.24/guy-cdn_hardware-formal-verification/ibex/dv/riscv_compliance/rtl/ibex_riscv_compliance.sv(24): 'ibex_pkg' is not declared
	[ERROR (VERI-1128)] /home/rk6650/VeriTriples/malik2627research/repos_6.24/guy-cdn_hardware-formal-verification/ibex/dv/riscv_compliance/rtl/ibex_riscv_compliance.sv(25): 'ibex_pkg' is not declared
	[ERROR (VERI-1128)] /home/rk6650/VeriTriples/malik2627research/repos_6.24/guy-cdn_hardware-formal-verification/ibex/dv/riscv_compliance/rtl/ibex_riscv_compliance.sv(25): 'ibex_pkg' is not declared
	[ERROR (VERI-1128)] /home/rk6650/VeriTriples/malik2627research/repos_6.24/guy-cdn_hardware-formal-verification/ibex/dv/riscv_compliance/rtl/ibex_riscv_compliance.sv(26): 'ibex_pkg' is not declared
	[ERROR (VERI-1128)] /home/rk6650/VeriTriples/malik2627research/repos_6.24/guy-cdn_hardware-formal-verification/ibex/dv/riscv_compliance/rtl/ibex_riscv_compliance.sv(26): 'ibex_pkg' is not declared
	[ERROR (VERI-1128)] /home/rk6650/VeriTriples/malik2627research/repos_6.24/guy-cdn_hardware-formal-verification/ibex/dv/riscv_compliance/rtl/ibex_riscv_compliance.sv(207): 'ibex_pkg' is not declared
	[ERROR (VERI-1072)] /home/rk6650/VeriTriples/malik2627research/repos_6.24/guy-cdn_hardware-formal-verification/ibex/dv/riscv_compliance/rtl/ibex_riscv_compliance.sv(254): module 'ibex_riscv_compliance' ignored due to previous errors
1
% catch { analyze -sv -incdir /home/rk6650/VeriTriples/malik2627research/repos_6.24/guy-cdn_hardware-formal-verification/ibex/dv/uvm/core_ibex/riscv_dv_extension -incdir /home/rk6650/VeriTriples/malik2627research -incdir /home/rk6650/VeriTriples/malik2627research/assignments/assignment01 -incdir /home/rk6650/VeriTriples/malik2627research/assignments/assignment02/auxiliary -incdir /home/rk6650/VeriTriples/malik2627research/assignments/assignment02/traffic-lights -incdir /home/rk6650/VeriTriples/malik2627research/assignments/assignment04/question01 -incdir /home/rk6650/VeriTriples/malik2627research/assignments/assignment05/9-puzzle -incdir /home/rk6650/VeriTriples/malik2627research/assignments/assignment05/liveness-to-safety -incdir /home/rk6650/VeriTriples/malik2627research/assignments/assignment06/question03 -incdir /home/rk6650/VeriTriples/malik2627research/assignments/assignment07/question02 -incdir /home/rk6650/VeriTriples/malik2627research/ibex/dv/cosim -incdir /home/rk6650/VeriTriples/malik2627research/ibex/dv/riscv_compliance/rtl -incdir /home/rk6650/VeriTriples/malik2627research/ibex/dv/uvm/core_ibex/common -incdir /home/rk6650/VeriTriples/malik2627research/ibex/dv/uvm/core_ibex/common/ibex_cosim_agent -incdir /home/rk6650/VeriTriples/malik2627research/ibex/dv/uvm/core_ibex/common/prim -incdir /home/rk6650/VeriTriples/malik2627research/ibex/dv/uvm/core_ibex/fcov -incdir /home/rk6650/VeriTriples/malik2627research/ibex/dv/uvm/core_ibex/riscv_dv_extension -incdir /home/rk6650/VeriTriples/malik2627research/ibex/dv/uvm/core_ibex/tb -incdir /home/rk6650/VeriTriples/malik2627research/ibex/dv/uvm/icache/dv/tb -incdir /home/rk6650/VeriTriples/malik2627research/ibex/dv/verilator/simple_system_cosim -incdir /home/rk6650/VeriTriples/malik2627research/ibex/examples/simple_system/rtl -incdir /home/rk6650/VeriTriples/malik2627research/ibex/formal/data_ind_timing /home/rk6650/VeriTriples/malik2627research/repos_6.24/guy-cdn_hardware-formal-verification/assignments/assignment02/traffic-lights/traffic.v }
[-- (VERI-1482)] Analyzing Verilog file '/home/rk6650/VeriTriples/malik2627research/repos_6.24/guy-cdn_hardware-formal-verification/assignments/assignment02/traffic-lights/traffic.v'
0
% catch { analyze -sv -incdir /home/rk6650/VeriTriples/malik2627research/repos_6.24/guy-cdn_hardware-formal-verification/ibex/dv/uvm/core_ibex/riscv_dv_extension -incdir /home/rk6650/VeriTriples/malik2627research -incdir /home/rk6650/VeriTriples/malik2627research/assignments/assignment01 -incdir /home/rk6650/VeriTriples/malik2627research/assignments/assignment02/auxiliary -incdir /home/rk6650/VeriTriples/malik2627research/assignments/assignment02/traffic-lights -incdir /home/rk6650/VeriTriples/malik2627research/assignments/assignment04/question01 -incdir /home/rk6650/VeriTriples/malik2627research/assignments/assignment05/9-puzzle -incdir /home/rk6650/VeriTriples/malik2627research/assignments/assignment05/liveness-to-safety -incdir /home/rk6650/VeriTriples/malik2627research/assignments/assignment06/question03 -incdir /home/rk6650/VeriTriples/malik2627research/assignments/assignment07/question02 -incdir /home/rk6650/VeriTriples/malik2627research/ibex/dv/cosim -incdir /home/rk6650/VeriTriples/malik2627research/ibex/dv/riscv_compliance/rtl -incdir /home/rk6650/VeriTriples/malik2627research/ibex/dv/uvm/core_ibex/common -incdir /home/rk6650/VeriTriples/malik2627research/ibex/dv/uvm/core_ibex/common/ibex_cosim_agent -incdir /home/rk6650/VeriTriples/malik2627research/ibex/dv/uvm/core_ibex/common/prim -incdir /home/rk6650/VeriTriples/malik2627research/ibex/dv/uvm/core_ibex/fcov -incdir /home/rk6650/VeriTriples/malik2627research/ibex/dv/uvm/core_ibex/riscv_dv_extension -incdir /home/rk6650/VeriTriples/malik2627research/ibex/dv/uvm/core_ibex/tb -incdir /home/rk6650/VeriTriples/malik2627research/ibex/dv/uvm/icache/dv/tb -incdir /home/rk6650/VeriTriples/malik2627research/ibex/dv/verilator/simple_system_cosim -incdir /home/rk6650/VeriTriples/malik2627research/ibex/examples/simple_system/rtl -incdir /home/rk6650/VeriTriples/malik2627research/ibex/formal/data_ind_timing /home/rk6650/VeriTriples/malik2627research/repos_6.24/guy-cdn_hardware-formal-verification/assignments/assignment04/question01/counter.v }
[-- (VERI-1482)] Analyzing Verilog file '/home/rk6650/VeriTriples/malik2627research/repos_6.24/guy-cdn_hardware-formal-verification/assignments/assignment04/question01/counter.v'
0
% catch { analyze -sv -incdir /home/rk6650/VeriTriples/malik2627research/repos_6.24/guy-cdn_hardware-formal-verification/ibex/dv/uvm/core_ibex/riscv_dv_extension -incdir /home/rk6650/VeriTriples/malik2627research -incdir /home/rk6650/VeriTriples/malik2627research/assignments/assignment01 -incdir /home/rk6650/VeriTriples/malik2627research/assignments/assignment02/auxiliary -incdir /home/rk6650/VeriTriples/malik2627research/assignments/assignment02/traffic-lights -incdir /home/rk6650/VeriTriples/malik2627research/assignments/assignment04/question01 -incdir /home/rk6650/VeriTriples/malik2627research/assignments/assignment05/9-puzzle -incdir /home/rk6650/VeriTriples/malik2627research/assignments/assignment05/liveness-to-safety -incdir /home/rk6650/VeriTriples/malik2627research/assignments/assignment06/question03 -incdir /home/rk6650/VeriTriples/malik2627research/assignments/assignment07/question02 -incdir /home/rk6650/VeriTriples/malik2627research/ibex/dv/cosim -incdir /home/rk6650/VeriTriples/malik2627research/ibex/dv/riscv_compliance/rtl -incdir /home/rk6650/VeriTriples/malik2627research/ibex/dv/uvm/core_ibex/common -incdir /home/rk6650/VeriTriples/malik2627research/ibex/dv/uvm/core_ibex/common/ibex_cosim_agent -incdir /home/rk6650/VeriTriples/malik2627research/ibex/dv/uvm/core_ibex/common/prim -incdir /home/rk6650/VeriTriples/malik2627research/ibex/dv/uvm/core_ibex/fcov -incdir /home/rk6650/VeriTriples/malik2627research/ibex/dv/uvm/core_ibex/riscv_dv_extension -incdir /home/rk6650/VeriTriples/malik2627research/ibex/dv/uvm/core_ibex/tb -incdir /home/rk6650/VeriTriples/malik2627research/ibex/dv/uvm/icache/dv/tb -incdir /home/rk6650/VeriTriples/malik2627research/ibex/dv/verilator/simple_system_cosim -incdir /home/rk6650/VeriTriples/malik2627research/ibex/examples/simple_system/rtl -incdir /home/rk6650/VeriTriples/malik2627research/ibex/formal/data_ind_timing /home/rk6650/VeriTriples/malik2627research/repos_6.24/guy-cdn_hardware-formal-verification/ibex/dv/uvm/icache/dv/tb/tb.sv }
[-- (VERI-1482)] Analyzing Verilog file '/home/rk6650/VeriTriples/malik2627research/repos_6.24/guy-cdn_hardware-formal-verification/ibex/dv/uvm/icache/dv/tb/tb.sv'
[ERROR (VERI-1128)] /home/rk6650/VeriTriples/malik2627research/repos_6.24/guy-cdn_hardware-formal-verification/ibex/dv/uvm/icache/dv/tb/tb.sv(5): 'ibex_pkg' is not declared
[ERROR (VERI-1128)] /home/rk6650/VeriTriples/malik2627research/repos_6.24/guy-cdn_hardware-formal-verification/ibex/dv/uvm/icache/dv/tb/tb.sv(10): 'uvm_pkg' is not declared
[ERROR (VERI-1128)] /home/rk6650/VeriTriples/malik2627research/repos_6.24/guy-cdn_hardware-formal-verification/ibex/dv/uvm/icache/dv/tb/tb.sv(11): 'dv_utils_pkg' is not declared
[ERROR (VERI-1128)] /home/rk6650/VeriTriples/malik2627research/repos_6.24/guy-cdn_hardware-formal-verification/ibex/dv/uvm/icache/dv/tb/tb.sv(12): 'ibex_icache_env_pkg' is not declared
[ERROR (VERI-1128)] /home/rk6650/VeriTriples/malik2627research/repos_6.24/guy-cdn_hardware-formal-verification/ibex/dv/uvm/icache/dv/tb/tb.sv(13): 'ibex_icache_test_pkg' is not declared
[ERROR (VERI-1245)] /home/rk6650/VeriTriples/malik2627research/repos_6.24/guy-cdn_hardware-formal-verification/ibex/dv/uvm/icache/dv/tb/tb.sv(16): cannot open include file 'uvm_macros.svh'
[ERROR (VERI-1245)] /home/rk6650/VeriTriples/malik2627research/repos_6.24/guy-cdn_hardware-formal-verification/ibex/dv/uvm/icache/dv/tb/tb.sv(17): cannot open include file 'dv_macros.svh'
[ERROR (VERI-1128)] /home/rk6650/VeriTriples/malik2627research/repos_6.24/guy-cdn_hardware-formal-verification/ibex/dv/uvm/icache/dv/tb/tb.sv(231): 'ibex_pkg' is not declared
[ERROR (VERI-1128)] /home/rk6650/VeriTriples/malik2627research/repos_6.24/guy-cdn_hardware-formal-verification/ibex/dv/uvm/icache/dv/tb/tb.sv(31): 'BUS_SIZE' is not declared
[ERROR (VERI-1128)] /home/rk6650/VeriTriples/malik2627research/repos_6.24/guy-cdn_hardware-formal-verification/ibex/dv/uvm/icache/dv/tb/tb.sv(31): 'BUS_SIZE' is not declared
[ERROR (VERI-1128)] /home/rk6650/VeriTriples/malik2627research/repos_6.24/guy-cdn_hardware-formal-verification/ibex/dv/uvm/icache/dv/tb/tb.sv(32): 'IC_LINE_BEATS' is not declared
[ERROR (VERI-1128)] /home/rk6650/VeriTriples/malik2627research/repos_6.24/guy-cdn_hardware-formal-verification/ibex/dv/uvm/icache/dv/tb/tb.sv(33): 'IC_TAG_SIZE' is not declared
[ERROR (VERI-1128)] /home/rk6650/VeriTriples/malik2627research/repos_6.24/guy-cdn_hardware-formal-verification/ibex/dv/uvm/icache/dv/tb/tb.sv(33): 'IC_TAG_SIZE' is not declared
[ERROR (VERI-1128)] /home/rk6650/VeriTriples/malik2627research/repos_6.24/guy-cdn_hardware-formal-verification/ibex/dv/uvm/icache/dv/tb/tb.sv(45): 'SCRAMBLE_KEY_W' is not declared
[ERROR (VERI-1952)] /home/rk6650/VeriTriples/malik2627research/repos_6.24/guy-cdn_hardware-formal-verification/ibex/dv/uvm/icache/dv/tb/tb.sv(45): range must be bounded by constant expressions
[ERROR (VERI-1128)] /home/rk6650/VeriTriples/malik2627research/repos_6.24/guy-cdn_hardware-formal-verification/ibex/dv/uvm/icache/dv/tb/tb.sv(46): 'SCRAMBLE_NONCE_W' is not declared
[ERROR (VERI-1952)] /home/rk6650/VeriTriples/malik2627research/repos_6.24/guy-cdn_hardware-formal-verification/ibex/dv/uvm/icache/dv/tb/tb.sv(46): range must be bounded by constant expressions
[ERROR (VERI-1128)] /home/rk6650/VeriTriples/malik2627research/repos_6.24/guy-cdn_hardware-formal-verification/ibex/dv/uvm/icache/dv/tb/tb.sv(132): 'IC_NUM_WAYS' is not declared
[ERROR (VERI-1128)] /home/rk6650/VeriTriples/malik2627research/repos_6.24/guy-cdn_hardware-formal-verification/ibex/dv/uvm/icache/dv/tb/tb.sv(136): 'IC_NUM_LINES' is not declared
[INFO (VMSG-1000)] Too many errors. Further error messages will be suppressed.
Summary of errors detected:
	[ERROR (VERI-1128)] /home/rk6650/VeriTriples/malik2627research/repos_6.24/guy-cdn_hardware-formal-verification/ibex/dv/uvm/icache/dv/tb/tb.sv(5): 'ibex_pkg' is not declared
	[ERROR (VERI-1128)] /home/rk6650/VeriTriples/malik2627research/repos_6.24/guy-cdn_hardware-formal-verification/ibex/dv/uvm/icache/dv/tb/tb.sv(10): 'uvm_pkg' is not declared
	[ERROR (VERI-1128)] /home/rk6650/VeriTriples/malik2627research/repos_6.24/guy-cdn_hardware-formal-verification/ibex/dv/uvm/icache/dv/tb/tb.sv(11): 'dv_utils_pkg' is not declared
	[ERROR (VERI-1128)] /home/rk6650/VeriTriples/malik2627research/repos_6.24/guy-cdn_hardware-formal-verification/ibex/dv/uvm/icache/dv/tb/tb.sv(12): 'ibex_icache_env_pkg' is not declared
	[ERROR (VERI-1128)] /home/rk6650/VeriTriples/malik2627research/repos_6.24/guy-cdn_hardware-formal-verification/ibex/dv/uvm/icache/dv/tb/tb.sv(13): 'ibex_icache_test_pkg' is not declared
	[ERROR (VERI-1245)] /home/rk6650/VeriTriples/malik2627research/repos_6.24/guy-cdn_hardware-formal-verification/ibex/dv/uvm/icache/dv/tb/tb.sv(16): cannot open include file 'uvm_macros.svh'
	[ERROR (VERI-1245)] /home/rk6650/VeriTriples/malik2627research/repos_6.24/guy-cdn_hardware-formal-verification/ibex/dv/uvm/icache/dv/tb/tb.sv(17): cannot open include file 'dv_macros.svh'
	[ERROR (VERI-1128)] /home/rk6650/VeriTriples/malik2627research/repos_6.24/guy-cdn_hardware-formal-verification/ibex/dv/uvm/icache/dv/tb/tb.sv(231): 'ibex_pkg' is not declared
	[ERROR (VERI-1128)] /home/rk6650/VeriTriples/malik2627research/repos_6.24/guy-cdn_hardware-formal-verification/ibex/dv/uvm/icache/dv/tb/tb.sv(31): 'BUS_SIZE' is not declared
	[ERROR (VERI-1128)] /home/rk6650/VeriTriples/malik2627research/repos_6.24/guy-cdn_hardware-formal-verification/ibex/dv/uvm/icache/dv/tb/tb.sv(31): 'BUS_SIZE' is not declared
	[ERROR (VERI-1128)] /home/rk6650/VeriTriples/malik2627research/repos_6.24/guy-cdn_hardware-formal-verification/ibex/dv/uvm/icache/dv/tb/tb.sv(32): 'IC_LINE_BEATS' is not declared
	[ERROR (VERI-1128)] /home/rk6650/VeriTriples/malik2627research/repos_6.24/guy-cdn_hardware-formal-verification/ibex/dv/uvm/icache/dv/tb/tb.sv(33): 'IC_TAG_SIZE' is not declared
	[ERROR (VERI-1128)] /home/rk6650/VeriTriples/malik2627research/repos_6.24/guy-cdn_hardware-formal-verification/ibex/dv/uvm/icache/dv/tb/tb.sv(33): 'IC_TAG_SIZE' is not declared
	[ERROR (VERI-1128)] /home/rk6650/VeriTriples/malik2627research/repos_6.24/guy-cdn_hardware-formal-verification/ibex/dv/uvm/icache/dv/tb/tb.sv(45): 'SCRAMBLE_KEY_W' is not declared
	[ERROR (VERI-1952)] /home/rk6650/VeriTriples/malik2627research/repos_6.24/guy-cdn_hardware-formal-verification/ibex/dv/uvm/icache/dv/tb/tb.sv(45): range must be bounded by constant expressions
	[ERROR (VERI-1128)] /home/rk6650/VeriTriples/malik2627research/repos_6.24/guy-cdn_hardware-formal-verification/ibex/dv/uvm/icache/dv/tb/tb.sv(46): 'SCRAMBLE_NONCE_W' is not declared
	[ERROR (VERI-1952)] /home/rk6650/VeriTriples/malik2627research/repos_6.24/guy-cdn_hardware-formal-verification/ibex/dv/uvm/icache/dv/tb/tb.sv(46): range must be bounded by constant expressions
	[ERROR (VERI-1128)] /home/rk6650/VeriTriples/malik2627research/repos_6.24/guy-cdn_hardware-formal-verification/ibex/dv/uvm/icache/dv/tb/tb.sv(132): 'IC_NUM_WAYS' is not declared
	[ERROR (VERI-1128)] /home/rk6650/VeriTriples/malik2627research/repos_6.24/guy-cdn_hardware-formal-verification/ibex/dv/uvm/icache/dv/tb/tb.sv(136): 'IC_NUM_LINES' is not declared
1
% 
% catch { analyze -sv -incdir /home/rk6650/VeriTriples/malik2627research/repos_6.24/guy-cdn_hardware-formal-verification/ibex/dv/uvm/core_ibex/riscv_dv_extension -incdir /home/rk6650/VeriTriples/malik2627research -incdir /home/rk6650/VeriTriples/malik2627research/assignments/assignment01 -incdir /home/rk6650/VeriTriples/malik2627research/assignments/assignment02/auxiliary -incdir /home/rk6650/VeriTriples/malik2627research/assignments/assignment02/traffic-lights -incdir /home/rk6650/VeriTriples/malik2627research/assignments/assignment04/question01 -incdir /home/rk6650/VeriTriples/malik2627research/assignments/assignment05/9-puzzle -incdir /home/rk6650/VeriTriples/malik2627research/assignments/assignment05/liveness-to-safety -incdir /home/rk6650/VeriTriples/malik2627research/assignments/assignment06/question03 -incdir /home/rk6650/VeriTriples/malik2627research/assignments/assignment07/question02 -incdir /home/rk6650/VeriTriples/malik2627research/ibex/dv/cosim -incdir /home/rk6650/VeriTriples/malik2627research/ibex/dv/riscv_compliance/rtl -incdir /home/rk6650/VeriTriples/malik2627research/ibex/dv/uvm/core_ibex/common -incdir /home/rk6650/VeriTriples/malik2627research/ibex/dv/uvm/core_ibex/common/ibex_cosim_agent -incdir /home/rk6650/VeriTriples/malik2627research/ibex/dv/uvm/core_ibex/common/prim -incdir /home/rk6650/VeriTriples/malik2627research/ibex/dv/uvm/core_ibex/fcov -incdir /home/rk6650/VeriTriples/malik2627research/ibex/dv/uvm/core_ibex/riscv_dv_extension -incdir /home/rk6650/VeriTriples/malik2627research/ibex/dv/uvm/core_ibex/tb -incdir /home/rk6650/VeriTriples/malik2627research/ibex/dv/uvm/icache/dv/tb -incdir /home/rk6650/VeriTriples/malik2627research/ibex/dv/verilator/simple_system_cosim -incdir /home/rk6650/VeriTriples/malik2627research/ibex/examples/simple_system/rtl -incdir /home/rk6650/VeriTriples/malik2627research/ibex/formal/data_ind_timing /home/rk6650/VeriTriples/malik2627research/repos_6.24/guy-cdn_hardware-formal-verification/assignments/assignment06/question03/load_store.sv }
[-- (VERI-1482)] Analyzing Verilog file '/home/rk6650/VeriTriples/malik2627research/repos_6.24/guy-cdn_hardware-formal-verification/assignments/assignment06/question03/load_store.sv'
[ERROR (VERI-1137)] /home/rk6650/VeriTriples/malik2627research/repos_6.24/guy-cdn_hardware-formal-verification/assignments/assignment06/question03/load_store.sv(15): syntax error near '<'
[ERROR (VERI-1072)] /home/rk6650/VeriTriples/malik2627research/repos_6.24/guy-cdn_hardware-formal-verification/assignments/assignment06/question03/load_store.sv(17): module 'load_store_prop' ignored due to previous errors
Summary of errors detected:
	[ERROR (VERI-1137)] /home/rk6650/VeriTriples/malik2627research/repos_6.24/guy-cdn_hardware-formal-verification/assignments/assignment06/question03/load_store.sv(15): syntax error near '<'
	[ERROR (VERI-1072)] /home/rk6650/VeriTriples/malik2627research/repos_6.24/guy-cdn_hardware-formal-verification/assignments/assignment06/question03/load_store.sv(17): module 'load_store_prop' ignored due to previous errors
1
% catch { analyze -sv -incdir /home/rk6650/VeriTriples/malik2627research/repos_6.24/guy-cdn_hardware-formal-verification/ibex/dv/uvm/core_ibex/riscv_dv_extension -incdir /home/rk6650/VeriTriples/malik2627research -incdir /home/rk6650/VeriTriples/malik2627research/assignments/assignment01 -incdir /home/rk6650/VeriTriples/malik2627research/assignments/assignment02/auxiliary -incdir /home/rk6650/VeriTriples/malik2627research/assignments/assignment02/traffic-lights -incdir /home/rk6650/VeriTriples/malik2627research/assignments/assignment04/question01 -incdir /home/rk6650/VeriTriples/malik2627research/assignments/assignment05/9-puzzle -incdir /home/rk6650/VeriTriples/malik2627research/assignments/assignment05/liveness-to-safety -incdir /home/rk6650/VeriTriples/malik2627research/assignments/assignment06/question03 -incdir /home/rk6650/VeriTriples/malik2627research/assignments/assignment07/question02 -incdir /home/rk6650/VeriTriples/malik2627research/ibex/dv/cosim -incdir /home/rk6650/VeriTriples/malik2627research/ibex/dv/riscv_compliance/rtl -incdir /home/rk6650/VeriTriples/malik2627research/ibex/dv/uvm/core_ibex/common -incdir /home/rk6650/VeriTriples/malik2627research/ibex/dv/uvm/core_ibex/common/ibex_cosim_agent -incdir /home/rk6650/VeriTriples/malik2627research/ibex/dv/uvm/core_ibex/common/prim -incdir /home/rk6650/VeriTriples/malik2627research/ibex/dv/uvm/core_ibex/fcov -incdir /home/rk6650/VeriTriples/malik2627research/ibex/dv/uvm/core_ibex/riscv_dv_extension -incdir /home/rk6650/VeriTriples/malik2627research/ibex/dv/uvm/core_ibex/tb -incdir /home/rk6650/VeriTriples/malik2627research/ibex/dv/uvm/icache/dv/tb -incdir /home/rk6650/VeriTriples/malik2627research/ibex/dv/verilator/simple_system_cosim -incdir /home/rk6650/VeriTriples/malik2627research/ibex/examples/simple_system/rtl -incdir /home/rk6650/VeriTriples/malik2627research/ibex/formal/data_ind_timing /home/rk6650/VeriTriples/malik2627research/repos_6.24/guy-cdn_hardware-formal-verification/assignments/assignment01/pac-man.v }
[-- (VERI-1482)] Analyzing Verilog file '/home/rk6650/VeriTriples/malik2627research/repos_6.24/guy-cdn_hardware-formal-verification/assignments/assignment01/pac-man.v'
[WARN (VERI-1206)] /home/rk6650/VeriTriples/malik2627research/repos_6.24/guy-cdn_hardware-formal-verification/assignments/assignment01/pac-man.v(151): overwriting previous definition of module 'pacman'
[INFO (VERI-2142)] /home/rk6650/VeriTriples/malik2627research/repos_6.24/guy-cdn_hardware-formal-verification/assignments/assignment01/pac-man.v(151): previous definition of design element 'pacman' is here
0
% catch { analyze -sv -incdir /home/rk6650/VeriTriples/malik2627research/repos_6.24/guy-cdn_hardware-formal-verification/ibex/dv/uvm/core_ibex/riscv_dv_extension -incdir /home/rk6650/VeriTriples/malik2627research -incdir /home/rk6650/VeriTriples/malik2627research/assignments/assignment01 -incdir /home/rk6650/VeriTriples/malik2627research/assignments/assignment02/auxiliary -incdir /home/rk6650/VeriTriples/malik2627research/assignments/assignment02/traffic-lights -incdir /home/rk6650/VeriTriples/malik2627research/assignments/assignment04/question01 -incdir /home/rk6650/VeriTriples/malik2627research/assignments/assignment05/9-puzzle -incdir /home/rk6650/VeriTriples/malik2627research/assignments/assignment05/liveness-to-safety -incdir /home/rk6650/VeriTriples/malik2627research/assignments/assignment06/question03 -incdir /home/rk6650/VeriTriples/malik2627research/assignments/assignment07/question02 -incdir /home/rk6650/VeriTriples/malik2627research/ibex/dv/cosim -incdir /home/rk6650/VeriTriples/malik2627research/ibex/dv/riscv_compliance/rtl -incdir /home/rk6650/VeriTriples/malik2627research/ibex/dv/uvm/core_ibex/common -incdir /home/rk6650/VeriTriples/malik2627research/ibex/dv/uvm/core_ibex/common/ibex_cosim_agent -incdir /home/rk6650/VeriTriples/malik2627research/ibex/dv/uvm/core_ibex/common/prim -incdir /home/rk6650/VeriTriples/malik2627research/ibex/dv/uvm/core_ibex/fcov -incdir /home/rk6650/VeriTriples/malik2627research/ibex/dv/uvm/core_ibex/riscv_dv_extension -incdir /home/rk6650/VeriTriples/malik2627research/ibex/dv/uvm/core_ibex/tb -incdir /home/rk6650/VeriTriples/malik2627research/ibex/dv/uvm/icache/dv/tb -incdir /home/rk6650/VeriTriples/malik2627research/ibex/dv/verilator/simple_system_cosim -incdir /home/rk6650/VeriTriples/malik2627research/ibex/examples/simple_system/rtl -incdir /home/rk6650/VeriTriples/malik2627research/ibex/formal/data_ind_timing /home/rk6650/VeriTriples/malik2627research/repos_6.24/guy-cdn_hardware-formal-verification/assignments/assignment05/liveness-to-safety/test.v }
[-- (VERI-1482)] Analyzing Verilog file '/home/rk6650/VeriTriples/malik2627research/repos_6.24/guy-cdn_hardware-formal-verification/assignments/assignment05/liveness-to-safety/test.v'
[ERROR (VERI-2283)] /home/rk6650/VeriTriples/malik2627research/repos_6.24/guy-cdn_hardware-formal-verification/assignments/assignment05/liveness-to-safety/test.v(24): operator always is not allowed in a 2005 SystemVerilog mode
[ERROR (VERI-1072)] /home/rk6650/VeriTriples/malik2627research/repos_6.24/guy-cdn_hardware-formal-verification/assignments/assignment05/liveness-to-safety/test.v(26): module 'top' ignored due to previous errors
Summary of errors detected:
	[ERROR (VERI-2283)] /home/rk6650/VeriTriples/malik2627research/repos_6.24/guy-cdn_hardware-formal-verification/assignments/assignment05/liveness-to-safety/test.v(24): operator always is not allowed in a 2005 SystemVerilog mode
	[ERROR (VERI-1072)] /home/rk6650/VeriTriples/malik2627research/repos_6.24/guy-cdn_hardware-formal-verification/assignments/assignment05/liveness-to-safety/test.v(26): module 'top' ignored due to previous errors
1
% 
% 
%             if {[catch {elaborate -top test} err]} {
            puts "ELAB ERROR: $err"
            exit
            }
INFO (ISW003): Top module name is "test".
[ERROR (VERI-2094)] /home/rk6650/VeriTriples/malik2627research/repos_6.24/guy-cdn_hardware-formal-verification/assignments/assignment02/auxiliary/props.v(7): target top could not be found; bind is not performed
[ERROR (VDB-9017)] Module test could not be elaborated
Summary of errors detected:
	[ERROR (VERI-2094)] /home/rk6650/VeriTriples/malik2627research/repos_6.24/guy-cdn_hardware-formal-verification/assignments/assignment02/auxiliary/props.v(7): target top could not be found; bind is not performed
	[ERROR (VDB-9017)] Module test could not be elaborated
ELAB ERROR: ERROR (ENL034): 2 errors detected in the design file(s).

% INFO (IPL005): Received request to exit from the console.
INFO (IPL018): The peak resident set memory use for this session was 0.416 GB.
INFO (IPL014): Waiting for the Tcl-thread to exit.
INFO (IPL015): The Tcl-thread exited with status 0.
INFO (IPL016): Exiting the analysis session with status 0.
