JasperGold Apps 2021.03 FCS 64 bits 2021.03.23 02:50:43 UTC

Any disclosure about the Cadence Design Systems software or its use
model to any third party violates the written Non-Disclosure Agreement
between Cadence Design Systems, Inc. and the customer.

THIS SOFTWARE CONTAINS CONFIDENTIAL INFORMATION AND TRADE SECRETS OF
CADENCE DESIGN SYSTEMS, INC. USE, DISCLOSURE, OR REPRODUCTION IS
PROHIBITED WITHOUT THE PRIOR EXPRESS WRITTEN PERMISSION OF CADENCE
DESIGN SYSTEMS, INC.

Copyright (C) 2000-2021 Cadence Design Systems, Inc. All Rights
Reserved.  Unpublished -- rights reserved under the copyright laws of
the United States.

This product includes software developed by others and redistributed
according to license agreement. See doc/third_party_readme.txt for
further details.

RESTRICTED RIGHTS LEGEND

Use, duplication, or disclosure by the Government is subject to
restrictions as set forth in subparagraph (c) (1) (ii) of the Rights in
Technical Data and Computer Software clause at DFARS 252.227-7013 or
subparagraphs (c) (1) and (2) of Commercial Computer Software -- Restricted
Rights at 48 CFR 52.227-19, as applicable.


                          Cadence Design Systems, Inc. 
                          2655 Seely Avenue
                          San Jose, CA 95134
                          Phone: 408.943.1234

For technical assistance visit http://support.cadence.com.

JasperGold Apps Analysis Session - /home/rk6650/VeriTriples/malik2627research/repos_6.24/AsFigo_ft_sva_BenCohen/jgproject/sessionLogs/session_0

INFO: successfully checked out license "jasper_fao".
INFO: reading configuration file "/home/rk6650/.config/jasper/jaspergold.conf".
% clear -all
INFO (IPF121): Cleared environment completely for new design analysis.
% 
% catch { analyze -sv -incdir /home/rk6650/VeriTriples/malik2627research -incdir /home/rk6650/VeriTriples/malik2627research/fast_sva/ch1 -incdir /home/rk6650/VeriTriples/malik2627research/fast_sva/ch10 -incdir /home/rk6650/VeriTriples/malik2627research/fast_sva/ch10/Parking_lot_original -incdir /home/rk6650/VeriTriples/malik2627research/fast_sva/ch2 -incdir /home/rk6650/VeriTriples/malik2627research/fast_sva/ch3 -incdir /home/rk6650/VeriTriples/malik2627research/fast_sva/ch4 -incdir /home/rk6650/VeriTriples/malik2627research/fast_sva/ch5 -incdir /home/rk6650/VeriTriples/malik2627research/fast_sva/ch6 -incdir /home/rk6650/VeriTriples/malik2627research/fast_sva/ch7 -incdir /home/rk6650/VeriTriples/malik2627research/fast_sva/ch8 /home/rk6650/VeriTriples/malik2627research/repos_6.24/AsFigo_ft_sva_BenCohen/fast_sva/ch10/Parking_lot_original/orig_plot.sv }
[-- (VERI-1482)] Analyzing Verilog file '/usr/licensed/cadence-20210126/jasper_2021.03/lib/verilog/packages/std/std.sv' into library 'std'
[-- (VERI-1482)] Analyzing Verilog file '/home/rk6650/VeriTriples/malik2627research/repos_6.24/AsFigo_ft_sva_BenCohen/fast_sva/ch10/Parking_lot_original/orig_plot.sv'
[ERROR (VERI-1137)] /home/rk6650/VeriTriples/malik2627research/repos_6.24/AsFigo_ft_sva_BenCohen/fast_sva/ch10/Parking_lot_original/orig_plot.sv(45): syntax error near 'gate_status'
[ERROR (VERI-1137)] /home/rk6650/VeriTriples/malik2627research/repos_6.24/AsFigo_ft_sva_BenCohen/fast_sva/ch10/Parking_lot_original/orig_plot.sv(49): syntax error near 'gate_override'
[ERROR (VERI-1137)] /home/rk6650/VeriTriples/malik2627research/repos_6.24/AsFigo_ft_sva_BenCohen/fast_sva/ch10/Parking_lot_original/orig_plot.sv(50): syntax error near 'counter_cntrl'
[WARN (VERI-1759)] /home/rk6650/VeriTriples/malik2627research/repos_6.24/AsFigo_ft_sva_BenCohen/fast_sva/ch10/Parking_lot_original/orig_plot.sv(50): empty modport port declaration violates IEEE 1800 syntax
[ERROR (VERI-1072)] /home/rk6650/VeriTriples/malik2627research/repos_6.24/AsFigo_ft_sva_BenCohen/fast_sva/ch10/Parking_lot_original/orig_plot.sv(51): interface 'parking_structure_if' ignored due to previous errors
[ERROR (VERI-1137)] /home/rk6650/VeriTriples/malik2627research/repos_6.24/AsFigo_ft_sva_BenCohen/fast_sva/ch10/Parking_lot_original/orig_plot.sv(80): syntax error near 'parking_full_to_count_chk'
[ERROR (VERI-1137)] /home/rk6650/VeriTriples/malik2627research/repos_6.24/AsFigo_ft_sva_BenCohen/fast_sva/ch10/Parking_lot_original/orig_plot.sv(91): syntax error near 'assert'
[ERROR (VERI-2344)] /home/rk6650/VeriTriples/malik2627research/repos_6.24/AsFigo_ft_sva_BenCohen/fast_sva/ch10/Parking_lot_original/orig_plot.sv(91): SystemVerilog 2005 keyword assert used in incorrect context
[ERROR (VERI-1116)] /home/rk6650/VeriTriples/malik2627research/repos_6.24/AsFigo_ft_sva_BenCohen/fast_sva/ch10/Parking_lot_original/orig_plot.sv(91): 'gate_open_status_chk' is already declared
[INFO (VERI-1967)] /home/rk6650/VeriTriples/malik2627research/repos_6.24/AsFigo_ft_sva_BenCohen/fast_sva/ch10/Parking_lot_original/orig_plot.sv(87): previous declaration of 'gate_open_status_chk' is from here
[ERROR (VERI-1137)] /home/rk6650/VeriTriples/malik2627research/repos_6.24/AsFigo_ft_sva_BenCohen/fast_sva/ch10/Parking_lot_original/orig_plot.sv(93): syntax error near 'property'
[ERROR (VERI-2344)] /home/rk6650/VeriTriples/malik2627research/repos_6.24/AsFigo_ft_sva_BenCohen/fast_sva/ch10/Parking_lot_original/orig_plot.sv(93): SystemVerilog 2005 keyword property used in incorrect context
[ERROR (VERI-1252)] /home/rk6650/VeriTriples/malik2627research/repos_6.24/AsFigo_ft_sva_BenCohen/fast_sva/ch10/Parking_lot_original/orig_plot.sv(96): mismatch in closing label 'gate_closed_status_chk'; expected '<unnamed>'
[ERROR (VERI-1137)] /home/rk6650/VeriTriples/malik2627research/repos_6.24/AsFigo_ft_sva_BenCohen/fast_sva/ch10/Parking_lot_original/orig_plot.sv(97): syntax error near 'gate_closed_status_chk'
[ERROR (VERI-1137)] /home/rk6650/VeriTriples/malik2627research/repos_6.24/AsFigo_ft_sva_BenCohen/fast_sva/ch10/Parking_lot_original/orig_plot.sv(100): syntax error near '_change_chk'
[ERROR (VERI-1137)] /home/rk6650/VeriTriples/malik2627research/repos_6.24/AsFigo_ft_sva_BenCohen/fast_sva/ch10/Parking_lot_original/orig_plot.sv(101): syntax error near ')'
[ERROR (VERI-1137)] /home/rk6650/VeriTriples/malik2627research/repos_6.24/AsFigo_ft_sva_BenCohen/fast_sva/ch10/Parking_lot_original/orig_plot.sv(102): syntax error near '=='
[ERROR (VERI-1137)] /home/rk6650/VeriTriples/malik2627research/repos_6.24/AsFigo_ft_sva_BenCohen/fast_sva/ch10/Parking_lot_original/orig_plot.sv(103): syntax error near '&&'
[ERROR (VERI-1137)] /home/rk6650/VeriTriples/malik2627research/repos_6.24/AsFigo_ft_sva_BenCohen/fast_sva/ch10/Parking_lot_original/orig_plot.sv(103): syntax error near ')'
[ERROR (VERI-1137)] /home/rk6650/VeriTriples/malik2627research/repos_6.24/AsFigo_ft_sva_BenCohen/fast_sva/ch10/Parking_lot_original/orig_plot.sv(104): syntax error near '||'
[ERROR (VERI-1137)] /home/rk6650/VeriTriples/malik2627research/repos_6.24/AsFigo_ft_sva_BenCohen/fast_sva/ch10/Parking_lot_original/orig_plot.sv(104): syntax error near ')'
[INFO (VMSG-1000)] Too many errors. Further error messages will be suppressed.
Summary of errors detected:
	[ERROR (VERI-1137)] /home/rk6650/VeriTriples/malik2627research/repos_6.24/AsFigo_ft_sva_BenCohen/fast_sva/ch10/Parking_lot_original/orig_plot.sv(45): syntax error near 'gate_status'
	[ERROR (VERI-1137)] /home/rk6650/VeriTriples/malik2627research/repos_6.24/AsFigo_ft_sva_BenCohen/fast_sva/ch10/Parking_lot_original/orig_plot.sv(49): syntax error near 'gate_override'
	[ERROR (VERI-1137)] /home/rk6650/VeriTriples/malik2627research/repos_6.24/AsFigo_ft_sva_BenCohen/fast_sva/ch10/Parking_lot_original/orig_plot.sv(50): syntax error near 'counter_cntrl'
	[ERROR (VERI-1072)] /home/rk6650/VeriTriples/malik2627research/repos_6.24/AsFigo_ft_sva_BenCohen/fast_sva/ch10/Parking_lot_original/orig_plot.sv(51): interface 'parking_structure_if' ignored due to previous errors
	[ERROR (VERI-1137)] /home/rk6650/VeriTriples/malik2627research/repos_6.24/AsFigo_ft_sva_BenCohen/fast_sva/ch10/Parking_lot_original/orig_plot.sv(80): syntax error near 'parking_full_to_count_chk'
	[ERROR (VERI-1137)] /home/rk6650/VeriTriples/malik2627research/repos_6.24/AsFigo_ft_sva_BenCohen/fast_sva/ch10/Parking_lot_original/orig_plot.sv(91): syntax error near 'assert'
	[ERROR (VERI-2344)] /home/rk6650/VeriTriples/malik2627research/repos_6.24/AsFigo_ft_sva_BenCohen/fast_sva/ch10/Parking_lot_original/orig_plot.sv(91): SystemVerilog 2005 keyword assert used in incorrect context
	[ERROR (VERI-1116)] /home/rk6650/VeriTriples/malik2627research/repos_6.24/AsFigo_ft_sva_BenCohen/fast_sva/ch10/Parking_lot_original/orig_plot.sv(91): 'gate_open_status_chk' is already declared
	[ERROR (VERI-1137)] /home/rk6650/VeriTriples/malik2627research/repos_6.24/AsFigo_ft_sva_BenCohen/fast_sva/ch10/Parking_lot_original/orig_plot.sv(93): syntax error near 'property'
	[ERROR (VERI-2344)] /home/rk6650/VeriTriples/malik2627research/repos_6.24/AsFigo_ft_sva_BenCohen/fast_sva/ch10/Parking_lot_original/orig_plot.sv(93): SystemVerilog 2005 keyword property used in incorrect context
	[ERROR (VERI-1252)] /home/rk6650/VeriTriples/malik2627research/repos_6.24/AsFigo_ft_sva_BenCohen/fast_sva/ch10/Parking_lot_original/orig_plot.sv(96): mismatch in closing label 'gate_closed_status_chk'; expected '<unnamed>'
	[ERROR (VERI-1137)] /home/rk6650/VeriTriples/malik2627research/repos_6.24/AsFigo_ft_sva_BenCohen/fast_sva/ch10/Parking_lot_original/orig_plot.sv(97): syntax error near 'gate_closed_status_chk'
	[ERROR (VERI-1137)] /home/rk6650/VeriTriples/malik2627research/repos_6.24/AsFigo_ft_sva_BenCohen/fast_sva/ch10/Parking_lot_original/orig_plot.sv(100): syntax error near '_change_chk'
	[ERROR (VERI-1137)] /home/rk6650/VeriTriples/malik2627research/repos_6.24/AsFigo_ft_sva_BenCohen/fast_sva/ch10/Parking_lot_original/orig_plot.sv(101): syntax error near ')'
	[ERROR (VERI-1137)] /home/rk6650/VeriTriples/malik2627research/repos_6.24/AsFigo_ft_sva_BenCohen/fast_sva/ch10/Parking_lot_original/orig_plot.sv(102): syntax error near '=='
	[ERROR (VERI-1137)] /home/rk6650/VeriTriples/malik2627research/repos_6.24/AsFigo_ft_sva_BenCohen/fast_sva/ch10/Parking_lot_original/orig_plot.sv(103): syntax error near '&&'
	[ERROR (VERI-1137)] /home/rk6650/VeriTriples/malik2627research/repos_6.24/AsFigo_ft_sva_BenCohen/fast_sva/ch10/Parking_lot_original/orig_plot.sv(103): syntax error near ')'
	[ERROR (VERI-1137)] /home/rk6650/VeriTriples/malik2627research/repos_6.24/AsFigo_ft_sva_BenCohen/fast_sva/ch10/Parking_lot_original/orig_plot.sv(104): syntax error near '||'
	[ERROR (VERI-1137)] /home/rk6650/VeriTriples/malik2627research/repos_6.24/AsFigo_ft_sva_BenCohen/fast_sva/ch10/Parking_lot_original/orig_plot.sv(104): syntax error near ')'
1
% catch { analyze -sv -incdir /home/rk6650/VeriTriples/malik2627research -incdir /home/rk6650/VeriTriples/malik2627research/fast_sva/ch1 -incdir /home/rk6650/VeriTriples/malik2627research/fast_sva/ch10 -incdir /home/rk6650/VeriTriples/malik2627research/fast_sva/ch10/Parking_lot_original -incdir /home/rk6650/VeriTriples/malik2627research/fast_sva/ch2 -incdir /home/rk6650/VeriTriples/malik2627research/fast_sva/ch3 -incdir /home/rk6650/VeriTriples/malik2627research/fast_sva/ch4 -incdir /home/rk6650/VeriTriples/malik2627research/fast_sva/ch5 -incdir /home/rk6650/VeriTriples/malik2627research/fast_sva/ch6 -incdir /home/rk6650/VeriTriples/malik2627research/fast_sva/ch7 -incdir /home/rk6650/VeriTriples/malik2627research/fast_sva/ch8 /home/rk6650/VeriTriples/malik2627research/repos_6.24/AsFigo_ft_sva_BenCohen/fast_sva/ch4/dynamic_dly_rpt.sv }
[-- (VERI-1482)] Analyzing Verilog file '/home/rk6650/VeriTriples/malik2627research/repos_6.24/AsFigo_ft_sva_BenCohen/fast_sva/ch4/dynamic_dly_rpt.sv'
[ERROR (VERI-1128)] /home/rk6650/VeriTriples/malik2627research/repos_6.24/AsFigo_ft_sva_BenCohen/fast_sva/ch4/dynamic_dly_rpt.sv(99): 'uvm_pkg' is not declared
[ERROR (VERI-1245)] /home/rk6650/VeriTriples/malik2627research/repos_6.24/AsFigo_ft_sva_BenCohen/fast_sva/ch4/dynamic_dly_rpt.sv(99): cannot open include file 'uvm_macros.svh'
[ERROR (VERI-1158)] /home/rk6650/VeriTriples/malik2627research/repos_6.24/AsFigo_ft_sva_BenCohen/fast_sva/ch4/dynamic_dly_rpt.sv(216): use of undefined macro 'uvm_error'
[ERROR (VERI-1137)] /home/rk6650/VeriTriples/malik2627research/repos_6.24/AsFigo_ft_sva_BenCohen/fast_sva/ch4/dynamic_dly_rpt.sv(216): syntax error near '('
[ERROR (VERI-1137)] /home/rk6650/VeriTriples/malik2627research/repos_6.24/AsFigo_ft_sva_BenCohen/fast_sva/ch4/dynamic_dly_rpt.sv(225): syntax error near '('
[ERROR (VERI-1137)] /home/rk6650/VeriTriples/malik2627research/repos_6.24/AsFigo_ft_sva_BenCohen/fast_sva/ch4/dynamic_dly_rpt.sv(233): syntax error near '('
[ERROR (VERI-1072)] /home/rk6650/VeriTriples/malik2627research/repos_6.24/AsFigo_ft_sva_BenCohen/fast_sva/ch4/dynamic_dly_rpt.sv(237): module 'top' ignored due to previous errors
Summary of errors detected:
	[ERROR (VERI-1128)] /home/rk6650/VeriTriples/malik2627research/repos_6.24/AsFigo_ft_sva_BenCohen/fast_sva/ch4/dynamic_dly_rpt.sv(99): 'uvm_pkg' is not declared
	[ERROR (VERI-1245)] /home/rk6650/VeriTriples/malik2627research/repos_6.24/AsFigo_ft_sva_BenCohen/fast_sva/ch4/dynamic_dly_rpt.sv(99): cannot open include file 'uvm_macros.svh'
	[ERROR (VERI-1158)] /home/rk6650/VeriTriples/malik2627research/repos_6.24/AsFigo_ft_sva_BenCohen/fast_sva/ch4/dynamic_dly_rpt.sv(216): use of undefined macro 'uvm_error'
	[ERROR (VERI-1137)] /home/rk6650/VeriTriples/malik2627research/repos_6.24/AsFigo_ft_sva_BenCohen/fast_sva/ch4/dynamic_dly_rpt.sv(216): syntax error near '('
	[ERROR (VERI-1137)] /home/rk6650/VeriTriples/malik2627research/repos_6.24/AsFigo_ft_sva_BenCohen/fast_sva/ch4/dynamic_dly_rpt.sv(225): syntax error near '('
	[ERROR (VERI-1137)] /home/rk6650/VeriTriples/malik2627research/repos_6.24/AsFigo_ft_sva_BenCohen/fast_sva/ch4/dynamic_dly_rpt.sv(233): syntax error near '('
	[ERROR (VERI-1072)] /home/rk6650/VeriTriples/malik2627research/repos_6.24/AsFigo_ft_sva_BenCohen/fast_sva/ch4/dynamic_dly_rpt.sv(237): module 'top' ignored due to previous errors
1
% 
% catch { analyze -sv -incdir /home/rk6650/VeriTriples/malik2627research -incdir /home/rk6650/VeriTriples/malik2627research/fast_sva/ch1 -incdir /home/rk6650/VeriTriples/malik2627research/fast_sva/ch10 -incdir /home/rk6650/VeriTriples/malik2627research/fast_sva/ch10/Parking_lot_original -incdir /home/rk6650/VeriTriples/malik2627research/fast_sva/ch2 -incdir /home/rk6650/VeriTriples/malik2627research/fast_sva/ch3 -incdir /home/rk6650/VeriTriples/malik2627research/fast_sva/ch4 -incdir /home/rk6650/VeriTriples/malik2627research/fast_sva/ch5 -incdir /home/rk6650/VeriTriples/malik2627research/fast_sva/ch6 -incdir /home/rk6650/VeriTriples/malik2627research/fast_sva/ch7 -incdir /home/rk6650/VeriTriples/malik2627research/fast_sva/ch8 /home/rk6650/VeriTriples/malik2627research/repos_6.24/AsFigo_ft_sva_BenCohen/fast_sva/ch10/Parking_lot_original/orig_slave_handshake.sv }
[-- (VERI-1482)] Analyzing Verilog file '/home/rk6650/VeriTriples/malik2627research/repos_6.24/AsFigo_ft_sva_BenCohen/fast_sva/ch10/Parking_lot_original/orig_slave_handshake.sv'
[ERROR (VERI-1137)] /home/rk6650/VeriTriples/malik2627research/repos_6.24/AsFigo_ft_sva_BenCohen/fast_sva/ch10/Parking_lot_original/orig_slave_handshake.sv(92): syntax error near '|->'
[ERROR (VERI-1137)] /home/rk6650/VeriTriples/malik2627research/repos_6.24/AsFigo_ft_sva_BenCohen/fast_sva/ch10/Parking_lot_original/orig_slave_handshake.sv(93): syntax error near 'else'
[ERROR (VERI-2344)] /home/rk6650/VeriTriples/malik2627research/repos_6.24/AsFigo_ft_sva_BenCohen/fast_sva/ch10/Parking_lot_original/orig_slave_handshake.sv(93): SystemVerilog 2005 keyword else used in incorrect context
[ERROR (VERI-1137)] /home/rk6650/VeriTriples/malik2627research/repos_6.24/AsFigo_ft_sva_BenCohen/fast_sva/ch10/Parking_lot_original/orig_slave_handshake.sv(93): syntax error near '|->'
[ERROR (VERI-1137)] /home/rk6650/VeriTriples/malik2627research/repos_6.24/AsFigo_ft_sva_BenCohen/fast_sva/ch10/Parking_lot_original/orig_slave_handshake.sv(94): syntax error near 'else'
[ERROR (VERI-2344)] /home/rk6650/VeriTriples/malik2627research/repos_6.24/AsFigo_ft_sva_BenCohen/fast_sva/ch10/Parking_lot_original/orig_slave_handshake.sv(94): SystemVerilog 2005 keyword else used in incorrect context
[ERROR (VERI-1137)] /home/rk6650/VeriTriples/malik2627research/repos_6.24/AsFigo_ft_sva_BenCohen/fast_sva/ch10/Parking_lot_original/orig_slave_handshake.sv(94): syntax error near '|->'
[ERROR (VERI-1137)] /home/rk6650/VeriTriples/malik2627research/repos_6.24/AsFigo_ft_sva_BenCohen/fast_sva/ch10/Parking_lot_original/orig_slave_handshake.sv(97): syntax error near 'endclocking'
[ERROR (VERI-2344)] /home/rk6650/VeriTriples/malik2627research/repos_6.24/AsFigo_ft_sva_BenCohen/fast_sva/ch10/Parking_lot_original/orig_slave_handshake.sv(97): SystemVerilog 2005 keyword endclocking used in incorrect context
[WARN (VERI-1763)] /home/rk6650/VeriTriples/malik2627research/repos_6.24/AsFigo_ft_sva_BenCohen/fast_sva/ch10/Parking_lot_original/orig_slave_handshake.sv(98): the sva directive is not sensitive to clock. The directive will be sampled on the posedge of the fastest clock.
[ERROR (VERI-1072)] /home/rk6650/VeriTriples/malik2627research/repos_6.24/AsFigo_ft_sva_BenCohen/fast_sva/ch10/Parking_lot_original/orig_slave_handshake.sv(155): module 'slave_handshake' ignored due to previous errors
Summary of errors detected:
	[ERROR (VERI-1137)] /home/rk6650/VeriTriples/malik2627research/repos_6.24/AsFigo_ft_sva_BenCohen/fast_sva/ch10/Parking_lot_original/orig_slave_handshake.sv(92): syntax error near '|->'
	[ERROR (VERI-1137)] /home/rk6650/VeriTriples/malik2627research/repos_6.24/AsFigo_ft_sva_BenCohen/fast_sva/ch10/Parking_lot_original/orig_slave_handshake.sv(93): syntax error near 'else'
	[ERROR (VERI-2344)] /home/rk6650/VeriTriples/malik2627research/repos_6.24/AsFigo_ft_sva_BenCohen/fast_sva/ch10/Parking_lot_original/orig_slave_handshake.sv(93): SystemVerilog 2005 keyword else used in incorrect context
	[ERROR (VERI-1137)] /home/rk6650/VeriTriples/malik2627research/repos_6.24/AsFigo_ft_sva_BenCohen/fast_sva/ch10/Parking_lot_original/orig_slave_handshake.sv(93): syntax error near '|->'
	[ERROR (VERI-1137)] /home/rk6650/VeriTriples/malik2627research/repos_6.24/AsFigo_ft_sva_BenCohen/fast_sva/ch10/Parking_lot_original/orig_slave_handshake.sv(94): syntax error near 'else'
	[ERROR (VERI-2344)] /home/rk6650/VeriTriples/malik2627research/repos_6.24/AsFigo_ft_sva_BenCohen/fast_sva/ch10/Parking_lot_original/orig_slave_handshake.sv(94): SystemVerilog 2005 keyword else used in incorrect context
	[ERROR (VERI-1137)] /home/rk6650/VeriTriples/malik2627research/repos_6.24/AsFigo_ft_sva_BenCohen/fast_sva/ch10/Parking_lot_original/orig_slave_handshake.sv(94): syntax error near '|->'
	[ERROR (VERI-1137)] /home/rk6650/VeriTriples/malik2627research/repos_6.24/AsFigo_ft_sva_BenCohen/fast_sva/ch10/Parking_lot_original/orig_slave_handshake.sv(97): syntax error near 'endclocking'
	[ERROR (VERI-2344)] /home/rk6650/VeriTriples/malik2627research/repos_6.24/AsFigo_ft_sva_BenCohen/fast_sva/ch10/Parking_lot_original/orig_slave_handshake.sv(97): SystemVerilog 2005 keyword endclocking used in incorrect context
	[ERROR (VERI-1072)] /home/rk6650/VeriTriples/malik2627research/repos_6.24/AsFigo_ft_sva_BenCohen/fast_sva/ch10/Parking_lot_original/orig_slave_handshake.sv(155): module 'slave_handshake' ignored due to previous errors
1
% catch { analyze -sv -incdir /home/rk6650/VeriTriples/malik2627research -incdir /home/rk6650/VeriTriples/malik2627research/fast_sva/ch1 -incdir /home/rk6650/VeriTriples/malik2627research/fast_sva/ch10 -incdir /home/rk6650/VeriTriples/malik2627research/fast_sva/ch10/Parking_lot_original -incdir /home/rk6650/VeriTriples/malik2627research/fast_sva/ch2 -incdir /home/rk6650/VeriTriples/malik2627research/fast_sva/ch3 -incdir /home/rk6650/VeriTriples/malik2627research/fast_sva/ch4 -incdir /home/rk6650/VeriTriples/malik2627research/fast_sva/ch5 -incdir /home/rk6650/VeriTriples/malik2627research/fast_sva/ch6 -incdir /home/rk6650/VeriTriples/malik2627research/fast_sva/ch7 -incdir /home/rk6650/VeriTriples/malik2627research/fast_sva/ch8 /home/rk6650/VeriTriples/malik2627research/repos_6.24/AsFigo_ft_sva_BenCohen/fast_sva/ch10/Parking_lot_original/slave_handshake_rtl.sv }
[-- (VERI-1482)] Analyzing Verilog file '/home/rk6650/VeriTriples/malik2627research/repos_6.24/AsFigo_ft_sva_BenCohen/fast_sva/ch10/Parking_lot_original/slave_handshake_rtl.sv'
0
% catch { analyze -sv -incdir /home/rk6650/VeriTriples/malik2627research -incdir /home/rk6650/VeriTriples/malik2627research/fast_sva/ch1 -incdir /home/rk6650/VeriTriples/malik2627research/fast_sva/ch10 -incdir /home/rk6650/VeriTriples/malik2627research/fast_sva/ch10/Parking_lot_original -incdir /home/rk6650/VeriTriples/malik2627research/fast_sva/ch2 -incdir /home/rk6650/VeriTriples/malik2627research/fast_sva/ch3 -incdir /home/rk6650/VeriTriples/malik2627research/fast_sva/ch4 -incdir /home/rk6650/VeriTriples/malik2627research/fast_sva/ch5 -incdir /home/rk6650/VeriTriples/malik2627research/fast_sva/ch6 -incdir /home/rk6650/VeriTriples/malik2627research/fast_sva/ch7 -incdir /home/rk6650/VeriTriples/malik2627research/fast_sva/ch8 /home/rk6650/VeriTriples/malik2627research/repos_6.24/AsFigo_ft_sva_BenCohen/fast_sva/ch10/Parking_lot_original/slave_handshake.sv }
[-- (VERI-1482)] Analyzing Verilog file '/home/rk6650/VeriTriples/malik2627research/repos_6.24/AsFigo_ft_sva_BenCohen/fast_sva/ch10/Parking_lot_original/slave_handshake.sv'
[WARN (VERI-1206)] /home/rk6650/VeriTriples/malik2627research/repos_6.24/AsFigo_ft_sva_BenCohen/fast_sva/ch10/Parking_lot_original/slave_handshake.sv(156): overwriting previous definition of module 'slave_handshake'
[INFO (VERI-2142)] /home/rk6650/VeriTriples/malik2627research/repos_6.24/AsFigo_ft_sva_BenCohen/fast_sva/ch10/Parking_lot_original/slave_handshake_rtl.sv(104): previous definition of design element 'slave_handshake' is here
0
% 
% catch { analyze -sv -incdir /home/rk6650/VeriTriples/malik2627research -incdir /home/rk6650/VeriTriples/malik2627research/fast_sva/ch1 -incdir /home/rk6650/VeriTriples/malik2627research/fast_sva/ch10 -incdir /home/rk6650/VeriTriples/malik2627research/fast_sva/ch10/Parking_lot_original -incdir /home/rk6650/VeriTriples/malik2627research/fast_sva/ch2 -incdir /home/rk6650/VeriTriples/malik2627research/fast_sva/ch3 -incdir /home/rk6650/VeriTriples/malik2627research/fast_sva/ch4 -incdir /home/rk6650/VeriTriples/malik2627research/fast_sva/ch5 -incdir /home/rk6650/VeriTriples/malik2627research/fast_sva/ch6 -incdir /home/rk6650/VeriTriples/malik2627research/fast_sva/ch7 -incdir /home/rk6650/VeriTriples/malik2627research/fast_sva/ch8 /home/rk6650/VeriTriples/malik2627research/repos_6.24/AsFigo_ft_sva_BenCohen/fast_sva/ch7/inferred.sv }
[-- (VERI-1482)] Analyzing Verilog file '/home/rk6650/VeriTriples/malik2627research/repos_6.24/AsFigo_ft_sva_BenCohen/fast_sva/ch7/inferred.sv'
[ERROR (VERI-2284)] /home/rk6650/VeriTriples/malik2627research/repos_6.24/AsFigo_ft_sva_BenCohen/fast_sva/ch7/inferred.sv(57): incorrect use of '$inferred_clock', it is valid only as default argument for a property, sequence or a checker
[ERROR (VERI-1072)] /home/rk6650/VeriTriples/malik2627research/repos_6.24/AsFigo_ft_sva_BenCohen/fast_sva/ch7/inferred.sv(61): module 'm' ignored due to previous errors
Summary of errors detected:
	[ERROR (VERI-2284)] /home/rk6650/VeriTriples/malik2627research/repos_6.24/AsFigo_ft_sva_BenCohen/fast_sva/ch7/inferred.sv(57): incorrect use of '$inferred_clock', it is valid only as default argument for a property, sequence or a checker
	[ERROR (VERI-1072)] /home/rk6650/VeriTriples/malik2627research/repos_6.24/AsFigo_ft_sva_BenCohen/fast_sva/ch7/inferred.sv(61): module 'm' ignored due to previous errors
1
% catch { analyze -sv -incdir /home/rk6650/VeriTriples/malik2627research -incdir /home/rk6650/VeriTriples/malik2627research/fast_sva/ch1 -incdir /home/rk6650/VeriTriples/malik2627research/fast_sva/ch10 -incdir /home/rk6650/VeriTriples/malik2627research/fast_sva/ch10/Parking_lot_original -incdir /home/rk6650/VeriTriples/malik2627research/fast_sva/ch2 -incdir /home/rk6650/VeriTriples/malik2627research/fast_sva/ch3 -incdir /home/rk6650/VeriTriples/malik2627research/fast_sva/ch4 -incdir /home/rk6650/VeriTriples/malik2627research/fast_sva/ch5 -incdir /home/rk6650/VeriTriples/malik2627research/fast_sva/ch6 -incdir /home/rk6650/VeriTriples/malik2627research/fast_sva/ch7 -incdir /home/rk6650/VeriTriples/malik2627research/fast_sva/ch8 /home/rk6650/VeriTriples/malik2627research/repos_6.24/AsFigo_ft_sva_BenCohen/fast_sva/ch3/testTrig.sv }
[-- (VERI-1482)] Analyzing Verilog file '/home/rk6650/VeriTriples/malik2627research/repos_6.24/AsFigo_ft_sva_BenCohen/fast_sva/ch3/testTrig.sv'
0
% catch { analyze -sv -incdir /home/rk6650/VeriTriples/malik2627research -incdir /home/rk6650/VeriTriples/malik2627research/fast_sva/ch1 -incdir /home/rk6650/VeriTriples/malik2627research/fast_sva/ch10 -incdir /home/rk6650/VeriTriples/malik2627research/fast_sva/ch10/Parking_lot_original -incdir /home/rk6650/VeriTriples/malik2627research/fast_sva/ch2 -incdir /home/rk6650/VeriTriples/malik2627research/fast_sva/ch3 -incdir /home/rk6650/VeriTriples/malik2627research/fast_sva/ch4 -incdir /home/rk6650/VeriTriples/malik2627research/fast_sva/ch5 -incdir /home/rk6650/VeriTriples/malik2627research/fast_sva/ch6 -incdir /home/rk6650/VeriTriples/malik2627research/fast_sva/ch7 -incdir /home/rk6650/VeriTriples/malik2627research/fast_sva/ch8 /home/rk6650/VeriTriples/malik2627research/repos_6.24/AsFigo_ft_sva_BenCohen/fast_sva/ch4/dync_rpt_dely_fv.sv }
[-- (VERI-1482)] Analyzing Verilog file '/home/rk6650/VeriTriples/malik2627research/repos_6.24/AsFigo_ft_sva_BenCohen/fast_sva/ch4/dync_rpt_dely_fv.sv'
[ERROR (VERI-1128)] /home/rk6650/VeriTriples/malik2627research/repos_6.24/AsFigo_ft_sva_BenCohen/fast_sva/ch4/dync_rpt_dely_fv.sv(3): 'uvm_pkg' is not declared
[ERROR (VERI-1245)] /home/rk6650/VeriTriples/malik2627research/repos_6.24/AsFigo_ft_sva_BenCohen/fast_sva/ch4/dync_rpt_dely_fv.sv(3): cannot open include file 'uvm_macros.svh'
[ERROR (VERI-1138)] /home/rk6650/VeriTriples/malik2627research/repos_6.24/AsFigo_ft_sva_BenCohen/fast_sva/ch4/dync_rpt_dely_fv.sv(25): unexpected EOF
[ERROR (VERI-9023)] /home/rk6650/VeriTriples/malik2627research/repos_6.24/AsFigo_ft_sva_BenCohen/fast_sva/ch4/dync_rpt_dely_fv.sv(25): previous error is within an unterminated design unit
Summary of errors detected:
	[ERROR (VERI-1128)] /home/rk6650/VeriTriples/malik2627research/repos_6.24/AsFigo_ft_sva_BenCohen/fast_sva/ch4/dync_rpt_dely_fv.sv(3): 'uvm_pkg' is not declared
	[ERROR (VERI-1245)] /home/rk6650/VeriTriples/malik2627research/repos_6.24/AsFigo_ft_sva_BenCohen/fast_sva/ch4/dync_rpt_dely_fv.sv(3): cannot open include file 'uvm_macros.svh'
	[ERROR (VERI-1138)] /home/rk6650/VeriTriples/malik2627research/repos_6.24/AsFigo_ft_sva_BenCohen/fast_sva/ch4/dync_rpt_dely_fv.sv(25): unexpected EOF
	[ERROR (VERI-9023)] /home/rk6650/VeriTriples/malik2627research/repos_6.24/AsFigo_ft_sva_BenCohen/fast_sva/ch4/dync_rpt_dely_fv.sv(25): previous error is within an unterminated design unit
1
% catch { analyze -sv -incdir /home/rk6650/VeriTriples/malik2627research -incdir /home/rk6650/VeriTriples/malik2627research/fast_sva/ch1 -incdir /home/rk6650/VeriTriples/malik2627research/fast_sva/ch10 -incdir /home/rk6650/VeriTriples/malik2627research/fast_sva/ch10/Parking_lot_original -incdir /home/rk6650/VeriTriples/malik2627research/fast_sva/ch2 -incdir /home/rk6650/VeriTriples/malik2627research/fast_sva/ch3 -incdir /home/rk6650/VeriTriples/malik2627research/fast_sva/ch4 -incdir /home/rk6650/VeriTriples/malik2627research/fast_sva/ch5 -incdir /home/rk6650/VeriTriples/malik2627research/fast_sva/ch6 -incdir /home/rk6650/VeriTriples/malik2627research/fast_sva/ch7 -incdir /home/rk6650/VeriTriples/malik2627research/fast_sva/ch8 /home/rk6650/VeriTriples/malik2627research/repos_6.24/AsFigo_ft_sva_BenCohen/fast_sva/ch10/Parking_lot_original/parkinglot.sv }
[-- (VERI-1482)] Analyzing Verilog file '/home/rk6650/VeriTriples/malik2627research/repos_6.24/AsFigo_ft_sva_BenCohen/fast_sva/ch10/Parking_lot_original/parkinglot.sv'
[WARN (VERI-2171)] /home/rk6650/VeriTriples/malik2627research/repos_6.24/AsFigo_ft_sva_BenCohen/fast_sva/ch10/Parking_lot_original/parkinglot.sv(28): design element 'parking_pkg' is previously defined, ignoring this definition
[INFO (VERI-2142)] /home/rk6650/VeriTriples/malik2627research/repos_6.24/AsFigo_ft_sva_BenCohen/fast_sva/ch10/Parking_lot_original/orig_plot.sv(28): previous definition of design element 'parking_pkg' is here
0
% catch { analyze -sv -incdir /home/rk6650/VeriTriples/malik2627research -incdir /home/rk6650/VeriTriples/malik2627research/fast_sva/ch1 -incdir /home/rk6650/VeriTriples/malik2627research/fast_sva/ch10 -incdir /home/rk6650/VeriTriples/malik2627research/fast_sva/ch10/Parking_lot_original -incdir /home/rk6650/VeriTriples/malik2627research/fast_sva/ch2 -incdir /home/rk6650/VeriTriples/malik2627research/fast_sva/ch3 -incdir /home/rk6650/VeriTriples/malik2627research/fast_sva/ch4 -incdir /home/rk6650/VeriTriples/malik2627research/fast_sva/ch5 -incdir /home/rk6650/VeriTriples/malik2627research/fast_sva/ch6 -incdir /home/rk6650/VeriTriples/malik2627research/fast_sva/ch7 -incdir /home/rk6650/VeriTriples/malik2627research/fast_sva/ch8 /home/rk6650/VeriTriples/malik2627research/repos_6.24/AsFigo_ft_sva_BenCohen/fast_sva/ch3/sav_range_repeat_pkg.sv }
[-- (VERI-1482)] Analyzing Verilog file '/home/rk6650/VeriTriples/malik2627research/repos_6.24/AsFigo_ft_sva_BenCohen/fast_sva/ch3/sav_range_repeat_pkg.sv'
[WARN (VERI-1206)] /home/rk6650/VeriTriples/malik2627research/repos_6.24/AsFigo_ft_sva_BenCohen/fast_sva/ch3/sav_range_repeat_pkg.sv(95): overwriting previous definition of package 'sva_delay_repeat_range_pkg'
[INFO (VERI-2142)] /home/rk6650/VeriTriples/malik2627research/repos_6.24/AsFigo_ft_sva_BenCohen/fast_sva/ch4/dynamic_dly_rpt.sv(94): previous definition of design element 'sva_delay_repeat_range_pkg' is here
[WARN (VERI-1233)] /home/rk6650/VeriTriples/malik2627research/repos_6.24/AsFigo_ft_sva_BenCohen/fast_sva/ch10/Parking_lot_original/orig_plot.sv(1): re-analyze package '\$unit__home_rk6650_VeriTriples_malik2627research_repos_6_24_AsFigo_ft_sva_BenCohen_fast_sva_ch10_Parking_lot_original_orig_plot_sv ' since package 'sva_delay_repeat_range_pkg' is overwritten or removed
[WARN (VERI-1233)] /home/rk6650/VeriTriples/malik2627research/repos_6.24/AsFigo_ft_sva_BenCohen/fast_sva/ch3/testTrig.sv(1): re-analyze module 'm' since module '\$unit__home_rk6650_VeriTriples_malik2627research_repos_6_24_AsFigo_ft_sva_BenCohen_fast_sva_ch10_Parking_lot_original_orig_plot_sv ' is overwritten or removed
[WARN (VERI-1233)] /home/rk6650/VeriTriples/malik2627research/repos_6.24/AsFigo_ft_sva_BenCohen/fast_sva/ch10/Parking_lot_original/slave_handshake.sv(17): re-analyze module 'slave_handshake' since module '\$unit__home_rk6650_VeriTriples_malik2627research_repos_6_24_AsFigo_ft_sva_BenCohen_fast_sva_ch10_Parking_lot_original_orig_plot_sv ' is overwritten or removed
[WARN (VERI-1233)] /home/rk6650/VeriTriples/malik2627research/repos_6.24/AsFigo_ft_sva_BenCohen/fast_sva/ch10/Parking_lot_original/parkinglot.sv(33): re-analyze interface 'parking_structure_if' since interface '\$unit__home_rk6650_VeriTriples_malik2627research_repos_6_24_AsFigo_ft_sva_BenCohen_fast_sva_ch10_Parking_lot_original_orig_plot_sv ' is overwritten or removed
[WARN (VERI-1233)] /home/rk6650/VeriTriples/malik2627research/repos_6.24/AsFigo_ft_sva_BenCohen/fast_sva/ch10/Parking_lot_original/parkinglot.sv(55): re-analyze module 'parking_structure' since module '\$unit__home_rk6650_VeriTriples_malik2627research_repos_6_24_AsFigo_ft_sva_BenCohen_fast_sva_ch10_Parking_lot_original_orig_plot_sv ' is overwritten or removed
[ERROR (VERI-1128)] /home/rk6650/VeriTriples/malik2627research/repos_6.24/AsFigo_ft_sva_BenCohen/fast_sva/ch3/sav_range_repeat_pkg.sv(100): 'uvm_pkg' is not declared
[ERROR (VERI-1245)] /home/rk6650/VeriTriples/malik2627research/repos_6.24/AsFigo_ft_sva_BenCohen/fast_sva/ch3/sav_range_repeat_pkg.sv(100): cannot open include file 'uvm_macros.svh'
[ERROR (VERI-1158)] /home/rk6650/VeriTriples/malik2627research/repos_6.24/AsFigo_ft_sva_BenCohen/fast_sva/ch3/sav_range_repeat_pkg.sv(217): use of undefined macro 'uvm_error'
[ERROR (VERI-1137)] /home/rk6650/VeriTriples/malik2627research/repos_6.24/AsFigo_ft_sva_BenCohen/fast_sva/ch3/sav_range_repeat_pkg.sv(217): syntax error near '('
[ERROR (VERI-1137)] /home/rk6650/VeriTriples/malik2627research/repos_6.24/AsFigo_ft_sva_BenCohen/fast_sva/ch3/sav_range_repeat_pkg.sv(226): syntax error near '('
[ERROR (VERI-1137)] /home/rk6650/VeriTriples/malik2627research/repos_6.24/AsFigo_ft_sva_BenCohen/fast_sva/ch3/sav_range_repeat_pkg.sv(234): syntax error near '('
[ERROR (VERI-1072)] /home/rk6650/VeriTriples/malik2627research/repos_6.24/AsFigo_ft_sva_BenCohen/fast_sva/ch3/sav_range_repeat_pkg.sv(238): module 'top' ignored due to previous errors
Summary of errors detected:
	[ERROR (VERI-1128)] /home/rk6650/VeriTriples/malik2627research/repos_6.24/AsFigo_ft_sva_BenCohen/fast_sva/ch3/sav_range_repeat_pkg.sv(100): 'uvm_pkg' is not declared
	[ERROR (VERI-1245)] /home/rk6650/VeriTriples/malik2627research/repos_6.24/AsFigo_ft_sva_BenCohen/fast_sva/ch3/sav_range_repeat_pkg.sv(100): cannot open include file 'uvm_macros.svh'
	[ERROR (VERI-1158)] /home/rk6650/VeriTriples/malik2627research/repos_6.24/AsFigo_ft_sva_BenCohen/fast_sva/ch3/sav_range_repeat_pkg.sv(217): use of undefined macro 'uvm_error'
	[ERROR (VERI-1137)] /home/rk6650/VeriTriples/malik2627research/repos_6.24/AsFigo_ft_sva_BenCohen/fast_sva/ch3/sav_range_repeat_pkg.sv(217): syntax error near '('
	[ERROR (VERI-1137)] /home/rk6650/VeriTriples/malik2627research/repos_6.24/AsFigo_ft_sva_BenCohen/fast_sva/ch3/sav_range_repeat_pkg.sv(226): syntax error near '('
	[ERROR (VERI-1137)] /home/rk6650/VeriTriples/malik2627research/repos_6.24/AsFigo_ft_sva_BenCohen/fast_sva/ch3/sav_range_repeat_pkg.sv(234): syntax error near '('
	[ERROR (VERI-1072)] /home/rk6650/VeriTriples/malik2627research/repos_6.24/AsFigo_ft_sva_BenCohen/fast_sva/ch3/sav_range_repeat_pkg.sv(238): module 'top' ignored due to previous errors
1
% catch { analyze -sv -incdir /home/rk6650/VeriTriples/malik2627research -incdir /home/rk6650/VeriTriples/malik2627research/fast_sva/ch1 -incdir /home/rk6650/VeriTriples/malik2627research/fast_sva/ch10 -incdir /home/rk6650/VeriTriples/malik2627research/fast_sva/ch10/Parking_lot_original -incdir /home/rk6650/VeriTriples/malik2627research/fast_sva/ch2 -incdir /home/rk6650/VeriTriples/malik2627research/fast_sva/ch3 -incdir /home/rk6650/VeriTriples/malik2627research/fast_sva/ch4 -incdir /home/rk6650/VeriTriples/malik2627research/fast_sva/ch5 -incdir /home/rk6650/VeriTriples/malik2627research/fast_sva/ch6 -incdir /home/rk6650/VeriTriples/malik2627research/fast_sva/ch7 -incdir /home/rk6650/VeriTriples/malik2627research/fast_sva/ch8 /home/rk6650/VeriTriples/malik2627research/repos_6.24/AsFigo_ft_sva_BenCohen/fast_sva/ch3/range_repeat_pkg.sv }
[-- (VERI-1482)] Analyzing Verilog file '/home/rk6650/VeriTriples/malik2627research/repos_6.24/AsFigo_ft_sva_BenCohen/fast_sva/ch3/range_repeat_pkg.sv'
[WARN (VERI-1206)] /home/rk6650/VeriTriples/malik2627research/repos_6.24/AsFigo_ft_sva_BenCohen/fast_sva/ch3/range_repeat_pkg.sv(100): overwriting previous definition of package 'sva_delay_repeat_range_pkg'
[INFO (VERI-2142)] /home/rk6650/VeriTriples/malik2627research/repos_6.24/AsFigo_ft_sva_BenCohen/fast_sva/ch3/sav_range_repeat_pkg.sv(95): previous definition of design element 'sva_delay_repeat_range_pkg' is here
[ERROR (VERI-1128)] /home/rk6650/VeriTriples/malik2627research/repos_6.24/AsFigo_ft_sva_BenCohen/fast_sva/ch3/range_repeat_pkg.sv(105): 'uvm_pkg' is not declared
[ERROR (VERI-1245)] /home/rk6650/VeriTriples/malik2627research/repos_6.24/AsFigo_ft_sva_BenCohen/fast_sva/ch3/range_repeat_pkg.sv(105): cannot open include file 'uvm_macros.svh'
[ERROR (VERI-1158)] /home/rk6650/VeriTriples/malik2627research/repos_6.24/AsFigo_ft_sva_BenCohen/fast_sva/ch3/range_repeat_pkg.sv(222): use of undefined macro 'uvm_error'
[ERROR (VERI-1137)] /home/rk6650/VeriTriples/malik2627research/repos_6.24/AsFigo_ft_sva_BenCohen/fast_sva/ch3/range_repeat_pkg.sv(222): syntax error near '('
[ERROR (VERI-1137)] /home/rk6650/VeriTriples/malik2627research/repos_6.24/AsFigo_ft_sva_BenCohen/fast_sva/ch3/range_repeat_pkg.sv(231): syntax error near '('
[ERROR (VERI-1137)] /home/rk6650/VeriTriples/malik2627research/repos_6.24/AsFigo_ft_sva_BenCohen/fast_sva/ch3/range_repeat_pkg.sv(239): syntax error near '('
[ERROR (VERI-1072)] /home/rk6650/VeriTriples/malik2627research/repos_6.24/AsFigo_ft_sva_BenCohen/fast_sva/ch3/range_repeat_pkg.sv(243): module 'top' ignored due to previous errors
Summary of errors detected:
	[ERROR (VERI-1128)] /home/rk6650/VeriTriples/malik2627research/repos_6.24/AsFigo_ft_sva_BenCohen/fast_sva/ch3/range_repeat_pkg.sv(105): 'uvm_pkg' is not declared
	[ERROR (VERI-1245)] /home/rk6650/VeriTriples/malik2627research/repos_6.24/AsFigo_ft_sva_BenCohen/fast_sva/ch3/range_repeat_pkg.sv(105): cannot open include file 'uvm_macros.svh'
	[ERROR (VERI-1158)] /home/rk6650/VeriTriples/malik2627research/repos_6.24/AsFigo_ft_sva_BenCohen/fast_sva/ch3/range_repeat_pkg.sv(222): use of undefined macro 'uvm_error'
	[ERROR (VERI-1137)] /home/rk6650/VeriTriples/malik2627research/repos_6.24/AsFigo_ft_sva_BenCohen/fast_sva/ch3/range_repeat_pkg.sv(222): syntax error near '('
	[ERROR (VERI-1137)] /home/rk6650/VeriTriples/malik2627research/repos_6.24/AsFigo_ft_sva_BenCohen/fast_sva/ch3/range_repeat_pkg.sv(231): syntax error near '('
	[ERROR (VERI-1137)] /home/rk6650/VeriTriples/malik2627research/repos_6.24/AsFigo_ft_sva_BenCohen/fast_sva/ch3/range_repeat_pkg.sv(239): syntax error near '('
	[ERROR (VERI-1072)] /home/rk6650/VeriTriples/malik2627research/repos_6.24/AsFigo_ft_sva_BenCohen/fast_sva/ch3/range_repeat_pkg.sv(243): module 'top' ignored due to previous errors
1
% catch { analyze -sv -incdir /home/rk6650/VeriTriples/malik2627research -incdir /home/rk6650/VeriTriples/malik2627research/fast_sva/ch1 -incdir /home/rk6650/VeriTriples/malik2627research/fast_sva/ch10 -incdir /home/rk6650/VeriTriples/malik2627research/fast_sva/ch10/Parking_lot_original -incdir /home/rk6650/VeriTriples/malik2627research/fast_sva/ch2 -incdir /home/rk6650/VeriTriples/malik2627research/fast_sva/ch3 -incdir /home/rk6650/VeriTriples/malik2627research/fast_sva/ch4 -incdir /home/rk6650/VeriTriples/malik2627research/fast_sva/ch5 -incdir /home/rk6650/VeriTriples/malik2627research/fast_sva/ch6 -incdir /home/rk6650/VeriTriples/malik2627research/fast_sva/ch7 -incdir /home/rk6650/VeriTriples/malik2627research/fast_sva/ch8 /home/rk6650/VeriTriples/malik2627research/repos_6.24/AsFigo_ft_sva_BenCohen/fast_sva/ch4/sva_delay_repeat_range_pkg.sv }
[-- (VERI-1482)] Analyzing Verilog file '/home/rk6650/VeriTriples/malik2627research/repos_6.24/AsFigo_ft_sva_BenCohen/fast_sva/ch4/sva_delay_repeat_range_pkg.sv'
[WARN (VERI-1206)] /home/rk6650/VeriTriples/malik2627research/repos_6.24/AsFigo_ft_sva_BenCohen/fast_sva/ch4/sva_delay_repeat_range_pkg.sv(94): overwriting previous definition of package 'sva_delay_repeat_range_pkg'
[INFO (VERI-2142)] /home/rk6650/VeriTriples/malik2627research/repos_6.24/AsFigo_ft_sva_BenCohen/fast_sva/ch3/range_repeat_pkg.sv(100): previous definition of design element 'sva_delay_repeat_range_pkg' is here
[ERROR (VERI-1128)] /home/rk6650/VeriTriples/malik2627research/repos_6.24/AsFigo_ft_sva_BenCohen/fast_sva/ch4/sva_delay_repeat_range_pkg.sv(99): 'uvm_pkg' is not declared
[ERROR (VERI-1245)] /home/rk6650/VeriTriples/malik2627research/repos_6.24/AsFigo_ft_sva_BenCohen/fast_sva/ch4/sva_delay_repeat_range_pkg.sv(99): cannot open include file 'uvm_macros.svh'
[ERROR (VERI-1158)] /home/rk6650/VeriTriples/malik2627research/repos_6.24/AsFigo_ft_sva_BenCohen/fast_sva/ch4/sva_delay_repeat_range_pkg.sv(216): use of undefined macro 'uvm_error'
[ERROR (VERI-1137)] /home/rk6650/VeriTriples/malik2627research/repos_6.24/AsFigo_ft_sva_BenCohen/fast_sva/ch4/sva_delay_repeat_range_pkg.sv(216): syntax error near '('
[ERROR (VERI-1137)] /home/rk6650/VeriTriples/malik2627research/repos_6.24/AsFigo_ft_sva_BenCohen/fast_sva/ch4/sva_delay_repeat_range_pkg.sv(225): syntax error near '('
[ERROR (VERI-1137)] /home/rk6650/VeriTriples/malik2627research/repos_6.24/AsFigo_ft_sva_BenCohen/fast_sva/ch4/sva_delay_repeat_range_pkg.sv(233): syntax error near '('
[ERROR (VERI-1072)] /home/rk6650/VeriTriples/malik2627research/repos_6.24/AsFigo_ft_sva_BenCohen/fast_sva/ch4/sva_delay_repeat_range_pkg.sv(237): module 'top' ignored due to previous errors
Summary of errors detected:
	[ERROR (VERI-1128)] /home/rk6650/VeriTriples/malik2627research/repos_6.24/AsFigo_ft_sva_BenCohen/fast_sva/ch4/sva_delay_repeat_range_pkg.sv(99): 'uvm_pkg' is not declared
	[ERROR (VERI-1245)] /home/rk6650/VeriTriples/malik2627research/repos_6.24/AsFigo_ft_sva_BenCohen/fast_sva/ch4/sva_delay_repeat_range_pkg.sv(99): cannot open include file 'uvm_macros.svh'
	[ERROR (VERI-1158)] /home/rk6650/VeriTriples/malik2627research/repos_6.24/AsFigo_ft_sva_BenCohen/fast_sva/ch4/sva_delay_repeat_range_pkg.sv(216): use of undefined macro 'uvm_error'
	[ERROR (VERI-1137)] /home/rk6650/VeriTriples/malik2627research/repos_6.24/AsFigo_ft_sva_BenCohen/fast_sva/ch4/sva_delay_repeat_range_pkg.sv(216): syntax error near '('
	[ERROR (VERI-1137)] /home/rk6650/VeriTriples/malik2627research/repos_6.24/AsFigo_ft_sva_BenCohen/fast_sva/ch4/sva_delay_repeat_range_pkg.sv(225): syntax error near '('
	[ERROR (VERI-1137)] /home/rk6650/VeriTriples/malik2627research/repos_6.24/AsFigo_ft_sva_BenCohen/fast_sva/ch4/sva_delay_repeat_range_pkg.sv(233): syntax error near '('
	[ERROR (VERI-1072)] /home/rk6650/VeriTriples/malik2627research/repos_6.24/AsFigo_ft_sva_BenCohen/fast_sva/ch4/sva_delay_repeat_range_pkg.sv(237): module 'top' ignored due to previous errors
1
% 
% catch { analyze -sv -incdir /home/rk6650/VeriTriples/malik2627research -incdir /home/rk6650/VeriTriples/malik2627research/fast_sva/ch1 -incdir /home/rk6650/VeriTriples/malik2627research/fast_sva/ch10 -incdir /home/rk6650/VeriTriples/malik2627research/fast_sva/ch10/Parking_lot_original -incdir /home/rk6650/VeriTriples/malik2627research/fast_sva/ch2 -incdir /home/rk6650/VeriTriples/malik2627research/fast_sva/ch3 -incdir /home/rk6650/VeriTriples/malik2627research/fast_sva/ch4 -incdir /home/rk6650/VeriTriples/malik2627research/fast_sva/ch5 -incdir /home/rk6650/VeriTriples/malik2627research/fast_sva/ch6 -incdir /home/rk6650/VeriTriples/malik2627research/fast_sva/ch7 -incdir /home/rk6650/VeriTriples/malik2627research/fast_sva/ch8 /home/rk6650/VeriTriples/malik2627research/repos_6.24/AsFigo_ft_sva_BenCohen/fast_sva/ch7/inferred.sv }
[-- (VERI-1482)] Analyzing Verilog file '/home/rk6650/VeriTriples/malik2627research/repos_6.24/AsFigo_ft_sva_BenCohen/fast_sva/ch7/inferred.sv'
[ERROR (VERI-2284)] /home/rk6650/VeriTriples/malik2627research/repos_6.24/AsFigo_ft_sva_BenCohen/fast_sva/ch7/inferred.sv(57): incorrect use of '$inferred_clock', it is valid only as default argument for a property, sequence or a checker
[ERROR (VERI-1072)] /home/rk6650/VeriTriples/malik2627research/repos_6.24/AsFigo_ft_sva_BenCohen/fast_sva/ch7/inferred.sv(61): module 'm' ignored due to previous errors
Summary of errors detected:
	[ERROR (VERI-2284)] /home/rk6650/VeriTriples/malik2627research/repos_6.24/AsFigo_ft_sva_BenCohen/fast_sva/ch7/inferred.sv(57): incorrect use of '$inferred_clock', it is valid only as default argument for a property, sequence or a checker
	[ERROR (VERI-1072)] /home/rk6650/VeriTriples/malik2627research/repos_6.24/AsFigo_ft_sva_BenCohen/fast_sva/ch7/inferred.sv(61): module 'm' ignored due to previous errors
1
% catch { analyze -sv -incdir /home/rk6650/VeriTriples/malik2627research -incdir /home/rk6650/VeriTriples/malik2627research/fast_sva/ch1 -incdir /home/rk6650/VeriTriples/malik2627research/fast_sva/ch10 -incdir /home/rk6650/VeriTriples/malik2627research/fast_sva/ch10/Parking_lot_original -incdir /home/rk6650/VeriTriples/malik2627research/fast_sva/ch2 -incdir /home/rk6650/VeriTriples/malik2627research/fast_sva/ch3 -incdir /home/rk6650/VeriTriples/malik2627research/fast_sva/ch4 -incdir /home/rk6650/VeriTriples/malik2627research/fast_sva/ch5 -incdir /home/rk6650/VeriTriples/malik2627research/fast_sva/ch6 -incdir /home/rk6650/VeriTriples/malik2627research/fast_sva/ch7 -incdir /home/rk6650/VeriTriples/malik2627research/fast_sva/ch8 /home/rk6650/VeriTriples/malik2627research/repos_6.24/AsFigo_ft_sva_BenCohen/fast_sva/ch3/testTrig.sv }
[-- (VERI-1482)] Analyzing Verilog file '/home/rk6650/VeriTriples/malik2627research/repos_6.24/AsFigo_ft_sva_BenCohen/fast_sva/ch3/testTrig.sv'
0
% catch { analyze -sv -incdir /home/rk6650/VeriTriples/malik2627research -incdir /home/rk6650/VeriTriples/malik2627research/fast_sva/ch1 -incdir /home/rk6650/VeriTriples/malik2627research/fast_sva/ch10 -incdir /home/rk6650/VeriTriples/malik2627research/fast_sva/ch10/Parking_lot_original -incdir /home/rk6650/VeriTriples/malik2627research/fast_sva/ch2 -incdir /home/rk6650/VeriTriples/malik2627research/fast_sva/ch3 -incdir /home/rk6650/VeriTriples/malik2627research/fast_sva/ch4 -incdir /home/rk6650/VeriTriples/malik2627research/fast_sva/ch5 -incdir /home/rk6650/VeriTriples/malik2627research/fast_sva/ch6 -incdir /home/rk6650/VeriTriples/malik2627research/fast_sva/ch7 -incdir /home/rk6650/VeriTriples/malik2627research/fast_sva/ch8 /home/rk6650/VeriTriples/malik2627research/repos_6.24/AsFigo_ft_sva_BenCohen/fast_sva/ch4/dync_rpt_dely_fv.sv }
[-- (VERI-1482)] Analyzing Verilog file '/home/rk6650/VeriTriples/malik2627research/repos_6.24/AsFigo_ft_sva_BenCohen/fast_sva/ch4/dync_rpt_dely_fv.sv'
[ERROR (VERI-1128)] /home/rk6650/VeriTriples/malik2627research/repos_6.24/AsFigo_ft_sva_BenCohen/fast_sva/ch4/dync_rpt_dely_fv.sv(3): 'uvm_pkg' is not declared
[ERROR (VERI-1245)] /home/rk6650/VeriTriples/malik2627research/repos_6.24/AsFigo_ft_sva_BenCohen/fast_sva/ch4/dync_rpt_dely_fv.sv(3): cannot open include file 'uvm_macros.svh'
[ERROR (VERI-1138)] /home/rk6650/VeriTriples/malik2627research/repos_6.24/AsFigo_ft_sva_BenCohen/fast_sva/ch4/dync_rpt_dely_fv.sv(25): unexpected EOF
[ERROR (VERI-9023)] /home/rk6650/VeriTriples/malik2627research/repos_6.24/AsFigo_ft_sva_BenCohen/fast_sva/ch4/dync_rpt_dely_fv.sv(25): previous error is within an unterminated design unit
Summary of errors detected:
	[ERROR (VERI-1128)] /home/rk6650/VeriTriples/malik2627research/repos_6.24/AsFigo_ft_sva_BenCohen/fast_sva/ch4/dync_rpt_dely_fv.sv(3): 'uvm_pkg' is not declared
	[ERROR (VERI-1245)] /home/rk6650/VeriTriples/malik2627research/repos_6.24/AsFigo_ft_sva_BenCohen/fast_sva/ch4/dync_rpt_dely_fv.sv(3): cannot open include file 'uvm_macros.svh'
	[ERROR (VERI-1138)] /home/rk6650/VeriTriples/malik2627research/repos_6.24/AsFigo_ft_sva_BenCohen/fast_sva/ch4/dync_rpt_dely_fv.sv(25): unexpected EOF
	[ERROR (VERI-9023)] /home/rk6650/VeriTriples/malik2627research/repos_6.24/AsFigo_ft_sva_BenCohen/fast_sva/ch4/dync_rpt_dely_fv.sv(25): previous error is within an unterminated design unit
1
% catch { analyze -sv -incdir /home/rk6650/VeriTriples/malik2627research -incdir /home/rk6650/VeriTriples/malik2627research/fast_sva/ch1 -incdir /home/rk6650/VeriTriples/malik2627research/fast_sva/ch10 -incdir /home/rk6650/VeriTriples/malik2627research/fast_sva/ch10/Parking_lot_original -incdir /home/rk6650/VeriTriples/malik2627research/fast_sva/ch2 -incdir /home/rk6650/VeriTriples/malik2627research/fast_sva/ch3 -incdir /home/rk6650/VeriTriples/malik2627research/fast_sva/ch4 -incdir /home/rk6650/VeriTriples/malik2627research/fast_sva/ch5 -incdir /home/rk6650/VeriTriples/malik2627research/fast_sva/ch6 -incdir /home/rk6650/VeriTriples/malik2627research/fast_sva/ch7 -incdir /home/rk6650/VeriTriples/malik2627research/fast_sva/ch8 /home/rk6650/VeriTriples/malik2627research/repos_6.24/AsFigo_ft_sva_BenCohen/fast_sva/ch10/Parking_lot_original/parkinglot.sv }
[-- (VERI-1482)] Analyzing Verilog file '/home/rk6650/VeriTriples/malik2627research/repos_6.24/AsFigo_ft_sva_BenCohen/fast_sva/ch10/Parking_lot_original/parkinglot.sv'
[WARN (VERI-2171)] /home/rk6650/VeriTriples/malik2627research/repos_6.24/AsFigo_ft_sva_BenCohen/fast_sva/ch10/Parking_lot_original/parkinglot.sv(28): design element 'parking_pkg' is previously defined, ignoring this definition
[INFO (VERI-2142)] /home/rk6650/VeriTriples/malik2627research/repos_6.24/AsFigo_ft_sva_BenCohen/fast_sva/ch10/Parking_lot_original/orig_plot.sv(28): previous definition of design element 'parking_pkg' is here
0
% catch { analyze -sv -incdir /home/rk6650/VeriTriples/malik2627research -incdir /home/rk6650/VeriTriples/malik2627research/fast_sva/ch1 -incdir /home/rk6650/VeriTriples/malik2627research/fast_sva/ch10 -incdir /home/rk6650/VeriTriples/malik2627research/fast_sva/ch10/Parking_lot_original -incdir /home/rk6650/VeriTriples/malik2627research/fast_sva/ch2 -incdir /home/rk6650/VeriTriples/malik2627research/fast_sva/ch3 -incdir /home/rk6650/VeriTriples/malik2627research/fast_sva/ch4 -incdir /home/rk6650/VeriTriples/malik2627research/fast_sva/ch5 -incdir /home/rk6650/VeriTriples/malik2627research/fast_sva/ch6 -incdir /home/rk6650/VeriTriples/malik2627research/fast_sva/ch7 -incdir /home/rk6650/VeriTriples/malik2627research/fast_sva/ch8 /home/rk6650/VeriTriples/malik2627research/repos_6.24/AsFigo_ft_sva_BenCohen/fast_sva/ch3/sav_range_repeat_pkg.sv }
[-- (VERI-1482)] Analyzing Verilog file '/home/rk6650/VeriTriples/malik2627research/repos_6.24/AsFigo_ft_sva_BenCohen/fast_sva/ch3/sav_range_repeat_pkg.sv'
[WARN (VERI-1206)] /home/rk6650/VeriTriples/malik2627research/repos_6.24/AsFigo_ft_sva_BenCohen/fast_sva/ch3/sav_range_repeat_pkg.sv(95): overwriting previous definition of package 'sva_delay_repeat_range_pkg'
[INFO (VERI-2142)] /home/rk6650/VeriTriples/malik2627research/repos_6.24/AsFigo_ft_sva_BenCohen/fast_sva/ch4/sva_delay_repeat_range_pkg.sv(94): previous definition of design element 'sva_delay_repeat_range_pkg' is here
[WARN (VERI-1233)] /home/rk6650/VeriTriples/malik2627research/repos_6.24/AsFigo_ft_sva_BenCohen/fast_sva/ch3/sav_range_repeat_pkg.sv(95): re-analyze package '\$unit__home_rk6650_VeriTriples_malik2627research_repos_6_24_AsFigo_ft_sva_BenCohen_fast_sva_ch3_sav_range_repeat_pkg_sv ' since package 'sva_delay_repeat_range_pkg' is overwritten or removed
[WARN (VERI-1233)] /home/rk6650/VeriTriples/malik2627research/repos_6.24/AsFigo_ft_sva_BenCohen/fast_sva/ch3/testTrig.sv(1): re-analyze module 'm' since module '\$unit__home_rk6650_VeriTriples_malik2627research_repos_6_24_AsFigo_ft_sva_BenCohen_fast_sva_ch3_sav_range_repeat_pkg_sv ' is overwritten or removed
[WARN (VERI-1233)] /home/rk6650/VeriTriples/malik2627research/repos_6.24/AsFigo_ft_sva_BenCohen/fast_sva/ch10/Parking_lot_original/parkinglot.sv(33): re-analyze interface 'parking_structure_if' since interface '\$unit__home_rk6650_VeriTriples_malik2627research_repos_6_24_AsFigo_ft_sva_BenCohen_fast_sva_ch3_sav_range_repeat_pkg_sv ' is overwritten or removed
[WARN (VERI-1233)] /home/rk6650/VeriTriples/malik2627research/repos_6.24/AsFigo_ft_sva_BenCohen/fast_sva/ch10/Parking_lot_original/parkinglot.sv(55): re-analyze module 'parking_structure' since module '\$unit__home_rk6650_VeriTriples_malik2627research_repos_6_24_AsFigo_ft_sva_BenCohen_fast_sva_ch3_sav_range_repeat_pkg_sv ' is overwritten or removed
[ERROR (VERI-1128)] /home/rk6650/VeriTriples/malik2627research/repos_6.24/AsFigo_ft_sva_BenCohen/fast_sva/ch3/sav_range_repeat_pkg.sv(100): 'uvm_pkg' is not declared
[ERROR (VERI-1245)] /home/rk6650/VeriTriples/malik2627research/repos_6.24/AsFigo_ft_sva_BenCohen/fast_sva/ch3/sav_range_repeat_pkg.sv(100): cannot open include file 'uvm_macros.svh'
[ERROR (VERI-1158)] /home/rk6650/VeriTriples/malik2627research/repos_6.24/AsFigo_ft_sva_BenCohen/fast_sva/ch3/sav_range_repeat_pkg.sv(217): use of undefined macro 'uvm_error'
[ERROR (VERI-1137)] /home/rk6650/VeriTriples/malik2627research/repos_6.24/AsFigo_ft_sva_BenCohen/fast_sva/ch3/sav_range_repeat_pkg.sv(217): syntax error near '('
[ERROR (VERI-1137)] /home/rk6650/VeriTriples/malik2627research/repos_6.24/AsFigo_ft_sva_BenCohen/fast_sva/ch3/sav_range_repeat_pkg.sv(226): syntax error near '('
[ERROR (VERI-1137)] /home/rk6650/VeriTriples/malik2627research/repos_6.24/AsFigo_ft_sva_BenCohen/fast_sva/ch3/sav_range_repeat_pkg.sv(234): syntax error near '('
[ERROR (VERI-1072)] /home/rk6650/VeriTriples/malik2627research/repos_6.24/AsFigo_ft_sva_BenCohen/fast_sva/ch3/sav_range_repeat_pkg.sv(238): module 'top' ignored due to previous errors
Summary of errors detected:
	[ERROR (VERI-1128)] /home/rk6650/VeriTriples/malik2627research/repos_6.24/AsFigo_ft_sva_BenCohen/fast_sva/ch3/sav_range_repeat_pkg.sv(100): 'uvm_pkg' is not declared
	[ERROR (VERI-1245)] /home/rk6650/VeriTriples/malik2627research/repos_6.24/AsFigo_ft_sva_BenCohen/fast_sva/ch3/sav_range_repeat_pkg.sv(100): cannot open include file 'uvm_macros.svh'
	[ERROR (VERI-1158)] /home/rk6650/VeriTriples/malik2627research/repos_6.24/AsFigo_ft_sva_BenCohen/fast_sva/ch3/sav_range_repeat_pkg.sv(217): use of undefined macro 'uvm_error'
	[ERROR (VERI-1137)] /home/rk6650/VeriTriples/malik2627research/repos_6.24/AsFigo_ft_sva_BenCohen/fast_sva/ch3/sav_range_repeat_pkg.sv(217): syntax error near '('
	[ERROR (VERI-1137)] /home/rk6650/VeriTriples/malik2627research/repos_6.24/AsFigo_ft_sva_BenCohen/fast_sva/ch3/sav_range_repeat_pkg.sv(226): syntax error near '('
	[ERROR (VERI-1137)] /home/rk6650/VeriTriples/malik2627research/repos_6.24/AsFigo_ft_sva_BenCohen/fast_sva/ch3/sav_range_repeat_pkg.sv(234): syntax error near '('
	[ERROR (VERI-1072)] /home/rk6650/VeriTriples/malik2627research/repos_6.24/AsFigo_ft_sva_BenCohen/fast_sva/ch3/sav_range_repeat_pkg.sv(238): module 'top' ignored due to previous errors
1
% catch { analyze -sv -incdir /home/rk6650/VeriTriples/malik2627research -incdir /home/rk6650/VeriTriples/malik2627research/fast_sva/ch1 -incdir /home/rk6650/VeriTriples/malik2627research/fast_sva/ch10 -incdir /home/rk6650/VeriTriples/malik2627research/fast_sva/ch10/Parking_lot_original -incdir /home/rk6650/VeriTriples/malik2627research/fast_sva/ch2 -incdir /home/rk6650/VeriTriples/malik2627research/fast_sva/ch3 -incdir /home/rk6650/VeriTriples/malik2627research/fast_sva/ch4 -incdir /home/rk6650/VeriTriples/malik2627research/fast_sva/ch5 -incdir /home/rk6650/VeriTriples/malik2627research/fast_sva/ch6 -incdir /home/rk6650/VeriTriples/malik2627research/fast_sva/ch7 -incdir /home/rk6650/VeriTriples/malik2627research/fast_sva/ch8 /home/rk6650/VeriTriples/malik2627research/repos_6.24/AsFigo_ft_sva_BenCohen/fast_sva/ch3/range_repeat_pkg.sv }
[-- (VERI-1482)] Analyzing Verilog file '/home/rk6650/VeriTriples/malik2627research/repos_6.24/AsFigo_ft_sva_BenCohen/fast_sva/ch3/range_repeat_pkg.sv'
[WARN (VERI-1206)] /home/rk6650/VeriTriples/malik2627research/repos_6.24/AsFigo_ft_sva_BenCohen/fast_sva/ch3/range_repeat_pkg.sv(100): overwriting previous definition of package 'sva_delay_repeat_range_pkg'
[INFO (VERI-2142)] /home/rk6650/VeriTriples/malik2627research/repos_6.24/AsFigo_ft_sva_BenCohen/fast_sva/ch3/sav_range_repeat_pkg.sv(95): previous definition of design element 'sva_delay_repeat_range_pkg' is here
[ERROR (VERI-1128)] /home/rk6650/VeriTriples/malik2627research/repos_6.24/AsFigo_ft_sva_BenCohen/fast_sva/ch3/range_repeat_pkg.sv(105): 'uvm_pkg' is not declared
[ERROR (VERI-1245)] /home/rk6650/VeriTriples/malik2627research/repos_6.24/AsFigo_ft_sva_BenCohen/fast_sva/ch3/range_repeat_pkg.sv(105): cannot open include file 'uvm_macros.svh'
[ERROR (VERI-1158)] /home/rk6650/VeriTriples/malik2627research/repos_6.24/AsFigo_ft_sva_BenCohen/fast_sva/ch3/range_repeat_pkg.sv(222): use of undefined macro 'uvm_error'
[ERROR (VERI-1137)] /home/rk6650/VeriTriples/malik2627research/repos_6.24/AsFigo_ft_sva_BenCohen/fast_sva/ch3/range_repeat_pkg.sv(222): syntax error near '('
[ERROR (VERI-1137)] /home/rk6650/VeriTriples/malik2627research/repos_6.24/AsFigo_ft_sva_BenCohen/fast_sva/ch3/range_repeat_pkg.sv(231): syntax error near '('
[ERROR (VERI-1137)] /home/rk6650/VeriTriples/malik2627research/repos_6.24/AsFigo_ft_sva_BenCohen/fast_sva/ch3/range_repeat_pkg.sv(239): syntax error near '('
[ERROR (VERI-1072)] /home/rk6650/VeriTriples/malik2627research/repos_6.24/AsFigo_ft_sva_BenCohen/fast_sva/ch3/range_repeat_pkg.sv(243): module 'top' ignored due to previous errors
Summary of errors detected:
	[ERROR (VERI-1128)] /home/rk6650/VeriTriples/malik2627research/repos_6.24/AsFigo_ft_sva_BenCohen/fast_sva/ch3/range_repeat_pkg.sv(105): 'uvm_pkg' is not declared
	[ERROR (VERI-1245)] /home/rk6650/VeriTriples/malik2627research/repos_6.24/AsFigo_ft_sva_BenCohen/fast_sva/ch3/range_repeat_pkg.sv(105): cannot open include file 'uvm_macros.svh'
	[ERROR (VERI-1158)] /home/rk6650/VeriTriples/malik2627research/repos_6.24/AsFigo_ft_sva_BenCohen/fast_sva/ch3/range_repeat_pkg.sv(222): use of undefined macro 'uvm_error'
	[ERROR (VERI-1137)] /home/rk6650/VeriTriples/malik2627research/repos_6.24/AsFigo_ft_sva_BenCohen/fast_sva/ch3/range_repeat_pkg.sv(222): syntax error near '('
	[ERROR (VERI-1137)] /home/rk6650/VeriTriples/malik2627research/repos_6.24/AsFigo_ft_sva_BenCohen/fast_sva/ch3/range_repeat_pkg.sv(231): syntax error near '('
	[ERROR (VERI-1137)] /home/rk6650/VeriTriples/malik2627research/repos_6.24/AsFigo_ft_sva_BenCohen/fast_sva/ch3/range_repeat_pkg.sv(239): syntax error near '('
	[ERROR (VERI-1072)] /home/rk6650/VeriTriples/malik2627research/repos_6.24/AsFigo_ft_sva_BenCohen/fast_sva/ch3/range_repeat_pkg.sv(243): module 'top' ignored due to previous errors
1
% catch { analyze -sv -incdir /home/rk6650/VeriTriples/malik2627research -incdir /home/rk6650/VeriTriples/malik2627research/fast_sva/ch1 -incdir /home/rk6650/VeriTriples/malik2627research/fast_sva/ch10 -incdir /home/rk6650/VeriTriples/malik2627research/fast_sva/ch10/Parking_lot_original -incdir /home/rk6650/VeriTriples/malik2627research/fast_sva/ch2 -incdir /home/rk6650/VeriTriples/malik2627research/fast_sva/ch3 -incdir /home/rk6650/VeriTriples/malik2627research/fast_sva/ch4 -incdir /home/rk6650/VeriTriples/malik2627research/fast_sva/ch5 -incdir /home/rk6650/VeriTriples/malik2627research/fast_sva/ch6 -incdir /home/rk6650/VeriTriples/malik2627research/fast_sva/ch7 -incdir /home/rk6650/VeriTriples/malik2627research/fast_sva/ch8 /home/rk6650/VeriTriples/malik2627research/repos_6.24/AsFigo_ft_sva_BenCohen/fast_sva/ch4/sva_delay_repeat_range_pkg.sv }
[-- (VERI-1482)] Analyzing Verilog file '/home/rk6650/VeriTriples/malik2627research/repos_6.24/AsFigo_ft_sva_BenCohen/fast_sva/ch4/sva_delay_repeat_range_pkg.sv'
[WARN (VERI-1206)] /home/rk6650/VeriTriples/malik2627research/repos_6.24/AsFigo_ft_sva_BenCohen/fast_sva/ch4/sva_delay_repeat_range_pkg.sv(94): overwriting previous definition of package 'sva_delay_repeat_range_pkg'
[INFO (VERI-2142)] /home/rk6650/VeriTriples/malik2627research/repos_6.24/AsFigo_ft_sva_BenCohen/fast_sva/ch3/range_repeat_pkg.sv(100): previous definition of design element 'sva_delay_repeat_range_pkg' is here
[ERROR (VERI-1128)] /home/rk6650/VeriTriples/malik2627research/repos_6.24/AsFigo_ft_sva_BenCohen/fast_sva/ch4/sva_delay_repeat_range_pkg.sv(99): 'uvm_pkg' is not declared
[ERROR (VERI-1245)] /home/rk6650/VeriTriples/malik2627research/repos_6.24/AsFigo_ft_sva_BenCohen/fast_sva/ch4/sva_delay_repeat_range_pkg.sv(99): cannot open include file 'uvm_macros.svh'
[ERROR (VERI-1158)] /home/rk6650/VeriTriples/malik2627research/repos_6.24/AsFigo_ft_sva_BenCohen/fast_sva/ch4/sva_delay_repeat_range_pkg.sv(216): use of undefined macro 'uvm_error'
[ERROR (VERI-1137)] /home/rk6650/VeriTriples/malik2627research/repos_6.24/AsFigo_ft_sva_BenCohen/fast_sva/ch4/sva_delay_repeat_range_pkg.sv(216): syntax error near '('
[ERROR (VERI-1137)] /home/rk6650/VeriTriples/malik2627research/repos_6.24/AsFigo_ft_sva_BenCohen/fast_sva/ch4/sva_delay_repeat_range_pkg.sv(225): syntax error near '('
[ERROR (VERI-1137)] /home/rk6650/VeriTriples/malik2627research/repos_6.24/AsFigo_ft_sva_BenCohen/fast_sva/ch4/sva_delay_repeat_range_pkg.sv(233): syntax error near '('
[ERROR (VERI-1072)] /home/rk6650/VeriTriples/malik2627research/repos_6.24/AsFigo_ft_sva_BenCohen/fast_sva/ch4/sva_delay_repeat_range_pkg.sv(237): module 'top' ignored due to previous errors
Summary of errors detected:
	[ERROR (VERI-1128)] /home/rk6650/VeriTriples/malik2627research/repos_6.24/AsFigo_ft_sva_BenCohen/fast_sva/ch4/sva_delay_repeat_range_pkg.sv(99): 'uvm_pkg' is not declared
	[ERROR (VERI-1245)] /home/rk6650/VeriTriples/malik2627research/repos_6.24/AsFigo_ft_sva_BenCohen/fast_sva/ch4/sva_delay_repeat_range_pkg.sv(99): cannot open include file 'uvm_macros.svh'
	[ERROR (VERI-1158)] /home/rk6650/VeriTriples/malik2627research/repos_6.24/AsFigo_ft_sva_BenCohen/fast_sva/ch4/sva_delay_repeat_range_pkg.sv(216): use of undefined macro 'uvm_error'
	[ERROR (VERI-1137)] /home/rk6650/VeriTriples/malik2627research/repos_6.24/AsFigo_ft_sva_BenCohen/fast_sva/ch4/sva_delay_repeat_range_pkg.sv(216): syntax error near '('
	[ERROR (VERI-1137)] /home/rk6650/VeriTriples/malik2627research/repos_6.24/AsFigo_ft_sva_BenCohen/fast_sva/ch4/sva_delay_repeat_range_pkg.sv(225): syntax error near '('
	[ERROR (VERI-1137)] /home/rk6650/VeriTriples/malik2627research/repos_6.24/AsFigo_ft_sva_BenCohen/fast_sva/ch4/sva_delay_repeat_range_pkg.sv(233): syntax error near '('
	[ERROR (VERI-1072)] /home/rk6650/VeriTriples/malik2627research/repos_6.24/AsFigo_ft_sva_BenCohen/fast_sva/ch4/sva_delay_repeat_range_pkg.sv(237): module 'top' ignored due to previous errors
1
% catch { analyze -sv -incdir /home/rk6650/VeriTriples/malik2627research -incdir /home/rk6650/VeriTriples/malik2627research/fast_sva/ch1 -incdir /home/rk6650/VeriTriples/malik2627research/fast_sva/ch10 -incdir /home/rk6650/VeriTriples/malik2627research/fast_sva/ch10/Parking_lot_original -incdir /home/rk6650/VeriTriples/malik2627research/fast_sva/ch2 -incdir /home/rk6650/VeriTriples/malik2627research/fast_sva/ch3 -incdir /home/rk6650/VeriTriples/malik2627research/fast_sva/ch4 -incdir /home/rk6650/VeriTriples/malik2627research/fast_sva/ch5 -incdir /home/rk6650/VeriTriples/malik2627research/fast_sva/ch6 -incdir /home/rk6650/VeriTriples/malik2627research/fast_sva/ch7 -incdir /home/rk6650/VeriTriples/malik2627research/fast_sva/ch8 /home/rk6650/VeriTriples/malik2627research/repos_6.24/AsFigo_ft_sva_BenCohen/fast_sva/ch4/dynamic_dly_rpt.sv }
[-- (VERI-1482)] Analyzing Verilog file '/home/rk6650/VeriTriples/malik2627research/repos_6.24/AsFigo_ft_sva_BenCohen/fast_sva/ch4/dynamic_dly_rpt.sv'
[WARN (VERI-1206)] /home/rk6650/VeriTriples/malik2627research/repos_6.24/AsFigo_ft_sva_BenCohen/fast_sva/ch4/dynamic_dly_rpt.sv(94): overwriting previous definition of package 'sva_delay_repeat_range_pkg'
[INFO (VERI-2142)] /home/rk6650/VeriTriples/malik2627research/repos_6.24/AsFigo_ft_sva_BenCohen/fast_sva/ch4/sva_delay_repeat_range_pkg.sv(94): previous definition of design element 'sva_delay_repeat_range_pkg' is here
[ERROR (VERI-1128)] /home/rk6650/VeriTriples/malik2627research/repos_6.24/AsFigo_ft_sva_BenCohen/fast_sva/ch4/dynamic_dly_rpt.sv(99): 'uvm_pkg' is not declared
[ERROR (VERI-1245)] /home/rk6650/VeriTriples/malik2627research/repos_6.24/AsFigo_ft_sva_BenCohen/fast_sva/ch4/dynamic_dly_rpt.sv(99): cannot open include file 'uvm_macros.svh'
[ERROR (VERI-1158)] /home/rk6650/VeriTriples/malik2627research/repos_6.24/AsFigo_ft_sva_BenCohen/fast_sva/ch4/dynamic_dly_rpt.sv(216): use of undefined macro 'uvm_error'
[ERROR (VERI-1137)] /home/rk6650/VeriTriples/malik2627research/repos_6.24/AsFigo_ft_sva_BenCohen/fast_sva/ch4/dynamic_dly_rpt.sv(216): syntax error near '('
[ERROR (VERI-1137)] /home/rk6650/VeriTriples/malik2627research/repos_6.24/AsFigo_ft_sva_BenCohen/fast_sva/ch4/dynamic_dly_rpt.sv(225): syntax error near '('
[ERROR (VERI-1137)] /home/rk6650/VeriTriples/malik2627research/repos_6.24/AsFigo_ft_sva_BenCohen/fast_sva/ch4/dynamic_dly_rpt.sv(233): syntax error near '('
[ERROR (VERI-1072)] /home/rk6650/VeriTriples/malik2627research/repos_6.24/AsFigo_ft_sva_BenCohen/fast_sva/ch4/dynamic_dly_rpt.sv(237): module 'top' ignored due to previous errors
Summary of errors detected:
	[ERROR (VERI-1128)] /home/rk6650/VeriTriples/malik2627research/repos_6.24/AsFigo_ft_sva_BenCohen/fast_sva/ch4/dynamic_dly_rpt.sv(99): 'uvm_pkg' is not declared
	[ERROR (VERI-1245)] /home/rk6650/VeriTriples/malik2627research/repos_6.24/AsFigo_ft_sva_BenCohen/fast_sva/ch4/dynamic_dly_rpt.sv(99): cannot open include file 'uvm_macros.svh'
	[ERROR (VERI-1158)] /home/rk6650/VeriTriples/malik2627research/repos_6.24/AsFigo_ft_sva_BenCohen/fast_sva/ch4/dynamic_dly_rpt.sv(216): use of undefined macro 'uvm_error'
	[ERROR (VERI-1137)] /home/rk6650/VeriTriples/malik2627research/repos_6.24/AsFigo_ft_sva_BenCohen/fast_sva/ch4/dynamic_dly_rpt.sv(216): syntax error near '('
	[ERROR (VERI-1137)] /home/rk6650/VeriTriples/malik2627research/repos_6.24/AsFigo_ft_sva_BenCohen/fast_sva/ch4/dynamic_dly_rpt.sv(225): syntax error near '('
	[ERROR (VERI-1137)] /home/rk6650/VeriTriples/malik2627research/repos_6.24/AsFigo_ft_sva_BenCohen/fast_sva/ch4/dynamic_dly_rpt.sv(233): syntax error near '('
	[ERROR (VERI-1072)] /home/rk6650/VeriTriples/malik2627research/repos_6.24/AsFigo_ft_sva_BenCohen/fast_sva/ch4/dynamic_dly_rpt.sv(237): module 'top' ignored due to previous errors
1
% catch { analyze -sv -incdir /home/rk6650/VeriTriples/malik2627research -incdir /home/rk6650/VeriTriples/malik2627research/fast_sva/ch1 -incdir /home/rk6650/VeriTriples/malik2627research/fast_sva/ch10 -incdir /home/rk6650/VeriTriples/malik2627research/fast_sva/ch10/Parking_lot_original -incdir /home/rk6650/VeriTriples/malik2627research/fast_sva/ch2 -incdir /home/rk6650/VeriTriples/malik2627research/fast_sva/ch3 -incdir /home/rk6650/VeriTriples/malik2627research/fast_sva/ch4 -incdir /home/rk6650/VeriTriples/malik2627research/fast_sva/ch5 -incdir /home/rk6650/VeriTriples/malik2627research/fast_sva/ch6 -incdir /home/rk6650/VeriTriples/malik2627research/fast_sva/ch7 -incdir /home/rk6650/VeriTriples/malik2627research/fast_sva/ch8 /home/rk6650/VeriTriples/malik2627research/repos_6.24/AsFigo_ft_sva_BenCohen/fast_sva/ch10/Parking_lot_original/orig_slave_handshake.sv }
[-- (VERI-1482)] Analyzing Verilog file '/home/rk6650/VeriTriples/malik2627research/repos_6.24/AsFigo_ft_sva_BenCohen/fast_sva/ch10/Parking_lot_original/orig_slave_handshake.sv'
[ERROR (VERI-1137)] /home/rk6650/VeriTriples/malik2627research/repos_6.24/AsFigo_ft_sva_BenCohen/fast_sva/ch10/Parking_lot_original/orig_slave_handshake.sv(92): syntax error near '|->'
[ERROR (VERI-1137)] /home/rk6650/VeriTriples/malik2627research/repos_6.24/AsFigo_ft_sva_BenCohen/fast_sva/ch10/Parking_lot_original/orig_slave_handshake.sv(93): syntax error near 'else'
[ERROR (VERI-2344)] /home/rk6650/VeriTriples/malik2627research/repos_6.24/AsFigo_ft_sva_BenCohen/fast_sva/ch10/Parking_lot_original/orig_slave_handshake.sv(93): SystemVerilog 2005 keyword else used in incorrect context
[ERROR (VERI-1137)] /home/rk6650/VeriTriples/malik2627research/repos_6.24/AsFigo_ft_sva_BenCohen/fast_sva/ch10/Parking_lot_original/orig_slave_handshake.sv(93): syntax error near '|->'
[ERROR (VERI-1137)] /home/rk6650/VeriTriples/malik2627research/repos_6.24/AsFigo_ft_sva_BenCohen/fast_sva/ch10/Parking_lot_original/orig_slave_handshake.sv(94): syntax error near 'else'
[ERROR (VERI-2344)] /home/rk6650/VeriTriples/malik2627research/repos_6.24/AsFigo_ft_sva_BenCohen/fast_sva/ch10/Parking_lot_original/orig_slave_handshake.sv(94): SystemVerilog 2005 keyword else used in incorrect context
[ERROR (VERI-1137)] /home/rk6650/VeriTriples/malik2627research/repos_6.24/AsFigo_ft_sva_BenCohen/fast_sva/ch10/Parking_lot_original/orig_slave_handshake.sv(94): syntax error near '|->'
[ERROR (VERI-1137)] /home/rk6650/VeriTriples/malik2627research/repos_6.24/AsFigo_ft_sva_BenCohen/fast_sva/ch10/Parking_lot_original/orig_slave_handshake.sv(97): syntax error near 'endclocking'
[ERROR (VERI-2344)] /home/rk6650/VeriTriples/malik2627research/repos_6.24/AsFigo_ft_sva_BenCohen/fast_sva/ch10/Parking_lot_original/orig_slave_handshake.sv(97): SystemVerilog 2005 keyword endclocking used in incorrect context
[WARN (VERI-1763)] /home/rk6650/VeriTriples/malik2627research/repos_6.24/AsFigo_ft_sva_BenCohen/fast_sva/ch10/Parking_lot_original/orig_slave_handshake.sv(98): the sva directive is not sensitive to clock. The directive will be sampled on the posedge of the fastest clock.
[ERROR (VERI-1072)] /home/rk6650/VeriTriples/malik2627research/repos_6.24/AsFigo_ft_sva_BenCohen/fast_sva/ch10/Parking_lot_original/orig_slave_handshake.sv(155): module 'slave_handshake' ignored due to previous errors
Summary of errors detected:
	[ERROR (VERI-1137)] /home/rk6650/VeriTriples/malik2627research/repos_6.24/AsFigo_ft_sva_BenCohen/fast_sva/ch10/Parking_lot_original/orig_slave_handshake.sv(92): syntax error near '|->'
	[ERROR (VERI-1137)] /home/rk6650/VeriTriples/malik2627research/repos_6.24/AsFigo_ft_sva_BenCohen/fast_sva/ch10/Parking_lot_original/orig_slave_handshake.sv(93): syntax error near 'else'
	[ERROR (VERI-2344)] /home/rk6650/VeriTriples/malik2627research/repos_6.24/AsFigo_ft_sva_BenCohen/fast_sva/ch10/Parking_lot_original/orig_slave_handshake.sv(93): SystemVerilog 2005 keyword else used in incorrect context
	[ERROR (VERI-1137)] /home/rk6650/VeriTriples/malik2627research/repos_6.24/AsFigo_ft_sva_BenCohen/fast_sva/ch10/Parking_lot_original/orig_slave_handshake.sv(93): syntax error near '|->'
	[ERROR (VERI-1137)] /home/rk6650/VeriTriples/malik2627research/repos_6.24/AsFigo_ft_sva_BenCohen/fast_sva/ch10/Parking_lot_original/orig_slave_handshake.sv(94): syntax error near 'else'
	[ERROR (VERI-2344)] /home/rk6650/VeriTriples/malik2627research/repos_6.24/AsFigo_ft_sva_BenCohen/fast_sva/ch10/Parking_lot_original/orig_slave_handshake.sv(94): SystemVerilog 2005 keyword else used in incorrect context
	[ERROR (VERI-1137)] /home/rk6650/VeriTriples/malik2627research/repos_6.24/AsFigo_ft_sva_BenCohen/fast_sva/ch10/Parking_lot_original/orig_slave_handshake.sv(94): syntax error near '|->'
	[ERROR (VERI-1137)] /home/rk6650/VeriTriples/malik2627research/repos_6.24/AsFigo_ft_sva_BenCohen/fast_sva/ch10/Parking_lot_original/orig_slave_handshake.sv(97): syntax error near 'endclocking'
	[ERROR (VERI-2344)] /home/rk6650/VeriTriples/malik2627research/repos_6.24/AsFigo_ft_sva_BenCohen/fast_sva/ch10/Parking_lot_original/orig_slave_handshake.sv(97): SystemVerilog 2005 keyword endclocking used in incorrect context
	[ERROR (VERI-1072)] /home/rk6650/VeriTriples/malik2627research/repos_6.24/AsFigo_ft_sva_BenCohen/fast_sva/ch10/Parking_lot_original/orig_slave_handshake.sv(155): module 'slave_handshake' ignored due to previous errors
1
% catch { analyze -sv -incdir /home/rk6650/VeriTriples/malik2627research -incdir /home/rk6650/VeriTriples/malik2627research/fast_sva/ch1 -incdir /home/rk6650/VeriTriples/malik2627research/fast_sva/ch10 -incdir /home/rk6650/VeriTriples/malik2627research/fast_sva/ch10/Parking_lot_original -incdir /home/rk6650/VeriTriples/malik2627research/fast_sva/ch2 -incdir /home/rk6650/VeriTriples/malik2627research/fast_sva/ch3 -incdir /home/rk6650/VeriTriples/malik2627research/fast_sva/ch4 -incdir /home/rk6650/VeriTriples/malik2627research/fast_sva/ch5 -incdir /home/rk6650/VeriTriples/malik2627research/fast_sva/ch6 -incdir /home/rk6650/VeriTriples/malik2627research/fast_sva/ch7 -incdir /home/rk6650/VeriTriples/malik2627research/fast_sva/ch8 /home/rk6650/VeriTriples/malik2627research/repos_6.24/AsFigo_ft_sva_BenCohen/fast_sva/ch10/Parking_lot_original/slave_handshake.sv }
[-- (VERI-1482)] Analyzing Verilog file '/home/rk6650/VeriTriples/malik2627research/repos_6.24/AsFigo_ft_sva_BenCohen/fast_sva/ch10/Parking_lot_original/slave_handshake.sv'
0
% 
% 
%             if {[catch {elaborate -top m} err]} {
            puts "ELAB ERROR: $err"
            exit
            }
INFO (ISW003): Top module name is "m".
[ERROR (VERI-9029)] Module m has not been analyzed yet
[ERROR (VDB-9017)] Module m could not be elaborated
Summary of errors detected:
	[ERROR (VERI-9029)] Module m has not been analyzed yet
	[ERROR (VDB-9017)] Module m could not be elaborated
ELAB ERROR: ERROR (ENL034): 2 errors detected in the design file(s).

% INFO (IPL005): Received request to exit from the console.
INFO (IPL018): The peak resident set memory use for this session was 0.418 GB.
INFO (IPL014): Waiting for the Tcl-thread to exit.
INFO (IPL015): The Tcl-thread exited with status 0.
INFO (IPL016): Exiting the analysis session with status 0.
