JasperGold Apps 2021.03 FCS 64 bits 2021.03.23 02:50:43 UTC

Any disclosure about the Cadence Design Systems software or its use
model to any third party violates the written Non-Disclosure Agreement
between Cadence Design Systems, Inc. and the customer.

THIS SOFTWARE CONTAINS CONFIDENTIAL INFORMATION AND TRADE SECRETS OF
CADENCE DESIGN SYSTEMS, INC. USE, DISCLOSURE, OR REPRODUCTION IS
PROHIBITED WITHOUT THE PRIOR EXPRESS WRITTEN PERMISSION OF CADENCE
DESIGN SYSTEMS, INC.

Copyright (C) 2000-2021 Cadence Design Systems, Inc. All Rights
Reserved.  Unpublished -- rights reserved under the copyright laws of
the United States.

This product includes software developed by others and redistributed
according to license agreement. See doc/third_party_readme.txt for
further details.

RESTRICTED RIGHTS LEGEND

Use, duplication, or disclosure by the Government is subject to
restrictions as set forth in subparagraph (c) (1) (ii) of the Rights in
Technical Data and Computer Software clause at DFARS 252.227-7013 or
subparagraphs (c) (1) and (2) of Commercial Computer Software -- Restricted
Rights at 48 CFR 52.227-19, as applicable.


                          Cadence Design Systems, Inc. 
                          2655 Seely Avenue
                          San Jose, CA 95134
                          Phone: 408.943.1234

For technical assistance visit http://support.cadence.com.

JasperGold Apps Analysis Session - /home/rk6650/VeriTriples/malik2627research/repos_6.24/PrincetonUniversity_AutoSVA/jgproject/sessionLogs/session_0

INFO: successfully checked out license "jasper_fao".
INFO: reading configuration file "/home/rk6650/.config/jasper/jaspergold.conf".
% clear -all
INFO (IPF121): Cleared environment completely for new design analysis.
% 
% catch { analyze -sv -incdir /home/rk6650/VeriTriples/malik2627research -incdir /home/rk6650/VeriTriples/malik2627research/ft_fifo/sva -incdir /home/rk6650/VeriTriples/malik2627research/ft_mmu/sva -incdir /home/rk6650/VeriTriples/malik2627research/ft_ptw/sva -incdir /home/rk6650/VeriTriples/malik2627research/ft_tlb/sva /home/rk6650/VeriTriples/malik2627research/repos_6.24/PrincetonUniversity_AutoSVA/AUTOSVA_GEN.v }
[-- (VERI-1482)] Analyzing Verilog file '/usr/licensed/cadence-20210126/jasper_2021.03/lib/verilog/packages/std/std.sv' into library 'std'
[-- (VERI-1482)] Analyzing Verilog file '/home/rk6650/VeriTriples/malik2627research/repos_6.24/PrincetonUniversity_AutoSVA/AUTOSVA_GEN.v'
[WARN (VERI-1049)] /home/rk6650/VeriTriples/malik2627research/repos_6.24/PrincetonUniversity_AutoSVA/AUTOSVA_GEN.v(11): /* in comment
[WARN (VERI-1049)] /home/rk6650/VeriTriples/malik2627research/repos_6.24/PrincetonUniversity_AutoSVA/AUTOSVA_GEN.v(24): /* in comment
0
% 
% catch { analyze -sv -incdir /home/rk6650/VeriTriples/malik2627research -incdir /home/rk6650/VeriTriples/malik2627research/ft_fifo/sva -incdir /home/rk6650/VeriTriples/malik2627research/ft_mmu/sva -incdir /home/rk6650/VeriTriples/malik2627research/ft_ptw/sva -incdir /home/rk6650/VeriTriples/malik2627research/ft_tlb/sva /home/rk6650/VeriTriples/malik2627research/repos_6.24/PrincetonUniversity_AutoSVA/ft_ptw/sva/ptw_prop.sv }
[-- (VERI-1482)] Analyzing Verilog file '/home/rk6650/VeriTriples/malik2627research/repos_6.24/PrincetonUniversity_AutoSVA/ft_ptw/sva/ptw_prop.sv'
[ERROR (VERI-1128)] /home/rk6650/VeriTriples/malik2627research/repos_6.24/PrincetonUniversity_AutoSVA/ft_ptw/sva/ptw_prop.sv(5): 'ariane_pkg' is not declared
[ERROR (VERI-1128)] /home/rk6650/VeriTriples/malik2627research/repos_6.24/PrincetonUniversity_AutoSVA/ft_ptw/sva/ptw_prop.sv(8): 'ariane_pkg' is not declared
[ERROR (VERI-1128)] /home/rk6650/VeriTriples/malik2627research/repos_6.24/PrincetonUniversity_AutoSVA/ft_ptw/sva/ptw_prop.sv(8): 'ariane_pkg' is not declared
[ERROR (VERI-1128)] /home/rk6650/VeriTriples/malik2627research/repos_6.24/PrincetonUniversity_AutoSVA/ft_ptw/sva/ptw_prop.sv(32): 'riscv' is not declared
[ERROR (VERI-1128)] /home/rk6650/VeriTriples/malik2627research/repos_6.24/PrincetonUniversity_AutoSVA/ft_ptw/sva/ptw_prop.sv(39): 'riscv' is not declared
[ERROR (VERI-1128)] /home/rk6650/VeriTriples/malik2627research/repos_6.24/PrincetonUniversity_AutoSVA/ft_ptw/sva/ptw_prop.sv(43): 'riscv' is not declared
[ERROR (VERI-1128)] /home/rk6650/VeriTriples/malik2627research/repos_6.24/PrincetonUniversity_AutoSVA/ft_ptw/sva/ptw_prop.sv(45): 'riscv' is not declared
[ERROR (VERI-1128)] /home/rk6650/VeriTriples/malik2627research/repos_6.24/PrincetonUniversity_AutoSVA/ft_ptw/sva/ptw_prop.sv(52): 'riscv' is not declared
[ERROR (VERI-1128)] /home/rk6650/VeriTriples/malik2627research/repos_6.24/PrincetonUniversity_AutoSVA/ft_ptw/sva/ptw_prop.sv(54): 'riscv' is not declared
[ERROR (VERI-1128)] /home/rk6650/VeriTriples/malik2627research/repos_6.24/PrincetonUniversity_AutoSVA/ft_ptw/sva/ptw_prop.sv(284): 'riscv' is not declared
[ERROR (VERI-1128)] /home/rk6650/VeriTriples/malik2627research/repos_6.24/PrincetonUniversity_AutoSVA/ft_ptw/sva/ptw_prop.sv(293): 'riscv' is not declared
[ERROR (VERI-1128)] /home/rk6650/VeriTriples/malik2627research/repos_6.24/PrincetonUniversity_AutoSVA/ft_ptw/sva/ptw_prop.sv(380): 'riscv' is not declared
[ERROR (VERI-1128)] /home/rk6650/VeriTriples/malik2627research/repos_6.24/PrincetonUniversity_AutoSVA/ft_ptw/sva/ptw_prop.sv(386): 'riscv' is not declared
[ERROR (VERI-1128)] /home/rk6650/VeriTriples/malik2627research/repos_6.24/PrincetonUniversity_AutoSVA/ft_ptw/sva/ptw_prop.sv(632): 'riscv' is not declared
[WARN (VERI-1864)] /home/rk6650/VeriTriples/malik2627research/repos_6.24/PrincetonUniversity_AutoSVA/ft_ptw/sva/ptw_prop.sv(664): invalid size of integer constant literal
[WARN (VERI-1864)] /home/rk6650/VeriTriples/malik2627research/repos_6.24/PrincetonUniversity_AutoSVA/ft_ptw/sva/ptw_prop.sv(676): invalid size of integer constant literal
[WARN (VERI-1864)] /home/rk6650/VeriTriples/malik2627research/repos_6.24/PrincetonUniversity_AutoSVA/ft_ptw/sva/ptw_prop.sv(679): invalid size of integer constant literal
[ERROR (VERI-1128)] /home/rk6650/VeriTriples/malik2627research/repos_6.24/PrincetonUniversity_AutoSVA/ft_ptw/sva/ptw_prop.sv(24): 'dcache_req_o_t' is not declared
[ERROR (VERI-1128)] /home/rk6650/VeriTriples/malik2627research/repos_6.24/PrincetonUniversity_AutoSVA/ft_ptw/sva/ptw_prop.sv(25): 'dcache_req_i_t' is not declared
[ERROR (VERI-1128)] /home/rk6650/VeriTriples/malik2627research/repos_6.24/PrincetonUniversity_AutoSVA/ft_ptw/sva/ptw_prop.sv(29): 'tlb_update_t' is not declared
[ERROR (VERI-1128)] /home/rk6650/VeriTriples/malik2627research/repos_6.24/PrincetonUniversity_AutoSVA/ft_ptw/sva/ptw_prop.sv(30): 'tlb_update_t' is not declared
[ERROR (VERI-1128)] /home/rk6650/VeriTriples/malik2627research/repos_6.24/PrincetonUniversity_AutoSVA/ft_ptw/sva/ptw_prop.sv(52): 'pmpcfg_t' is not declared
[INFO (VMSG-1000)] Too many errors. Further error messages will be suppressed.
Summary of errors detected:
	[ERROR (VERI-1128)] /home/rk6650/VeriTriples/malik2627research/repos_6.24/PrincetonUniversity_AutoSVA/ft_ptw/sva/ptw_prop.sv(5): 'ariane_pkg' is not declared
	[ERROR (VERI-1128)] /home/rk6650/VeriTriples/malik2627research/repos_6.24/PrincetonUniversity_AutoSVA/ft_ptw/sva/ptw_prop.sv(8): 'ariane_pkg' is not declared
	[ERROR (VERI-1128)] /home/rk6650/VeriTriples/malik2627research/repos_6.24/PrincetonUniversity_AutoSVA/ft_ptw/sva/ptw_prop.sv(8): 'ariane_pkg' is not declared
	[ERROR (VERI-1128)] /home/rk6650/VeriTriples/malik2627research/repos_6.24/PrincetonUniversity_AutoSVA/ft_ptw/sva/ptw_prop.sv(32): 'riscv' is not declared
	[ERROR (VERI-1128)] /home/rk6650/VeriTriples/malik2627research/repos_6.24/PrincetonUniversity_AutoSVA/ft_ptw/sva/ptw_prop.sv(39): 'riscv' is not declared
	[ERROR (VERI-1128)] /home/rk6650/VeriTriples/malik2627research/repos_6.24/PrincetonUniversity_AutoSVA/ft_ptw/sva/ptw_prop.sv(43): 'riscv' is not declared
	[ERROR (VERI-1128)] /home/rk6650/VeriTriples/malik2627research/repos_6.24/PrincetonUniversity_AutoSVA/ft_ptw/sva/ptw_prop.sv(45): 'riscv' is not declared
	[ERROR (VERI-1128)] /home/rk6650/VeriTriples/malik2627research/repos_6.24/PrincetonUniversity_AutoSVA/ft_ptw/sva/ptw_prop.sv(52): 'riscv' is not declared
	[ERROR (VERI-1128)] /home/rk6650/VeriTriples/malik2627research/repos_6.24/PrincetonUniversity_AutoSVA/ft_ptw/sva/ptw_prop.sv(54): 'riscv' is not declared
	[ERROR (VERI-1128)] /home/rk6650/VeriTriples/malik2627research/repos_6.24/PrincetonUniversity_AutoSVA/ft_ptw/sva/ptw_prop.sv(284): 'riscv' is not declared
	[ERROR (VERI-1128)] /home/rk6650/VeriTriples/malik2627research/repos_6.24/PrincetonUniversity_AutoSVA/ft_ptw/sva/ptw_prop.sv(293): 'riscv' is not declared
	[ERROR (VERI-1128)] /home/rk6650/VeriTriples/malik2627research/repos_6.24/PrincetonUniversity_AutoSVA/ft_ptw/sva/ptw_prop.sv(380): 'riscv' is not declared
	[ERROR (VERI-1128)] /home/rk6650/VeriTriples/malik2627research/repos_6.24/PrincetonUniversity_AutoSVA/ft_ptw/sva/ptw_prop.sv(386): 'riscv' is not declared
	[ERROR (VERI-1128)] /home/rk6650/VeriTriples/malik2627research/repos_6.24/PrincetonUniversity_AutoSVA/ft_ptw/sva/ptw_prop.sv(632): 'riscv' is not declared
	[ERROR (VERI-1128)] /home/rk6650/VeriTriples/malik2627research/repos_6.24/PrincetonUniversity_AutoSVA/ft_ptw/sva/ptw_prop.sv(24): 'dcache_req_o_t' is not declared
	[ERROR (VERI-1128)] /home/rk6650/VeriTriples/malik2627research/repos_6.24/PrincetonUniversity_AutoSVA/ft_ptw/sva/ptw_prop.sv(25): 'dcache_req_i_t' is not declared
	[ERROR (VERI-1128)] /home/rk6650/VeriTriples/malik2627research/repos_6.24/PrincetonUniversity_AutoSVA/ft_ptw/sva/ptw_prop.sv(29): 'tlb_update_t' is not declared
	[ERROR (VERI-1128)] /home/rk6650/VeriTriples/malik2627research/repos_6.24/PrincetonUniversity_AutoSVA/ft_ptw/sva/ptw_prop.sv(30): 'tlb_update_t' is not declared
	[ERROR (VERI-1128)] /home/rk6650/VeriTriples/malik2627research/repos_6.24/PrincetonUniversity_AutoSVA/ft_ptw/sva/ptw_prop.sv(52): 'pmpcfg_t' is not declared
1
% catch { analyze -sv -incdir /home/rk6650/VeriTriples/malik2627research -incdir /home/rk6650/VeriTriples/malik2627research/ft_fifo/sva -incdir /home/rk6650/VeriTriples/malik2627research/ft_mmu/sva -incdir /home/rk6650/VeriTriples/malik2627research/ft_ptw/sva -incdir /home/rk6650/VeriTriples/malik2627research/ft_tlb/sva /home/rk6650/VeriTriples/malik2627research/repos_6.24/PrincetonUniversity_AutoSVA/ft_mmu/sva/mmu_prop.sv }
[-- (VERI-1482)] Analyzing Verilog file '/home/rk6650/VeriTriples/malik2627research/repos_6.24/PrincetonUniversity_AutoSVA/ft_mmu/sva/mmu_prop.sv'
[ERROR (VERI-1128)] /home/rk6650/VeriTriples/malik2627research/repos_6.24/PrincetonUniversity_AutoSVA/ft_mmu/sva/mmu_prop.sv(43): 'ariane_pkg' is not declared
[ERROR (VERI-1128)] /home/rk6650/VeriTriples/malik2627research/repos_6.24/PrincetonUniversity_AutoSVA/ft_mmu/sva/mmu_prop.sv(48): 'ariane_pkg' is not declared
[ERROR (VERI-1128)] /home/rk6650/VeriTriples/malik2627research/repos_6.24/PrincetonUniversity_AutoSVA/ft_mmu/sva/mmu_prop.sv(66): 'riscv' is not declared
[ERROR (VERI-1128)] /home/rk6650/VeriTriples/malik2627research/repos_6.24/PrincetonUniversity_AutoSVA/ft_mmu/sva/mmu_prop.sv(71): 'riscv' is not declared
[ERROR (VERI-1128)] /home/rk6650/VeriTriples/malik2627research/repos_6.24/PrincetonUniversity_AutoSVA/ft_mmu/sva/mmu_prop.sv(74): 'riscv' is not declared
[ERROR (VERI-1128)] /home/rk6650/VeriTriples/malik2627research/repos_6.24/PrincetonUniversity_AutoSVA/ft_mmu/sva/mmu_prop.sv(77): 'riscv' is not declared
[ERROR (VERI-1128)] /home/rk6650/VeriTriples/malik2627research/repos_6.24/PrincetonUniversity_AutoSVA/ft_mmu/sva/mmu_prop.sv(78): 'riscv' is not declared
[ERROR (VERI-1128)] /home/rk6650/VeriTriples/malik2627research/repos_6.24/PrincetonUniversity_AutoSVA/ft_mmu/sva/mmu_prop.sv(82): 'riscv' is not declared
[ERROR (VERI-1128)] /home/rk6650/VeriTriples/malik2627research/repos_6.24/PrincetonUniversity_AutoSVA/ft_mmu/sva/mmu_prop.sv(85): 'riscv' is not declared
[ERROR (VERI-1128)] /home/rk6650/VeriTriples/malik2627research/repos_6.24/PrincetonUniversity_AutoSVA/ft_mmu/sva/mmu_prop.sv(94): 'riscv' is not declared
[ERROR (VERI-1128)] /home/rk6650/VeriTriples/malik2627research/repos_6.24/PrincetonUniversity_AutoSVA/ft_mmu/sva/mmu_prop.sv(95): 'riscv' is not declared
[ERROR (VERI-1128)] /home/rk6650/VeriTriples/malik2627research/repos_6.24/PrincetonUniversity_AutoSVA/ft_mmu/sva/mmu_prop.sv(114): 'riscv' is not declared
[ERROR (VERI-1128)] /home/rk6650/VeriTriples/malik2627research/repos_6.24/PrincetonUniversity_AutoSVA/ft_mmu/sva/mmu_prop.sv(117): 'riscv' is not declared
[ERROR (VERI-1128)] /home/rk6650/VeriTriples/malik2627research/repos_6.24/PrincetonUniversity_AutoSVA/ft_mmu/sva/mmu_prop.sv(58): 'icache_areq_o_t' is not declared
[ERROR (VERI-1128)] /home/rk6650/VeriTriples/malik2627research/repos_6.24/PrincetonUniversity_AutoSVA/ft_mmu/sva/mmu_prop.sv(59): 'icache_areq_i_t' is not declared
[ERROR (VERI-1128)] /home/rk6650/VeriTriples/malik2627research/repos_6.24/PrincetonUniversity_AutoSVA/ft_mmu/sva/mmu_prop.sv(64): 'exception_t' is not declared
[ERROR (VERI-1128)] /home/rk6650/VeriTriples/malik2627research/repos_6.24/PrincetonUniversity_AutoSVA/ft_mmu/sva/mmu_prop.sv(75): 'exception_t' is not declared
[ERROR (VERI-1128)] /home/rk6650/VeriTriples/malik2627research/repos_6.24/PrincetonUniversity_AutoSVA/ft_mmu/sva/mmu_prop.sv(77): 'priv_lvl_t' is not declared
[ERROR (VERI-1128)] /home/rk6650/VeriTriples/malik2627research/repos_6.24/PrincetonUniversity_AutoSVA/ft_mmu/sva/mmu_prop.sv(78): 'priv_lvl_t' is not declared
[INFO (VMSG-1000)] Too many errors. Further error messages will be suppressed.
Summary of errors detected:
	[ERROR (VERI-1128)] /home/rk6650/VeriTriples/malik2627research/repos_6.24/PrincetonUniversity_AutoSVA/ft_mmu/sva/mmu_prop.sv(43): 'ariane_pkg' is not declared
	[ERROR (VERI-1128)] /home/rk6650/VeriTriples/malik2627research/repos_6.24/PrincetonUniversity_AutoSVA/ft_mmu/sva/mmu_prop.sv(48): 'ariane_pkg' is not declared
	[ERROR (VERI-1128)] /home/rk6650/VeriTriples/malik2627research/repos_6.24/PrincetonUniversity_AutoSVA/ft_mmu/sva/mmu_prop.sv(66): 'riscv' is not declared
	[ERROR (VERI-1128)] /home/rk6650/VeriTriples/malik2627research/repos_6.24/PrincetonUniversity_AutoSVA/ft_mmu/sva/mmu_prop.sv(71): 'riscv' is not declared
	[ERROR (VERI-1128)] /home/rk6650/VeriTriples/malik2627research/repos_6.24/PrincetonUniversity_AutoSVA/ft_mmu/sva/mmu_prop.sv(74): 'riscv' is not declared
	[ERROR (VERI-1128)] /home/rk6650/VeriTriples/malik2627research/repos_6.24/PrincetonUniversity_AutoSVA/ft_mmu/sva/mmu_prop.sv(77): 'riscv' is not declared
	[ERROR (VERI-1128)] /home/rk6650/VeriTriples/malik2627research/repos_6.24/PrincetonUniversity_AutoSVA/ft_mmu/sva/mmu_prop.sv(78): 'riscv' is not declared
	[ERROR (VERI-1128)] /home/rk6650/VeriTriples/malik2627research/repos_6.24/PrincetonUniversity_AutoSVA/ft_mmu/sva/mmu_prop.sv(82): 'riscv' is not declared
	[ERROR (VERI-1128)] /home/rk6650/VeriTriples/malik2627research/repos_6.24/PrincetonUniversity_AutoSVA/ft_mmu/sva/mmu_prop.sv(85): 'riscv' is not declared
	[ERROR (VERI-1128)] /home/rk6650/VeriTriples/malik2627research/repos_6.24/PrincetonUniversity_AutoSVA/ft_mmu/sva/mmu_prop.sv(94): 'riscv' is not declared
	[ERROR (VERI-1128)] /home/rk6650/VeriTriples/malik2627research/repos_6.24/PrincetonUniversity_AutoSVA/ft_mmu/sva/mmu_prop.sv(95): 'riscv' is not declared
	[ERROR (VERI-1128)] /home/rk6650/VeriTriples/malik2627research/repos_6.24/PrincetonUniversity_AutoSVA/ft_mmu/sva/mmu_prop.sv(114): 'riscv' is not declared
	[ERROR (VERI-1128)] /home/rk6650/VeriTriples/malik2627research/repos_6.24/PrincetonUniversity_AutoSVA/ft_mmu/sva/mmu_prop.sv(117): 'riscv' is not declared
	[ERROR (VERI-1128)] /home/rk6650/VeriTriples/malik2627research/repos_6.24/PrincetonUniversity_AutoSVA/ft_mmu/sva/mmu_prop.sv(58): 'icache_areq_o_t' is not declared
	[ERROR (VERI-1128)] /home/rk6650/VeriTriples/malik2627research/repos_6.24/PrincetonUniversity_AutoSVA/ft_mmu/sva/mmu_prop.sv(59): 'icache_areq_i_t' is not declared
	[ERROR (VERI-1128)] /home/rk6650/VeriTriples/malik2627research/repos_6.24/PrincetonUniversity_AutoSVA/ft_mmu/sva/mmu_prop.sv(64): 'exception_t' is not declared
	[ERROR (VERI-1128)] /home/rk6650/VeriTriples/malik2627research/repos_6.24/PrincetonUniversity_AutoSVA/ft_mmu/sva/mmu_prop.sv(75): 'exception_t' is not declared
	[ERROR (VERI-1128)] /home/rk6650/VeriTriples/malik2627research/repos_6.24/PrincetonUniversity_AutoSVA/ft_mmu/sva/mmu_prop.sv(77): 'priv_lvl_t' is not declared
	[ERROR (VERI-1128)] /home/rk6650/VeriTriples/malik2627research/repos_6.24/PrincetonUniversity_AutoSVA/ft_mmu/sva/mmu_prop.sv(78): 'priv_lvl_t' is not declared
1
% catch { analyze -sv -incdir /home/rk6650/VeriTriples/malik2627research -incdir /home/rk6650/VeriTriples/malik2627research/ft_fifo/sva -incdir /home/rk6650/VeriTriples/malik2627research/ft_mmu/sva -incdir /home/rk6650/VeriTriples/malik2627research/ft_ptw/sva -incdir /home/rk6650/VeriTriples/malik2627research/ft_tlb/sva /home/rk6650/VeriTriples/malik2627research/repos_6.24/PrincetonUniversity_AutoSVA/ft_tlb/sva/tlb_prop.sv }
[-- (VERI-1482)] Analyzing Verilog file '/home/rk6650/VeriTriples/malik2627research/repos_6.24/PrincetonUniversity_AutoSVA/ft_tlb/sva/tlb_prop.sv'
[ERROR (VERI-1128)] /home/rk6650/VeriTriples/malik2627research/repos_6.24/PrincetonUniversity_AutoSVA/ft_tlb/sva/tlb_prop.sv(6): 'ariane_pkg' is not declared
[ERROR (VERI-1128)] /home/rk6650/VeriTriples/malik2627research/repos_6.24/PrincetonUniversity_AutoSVA/ft_tlb/sva/tlb_prop.sv(19): 'riscv' is not declared
[ERROR (VERI-1128)] /home/rk6650/VeriTriples/malik2627research/repos_6.24/PrincetonUniversity_AutoSVA/ft_tlb/sva/tlb_prop.sv(20): 'riscv' is not declared
[ERROR (VERI-1128)] /home/rk6650/VeriTriples/malik2627research/repos_6.24/PrincetonUniversity_AutoSVA/ft_tlb/sva/tlb_prop.sv(22): 'riscv' is not declared
[ERROR (VERI-1128)] /home/rk6650/VeriTriples/malik2627research/repos_6.24/PrincetonUniversity_AutoSVA/ft_tlb/sva/tlb_prop.sv(40): 'riscv' is not declared
[WARN (VERI-2053)] /home/rk6650/VeriTriples/malik2627research/repos_6.24/PrincetonUniversity_AutoSVA/ft_tlb/sva/tlb_prop.sv(351): implication operator can be used only in constraint expression in SystemVerilog 1800-2005 dialect
[WARN (VERI-2053)] /home/rk6650/VeriTriples/malik2627research/repos_6.24/PrincetonUniversity_AutoSVA/ft_tlb/sva/tlb_prop.sv(356): implication operator can be used only in constraint expression in SystemVerilog 1800-2005 dialect
[WARN (VERI-2053)] /home/rk6650/VeriTriples/malik2627research/repos_6.24/PrincetonUniversity_AutoSVA/ft_tlb/sva/tlb_prop.sv(361): implication operator can be used only in constraint expression in SystemVerilog 1800-2005 dialect
[WARN (VERI-2053)] /home/rk6650/VeriTriples/malik2627research/repos_6.24/PrincetonUniversity_AutoSVA/ft_tlb/sva/tlb_prop.sv(366): implication operator can be used only in constraint expression in SystemVerilog 1800-2005 dialect
[WARN (VERI-2053)] /home/rk6650/VeriTriples/malik2627research/repos_6.24/PrincetonUniversity_AutoSVA/ft_tlb/sva/tlb_prop.sv(371): implication operator can be used only in constraint expression in SystemVerilog 1800-2005 dialect
[WARN (VERI-2053)] /home/rk6650/VeriTriples/malik2627research/repos_6.24/PrincetonUniversity_AutoSVA/ft_tlb/sva/tlb_prop.sv(376): implication operator can be used only in constraint expression in SystemVerilog 1800-2005 dialect
[WARN (VERI-2053)] /home/rk6650/VeriTriples/malik2627research/repos_6.24/PrincetonUniversity_AutoSVA/ft_tlb/sva/tlb_prop.sv(384): implication operator can be used only in constraint expression in SystemVerilog 1800-2005 dialect
[ERROR (VERI-1128)] /home/rk6650/VeriTriples/malik2627research/repos_6.24/PrincetonUniversity_AutoSVA/ft_tlb/sva/tlb_prop.sv(401): 'riscv' is not declared
[ERROR (VERI-1128)] /home/rk6650/VeriTriples/malik2627research/repos_6.24/PrincetonUniversity_AutoSVA/ft_tlb/sva/tlb_prop.sv(421): 'riscv' is not declared
[ERROR (VERI-1128)] /home/rk6650/VeriTriples/malik2627research/repos_6.24/PrincetonUniversity_AutoSVA/ft_tlb/sva/tlb_prop.sv(429): 'riscv' is not declared
[ERROR (VERI-1128)] /home/rk6650/VeriTriples/malik2627research/repos_6.24/PrincetonUniversity_AutoSVA/ft_tlb/sva/tlb_prop.sv(453): 'riscv' is not declared
[WARN (VERI-2053)] /home/rk6650/VeriTriples/malik2627research/repos_6.24/PrincetonUniversity_AutoSVA/ft_tlb/sva/tlb_prop.sv(483): implication operator can be used only in constraint expression in SystemVerilog 1800-2005 dialect
[ERROR (VERI-1128)] /home/rk6650/VeriTriples/malik2627research/repos_6.24/PrincetonUniversity_AutoSVA/ft_tlb/sva/tlb_prop.sv(515): 'riscv' is not declared
[ERROR (VERI-1128)] /home/rk6650/VeriTriples/malik2627research/repos_6.24/PrincetonUniversity_AutoSVA/ft_tlb/sva/tlb_prop.sv(15): 'tlb_update_t' is not declared
[ERROR (VERI-1128)] /home/rk6650/VeriTriples/malik2627research/repos_6.24/PrincetonUniversity_AutoSVA/ft_tlb/sva/tlb_prop.sv(20): 'pte_t' is not declared
[ERROR (VERI-1072)] /home/rk6650/VeriTriples/malik2627research/repos_6.24/PrincetonUniversity_AutoSVA/ft_tlb/sva/tlb_prop.sv(534): module 'tlb_prop' ignored due to previous errors
Summary of errors detected:
	[ERROR (VERI-1128)] /home/rk6650/VeriTriples/malik2627research/repos_6.24/PrincetonUniversity_AutoSVA/ft_tlb/sva/tlb_prop.sv(6): 'ariane_pkg' is not declared
	[ERROR (VERI-1128)] /home/rk6650/VeriTriples/malik2627research/repos_6.24/PrincetonUniversity_AutoSVA/ft_tlb/sva/tlb_prop.sv(19): 'riscv' is not declared
	[ERROR (VERI-1128)] /home/rk6650/VeriTriples/malik2627research/repos_6.24/PrincetonUniversity_AutoSVA/ft_tlb/sva/tlb_prop.sv(20): 'riscv' is not declared
	[ERROR (VERI-1128)] /home/rk6650/VeriTriples/malik2627research/repos_6.24/PrincetonUniversity_AutoSVA/ft_tlb/sva/tlb_prop.sv(22): 'riscv' is not declared
	[ERROR (VERI-1128)] /home/rk6650/VeriTriples/malik2627research/repos_6.24/PrincetonUniversity_AutoSVA/ft_tlb/sva/tlb_prop.sv(40): 'riscv' is not declared
	[ERROR (VERI-1128)] /home/rk6650/VeriTriples/malik2627research/repos_6.24/PrincetonUniversity_AutoSVA/ft_tlb/sva/tlb_prop.sv(401): 'riscv' is not declared
	[ERROR (VERI-1128)] /home/rk6650/VeriTriples/malik2627research/repos_6.24/PrincetonUniversity_AutoSVA/ft_tlb/sva/tlb_prop.sv(421): 'riscv' is not declared
	[ERROR (VERI-1128)] /home/rk6650/VeriTriples/malik2627research/repos_6.24/PrincetonUniversity_AutoSVA/ft_tlb/sva/tlb_prop.sv(429): 'riscv' is not declared
	[ERROR (VERI-1128)] /home/rk6650/VeriTriples/malik2627research/repos_6.24/PrincetonUniversity_AutoSVA/ft_tlb/sva/tlb_prop.sv(453): 'riscv' is not declared
	[ERROR (VERI-1128)] /home/rk6650/VeriTriples/malik2627research/repos_6.24/PrincetonUniversity_AutoSVA/ft_tlb/sva/tlb_prop.sv(515): 'riscv' is not declared
	[ERROR (VERI-1128)] /home/rk6650/VeriTriples/malik2627research/repos_6.24/PrincetonUniversity_AutoSVA/ft_tlb/sva/tlb_prop.sv(15): 'tlb_update_t' is not declared
	[ERROR (VERI-1128)] /home/rk6650/VeriTriples/malik2627research/repos_6.24/PrincetonUniversity_AutoSVA/ft_tlb/sva/tlb_prop.sv(20): 'pte_t' is not declared
	[ERROR (VERI-1072)] /home/rk6650/VeriTriples/malik2627research/repos_6.24/PrincetonUniversity_AutoSVA/ft_tlb/sva/tlb_prop.sv(534): module 'tlb_prop' ignored due to previous errors
1
% 
% 
%             if {[catch {elaborate -top fifo} err]} {
            puts "ELAB ERROR: $err"
            exit
            }
INFO (ISW003): Top module name is "fifo".
[ERROR (VERI-9029)] Module fifo has not been analyzed yet
[ERROR (VDB-9017)] Module fifo could not be elaborated
Summary of errors detected:
	[ERROR (VERI-9029)] Module fifo has not been analyzed yet
	[ERROR (VDB-9017)] Module fifo could not be elaborated
ELAB ERROR: ERROR (ENL034): 2 errors detected in the design file(s).

% INFO (IPL005): Received request to exit from the console.
INFO (IPL018): The peak resident set memory use for this session was 0.000 GB.
INFO (IPL014): Waiting for the Tcl-thread to exit.
INFO (IPL015): The Tcl-thread exited with status 0.
INFO (IPL016): Exiting the analysis session with status 0.
