JasperGold Apps 2021.03 FCS 64 bits 2021.03.23 02:50:43 UTC

Any disclosure about the Cadence Design Systems software or its use
model to any third party violates the written Non-Disclosure Agreement
between Cadence Design Systems, Inc. and the customer.

THIS SOFTWARE CONTAINS CONFIDENTIAL INFORMATION AND TRADE SECRETS OF
CADENCE DESIGN SYSTEMS, INC. USE, DISCLOSURE, OR REPRODUCTION IS
PROHIBITED WITHOUT THE PRIOR EXPRESS WRITTEN PERMISSION OF CADENCE
DESIGN SYSTEMS, INC.

Copyright (C) 2000-2021 Cadence Design Systems, Inc. All Rights
Reserved.  Unpublished -- rights reserved under the copyright laws of
the United States.

This product includes software developed by others and redistributed
according to license agreement. See doc/third_party_readme.txt for
further details.

RESTRICTED RIGHTS LEGEND

Use, duplication, or disclosure by the Government is subject to
restrictions as set forth in subparagraph (c) (1) (ii) of the Rights in
Technical Data and Computer Software clause at DFARS 252.227-7013 or
subparagraphs (c) (1) and (2) of Commercial Computer Software -- Restricted
Rights at 48 CFR 52.227-19, as applicable.


                          Cadence Design Systems, Inc. 
                          2655 Seely Avenue
                          San Jose, CA 95134
                          Phone: 408.943.1234

For technical assistance visit http://support.cadence.com.

JasperGold Apps Analysis Session - /home/rk6650/VeriTriples/malik2627research/repos_6.24/bogdanvuk_pygears/jgproject/sessionLogs/session_0

INFO: successfully checked out license "jasper_fao".
INFO: reading configuration file "/home/rk6650/.config/jasper/jaspergold.conf".
% clear -all
INFO (IPF121): Cleared environment completely for new design analysis.
% 
% catch { analyze -sv -incdir /home/rk6650/VeriTriples/malik2627research -incdir /home/rk6650/VeriTriples/malik2627research/pygears/lib/svlib -incdir /home/rk6650/VeriTriples/malik2627research/pygears/lib/vlib -incdir /home/rk6650/VeriTriples/malik2627research/pygears/sim/dpi -incdir /home/rk6650/VeriTriples/malik2627research/tests/lib/test_rng/test_cnt_svgen -incdir /home/rk6650/VeriTriples/malik2627research/tests/svgen/test_channel_intfs/test_consumer_lower_multilevel -incdir /home/rk6650/VeriTriples/malik2627research/tests/svgen/test_general/test_hier_module_gen -incdir /home/rk6650/VeriTriples/malik2627research/tests/svgen/test_signals /home/rk6650/VeriTriples/malik2627research/repos_6.24/bogdanvuk_pygears/pygears/lib/vlib/skidbuffer.v }
[-- (VERI-1482)] Analyzing Verilog file '/usr/licensed/cadence-20210126/jasper_2021.03/lib/verilog/packages/std/std.sv' into library 'std'
[-- (VERI-1482)] Analyzing Verilog file '/home/rk6650/VeriTriples/malik2627research/repos_6.24/bogdanvuk_pygears/pygears/lib/vlib/skidbuffer.v'
0
% catch { analyze -sv -incdir /home/rk6650/VeriTriples/malik2627research -incdir /home/rk6650/VeriTriples/malik2627research/pygears/lib/svlib -incdir /home/rk6650/VeriTriples/malik2627research/pygears/lib/vlib -incdir /home/rk6650/VeriTriples/malik2627research/pygears/sim/dpi -incdir /home/rk6650/VeriTriples/malik2627research/tests/lib/test_rng/test_cnt_svgen -incdir /home/rk6650/VeriTriples/malik2627research/tests/svgen/test_channel_intfs/test_consumer_lower_multilevel -incdir /home/rk6650/VeriTriples/malik2627research/tests/svgen/test_general/test_hier_module_gen -incdir /home/rk6650/VeriTriples/malik2627research/tests/svgen/test_signals /home/rk6650/VeriTriples/malik2627research/repos_6.24/bogdanvuk_pygears/pygears/lib/vlib/sfifo.v }
[-- (VERI-1482)] Analyzing Verilog file '/home/rk6650/VeriTriples/malik2627research/repos_6.24/bogdanvuk_pygears/pygears/lib/vlib/sfifo.v'
0
% catch { analyze -sv -incdir /home/rk6650/VeriTriples/malik2627research -incdir /home/rk6650/VeriTriples/malik2627research/pygears/lib/svlib -incdir /home/rk6650/VeriTriples/malik2627research/pygears/lib/vlib -incdir /home/rk6650/VeriTriples/malik2627research/pygears/sim/dpi -incdir /home/rk6650/VeriTriples/malik2627research/tests/lib/test_rng/test_cnt_svgen -incdir /home/rk6650/VeriTriples/malik2627research/tests/svgen/test_channel_intfs/test_consumer_lower_multilevel -incdir /home/rk6650/VeriTriples/malik2627research/tests/svgen/test_general/test_hier_module_gen -incdir /home/rk6650/VeriTriples/malik2627research/tests/svgen/test_signals /home/rk6650/VeriTriples/malik2627research/repos_6.24/bogdanvuk_pygears/pygears/sim/dpi/socket_macros.svh }
[-- (VERI-1482)] Analyzing Verilog file '/home/rk6650/VeriTriples/malik2627research/repos_6.24/bogdanvuk_pygears/pygears/sim/dpi/socket_macros.svh'
0
% 
% catch { analyze -sv -incdir /home/rk6650/VeriTriples/malik2627research -incdir /home/rk6650/VeriTriples/malik2627research/pygears/lib/svlib -incdir /home/rk6650/VeriTriples/malik2627research/pygears/lib/vlib -incdir /home/rk6650/VeriTriples/malik2627research/pygears/sim/dpi -incdir /home/rk6650/VeriTriples/malik2627research/tests/lib/test_rng/test_cnt_svgen -incdir /home/rk6650/VeriTriples/malik2627research/tests/svgen/test_channel_intfs/test_consumer_lower_multilevel -incdir /home/rk6650/VeriTriples/malik2627research/tests/svgen/test_general/test_hier_module_gen -incdir /home/rk6650/VeriTriples/malik2627research/tests/svgen/test_signals /home/rk6650/VeriTriples/malik2627research/repos_6.24/bogdanvuk_pygears/tests/svgen/test_general/test_hier_module_gen/hier.sv }
[-- (VERI-1482)] Analyzing Verilog file '/home/rk6650/VeriTriples/malik2627research/repos_6.24/bogdanvuk_pygears/tests/svgen/test_general/test_hier_module_gen/hier.sv'
0
% catch { analyze -sv -incdir /home/rk6650/VeriTriples/malik2627research -incdir /home/rk6650/VeriTriples/malik2627research/pygears/lib/svlib -incdir /home/rk6650/VeriTriples/malik2627research/pygears/lib/vlib -incdir /home/rk6650/VeriTriples/malik2627research/pygears/sim/dpi -incdir /home/rk6650/VeriTriples/malik2627research/tests/lib/test_rng/test_cnt_svgen -incdir /home/rk6650/VeriTriples/malik2627research/tests/svgen/test_channel_intfs/test_consumer_lower_multilevel -incdir /home/rk6650/VeriTriples/malik2627research/tests/svgen/test_general/test_hier_module_gen -incdir /home/rk6650/VeriTriples/malik2627research/tests/svgen/test_signals /home/rk6650/VeriTriples/malik2627research/repos_6.24/bogdanvuk_pygears/pygears/lib/vlib/fifo.v }
[-- (VERI-1482)] Analyzing Verilog file '/home/rk6650/VeriTriples/malik2627research/repos_6.24/bogdanvuk_pygears/pygears/lib/vlib/fifo.v'
0
% catch { analyze -sv -incdir /home/rk6650/VeriTriples/malik2627research -incdir /home/rk6650/VeriTriples/malik2627research/pygears/lib/svlib -incdir /home/rk6650/VeriTriples/malik2627research/pygears/lib/vlib -incdir /home/rk6650/VeriTriples/malik2627research/pygears/sim/dpi -incdir /home/rk6650/VeriTriples/malik2627research/tests/lib/test_rng/test_cnt_svgen -incdir /home/rk6650/VeriTriples/malik2627research/tests/svgen/test_channel_intfs/test_consumer_lower_multilevel -incdir /home/rk6650/VeriTriples/malik2627research/tests/svgen/test_general/test_hier_module_gen -incdir /home/rk6650/VeriTriples/malik2627research/tests/svgen/test_signals /home/rk6650/VeriTriples/malik2627research/repos_6.24/bogdanvuk_pygears/pygears/lib/vlib/shred.v }
[-- (VERI-1482)] Analyzing Verilog file '/home/rk6650/VeriTriples/malik2627research/repos_6.24/bogdanvuk_pygears/pygears/lib/vlib/shred.v'
0
% catch { analyze -sv -incdir /home/rk6650/VeriTriples/malik2627research -incdir /home/rk6650/VeriTriples/malik2627research/pygears/lib/svlib -incdir /home/rk6650/VeriTriples/malik2627research/pygears/lib/vlib -incdir /home/rk6650/VeriTriples/malik2627research/pygears/sim/dpi -incdir /home/rk6650/VeriTriples/malik2627research/tests/lib/test_rng/test_cnt_svgen -incdir /home/rk6650/VeriTriples/malik2627research/tests/svgen/test_channel_intfs/test_consumer_lower_multilevel -incdir /home/rk6650/VeriTriples/malik2627research/tests/svgen/test_general/test_hier_module_gen -incdir /home/rk6650/VeriTriples/malik2627research/tests/svgen/test_signals /home/rk6650/VeriTriples/malik2627research/repos_6.24/bogdanvuk_pygears/pygears/lib/vlib/axi_slave_write.v }
[-- (VERI-1482)] Analyzing Verilog file '/home/rk6650/VeriTriples/malik2627research/repos_6.24/bogdanvuk_pygears/pygears/lib/vlib/axi_slave_write.v'
0
% catch { analyze -sv -incdir /home/rk6650/VeriTriples/malik2627research -incdir /home/rk6650/VeriTriples/malik2627research/pygears/lib/svlib -incdir /home/rk6650/VeriTriples/malik2627research/pygears/lib/vlib -incdir /home/rk6650/VeriTriples/malik2627research/pygears/sim/dpi -incdir /home/rk6650/VeriTriples/malik2627research/tests/lib/test_rng/test_cnt_svgen -incdir /home/rk6650/VeriTriples/malik2627research/tests/svgen/test_channel_intfs/test_consumer_lower_multilevel -incdir /home/rk6650/VeriTriples/malik2627research/tests/svgen/test_general/test_hier_module_gen -incdir /home/rk6650/VeriTriples/malik2627research/tests/svgen/test_signals /home/rk6650/VeriTriples/malik2627research/repos_6.24/bogdanvuk_pygears/tests/svgen/test_signals/bc_sig.sv }
[-- (VERI-1482)] Analyzing Verilog file '/home/rk6650/VeriTriples/malik2627research/repos_6.24/bogdanvuk_pygears/tests/svgen/test_signals/bc_sig.sv'
0
% catch { analyze -sv -incdir /home/rk6650/VeriTriples/malik2627research -incdir /home/rk6650/VeriTriples/malik2627research/pygears/lib/svlib -incdir /home/rk6650/VeriTriples/malik2627research/pygears/lib/vlib -incdir /home/rk6650/VeriTriples/malik2627research/pygears/sim/dpi -incdir /home/rk6650/VeriTriples/malik2627research/tests/lib/test_rng/test_cnt_svgen -incdir /home/rk6650/VeriTriples/malik2627research/tests/svgen/test_channel_intfs/test_consumer_lower_multilevel -incdir /home/rk6650/VeriTriples/malik2627research/tests/svgen/test_general/test_hier_module_gen -incdir /home/rk6650/VeriTriples/malik2627research/tests/svgen/test_signals /home/rk6650/VeriTriples/malik2627research/repos_6.24/bogdanvuk_pygears/tests/svgen/test_channel_intfs/test_consumer_lower_multilevel/hier0_hier1.sv }
[-- (VERI-1482)] Analyzing Verilog file '/home/rk6650/VeriTriples/malik2627research/repos_6.24/bogdanvuk_pygears/tests/svgen/test_channel_intfs/test_consumer_lower_multilevel/hier0_hier1.sv'
0
% catch { analyze -sv -incdir /home/rk6650/VeriTriples/malik2627research -incdir /home/rk6650/VeriTriples/malik2627research/pygears/lib/svlib -incdir /home/rk6650/VeriTriples/malik2627research/pygears/lib/vlib -incdir /home/rk6650/VeriTriples/malik2627research/pygears/sim/dpi -incdir /home/rk6650/VeriTriples/malik2627research/tests/lib/test_rng/test_cnt_svgen -incdir /home/rk6650/VeriTriples/malik2627research/tests/svgen/test_channel_intfs/test_consumer_lower_multilevel -incdir /home/rk6650/VeriTriples/malik2627research/tests/svgen/test_general/test_hier_module_gen -incdir /home/rk6650/VeriTriples/malik2627research/tests/svgen/test_signals /home/rk6650/VeriTriples/malik2627research/repos_6.24/bogdanvuk_pygears/pygears/lib/svlib/hsspy.sv }
[-- (VERI-1482)] Analyzing Verilog file '/home/rk6650/VeriTriples/malik2627research/repos_6.24/bogdanvuk_pygears/pygears/lib/svlib/hsspy.sv'
0
% catch { analyze -sv -incdir /home/rk6650/VeriTriples/malik2627research -incdir /home/rk6650/VeriTriples/malik2627research/pygears/lib/svlib -incdir /home/rk6650/VeriTriples/malik2627research/pygears/lib/vlib -incdir /home/rk6650/VeriTriples/malik2627research/pygears/sim/dpi -incdir /home/rk6650/VeriTriples/malik2627research/tests/lib/test_rng/test_cnt_svgen -incdir /home/rk6650/VeriTriples/malik2627research/tests/svgen/test_channel_intfs/test_consumer_lower_multilevel -incdir /home/rk6650/VeriTriples/malik2627research/tests/svgen/test_general/test_hier_module_gen -incdir /home/rk6650/VeriTriples/malik2627research/tests/svgen/test_signals /home/rk6650/VeriTriples/malik2627research/repos_6.24/bogdanvuk_pygears/pygears/lib/vlib/sustain.v }
[-- (VERI-1482)] Analyzing Verilog file '/home/rk6650/VeriTriples/malik2627research/repos_6.24/bogdanvuk_pygears/pygears/lib/vlib/sustain.v'
0
% catch { analyze -sv -incdir /home/rk6650/VeriTriples/malik2627research -incdir /home/rk6650/VeriTriples/malik2627research/pygears/lib/svlib -incdir /home/rk6650/VeriTriples/malik2627research/pygears/lib/vlib -incdir /home/rk6650/VeriTriples/malik2627research/pygears/sim/dpi -incdir /home/rk6650/VeriTriples/malik2627research/tests/lib/test_rng/test_cnt_svgen -incdir /home/rk6650/VeriTriples/malik2627research/tests/svgen/test_channel_intfs/test_consumer_lower_multilevel -incdir /home/rk6650/VeriTriples/malik2627research/tests/svgen/test_general/test_hier_module_gen -incdir /home/rk6650/VeriTriples/malik2627research/tests/svgen/test_signals /home/rk6650/VeriTriples/malik2627research/repos_6.24/bogdanvuk_pygears/pygears/lib/svlib/empty.sv }
[-- (VERI-1482)] Analyzing Verilog file '/home/rk6650/VeriTriples/malik2627research/repos_6.24/bogdanvuk_pygears/pygears/lib/svlib/empty.sv'
0
% catch { analyze -sv -incdir /home/rk6650/VeriTriples/malik2627research -incdir /home/rk6650/VeriTriples/malik2627research/pygears/lib/svlib -incdir /home/rk6650/VeriTriples/malik2627research/pygears/lib/vlib -incdir /home/rk6650/VeriTriples/malik2627research/pygears/sim/dpi -incdir /home/rk6650/VeriTriples/malik2627research/tests/lib/test_rng/test_cnt_svgen -incdir /home/rk6650/VeriTriples/malik2627research/tests/svgen/test_channel_intfs/test_consumer_lower_multilevel -incdir /home/rk6650/VeriTriples/malik2627research/tests/svgen/test_general/test_hier_module_gen -incdir /home/rk6650/VeriTriples/malik2627research/tests/svgen/test_signals /home/rk6650/VeriTriples/malik2627research/repos_6.24/bogdanvuk_pygears/pygears/lib/vlib/reverse.v }
[-- (VERI-1482)] Analyzing Verilog file '/home/rk6650/VeriTriples/malik2627research/repos_6.24/bogdanvuk_pygears/pygears/lib/vlib/reverse.v'
[ERROR (VERI-1128)] /home/rk6650/VeriTriples/malik2627research/repos_6.24/bogdanvuk_pygears/pygears/lib/vlib/reverse.v(7): 'DIN' is not declared
[ERROR (VERI-1952)] /home/rk6650/VeriTriples/malik2627research/repos_6.24/bogdanvuk_pygears/pygears/lib/vlib/reverse.v(7): range must be bounded by constant expressions
[ERROR (VERI-1128)] /home/rk6650/VeriTriples/malik2627research/repos_6.24/bogdanvuk_pygears/pygears/lib/vlib/reverse.v(11): 'DIN' is not declared
[ERROR (VERI-1952)] /home/rk6650/VeriTriples/malik2627research/repos_6.24/bogdanvuk_pygears/pygears/lib/vlib/reverse.v(11): range must be bounded by constant expressions
[ERROR (VERI-1128)] /home/rk6650/VeriTriples/malik2627research/repos_6.24/bogdanvuk_pygears/pygears/lib/vlib/reverse.v(18): 'wi' is not declared
[ERROR (VERI-1128)] /home/rk6650/VeriTriples/malik2627research/repos_6.24/bogdanvuk_pygears/pygears/lib/vlib/reverse.v(19): 'wi' is not declared
[ERROR (VERI-1072)] /home/rk6650/VeriTriples/malik2627research/repos_6.24/bogdanvuk_pygears/pygears/lib/vlib/reverse.v(25): module 'reverse' ignored due to previous errors
Summary of errors detected:
	[ERROR (VERI-1128)] /home/rk6650/VeriTriples/malik2627research/repos_6.24/bogdanvuk_pygears/pygears/lib/vlib/reverse.v(7): 'DIN' is not declared
	[ERROR (VERI-1952)] /home/rk6650/VeriTriples/malik2627research/repos_6.24/bogdanvuk_pygears/pygears/lib/vlib/reverse.v(7): range must be bounded by constant expressions
	[ERROR (VERI-1128)] /home/rk6650/VeriTriples/malik2627research/repos_6.24/bogdanvuk_pygears/pygears/lib/vlib/reverse.v(11): 'DIN' is not declared
	[ERROR (VERI-1952)] /home/rk6650/VeriTriples/malik2627research/repos_6.24/bogdanvuk_pygears/pygears/lib/vlib/reverse.v(11): range must be bounded by constant expressions
	[ERROR (VERI-1128)] /home/rk6650/VeriTriples/malik2627research/repos_6.24/bogdanvuk_pygears/pygears/lib/vlib/reverse.v(18): 'wi' is not declared
	[ERROR (VERI-1128)] /home/rk6650/VeriTriples/malik2627research/repos_6.24/bogdanvuk_pygears/pygears/lib/vlib/reverse.v(19): 'wi' is not declared
	[ERROR (VERI-1072)] /home/rk6650/VeriTriples/malik2627research/repos_6.24/bogdanvuk_pygears/pygears/lib/vlib/reverse.v(25): module 'reverse' ignored due to previous errors
1
% catch { analyze -sv -incdir /home/rk6650/VeriTriples/malik2627research -incdir /home/rk6650/VeriTriples/malik2627research/pygears/lib/svlib -incdir /home/rk6650/VeriTriples/malik2627research/pygears/lib/vlib -incdir /home/rk6650/VeriTriples/malik2627research/pygears/sim/dpi -incdir /home/rk6650/VeriTriples/malik2627research/tests/lib/test_rng/test_cnt_svgen -incdir /home/rk6650/VeriTriples/malik2627research/tests/svgen/test_channel_intfs/test_consumer_lower_multilevel -incdir /home/rk6650/VeriTriples/malik2627research/tests/svgen/test_general/test_hier_module_gen -incdir /home/rk6650/VeriTriples/malik2627research/tests/svgen/test_signals /home/rk6650/VeriTriples/malik2627research/repos_6.24/bogdanvuk_pygears/tests/svgen/test_channel_intfs/test_consumer_lower_multilevel/hier0.sv }
[-- (VERI-1482)] Analyzing Verilog file '/home/rk6650/VeriTriples/malik2627research/repos_6.24/bogdanvuk_pygears/tests/svgen/test_channel_intfs/test_consumer_lower_multilevel/hier0.sv'
0
% catch { analyze -sv -incdir /home/rk6650/VeriTriples/malik2627research -incdir /home/rk6650/VeriTriples/malik2627research/pygears/lib/svlib -incdir /home/rk6650/VeriTriples/malik2627research/pygears/lib/vlib -incdir /home/rk6650/VeriTriples/malik2627research/pygears/sim/dpi -incdir /home/rk6650/VeriTriples/malik2627research/tests/lib/test_rng/test_cnt_svgen -incdir /home/rk6650/VeriTriples/malik2627research/tests/svgen/test_channel_intfs/test_consumer_lower_multilevel -incdir /home/rk6650/VeriTriples/malik2627research/tests/svgen/test_general/test_hier_module_gen -incdir /home/rk6650/VeriTriples/malik2627research/tests/svgen/test_signals /home/rk6650/VeriTriples/malik2627research/repos_6.24/bogdanvuk_pygears/tests/lib/test_rng/test_cnt_svgen/rng_ccat.sv }
[-- (VERI-1482)] Analyzing Verilog file '/home/rk6650/VeriTriples/malik2627research/repos_6.24/bogdanvuk_pygears/tests/lib/test_rng/test_cnt_svgen/rng_ccat.sv'
0
% catch { analyze -sv -incdir /home/rk6650/VeriTriples/malik2627research -incdir /home/rk6650/VeriTriples/malik2627research/pygears/lib/svlib -incdir /home/rk6650/VeriTriples/malik2627research/pygears/lib/vlib -incdir /home/rk6650/VeriTriples/malik2627research/pygears/sim/dpi -incdir /home/rk6650/VeriTriples/malik2627research/tests/lib/test_rng/test_cnt_svgen -incdir /home/rk6650/VeriTriples/malik2627research/tests/svgen/test_channel_intfs/test_consumer_lower_multilevel -incdir /home/rk6650/VeriTriples/malik2627research/tests/svgen/test_general/test_hier_module_gen -incdir /home/rk6650/VeriTriples/malik2627research/tests/svgen/test_signals /home/rk6650/VeriTriples/malik2627research/repos_6.24/bogdanvuk_pygears/pygears/lib/vlib/aximm2s.v }
[-- (VERI-1482)] Analyzing Verilog file '/home/rk6650/VeriTriples/malik2627research/repos_6.24/bogdanvuk_pygears/pygears/lib/vlib/aximm2s.v'
0
% catch { analyze -sv -incdir /home/rk6650/VeriTriples/malik2627research -incdir /home/rk6650/VeriTriples/malik2627research/pygears/lib/svlib -incdir /home/rk6650/VeriTriples/malik2627research/pygears/lib/vlib -incdir /home/rk6650/VeriTriples/malik2627research/pygears/sim/dpi -incdir /home/rk6650/VeriTriples/malik2627research/tests/lib/test_rng/test_cnt_svgen -incdir /home/rk6650/VeriTriples/malik2627research/tests/svgen/test_channel_intfs/test_consumer_lower_multilevel -incdir /home/rk6650/VeriTriples/malik2627research/tests/svgen/test_general/test_hier_module_gen -incdir /home/rk6650/VeriTriples/malik2627research/tests/svgen/test_signals /home/rk6650/VeriTriples/malik2627research/repos_6.24/bogdanvuk_pygears/pygears/lib/vlib/axi_addr.v }
[-- (VERI-1482)] Analyzing Verilog file '/home/rk6650/VeriTriples/malik2627research/repos_6.24/bogdanvuk_pygears/pygears/lib/vlib/axi_addr.v'
0
% catch { analyze -sv -incdir /home/rk6650/VeriTriples/malik2627research -incdir /home/rk6650/VeriTriples/malik2627research/pygears/lib/svlib -incdir /home/rk6650/VeriTriples/malik2627research/pygears/lib/vlib -incdir /home/rk6650/VeriTriples/malik2627research/pygears/sim/dpi -incdir /home/rk6650/VeriTriples/malik2627research/tests/lib/test_rng/test_cnt_svgen -incdir /home/rk6650/VeriTriples/malik2627research/tests/svgen/test_channel_intfs/test_consumer_lower_multilevel -incdir /home/rk6650/VeriTriples/malik2627research/tests/svgen/test_general/test_hier_module_gen -incdir /home/rk6650/VeriTriples/malik2627research/tests/svgen/test_signals /home/rk6650/VeriTriples/malik2627research/repos_6.24/bogdanvuk_pygears/tests/svgen/test_signals/add_sig.sv }
[-- (VERI-1482)] Analyzing Verilog file '/home/rk6650/VeriTriples/malik2627research/repos_6.24/bogdanvuk_pygears/tests/svgen/test_signals/add_sig.sv'
0
% catch { analyze -sv -incdir /home/rk6650/VeriTriples/malik2627research -incdir /home/rk6650/VeriTriples/malik2627research/pygears/lib/svlib -incdir /home/rk6650/VeriTriples/malik2627research/pygears/lib/vlib -incdir /home/rk6650/VeriTriples/malik2627research/pygears/sim/dpi -incdir /home/rk6650/VeriTriples/malik2627research/tests/lib/test_rng/test_cnt_svgen -incdir /home/rk6650/VeriTriples/malik2627research/tests/svgen/test_channel_intfs/test_consumer_lower_multilevel -incdir /home/rk6650/VeriTriples/malik2627research/tests/svgen/test_general/test_hier_module_gen -incdir /home/rk6650/VeriTriples/malik2627research/tests/svgen/test_signals /home/rk6650/VeriTriples/malik2627research/repos_6.24/bogdanvuk_pygears/pygears/lib/svlib/avail_spy.sv }
[-- (VERI-1482)] Analyzing Verilog file '/home/rk6650/VeriTriples/malik2627research/repos_6.24/bogdanvuk_pygears/pygears/lib/svlib/avail_spy.sv'
0
% catch { analyze -sv -incdir /home/rk6650/VeriTriples/malik2627research -incdir /home/rk6650/VeriTriples/malik2627research/pygears/lib/svlib -incdir /home/rk6650/VeriTriples/malik2627research/pygears/lib/vlib -incdir /home/rk6650/VeriTriples/malik2627research/pygears/sim/dpi -incdir /home/rk6650/VeriTriples/malik2627research/tests/lib/test_rng/test_cnt_svgen -incdir /home/rk6650/VeriTriples/malik2627research/tests/svgen/test_channel_intfs/test_consumer_lower_multilevel -incdir /home/rk6650/VeriTriples/malik2627research/tests/svgen/test_general/test_hier_module_gen -incdir /home/rk6650/VeriTriples/malik2627research/tests/svgen/test_signals /home/rk6650/VeriTriples/malik2627research/repos_6.24/bogdanvuk_pygears/pygears/lib/vlib/unary.v }
[-- (VERI-1482)] Analyzing Verilog file '/home/rk6650/VeriTriples/malik2627research/repos_6.24/bogdanvuk_pygears/pygears/lib/vlib/unary.v'
0
% catch { analyze -sv -incdir /home/rk6650/VeriTriples/malik2627research -incdir /home/rk6650/VeriTriples/malik2627research/pygears/lib/svlib -incdir /home/rk6650/VeriTriples/malik2627research/pygears/lib/vlib -incdir /home/rk6650/VeriTriples/malik2627research/pygears/sim/dpi -incdir /home/rk6650/VeriTriples/malik2627research/tests/lib/test_rng/test_cnt_svgen -incdir /home/rk6650/VeriTriples/malik2627research/tests/svgen/test_channel_intfs/test_consumer_lower_multilevel -incdir /home/rk6650/VeriTriples/malik2627research/tests/svgen/test_general/test_hier_module_gen -incdir /home/rk6650/VeriTriples/malik2627research/tests/svgen/test_signals /home/rk6650/VeriTriples/malik2627research/repos_6.24/bogdanvuk_pygears/pygears/lib/svlib/trigreg.sv }
[-- (VERI-1482)] Analyzing Verilog file '/home/rk6650/VeriTriples/malik2627research/repos_6.24/bogdanvuk_pygears/pygears/lib/svlib/trigreg.sv'
0
% catch { analyze -sv -incdir /home/rk6650/VeriTriples/malik2627research -incdir /home/rk6650/VeriTriples/malik2627research/pygears/lib/svlib -incdir /home/rk6650/VeriTriples/malik2627research/pygears/lib/vlib -incdir /home/rk6650/VeriTriples/malik2627research/pygears/sim/dpi -incdir /home/rk6650/VeriTriples/malik2627research/tests/lib/test_rng/test_cnt_svgen -incdir /home/rk6650/VeriTriples/malik2627research/tests/svgen/test_channel_intfs/test_consumer_lower_multilevel -incdir /home/rk6650/VeriTriples/malik2627research/tests/svgen/test_general/test_hier_module_gen -incdir /home/rk6650/VeriTriples/malik2627research/tests/svgen/test_signals /home/rk6650/VeriTriples/malik2627research/repos_6.24/bogdanvuk_pygears/pygears/lib/vlib/axi_slave_read.v }
[-- (VERI-1482)] Analyzing Verilog file '/home/rk6650/VeriTriples/malik2627research/repos_6.24/bogdanvuk_pygears/pygears/lib/vlib/axi_slave_read.v'
0
% catch { analyze -sv -incdir /home/rk6650/VeriTriples/malik2627research -incdir /home/rk6650/VeriTriples/malik2627research/pygears/lib/svlib -incdir /home/rk6650/VeriTriples/malik2627research/pygears/lib/vlib -incdir /home/rk6650/VeriTriples/malik2627research/pygears/sim/dpi -incdir /home/rk6650/VeriTriples/malik2627research/tests/lib/test_rng/test_cnt_svgen -incdir /home/rk6650/VeriTriples/malik2627research/tests/svgen/test_channel_intfs/test_consumer_lower_multilevel -incdir /home/rk6650/VeriTriples/malik2627research/tests/svgen/test_general/test_hier_module_gen -incdir /home/rk6650/VeriTriples/malik2627research/tests/svgen/test_signals /home/rk6650/VeriTriples/malik2627research/repos_6.24/bogdanvuk_pygears/tests/lib/test_rng/test_cnt_svgen/rng_rng.sv }
[-- (VERI-1482)] Analyzing Verilog file '/home/rk6650/VeriTriples/malik2627research/repos_6.24/bogdanvuk_pygears/tests/lib/test_rng/test_cnt_svgen/rng_rng.sv'
0
% catch { analyze -sv -incdir /home/rk6650/VeriTriples/malik2627research -incdir /home/rk6650/VeriTriples/malik2627research/pygears/lib/svlib -incdir /home/rk6650/VeriTriples/malik2627research/pygears/lib/vlib -incdir /home/rk6650/VeriTriples/malik2627research/pygears/sim/dpi -incdir /home/rk6650/VeriTriples/malik2627research/tests/lib/test_rng/test_cnt_svgen -incdir /home/rk6650/VeriTriples/malik2627research/tests/svgen/test_channel_intfs/test_consumer_lower_multilevel -incdir /home/rk6650/VeriTriples/malik2627research/tests/svgen/test_general/test_hier_module_gen -incdir /home/rk6650/VeriTriples/malik2627research/tests/svgen/test_signals /home/rk6650/VeriTriples/malik2627research/repos_6.24/bogdanvuk_pygears/pygears/lib/vlib/valve.v }
[-- (VERI-1482)] Analyzing Verilog file '/home/rk6650/VeriTriples/malik2627research/repos_6.24/bogdanvuk_pygears/pygears/lib/vlib/valve.v'
0
% catch { analyze -sv -incdir /home/rk6650/VeriTriples/malik2627research -incdir /home/rk6650/VeriTriples/malik2627research/pygears/lib/svlib -incdir /home/rk6650/VeriTriples/malik2627research/pygears/lib/vlib -incdir /home/rk6650/VeriTriples/malik2627research/pygears/sim/dpi -incdir /home/rk6650/VeriTriples/malik2627research/tests/lib/test_rng/test_cnt_svgen -incdir /home/rk6650/VeriTriples/malik2627research/tests/svgen/test_channel_intfs/test_consumer_lower_multilevel -incdir /home/rk6650/VeriTriples/malik2627research/tests/svgen/test_general/test_hier_module_gen -incdir /home/rk6650/VeriTriples/malik2627research/tests/svgen/test_signals /home/rk6650/VeriTriples/malik2627research/repos_6.24/bogdanvuk_pygears/pygears/lib/svlib/spy.sv }
[-- (VERI-1482)] Analyzing Verilog file '/home/rk6650/VeriTriples/malik2627research/repos_6.24/bogdanvuk_pygears/pygears/lib/svlib/spy.sv'
0
% catch { analyze -sv -incdir /home/rk6650/VeriTriples/malik2627research -incdir /home/rk6650/VeriTriples/malik2627research/pygears/lib/svlib -incdir /home/rk6650/VeriTriples/malik2627research/pygears/lib/vlib -incdir /home/rk6650/VeriTriples/malik2627research/pygears/sim/dpi -incdir /home/rk6650/VeriTriples/malik2627research/tests/lib/test_rng/test_cnt_svgen -incdir /home/rk6650/VeriTriples/malik2627research/tests/svgen/test_channel_intfs/test_consumer_lower_multilevel -incdir /home/rk6650/VeriTriples/malik2627research/tests/svgen/test_general/test_hier_module_gen -incdir /home/rk6650/VeriTriples/malik2627research/tests/svgen/test_signals /home/rk6650/VeriTriples/malik2627research/repos_6.24/bogdanvuk_pygears/pygears/lib/vlib/axis2mm.v }
[-- (VERI-1482)] Analyzing Verilog file '/home/rk6650/VeriTriples/malik2627research/repos_6.24/bogdanvuk_pygears/pygears/lib/vlib/axis2mm.v'
0
% catch { analyze -sv -incdir /home/rk6650/VeriTriples/malik2627research -incdir /home/rk6650/VeriTriples/malik2627research/pygears/lib/svlib -incdir /home/rk6650/VeriTriples/malik2627research/pygears/lib/vlib -incdir /home/rk6650/VeriTriples/malik2627research/pygears/sim/dpi -incdir /home/rk6650/VeriTriples/malik2627research/tests/lib/test_rng/test_cnt_svgen -incdir /home/rk6650/VeriTriples/malik2627research/tests/svgen/test_channel_intfs/test_consumer_lower_multilevel -incdir /home/rk6650/VeriTriples/malik2627research/tests/svgen/test_general/test_hier_module_gen -incdir /home/rk6650/VeriTriples/malik2627research/tests/svgen/test_signals /home/rk6650/VeriTriples/malik2627research/repos_6.24/bogdanvuk_pygears/tests/lib/test_rng/test_cnt_svgen/rng_hier.sv }
[-- (VERI-1482)] Analyzing Verilog file '/home/rk6650/VeriTriples/malik2627research/repos_6.24/bogdanvuk_pygears/tests/lib/test_rng/test_cnt_svgen/rng_hier.sv'
0
% 
% catch { analyze -sv -incdir /home/rk6650/VeriTriples/malik2627research -incdir /home/rk6650/VeriTriples/malik2627research/pygears/lib/svlib -incdir /home/rk6650/VeriTriples/malik2627research/pygears/lib/vlib -incdir /home/rk6650/VeriTriples/malik2627research/pygears/sim/dpi -incdir /home/rk6650/VeriTriples/malik2627research/tests/lib/test_rng/test_cnt_svgen -incdir /home/rk6650/VeriTriples/malik2627research/tests/svgen/test_channel_intfs/test_consumer_lower_multilevel -incdir /home/rk6650/VeriTriples/malik2627research/tests/svgen/test_general/test_hier_module_gen -incdir /home/rk6650/VeriTriples/malik2627research/tests/svgen/test_signals /home/rk6650/VeriTriples/malik2627research/repos_6.24/bogdanvuk_pygears/pygears/lib/vlib/skidbuffer.v }
[-- (VERI-1482)] Analyzing Verilog file '/home/rk6650/VeriTriples/malik2627research/repos_6.24/bogdanvuk_pygears/pygears/lib/vlib/skidbuffer.v'
[WARN (VERI-1206)] /home/rk6650/VeriTriples/malik2627research/repos_6.24/bogdanvuk_pygears/pygears/lib/vlib/skidbuffer.v(308): overwriting previous definition of module 'skidbuffer'
[INFO (VERI-2142)] /home/rk6650/VeriTriples/malik2627research/repos_6.24/bogdanvuk_pygears/pygears/lib/vlib/skidbuffer.v(308): previous definition of design element 'skidbuffer' is here
0
% 
% 
%             if {[catch {elaborate -top trigreg} err]} {
            puts "ELAB ERROR: $err"
            exit
            }
INFO (ISW003): Top module name is "trigreg".
[ERROR (VERI-1128)] /home/rk6650/VeriTriples/malik2627research/repos_6.24/bogdanvuk_pygears/pygears/lib/svlib/trigreg.sv(8): 'dti' is not declared
[ERROR (VERI-1128)] /home/rk6650/VeriTriples/malik2627research/repos_6.24/bogdanvuk_pygears/pygears/lib/svlib/trigreg.sv(9): 'dti' is not declared
[INFO (VERI-8000)] /home/rk6650/VeriTriples/malik2627research/repos_6.24/bogdanvuk_pygears/pygears/lib/svlib/trigreg.sv(8): Creating net dti.consumer
[INFO (VERI-8000)] /home/rk6650/VeriTriples/malik2627research/repos_6.24/bogdanvuk_pygears/pygears/lib/svlib/trigreg.sv(9): Creating net dti.producer
[ERROR (VDB-9017)] Module trigreg could not be elaborated
Summary of errors detected:
	[ERROR (VERI-1128)] /home/rk6650/VeriTriples/malik2627research/repos_6.24/bogdanvuk_pygears/pygears/lib/svlib/trigreg.sv(8): 'dti' is not declared
	[ERROR (VERI-1128)] /home/rk6650/VeriTriples/malik2627research/repos_6.24/bogdanvuk_pygears/pygears/lib/svlib/trigreg.sv(9): 'dti' is not declared
	[ERROR (VDB-9017)] Module trigreg could not be elaborated
ELAB ERROR: ERROR (ENL034): 3 errors detected in the design file(s).

% INFO (IPL005): Received request to exit from the console.
INFO (IPL018): The peak resident set memory use for this session was 0.418 GB.
INFO (IPL014): Waiting for the Tcl-thread to exit.
INFO (IPL015): The Tcl-thread exited with status 0.
INFO (IPL016): Exiting the analysis session with status 0.
