JasperGold Apps 2021.03 FCS 64 bits 2021.03.23 02:50:43 UTC

Any disclosure about the Cadence Design Systems software or its use
model to any third party violates the written Non-Disclosure Agreement
between Cadence Design Systems, Inc. and the customer.

THIS SOFTWARE CONTAINS CONFIDENTIAL INFORMATION AND TRADE SECRETS OF
CADENCE DESIGN SYSTEMS, INC. USE, DISCLOSURE, OR REPRODUCTION IS
PROHIBITED WITHOUT THE PRIOR EXPRESS WRITTEN PERMISSION OF CADENCE
DESIGN SYSTEMS, INC.

Copyright (C) 2000-2021 Cadence Design Systems, Inc. All Rights
Reserved.  Unpublished -- rights reserved under the copyright laws of
the United States.

This product includes software developed by others and redistributed
according to license agreement. See doc/third_party_readme.txt for
further details.

RESTRICTED RIGHTS LEGEND

Use, duplication, or disclosure by the Government is subject to
restrictions as set forth in subparagraph (c) (1) (ii) of the Rights in
Technical Data and Computer Software clause at DFARS 252.227-7013 or
subparagraphs (c) (1) and (2) of Commercial Computer Software -- Restricted
Rights at 48 CFR 52.227-19, as applicable.


                          Cadence Design Systems, Inc. 
                          2655 Seely Avenue
                          San Jose, CA 95134
                          Phone: 408.943.1234

For technical assistance visit http://support.cadence.com.

JasperGold Apps Analysis Session - /home/rk6650/VeriTriples/malik2627research/repos_6.24/ikryukov_tiny-switch/jgproject/sessionLogs/session_0

INFO: successfully checked out license "jasper_fao".
INFO: reading configuration file "/home/rk6650/.config/jasper/jaspergold.conf".
% clear -all
INFO (IPF121): Cleared environment completely for new design analysis.
% 
% catch { analyze -sv -incdir /home/rk6650/VeriTriples/malik2627research -incdir /home/rk6650/VeriTriples/malik2627research/src /home/rk6650/VeriTriples/malik2627research/repos_6.24/ikryukov_tiny-switch/src/cmd_decoder.sv }
[-- (VERI-1482)] Analyzing Verilog file '/usr/licensed/cadence-20210126/jasper_2021.03/lib/verilog/packages/std/std.sv' into library 'std'
[-- (VERI-1482)] Analyzing Verilog file '/home/rk6650/VeriTriples/malik2627research/repos_6.24/ikryukov_tiny-switch/src/cmd_decoder.sv'
[ERROR (VERI-1128)] /home/rk6650/VeriTriples/malik2627research/repos_6.24/ikryukov_tiny-switch/src/cmd_decoder.sv(7): 'tswitch_pkg' is not declared
[ERROR (VERI-1128)] /home/rk6650/VeriTriples/malik2627research/repos_6.24/ikryukov_tiny-switch/src/cmd_decoder.sv(18): 'ADDR_WIDTH' is not declared
[ERROR (VERI-1952)] /home/rk6650/VeriTriples/malik2627research/repos_6.24/ikryukov_tiny-switch/src/cmd_decoder.sv(18): range must be bounded by constant expressions
[ERROR (VERI-1128)] /home/rk6650/VeriTriples/malik2627research/repos_6.24/ikryukov_tiny-switch/src/cmd_decoder.sv(19): 'DATA_WIDTH' is not declared
[ERROR (VERI-1952)] /home/rk6650/VeriTriples/malik2627research/repos_6.24/ikryukov_tiny-switch/src/cmd_decoder.sv(19): range must be bounded by constant expressions
[ERROR (VERI-1128)] /home/rk6650/VeriTriples/malik2627research/repos_6.24/ikryukov_tiny-switch/src/cmd_decoder.sv(24): 'ADDR_WIDTH' is not declared
[ERROR (VERI-1952)] /home/rk6650/VeriTriples/malik2627research/repos_6.24/ikryukov_tiny-switch/src/cmd_decoder.sv(24): range must be bounded by constant expressions
[ERROR (VERI-1128)] /home/rk6650/VeriTriples/malik2627research/repos_6.24/ikryukov_tiny-switch/src/cmd_decoder.sv(30): 'GROUP_ID_BITS' is not declared
[ERROR (VERI-1952)] /home/rk6650/VeriTriples/malik2627research/repos_6.24/ikryukov_tiny-switch/src/cmd_decoder.sv(30): range must be bounded by constant expressions
[ERROR (VERI-1128)] /home/rk6650/VeriTriples/malik2627research/repos_6.24/ikryukov_tiny-switch/src/cmd_decoder.sv(36): 'ADDR_WIDTH' is not declared
[ERROR (VERI-1952)] /home/rk6650/VeriTriples/malik2627research/repos_6.24/ikryukov_tiny-switch/src/cmd_decoder.sv(36): range must be bounded by constant expressions
[ERROR (VERI-1128)] /home/rk6650/VeriTriples/malik2627research/repos_6.24/ikryukov_tiny-switch/src/cmd_decoder.sv(37): 'TAG_WIDTH' is not declared
[ERROR (VERI-1952)] /home/rk6650/VeriTriples/malik2627research/repos_6.24/ikryukov_tiny-switch/src/cmd_decoder.sv(37): range must be bounded by constant expressions
[WARN (VERI-1875)] /home/rk6650/VeriTriples/malik2627research/repos_6.24/ikryukov_tiny-switch/src/cmd_decoder.sv(38): identifier 'PORT_BITS' is used before its declaration
[ERROR (VERI-1128)] /home/rk6650/VeriTriples/malik2627research/repos_6.24/ikryukov_tiny-switch/src/cmd_decoder.sv(44): 'ADDR_WIDTH' is not declared
[ERROR (VERI-1952)] /home/rk6650/VeriTriples/malik2627research/repos_6.24/ikryukov_tiny-switch/src/cmd_decoder.sv(44): range must be bounded by constant expressions
[ERROR (VERI-1128)] /home/rk6650/VeriTriples/malik2627research/repos_6.24/ikryukov_tiny-switch/src/cmd_decoder.sv(45): 'DATA_WIDTH' is not declared
[ERROR (VERI-1952)] /home/rk6650/VeriTriples/malik2627research/repos_6.24/ikryukov_tiny-switch/src/cmd_decoder.sv(45): range must be bounded by constant expressions
[ERROR (VERI-1128)] /home/rk6650/VeriTriples/malik2627research/repos_6.24/ikryukov_tiny-switch/src/cmd_decoder.sv(46): 'TAG_WIDTH' is not declared
[ERROR (VERI-1952)] /home/rk6650/VeriTriples/malik2627research/repos_6.24/ikryukov_tiny-switch/src/cmd_decoder.sv(46): range must be bounded by constant expressions
[WARN (VERI-1875)] /home/rk6650/VeriTriples/malik2627research/repos_6.24/ikryukov_tiny-switch/src/cmd_decoder.sv(47): identifier 'PORT_BITS' is used before its declaration
[INFO (VMSG-1000)] Too many errors. Further error messages will be suppressed.
Summary of errors detected:
	[ERROR (VERI-1128)] /home/rk6650/VeriTriples/malik2627research/repos_6.24/ikryukov_tiny-switch/src/cmd_decoder.sv(7): 'tswitch_pkg' is not declared
	[ERROR (VERI-1128)] /home/rk6650/VeriTriples/malik2627research/repos_6.24/ikryukov_tiny-switch/src/cmd_decoder.sv(18): 'ADDR_WIDTH' is not declared
	[ERROR (VERI-1952)] /home/rk6650/VeriTriples/malik2627research/repos_6.24/ikryukov_tiny-switch/src/cmd_decoder.sv(18): range must be bounded by constant expressions
	[ERROR (VERI-1128)] /home/rk6650/VeriTriples/malik2627research/repos_6.24/ikryukov_tiny-switch/src/cmd_decoder.sv(19): 'DATA_WIDTH' is not declared
	[ERROR (VERI-1952)] /home/rk6650/VeriTriples/malik2627research/repos_6.24/ikryukov_tiny-switch/src/cmd_decoder.sv(19): range must be bounded by constant expressions
	[ERROR (VERI-1128)] /home/rk6650/VeriTriples/malik2627research/repos_6.24/ikryukov_tiny-switch/src/cmd_decoder.sv(24): 'ADDR_WIDTH' is not declared
	[ERROR (VERI-1952)] /home/rk6650/VeriTriples/malik2627research/repos_6.24/ikryukov_tiny-switch/src/cmd_decoder.sv(24): range must be bounded by constant expressions
	[ERROR (VERI-1128)] /home/rk6650/VeriTriples/malik2627research/repos_6.24/ikryukov_tiny-switch/src/cmd_decoder.sv(30): 'GROUP_ID_BITS' is not declared
	[ERROR (VERI-1952)] /home/rk6650/VeriTriples/malik2627research/repos_6.24/ikryukov_tiny-switch/src/cmd_decoder.sv(30): range must be bounded by constant expressions
	[ERROR (VERI-1128)] /home/rk6650/VeriTriples/malik2627research/repos_6.24/ikryukov_tiny-switch/src/cmd_decoder.sv(36): 'ADDR_WIDTH' is not declared
	[ERROR (VERI-1952)] /home/rk6650/VeriTriples/malik2627research/repos_6.24/ikryukov_tiny-switch/src/cmd_decoder.sv(36): range must be bounded by constant expressions
	[ERROR (VERI-1128)] /home/rk6650/VeriTriples/malik2627research/repos_6.24/ikryukov_tiny-switch/src/cmd_decoder.sv(37): 'TAG_WIDTH' is not declared
	[ERROR (VERI-1952)] /home/rk6650/VeriTriples/malik2627research/repos_6.24/ikryukov_tiny-switch/src/cmd_decoder.sv(37): range must be bounded by constant expressions
	[ERROR (VERI-1128)] /home/rk6650/VeriTriples/malik2627research/repos_6.24/ikryukov_tiny-switch/src/cmd_decoder.sv(44): 'ADDR_WIDTH' is not declared
	[ERROR (VERI-1952)] /home/rk6650/VeriTriples/malik2627research/repos_6.24/ikryukov_tiny-switch/src/cmd_decoder.sv(44): range must be bounded by constant expressions
	[ERROR (VERI-1128)] /home/rk6650/VeriTriples/malik2627research/repos_6.24/ikryukov_tiny-switch/src/cmd_decoder.sv(45): 'DATA_WIDTH' is not declared
	[ERROR (VERI-1952)] /home/rk6650/VeriTriples/malik2627research/repos_6.24/ikryukov_tiny-switch/src/cmd_decoder.sv(45): range must be bounded by constant expressions
	[ERROR (VERI-1128)] /home/rk6650/VeriTriples/malik2627research/repos_6.24/ikryukov_tiny-switch/src/cmd_decoder.sv(46): 'TAG_WIDTH' is not declared
	[ERROR (VERI-1952)] /home/rk6650/VeriTriples/malik2627research/repos_6.24/ikryukov_tiny-switch/src/cmd_decoder.sv(46): range must be bounded by constant expressions
1
% catch { analyze -sv -incdir /home/rk6650/VeriTriples/malik2627research -incdir /home/rk6650/VeriTriples/malik2627research/src /home/rk6650/VeriTriples/malik2627research/repos_6.24/ikryukov_tiny-switch/src/response_collector.sv }
[-- (VERI-1482)] Analyzing Verilog file '/home/rk6650/VeriTriples/malik2627research/repos_6.24/ikryukov_tiny-switch/src/response_collector.sv'
[ERROR (VERI-1128)] /home/rk6650/VeriTriples/malik2627research/repos_6.24/ikryukov_tiny-switch/src/response_collector.sv(7): 'tswitch_pkg' is not declared
[ERROR (VERI-1128)] /home/rk6650/VeriTriples/malik2627research/repos_6.24/ikryukov_tiny-switch/src/response_collector.sv(18): 'TAG_WIDTH' is not declared
[ERROR (VERI-1952)] /home/rk6650/VeriTriples/malik2627research/repos_6.24/ikryukov_tiny-switch/src/response_collector.sv(18): range must be bounded by constant expressions
[WARN (VERI-1875)] /home/rk6650/VeriTriples/malik2627research/repos_6.24/ikryukov_tiny-switch/src/response_collector.sv(19): identifier 'PORT_BITS' is used before its declaration
[ERROR (VERI-1128)] /home/rk6650/VeriTriples/malik2627research/repos_6.24/ikryukov_tiny-switch/src/response_collector.sv(24): 'DATA_WIDTH' is not declared
[ERROR (VERI-1952)] /home/rk6650/VeriTriples/malik2627research/repos_6.24/ikryukov_tiny-switch/src/response_collector.sv(24): range must be bounded by constant expressions
[ERROR (VERI-1128)] /home/rk6650/VeriTriples/malik2627research/repos_6.24/ikryukov_tiny-switch/src/response_collector.sv(29): 'DATA_WIDTH' is not declared
[ERROR (VERI-1952)] /home/rk6650/VeriTriples/malik2627research/repos_6.24/ikryukov_tiny-switch/src/response_collector.sv(29): range must be bounded by constant expressions
[ERROR (VERI-1128)] /home/rk6650/VeriTriples/malik2627research/repos_6.24/ikryukov_tiny-switch/src/response_collector.sv(30): 'TAG_WIDTH' is not declared
[ERROR (VERI-1952)] /home/rk6650/VeriTriples/malik2627research/repos_6.24/ikryukov_tiny-switch/src/response_collector.sv(30): range must be bounded by constant expressions
[WARN (VERI-1875)] /home/rk6650/VeriTriples/malik2627research/repos_6.24/ikryukov_tiny-switch/src/response_collector.sv(32): identifier 'PORT_BITS' is used before its declaration
[ERROR (VERI-1128)] /home/rk6650/VeriTriples/malik2627research/repos_6.24/ikryukov_tiny-switch/src/response_collector.sv(46): 'TAG_WIDTH' is not declared
[ERROR (VERI-1952)] /home/rk6650/VeriTriples/malik2627research/repos_6.24/ikryukov_tiny-switch/src/response_collector.sv(46): range must be bounded by constant expressions
[ERROR (VERI-1128)] /home/rk6650/VeriTriples/malik2627research/repos_6.24/ikryukov_tiny-switch/src/response_collector.sv(53): 'DATA_WIDTH' is not declared
[ERROR (VERI-1952)] /home/rk6650/VeriTriples/malik2627research/repos_6.24/ikryukov_tiny-switch/src/response_collector.sv(53): range must be bounded by constant expressions
[ERROR (VERI-1072)] /home/rk6650/VeriTriples/malik2627research/repos_6.24/ikryukov_tiny-switch/src/response_collector.sv(144): module 'response_collector' ignored due to previous errors
Summary of errors detected:
	[ERROR (VERI-1128)] /home/rk6650/VeriTriples/malik2627research/repos_6.24/ikryukov_tiny-switch/src/response_collector.sv(7): 'tswitch_pkg' is not declared
	[ERROR (VERI-1128)] /home/rk6650/VeriTriples/malik2627research/repos_6.24/ikryukov_tiny-switch/src/response_collector.sv(18): 'TAG_WIDTH' is not declared
	[ERROR (VERI-1952)] /home/rk6650/VeriTriples/malik2627research/repos_6.24/ikryukov_tiny-switch/src/response_collector.sv(18): range must be bounded by constant expressions
	[ERROR (VERI-1128)] /home/rk6650/VeriTriples/malik2627research/repos_6.24/ikryukov_tiny-switch/src/response_collector.sv(24): 'DATA_WIDTH' is not declared
	[ERROR (VERI-1952)] /home/rk6650/VeriTriples/malik2627research/repos_6.24/ikryukov_tiny-switch/src/response_collector.sv(24): range must be bounded by constant expressions
	[ERROR (VERI-1128)] /home/rk6650/VeriTriples/malik2627research/repos_6.24/ikryukov_tiny-switch/src/response_collector.sv(29): 'DATA_WIDTH' is not declared
	[ERROR (VERI-1952)] /home/rk6650/VeriTriples/malik2627research/repos_6.24/ikryukov_tiny-switch/src/response_collector.sv(29): range must be bounded by constant expressions
	[ERROR (VERI-1128)] /home/rk6650/VeriTriples/malik2627research/repos_6.24/ikryukov_tiny-switch/src/response_collector.sv(30): 'TAG_WIDTH' is not declared
	[ERROR (VERI-1952)] /home/rk6650/VeriTriples/malik2627research/repos_6.24/ikryukov_tiny-switch/src/response_collector.sv(30): range must be bounded by constant expressions
	[ERROR (VERI-1128)] /home/rk6650/VeriTriples/malik2627research/repos_6.24/ikryukov_tiny-switch/src/response_collector.sv(46): 'TAG_WIDTH' is not declared
	[ERROR (VERI-1952)] /home/rk6650/VeriTriples/malik2627research/repos_6.24/ikryukov_tiny-switch/src/response_collector.sv(46): range must be bounded by constant expressions
	[ERROR (VERI-1128)] /home/rk6650/VeriTriples/malik2627research/repos_6.24/ikryukov_tiny-switch/src/response_collector.sv(53): 'DATA_WIDTH' is not declared
	[ERROR (VERI-1952)] /home/rk6650/VeriTriples/malik2627research/repos_6.24/ikryukov_tiny-switch/src/response_collector.sv(53): range must be bounded by constant expressions
	[ERROR (VERI-1072)] /home/rk6650/VeriTriples/malik2627research/repos_6.24/ikryukov_tiny-switch/src/response_collector.sv(144): module 'response_collector' ignored due to previous errors
1
% catch { analyze -sv -incdir /home/rk6650/VeriTriples/malik2627research -incdir /home/rk6650/VeriTriples/malik2627research/src /home/rk6650/VeriTriples/malik2627research/repos_6.24/ikryukov_tiny-switch/src/bf16_adder.sv }
[-- (VERI-1482)] Analyzing Verilog file '/home/rk6650/VeriTriples/malik2627research/repos_6.24/ikryukov_tiny-switch/src/bf16_adder.sv'
0
% catch { analyze -sv -incdir /home/rk6650/VeriTriples/malik2627research -incdir /home/rk6650/VeriTriples/malik2627research/src /home/rk6650/VeriTriples/malik2627research/repos_6.24/ikryukov_tiny-switch/src/multicast_engine.sv }
[-- (VERI-1482)] Analyzing Verilog file '/home/rk6650/VeriTriples/malik2627research/repos_6.24/ikryukov_tiny-switch/src/multicast_engine.sv'
[ERROR (VERI-1128)] /home/rk6650/VeriTriples/malik2627research/repos_6.24/ikryukov_tiny-switch/src/multicast_engine.sv(7): 'tswitch_pkg' is not declared
[ERROR (VERI-1128)] /home/rk6650/VeriTriples/malik2627research/repos_6.24/ikryukov_tiny-switch/src/multicast_engine.sv(18): 'ADDR_WIDTH' is not declared
[ERROR (VERI-1952)] /home/rk6650/VeriTriples/malik2627research/repos_6.24/ikryukov_tiny-switch/src/multicast_engine.sv(18): range must be bounded by constant expressions
[ERROR (VERI-1128)] /home/rk6650/VeriTriples/malik2627research/repos_6.24/ikryukov_tiny-switch/src/multicast_engine.sv(19): 'DATA_WIDTH' is not declared
[ERROR (VERI-1952)] /home/rk6650/VeriTriples/malik2627research/repos_6.24/ikryukov_tiny-switch/src/multicast_engine.sv(19): range must be bounded by constant expressions
[ERROR (VERI-1128)] /home/rk6650/VeriTriples/malik2627research/repos_6.24/ikryukov_tiny-switch/src/multicast_engine.sv(20): 'TAG_WIDTH' is not declared
[ERROR (VERI-1952)] /home/rk6650/VeriTriples/malik2627research/repos_6.24/ikryukov_tiny-switch/src/multicast_engine.sv(20): range must be bounded by constant expressions
[WARN (VERI-1875)] /home/rk6650/VeriTriples/malik2627research/repos_6.24/ikryukov_tiny-switch/src/multicast_engine.sv(21): identifier 'PORT_BITS' is used before its declaration
[ERROR (VERI-1128)] /home/rk6650/VeriTriples/malik2627research/repos_6.24/ikryukov_tiny-switch/src/multicast_engine.sv(26): 'ADDR_WIDTH' is not declared
[ERROR (VERI-1952)] /home/rk6650/VeriTriples/malik2627research/repos_6.24/ikryukov_tiny-switch/src/multicast_engine.sv(26): range must be bounded by constant expressions
[ERROR (VERI-1128)] /home/rk6650/VeriTriples/malik2627research/repos_6.24/ikryukov_tiny-switch/src/multicast_engine.sv(27): 'DATA_WIDTH' is not declared
[ERROR (VERI-1952)] /home/rk6650/VeriTriples/malik2627research/repos_6.24/ikryukov_tiny-switch/src/multicast_engine.sv(27): range must be bounded by constant expressions
[ERROR (VERI-1128)] /home/rk6650/VeriTriples/malik2627research/repos_6.24/ikryukov_tiny-switch/src/multicast_engine.sv(35): 'TAG_WIDTH' is not declared
[ERROR (VERI-1952)] /home/rk6650/VeriTriples/malik2627research/repos_6.24/ikryukov_tiny-switch/src/multicast_engine.sv(35): range must be bounded by constant expressions
[WARN (VERI-1875)] /home/rk6650/VeriTriples/malik2627research/repos_6.24/ikryukov_tiny-switch/src/multicast_engine.sv(36): identifier 'PORT_BITS' is used before its declaration
[ERROR (VERI-1128)] /home/rk6650/VeriTriples/malik2627research/repos_6.24/ikryukov_tiny-switch/src/multicast_engine.sv(50): 'ADDR_WIDTH' is not declared
[ERROR (VERI-1952)] /home/rk6650/VeriTriples/malik2627research/repos_6.24/ikryukov_tiny-switch/src/multicast_engine.sv(50): range must be bounded by constant expressions
[ERROR (VERI-1128)] /home/rk6650/VeriTriples/malik2627research/repos_6.24/ikryukov_tiny-switch/src/multicast_engine.sv(51): 'DATA_WIDTH' is not declared
[ERROR (VERI-1952)] /home/rk6650/VeriTriples/malik2627research/repos_6.24/ikryukov_tiny-switch/src/multicast_engine.sv(51): range must be bounded by constant expressions
[ERROR (VERI-1128)] /home/rk6650/VeriTriples/malik2627research/repos_6.24/ikryukov_tiny-switch/src/multicast_engine.sv(52): 'TAG_WIDTH' is not declared
[ERROR (VERI-1952)] /home/rk6650/VeriTriples/malik2627research/repos_6.24/ikryukov_tiny-switch/src/multicast_engine.sv(52): range must be bounded by constant expressions
[INFO (VMSG-1000)] Too many errors. Further error messages will be suppressed.
Summary of errors detected:
	[ERROR (VERI-1128)] /home/rk6650/VeriTriples/malik2627research/repos_6.24/ikryukov_tiny-switch/src/multicast_engine.sv(7): 'tswitch_pkg' is not declared
	[ERROR (VERI-1128)] /home/rk6650/VeriTriples/malik2627research/repos_6.24/ikryukov_tiny-switch/src/multicast_engine.sv(18): 'ADDR_WIDTH' is not declared
	[ERROR (VERI-1952)] /home/rk6650/VeriTriples/malik2627research/repos_6.24/ikryukov_tiny-switch/src/multicast_engine.sv(18): range must be bounded by constant expressions
	[ERROR (VERI-1128)] /home/rk6650/VeriTriples/malik2627research/repos_6.24/ikryukov_tiny-switch/src/multicast_engine.sv(19): 'DATA_WIDTH' is not declared
	[ERROR (VERI-1952)] /home/rk6650/VeriTriples/malik2627research/repos_6.24/ikryukov_tiny-switch/src/multicast_engine.sv(19): range must be bounded by constant expressions
	[ERROR (VERI-1128)] /home/rk6650/VeriTriples/malik2627research/repos_6.24/ikryukov_tiny-switch/src/multicast_engine.sv(20): 'TAG_WIDTH' is not declared
	[ERROR (VERI-1952)] /home/rk6650/VeriTriples/malik2627research/repos_6.24/ikryukov_tiny-switch/src/multicast_engine.sv(20): range must be bounded by constant expressions
	[ERROR (VERI-1128)] /home/rk6650/VeriTriples/malik2627research/repos_6.24/ikryukov_tiny-switch/src/multicast_engine.sv(26): 'ADDR_WIDTH' is not declared
	[ERROR (VERI-1952)] /home/rk6650/VeriTriples/malik2627research/repos_6.24/ikryukov_tiny-switch/src/multicast_engine.sv(26): range must be bounded by constant expressions
	[ERROR (VERI-1128)] /home/rk6650/VeriTriples/malik2627research/repos_6.24/ikryukov_tiny-switch/src/multicast_engine.sv(27): 'DATA_WIDTH' is not declared
	[ERROR (VERI-1952)] /home/rk6650/VeriTriples/malik2627research/repos_6.24/ikryukov_tiny-switch/src/multicast_engine.sv(27): range must be bounded by constant expressions
	[ERROR (VERI-1128)] /home/rk6650/VeriTriples/malik2627research/repos_6.24/ikryukov_tiny-switch/src/multicast_engine.sv(35): 'TAG_WIDTH' is not declared
	[ERROR (VERI-1952)] /home/rk6650/VeriTriples/malik2627research/repos_6.24/ikryukov_tiny-switch/src/multicast_engine.sv(35): range must be bounded by constant expressions
	[ERROR (VERI-1128)] /home/rk6650/VeriTriples/malik2627research/repos_6.24/ikryukov_tiny-switch/src/multicast_engine.sv(50): 'ADDR_WIDTH' is not declared
	[ERROR (VERI-1952)] /home/rk6650/VeriTriples/malik2627research/repos_6.24/ikryukov_tiny-switch/src/multicast_engine.sv(50): range must be bounded by constant expressions
	[ERROR (VERI-1128)] /home/rk6650/VeriTriples/malik2627research/repos_6.24/ikryukov_tiny-switch/src/multicast_engine.sv(51): 'DATA_WIDTH' is not declared
	[ERROR (VERI-1952)] /home/rk6650/VeriTriples/malik2627research/repos_6.24/ikryukov_tiny-switch/src/multicast_engine.sv(51): range must be bounded by constant expressions
	[ERROR (VERI-1128)] /home/rk6650/VeriTriples/malik2627research/repos_6.24/ikryukov_tiny-switch/src/multicast_engine.sv(52): 'TAG_WIDTH' is not declared
	[ERROR (VERI-1952)] /home/rk6650/VeriTriples/malik2627research/repos_6.24/ikryukov_tiny-switch/src/multicast_engine.sv(52): range must be bounded by constant expressions
1
% catch { analyze -sv -incdir /home/rk6650/VeriTriples/malik2627research -incdir /home/rk6650/VeriTriples/malik2627research/src /home/rk6650/VeriTriples/malik2627research/repos_6.24/ikryukov_tiny-switch/src/tswitch.sv }
[-- (VERI-1482)] Analyzing Verilog file '/home/rk6650/VeriTriples/malik2627research/repos_6.24/ikryukov_tiny-switch/src/tswitch.sv'
[ERROR (VERI-1128)] /home/rk6650/VeriTriples/malik2627research/repos_6.24/ikryukov_tiny-switch/src/tswitch.sv(10): 'tswitch_pkg' is not declared
[ERROR (VERI-1188)] /home/rk6650/VeriTriples/malik2627research/repos_6.24/ikryukov_tiny-switch/src/tswitch.sv(21): 'ADDR_WIDTH' is not a constant
[ERROR (VERI-1952)] /home/rk6650/VeriTriples/malik2627research/repos_6.24/ikryukov_tiny-switch/src/tswitch.sv(21): range must be bounded by constant expressions
[ERROR (VERI-1128)] /home/rk6650/VeriTriples/malik2627research/repos_6.24/ikryukov_tiny-switch/src/tswitch.sv(22): 'DATA_WIDTH' is not declared
[ERROR (VERI-1952)] /home/rk6650/VeriTriples/malik2627research/repos_6.24/ikryukov_tiny-switch/src/tswitch.sv(22): range must be bounded by constant expressions
[ERROR (VERI-1128)] /home/rk6650/VeriTriples/malik2627research/repos_6.24/ikryukov_tiny-switch/src/tswitch.sv(28): 'DATA_WIDTH' is not declared
[ERROR (VERI-1952)] /home/rk6650/VeriTriples/malik2627research/repos_6.24/ikryukov_tiny-switch/src/tswitch.sv(28): range must be bounded by constant expressions
[ERROR (VERI-1188)] /home/rk6650/VeriTriples/malik2627research/repos_6.24/ikryukov_tiny-switch/src/tswitch.sv(33): 'ADDR_WIDTH' is not a constant
[ERROR (VERI-1952)] /home/rk6650/VeriTriples/malik2627research/repos_6.24/ikryukov_tiny-switch/src/tswitch.sv(33): range must be bounded by constant expressions
[ERROR (VERI-1128)] /home/rk6650/VeriTriples/malik2627research/repos_6.24/ikryukov_tiny-switch/src/tswitch.sv(35): 'DATA_WIDTH' is not declared
[ERROR (VERI-1952)] /home/rk6650/VeriTriples/malik2627research/repos_6.24/ikryukov_tiny-switch/src/tswitch.sv(35): range must be bounded by constant expressions
[ERROR (VERI-1188)] /home/rk6650/VeriTriples/malik2627research/repos_6.24/ikryukov_tiny-switch/src/tswitch.sv(39): 'ADDR_WIDTH' is not a constant
[ERROR (VERI-1952)] /home/rk6650/VeriTriples/malik2627research/repos_6.24/ikryukov_tiny-switch/src/tswitch.sv(39): range must be bounded by constant expressions
[ERROR (VERI-1128)] /home/rk6650/VeriTriples/malik2627research/repos_6.24/ikryukov_tiny-switch/src/tswitch.sv(40): 'DATA_WIDTH' is not declared
[ERROR (VERI-1952)] /home/rk6650/VeriTriples/malik2627research/repos_6.24/ikryukov_tiny-switch/src/tswitch.sv(40): range must be bounded by constant expressions
[ERROR (VERI-1188)] /home/rk6650/VeriTriples/malik2627research/repos_6.24/ikryukov_tiny-switch/src/tswitch.sv(55): 'ADDR_WIDTH' is not a constant
[ERROR (VERI-1952)] /home/rk6650/VeriTriples/malik2627research/repos_6.24/ikryukov_tiny-switch/src/tswitch.sv(55): range must be bounded by constant expressions
[ERROR (VERI-1128)] /home/rk6650/VeriTriples/malik2627research/repos_6.24/ikryukov_tiny-switch/src/tswitch.sv(56): 'DATA_WIDTH' is not declared
[ERROR (VERI-1952)] /home/rk6650/VeriTriples/malik2627research/repos_6.24/ikryukov_tiny-switch/src/tswitch.sv(56): range must be bounded by constant expressions
[INFO (VMSG-1000)] Too many errors. Further error messages will be suppressed.
Summary of errors detected:
	[ERROR (VERI-1128)] /home/rk6650/VeriTriples/malik2627research/repos_6.24/ikryukov_tiny-switch/src/tswitch.sv(10): 'tswitch_pkg' is not declared
	[ERROR (VERI-1188)] /home/rk6650/VeriTriples/malik2627research/repos_6.24/ikryukov_tiny-switch/src/tswitch.sv(21): 'ADDR_WIDTH' is not a constant
	[ERROR (VERI-1952)] /home/rk6650/VeriTriples/malik2627research/repos_6.24/ikryukov_tiny-switch/src/tswitch.sv(21): range must be bounded by constant expressions
	[ERROR (VERI-1128)] /home/rk6650/VeriTriples/malik2627research/repos_6.24/ikryukov_tiny-switch/src/tswitch.sv(22): 'DATA_WIDTH' is not declared
	[ERROR (VERI-1952)] /home/rk6650/VeriTriples/malik2627research/repos_6.24/ikryukov_tiny-switch/src/tswitch.sv(22): range must be bounded by constant expressions
	[ERROR (VERI-1128)] /home/rk6650/VeriTriples/malik2627research/repos_6.24/ikryukov_tiny-switch/src/tswitch.sv(28): 'DATA_WIDTH' is not declared
	[ERROR (VERI-1952)] /home/rk6650/VeriTriples/malik2627research/repos_6.24/ikryukov_tiny-switch/src/tswitch.sv(28): range must be bounded by constant expressions
	[ERROR (VERI-1188)] /home/rk6650/VeriTriples/malik2627research/repos_6.24/ikryukov_tiny-switch/src/tswitch.sv(33): 'ADDR_WIDTH' is not a constant
	[ERROR (VERI-1952)] /home/rk6650/VeriTriples/malik2627research/repos_6.24/ikryukov_tiny-switch/src/tswitch.sv(33): range must be bounded by constant expressions
	[ERROR (VERI-1128)] /home/rk6650/VeriTriples/malik2627research/repos_6.24/ikryukov_tiny-switch/src/tswitch.sv(35): 'DATA_WIDTH' is not declared
	[ERROR (VERI-1952)] /home/rk6650/VeriTriples/malik2627research/repos_6.24/ikryukov_tiny-switch/src/tswitch.sv(35): range must be bounded by constant expressions
	[ERROR (VERI-1188)] /home/rk6650/VeriTriples/malik2627research/repos_6.24/ikryukov_tiny-switch/src/tswitch.sv(39): 'ADDR_WIDTH' is not a constant
	[ERROR (VERI-1952)] /home/rk6650/VeriTriples/malik2627research/repos_6.24/ikryukov_tiny-switch/src/tswitch.sv(39): range must be bounded by constant expressions
	[ERROR (VERI-1128)] /home/rk6650/VeriTriples/malik2627research/repos_6.24/ikryukov_tiny-switch/src/tswitch.sv(40): 'DATA_WIDTH' is not declared
	[ERROR (VERI-1952)] /home/rk6650/VeriTriples/malik2627research/repos_6.24/ikryukov_tiny-switch/src/tswitch.sv(40): range must be bounded by constant expressions
	[ERROR (VERI-1188)] /home/rk6650/VeriTriples/malik2627research/repos_6.24/ikryukov_tiny-switch/src/tswitch.sv(55): 'ADDR_WIDTH' is not a constant
	[ERROR (VERI-1952)] /home/rk6650/VeriTriples/malik2627research/repos_6.24/ikryukov_tiny-switch/src/tswitch.sv(55): range must be bounded by constant expressions
	[ERROR (VERI-1128)] /home/rk6650/VeriTriples/malik2627research/repos_6.24/ikryukov_tiny-switch/src/tswitch.sv(56): 'DATA_WIDTH' is not declared
	[ERROR (VERI-1952)] /home/rk6650/VeriTriples/malik2627research/repos_6.24/ikryukov_tiny-switch/src/tswitch.sv(56): range must be bounded by constant expressions
1
% catch { analyze -sv -incdir /home/rk6650/VeriTriples/malik2627research -incdir /home/rk6650/VeriTriples/malik2627research/src /home/rk6650/VeriTriples/malik2627research/repos_6.24/ikryukov_tiny-switch/src/reduction_engine.sv }
[-- (VERI-1482)] Analyzing Verilog file '/home/rk6650/VeriTriples/malik2627research/repos_6.24/ikryukov_tiny-switch/src/reduction_engine.sv'
[ERROR (VERI-1128)] /home/rk6650/VeriTriples/malik2627research/repos_6.24/ikryukov_tiny-switch/src/reduction_engine.sv(8): 'tswitch_pkg' is not declared
[ERROR (VERI-1128)] /home/rk6650/VeriTriples/malik2627research/repos_6.24/ikryukov_tiny-switch/src/reduction_engine.sv(18): 'DATA_WIDTH' is not declared
[ERROR (VERI-1952)] /home/rk6650/VeriTriples/malik2627research/repos_6.24/ikryukov_tiny-switch/src/reduction_engine.sv(18): range must be bounded by constant expressions
[ERROR (VERI-1128)] /home/rk6650/VeriTriples/malik2627research/repos_6.24/ikryukov_tiny-switch/src/reduction_engine.sv(19): 'TAG_WIDTH' is not declared
[ERROR (VERI-1952)] /home/rk6650/VeriTriples/malik2627research/repos_6.24/ikryukov_tiny-switch/src/reduction_engine.sv(19): range must be bounded by constant expressions
[WARN (VERI-1875)] /home/rk6650/VeriTriples/malik2627research/repos_6.24/ikryukov_tiny-switch/src/reduction_engine.sv(21): identifier 'PORT_BITS' is used before its declaration
[ERROR (VERI-1128)] /home/rk6650/VeriTriples/malik2627research/repos_6.24/ikryukov_tiny-switch/src/reduction_engine.sv(26): 'DATA_WIDTH' is not declared
[ERROR (VERI-1952)] /home/rk6650/VeriTriples/malik2627research/repos_6.24/ikryukov_tiny-switch/src/reduction_engine.sv(26): range must be bounded by constant expressions
[ERROR (VERI-1128)] /home/rk6650/VeriTriples/malik2627research/repos_6.24/ikryukov_tiny-switch/src/reduction_engine.sv(27): 'TAG_WIDTH' is not declared
[ERROR (VERI-1952)] /home/rk6650/VeriTriples/malik2627research/repos_6.24/ikryukov_tiny-switch/src/reduction_engine.sv(27): range must be bounded by constant expressions
[WARN (VERI-1875)] /home/rk6650/VeriTriples/malik2627research/repos_6.24/ikryukov_tiny-switch/src/reduction_engine.sv(28): identifier 'PORT_BITS' is used before its declaration
[ERROR (VERI-1128)] /home/rk6650/VeriTriples/malik2627research/repos_6.24/ikryukov_tiny-switch/src/reduction_engine.sv(48): 'DATA_WIDTH' is not declared
[ERROR (VERI-1952)] /home/rk6650/VeriTriples/malik2627research/repos_6.24/ikryukov_tiny-switch/src/reduction_engine.sv(48): range must be bounded by constant expressions
[ERROR (VERI-1128)] /home/rk6650/VeriTriples/malik2627research/repos_6.24/ikryukov_tiny-switch/src/reduction_engine.sv(49): 'TAG_WIDTH' is not declared
[ERROR (VERI-1952)] /home/rk6650/VeriTriples/malik2627research/repos_6.24/ikryukov_tiny-switch/src/reduction_engine.sv(49): range must be bounded by constant expressions
[ERROR (VERI-1128)] /home/rk6650/VeriTriples/malik2627research/repos_6.24/ikryukov_tiny-switch/src/reduction_engine.sv(53): 'DATA_WIDTH' is not declared
[ERROR (VERI-1952)] /home/rk6650/VeriTriples/malik2627research/repos_6.24/ikryukov_tiny-switch/src/reduction_engine.sv(53): range must be bounded by constant expressions
[ERROR (VERI-1072)] /home/rk6650/VeriTriples/malik2627research/repos_6.24/ikryukov_tiny-switch/src/reduction_engine.sv(119): module 'reduction_engine' ignored due to previous errors
Summary of errors detected:
	[ERROR (VERI-1128)] /home/rk6650/VeriTriples/malik2627research/repos_6.24/ikryukov_tiny-switch/src/reduction_engine.sv(8): 'tswitch_pkg' is not declared
	[ERROR (VERI-1128)] /home/rk6650/VeriTriples/malik2627research/repos_6.24/ikryukov_tiny-switch/src/reduction_engine.sv(18): 'DATA_WIDTH' is not declared
	[ERROR (VERI-1952)] /home/rk6650/VeriTriples/malik2627research/repos_6.24/ikryukov_tiny-switch/src/reduction_engine.sv(18): range must be bounded by constant expressions
	[ERROR (VERI-1128)] /home/rk6650/VeriTriples/malik2627research/repos_6.24/ikryukov_tiny-switch/src/reduction_engine.sv(19): 'TAG_WIDTH' is not declared
	[ERROR (VERI-1952)] /home/rk6650/VeriTriples/malik2627research/repos_6.24/ikryukov_tiny-switch/src/reduction_engine.sv(19): range must be bounded by constant expressions
	[ERROR (VERI-1128)] /home/rk6650/VeriTriples/malik2627research/repos_6.24/ikryukov_tiny-switch/src/reduction_engine.sv(26): 'DATA_WIDTH' is not declared
	[ERROR (VERI-1952)] /home/rk6650/VeriTriples/malik2627research/repos_6.24/ikryukov_tiny-switch/src/reduction_engine.sv(26): range must be bounded by constant expressions
	[ERROR (VERI-1128)] /home/rk6650/VeriTriples/malik2627research/repos_6.24/ikryukov_tiny-switch/src/reduction_engine.sv(27): 'TAG_WIDTH' is not declared
	[ERROR (VERI-1952)] /home/rk6650/VeriTriples/malik2627research/repos_6.24/ikryukov_tiny-switch/src/reduction_engine.sv(27): range must be bounded by constant expressions
	[ERROR (VERI-1128)] /home/rk6650/VeriTriples/malik2627research/repos_6.24/ikryukov_tiny-switch/src/reduction_engine.sv(48): 'DATA_WIDTH' is not declared
	[ERROR (VERI-1952)] /home/rk6650/VeriTriples/malik2627research/repos_6.24/ikryukov_tiny-switch/src/reduction_engine.sv(48): range must be bounded by constant expressions
	[ERROR (VERI-1128)] /home/rk6650/VeriTriples/malik2627research/repos_6.24/ikryukov_tiny-switch/src/reduction_engine.sv(49): 'TAG_WIDTH' is not declared
	[ERROR (VERI-1952)] /home/rk6650/VeriTriples/malik2627research/repos_6.24/ikryukov_tiny-switch/src/reduction_engine.sv(49): range must be bounded by constant expressions
	[ERROR (VERI-1128)] /home/rk6650/VeriTriples/malik2627research/repos_6.24/ikryukov_tiny-switch/src/reduction_engine.sv(53): 'DATA_WIDTH' is not declared
	[ERROR (VERI-1952)] /home/rk6650/VeriTriples/malik2627research/repos_6.24/ikryukov_tiny-switch/src/reduction_engine.sv(53): range must be bounded by constant expressions
	[ERROR (VERI-1072)] /home/rk6650/VeriTriples/malik2627research/repos_6.24/ikryukov_tiny-switch/src/reduction_engine.sv(119): module 'reduction_engine' ignored due to previous errors
1
% catch { analyze -sv -incdir /home/rk6650/VeriTriples/malik2627research -incdir /home/rk6650/VeriTriples/malik2627research/src /home/rk6650/VeriTriples/malik2627research/repos_6.24/ikryukov_tiny-switch/src/parallel_issuer.sv }
[-- (VERI-1482)] Analyzing Verilog file '/home/rk6650/VeriTriples/malik2627research/repos_6.24/ikryukov_tiny-switch/src/parallel_issuer.sv'
[ERROR (VERI-1128)] /home/rk6650/VeriTriples/malik2627research/repos_6.24/ikryukov_tiny-switch/src/parallel_issuer.sv(9): 'tswitch_pkg' is not declared
[ERROR (VERI-1072)] /home/rk6650/VeriTriples/malik2627research/repos_6.24/ikryukov_tiny-switch/src/parallel_issuer.sv(101): module 'parallel_issuer' ignored due to previous errors
Summary of errors detected:
	[ERROR (VERI-1128)] /home/rk6650/VeriTriples/malik2627research/repos_6.24/ikryukov_tiny-switch/src/parallel_issuer.sv(9): 'tswitch_pkg' is not declared
	[ERROR (VERI-1072)] /home/rk6650/VeriTriples/malik2627research/repos_6.24/ikryukov_tiny-switch/src/parallel_issuer.sv(101): module 'parallel_issuer' ignored due to previous errors
1
% catch { analyze -sv -incdir /home/rk6650/VeriTriples/malik2627research -incdir /home/rk6650/VeriTriples/malik2627research/src /home/rk6650/VeriTriples/malik2627research/repos_6.24/ikryukov_tiny-switch/src/read_requester.sv }
[-- (VERI-1482)] Analyzing Verilog file '/home/rk6650/VeriTriples/malik2627research/repos_6.24/ikryukov_tiny-switch/src/read_requester.sv'
[ERROR (VERI-1128)] /home/rk6650/VeriTriples/malik2627research/repos_6.24/ikryukov_tiny-switch/src/read_requester.sv(7): 'tswitch_pkg' is not declared
[ERROR (VERI-1128)] /home/rk6650/VeriTriples/malik2627research/repos_6.24/ikryukov_tiny-switch/src/read_requester.sv(18): 'ADDR_WIDTH' is not declared
[ERROR (VERI-1952)] /home/rk6650/VeriTriples/malik2627research/repos_6.24/ikryukov_tiny-switch/src/read_requester.sv(18): range must be bounded by constant expressions
[ERROR (VERI-1128)] /home/rk6650/VeriTriples/malik2627research/repos_6.24/ikryukov_tiny-switch/src/read_requester.sv(19): 'TAG_WIDTH' is not declared
[ERROR (VERI-1952)] /home/rk6650/VeriTriples/malik2627research/repos_6.24/ikryukov_tiny-switch/src/read_requester.sv(19): range must be bounded by constant expressions
[WARN (VERI-1875)] /home/rk6650/VeriTriples/malik2627research/repos_6.24/ikryukov_tiny-switch/src/read_requester.sv(20): identifier 'PORT_BITS' is used before its declaration
[ERROR (VERI-1128)] /home/rk6650/VeriTriples/malik2627research/repos_6.24/ikryukov_tiny-switch/src/read_requester.sv(25): 'ADDR_WIDTH' is not declared
[ERROR (VERI-1952)] /home/rk6650/VeriTriples/malik2627research/repos_6.24/ikryukov_tiny-switch/src/read_requester.sv(25): range must be bounded by constant expressions
[ERROR (VERI-1128)] /home/rk6650/VeriTriples/malik2627research/repos_6.24/ikryukov_tiny-switch/src/read_requester.sv(31): 'TAG_WIDTH' is not declared
[ERROR (VERI-1952)] /home/rk6650/VeriTriples/malik2627research/repos_6.24/ikryukov_tiny-switch/src/read_requester.sv(31): range must be bounded by constant expressions
[WARN (VERI-1875)] /home/rk6650/VeriTriples/malik2627research/repos_6.24/ikryukov_tiny-switch/src/read_requester.sv(32): identifier 'PORT_BITS' is used before its declaration
[ERROR (VERI-1128)] /home/rk6650/VeriTriples/malik2627research/repos_6.24/ikryukov_tiny-switch/src/read_requester.sv(47): 'ADDR_WIDTH' is not declared
[ERROR (VERI-1952)] /home/rk6650/VeriTriples/malik2627research/repos_6.24/ikryukov_tiny-switch/src/read_requester.sv(47): range must be bounded by constant expressions
[ERROR (VERI-1128)] /home/rk6650/VeriTriples/malik2627research/repos_6.24/ikryukov_tiny-switch/src/read_requester.sv(48): 'TAG_WIDTH' is not declared
[ERROR (VERI-1952)] /home/rk6650/VeriTriples/malik2627research/repos_6.24/ikryukov_tiny-switch/src/read_requester.sv(48): range must be bounded by constant expressions
[ERROR (VERI-1128)] /home/rk6650/VeriTriples/malik2627research/repos_6.24/ikryukov_tiny-switch/src/read_requester.sv(58): 'REQ_IDLE' is not declared
[ERROR (VERI-1128)] /home/rk6650/VeriTriples/malik2627research/repos_6.24/ikryukov_tiny-switch/src/read_requester.sv(74): 'REQ_IDLE' is not declared
[ERROR (VERI-1128)] /home/rk6650/VeriTriples/malik2627research/repos_6.24/ikryukov_tiny-switch/src/read_requester.sv(75): 'REQ_DONE' is not declared
[ERROR (VERI-1128)] /home/rk6650/VeriTriples/malik2627research/repos_6.24/ikryukov_tiny-switch/src/read_requester.sv(80): 'REQ_IDLE' is not declared
[ERROR (VERI-1128)] /home/rk6650/VeriTriples/malik2627research/repos_6.24/ikryukov_tiny-switch/src/read_requester.sv(87): 'REQ_IDLE' is not declared
[ERROR (VERI-1128)] /home/rk6650/VeriTriples/malik2627research/repos_6.24/ikryukov_tiny-switch/src/read_requester.sv(93): 'REQ_ISSUING' is not declared
[INFO (VMSG-1000)] Too many errors. Further error messages will be suppressed.
Summary of errors detected:
	[ERROR (VERI-1128)] /home/rk6650/VeriTriples/malik2627research/repos_6.24/ikryukov_tiny-switch/src/read_requester.sv(7): 'tswitch_pkg' is not declared
	[ERROR (VERI-1128)] /home/rk6650/VeriTriples/malik2627research/repos_6.24/ikryukov_tiny-switch/src/read_requester.sv(18): 'ADDR_WIDTH' is not declared
	[ERROR (VERI-1952)] /home/rk6650/VeriTriples/malik2627research/repos_6.24/ikryukov_tiny-switch/src/read_requester.sv(18): range must be bounded by constant expressions
	[ERROR (VERI-1128)] /home/rk6650/VeriTriples/malik2627research/repos_6.24/ikryukov_tiny-switch/src/read_requester.sv(19): 'TAG_WIDTH' is not declared
	[ERROR (VERI-1952)] /home/rk6650/VeriTriples/malik2627research/repos_6.24/ikryukov_tiny-switch/src/read_requester.sv(19): range must be bounded by constant expressions
	[ERROR (VERI-1128)] /home/rk6650/VeriTriples/malik2627research/repos_6.24/ikryukov_tiny-switch/src/read_requester.sv(25): 'ADDR_WIDTH' is not declared
	[ERROR (VERI-1952)] /home/rk6650/VeriTriples/malik2627research/repos_6.24/ikryukov_tiny-switch/src/read_requester.sv(25): range must be bounded by constant expressions
	[ERROR (VERI-1128)] /home/rk6650/VeriTriples/malik2627research/repos_6.24/ikryukov_tiny-switch/src/read_requester.sv(31): 'TAG_WIDTH' is not declared
	[ERROR (VERI-1952)] /home/rk6650/VeriTriples/malik2627research/repos_6.24/ikryukov_tiny-switch/src/read_requester.sv(31): range must be bounded by constant expressions
	[ERROR (VERI-1128)] /home/rk6650/VeriTriples/malik2627research/repos_6.24/ikryukov_tiny-switch/src/read_requester.sv(47): 'ADDR_WIDTH' is not declared
	[ERROR (VERI-1952)] /home/rk6650/VeriTriples/malik2627research/repos_6.24/ikryukov_tiny-switch/src/read_requester.sv(47): range must be bounded by constant expressions
	[ERROR (VERI-1128)] /home/rk6650/VeriTriples/malik2627research/repos_6.24/ikryukov_tiny-switch/src/read_requester.sv(48): 'TAG_WIDTH' is not declared
	[ERROR (VERI-1952)] /home/rk6650/VeriTriples/malik2627research/repos_6.24/ikryukov_tiny-switch/src/read_requester.sv(48): range must be bounded by constant expressions
	[ERROR (VERI-1128)] /home/rk6650/VeriTriples/malik2627research/repos_6.24/ikryukov_tiny-switch/src/read_requester.sv(58): 'REQ_IDLE' is not declared
	[ERROR (VERI-1128)] /home/rk6650/VeriTriples/malik2627research/repos_6.24/ikryukov_tiny-switch/src/read_requester.sv(74): 'REQ_IDLE' is not declared
	[ERROR (VERI-1128)] /home/rk6650/VeriTriples/malik2627research/repos_6.24/ikryukov_tiny-switch/src/read_requester.sv(75): 'REQ_DONE' is not declared
	[ERROR (VERI-1128)] /home/rk6650/VeriTriples/malik2627research/repos_6.24/ikryukov_tiny-switch/src/read_requester.sv(80): 'REQ_IDLE' is not declared
	[ERROR (VERI-1128)] /home/rk6650/VeriTriples/malik2627research/repos_6.24/ikryukov_tiny-switch/src/read_requester.sv(87): 'REQ_IDLE' is not declared
	[ERROR (VERI-1128)] /home/rk6650/VeriTriples/malik2627research/repos_6.24/ikryukov_tiny-switch/src/read_requester.sv(93): 'REQ_ISSUING' is not declared
1
% catch { analyze -sv -incdir /home/rk6650/VeriTriples/malik2627research -incdir /home/rk6650/VeriTriples/malik2627research/src /home/rk6650/VeriTriples/malik2627research/repos_6.24/ikryukov_tiny-switch/src/group_table.sv }
[-- (VERI-1482)] Analyzing Verilog file '/home/rk6650/VeriTriples/malik2627research/repos_6.24/ikryukov_tiny-switch/src/group_table.sv'
[ERROR (VERI-1128)] /home/rk6650/VeriTriples/malik2627research/repos_6.24/ikryukov_tiny-switch/src/group_table.sv(13): 'tswitch_pkg' is not declared
[ERROR (VERI-1128)] /home/rk6650/VeriTriples/malik2627research/repos_6.24/ikryukov_tiny-switch/src/group_table.sv(30): 'ADDR_WIDTH' is not declared
[ERROR (VERI-1952)] /home/rk6650/VeriTriples/malik2627research/repos_6.24/ikryukov_tiny-switch/src/group_table.sv(30): range must be bounded by constant expressions
[ERROR (VERI-1128)] /home/rk6650/VeriTriples/malik2627research/repos_6.24/ikryukov_tiny-switch/src/group_table.sv(36): 'GROUP_ID_BITS' is not declared
[ERROR (VERI-1952)] /home/rk6650/VeriTriples/malik2627research/repos_6.24/ikryukov_tiny-switch/src/group_table.sv(36): range must be bounded by constant expressions
[ERROR (VERI-1128)] /home/rk6650/VeriTriples/malik2627research/repos_6.24/ikryukov_tiny-switch/src/group_table.sv(41): 'GROUP_ID_BITS' is not declared
[ERROR (VERI-1952)] /home/rk6650/VeriTriples/malik2627research/repos_6.24/ikryukov_tiny-switch/src/group_table.sv(41): range must be bounded by constant expressions
[ERROR (VERI-1128)] /home/rk6650/VeriTriples/malik2627research/repos_6.24/ikryukov_tiny-switch/src/group_table.sv(42): 'ADDR_WIDTH' is not declared
[ERROR (VERI-1952)] /home/rk6650/VeriTriples/malik2627research/repos_6.24/ikryukov_tiny-switch/src/group_table.sv(42): range must be bounded by constant expressions
[ERROR (VERI-1128)] /home/rk6650/VeriTriples/malik2627research/repos_6.24/ikryukov_tiny-switch/src/group_table.sv(43): 'ADDR_WIDTH' is not declared
[ERROR (VERI-1952)] /home/rk6650/VeriTriples/malik2627research/repos_6.24/ikryukov_tiny-switch/src/group_table.sv(43): range must be bounded by constant expressions
[ERROR (VERI-1128)] /home/rk6650/VeriTriples/malik2627research/repos_6.24/ikryukov_tiny-switch/src/group_table.sv(51): 'ADDR_WIDTH' is not declared
[ERROR (VERI-1952)] /home/rk6650/VeriTriples/malik2627research/repos_6.24/ikryukov_tiny-switch/src/group_table.sv(51): range must be bounded by constant expressions
[ERROR (VERI-1128)] /home/rk6650/VeriTriples/malik2627research/repos_6.24/ikryukov_tiny-switch/src/group_table.sv(52): 'ADDR_WIDTH' is not declared
[ERROR (VERI-1952)] /home/rk6650/VeriTriples/malik2627research/repos_6.24/ikryukov_tiny-switch/src/group_table.sv(52): range must be bounded by constant expressions
[ERROR (VERI-1128)] /home/rk6650/VeriTriples/malik2627research/repos_6.24/ikryukov_tiny-switch/src/group_table.sv(58): 'ADDR_WIDTH' is not declared
[ERROR (VERI-1952)] /home/rk6650/VeriTriples/malik2627research/repos_6.24/ikryukov_tiny-switch/src/group_table.sv(58): range must be bounded by constant expressions
[ERROR (VERI-1128)] /home/rk6650/VeriTriples/malik2627research/repos_6.24/ikryukov_tiny-switch/src/group_table.sv(74): 'GROUP_ID_BITS' is not declared
[ERROR (VERI-1952)] /home/rk6650/VeriTriples/malik2627research/repos_6.24/ikryukov_tiny-switch/src/group_table.sv(74): range must be bounded by constant expressions
[INFO (VMSG-1000)] Too many errors. Further error messages will be suppressed.
Summary of errors detected:
	[ERROR (VERI-1128)] /home/rk6650/VeriTriples/malik2627research/repos_6.24/ikryukov_tiny-switch/src/group_table.sv(13): 'tswitch_pkg' is not declared
	[ERROR (VERI-1128)] /home/rk6650/VeriTriples/malik2627research/repos_6.24/ikryukov_tiny-switch/src/group_table.sv(30): 'ADDR_WIDTH' is not declared
	[ERROR (VERI-1952)] /home/rk6650/VeriTriples/malik2627research/repos_6.24/ikryukov_tiny-switch/src/group_table.sv(30): range must be bounded by constant expressions
	[ERROR (VERI-1128)] /home/rk6650/VeriTriples/malik2627research/repos_6.24/ikryukov_tiny-switch/src/group_table.sv(36): 'GROUP_ID_BITS' is not declared
	[ERROR (VERI-1952)] /home/rk6650/VeriTriples/malik2627research/repos_6.24/ikryukov_tiny-switch/src/group_table.sv(36): range must be bounded by constant expressions
	[ERROR (VERI-1128)] /home/rk6650/VeriTriples/malik2627research/repos_6.24/ikryukov_tiny-switch/src/group_table.sv(41): 'GROUP_ID_BITS' is not declared
	[ERROR (VERI-1952)] /home/rk6650/VeriTriples/malik2627research/repos_6.24/ikryukov_tiny-switch/src/group_table.sv(41): range must be bounded by constant expressions
	[ERROR (VERI-1128)] /home/rk6650/VeriTriples/malik2627research/repos_6.24/ikryukov_tiny-switch/src/group_table.sv(42): 'ADDR_WIDTH' is not declared
	[ERROR (VERI-1952)] /home/rk6650/VeriTriples/malik2627research/repos_6.24/ikryukov_tiny-switch/src/group_table.sv(42): range must be bounded by constant expressions
	[ERROR (VERI-1128)] /home/rk6650/VeriTriples/malik2627research/repos_6.24/ikryukov_tiny-switch/src/group_table.sv(43): 'ADDR_WIDTH' is not declared
	[ERROR (VERI-1952)] /home/rk6650/VeriTriples/malik2627research/repos_6.24/ikryukov_tiny-switch/src/group_table.sv(43): range must be bounded by constant expressions
	[ERROR (VERI-1128)] /home/rk6650/VeriTriples/malik2627research/repos_6.24/ikryukov_tiny-switch/src/group_table.sv(51): 'ADDR_WIDTH' is not declared
	[ERROR (VERI-1952)] /home/rk6650/VeriTriples/malik2627research/repos_6.24/ikryukov_tiny-switch/src/group_table.sv(51): range must be bounded by constant expressions
	[ERROR (VERI-1128)] /home/rk6650/VeriTriples/malik2627research/repos_6.24/ikryukov_tiny-switch/src/group_table.sv(52): 'ADDR_WIDTH' is not declared
	[ERROR (VERI-1952)] /home/rk6650/VeriTriples/malik2627research/repos_6.24/ikryukov_tiny-switch/src/group_table.sv(52): range must be bounded by constant expressions
	[ERROR (VERI-1128)] /home/rk6650/VeriTriples/malik2627research/repos_6.24/ikryukov_tiny-switch/src/group_table.sv(58): 'ADDR_WIDTH' is not declared
	[ERROR (VERI-1952)] /home/rk6650/VeriTriples/malik2627research/repos_6.24/ikryukov_tiny-switch/src/group_table.sv(58): range must be bounded by constant expressions
	[ERROR (VERI-1128)] /home/rk6650/VeriTriples/malik2627research/repos_6.24/ikryukov_tiny-switch/src/group_table.sv(74): 'GROUP_ID_BITS' is not declared
	[ERROR (VERI-1952)] /home/rk6650/VeriTriples/malik2627research/repos_6.24/ikryukov_tiny-switch/src/group_table.sv(74): range must be bounded by constant expressions
1
% 
% catch { analyze -sv -incdir /home/rk6650/VeriTriples/malik2627research -incdir /home/rk6650/VeriTriples/malik2627research/src /home/rk6650/VeriTriples/malik2627research/repos_6.24/ikryukov_tiny-switch/src/cmd_decoder.sv }
[-- (VERI-1482)] Analyzing Verilog file '/home/rk6650/VeriTriples/malik2627research/repos_6.24/ikryukov_tiny-switch/src/cmd_decoder.sv'
[ERROR (VERI-1128)] /home/rk6650/VeriTriples/malik2627research/repos_6.24/ikryukov_tiny-switch/src/cmd_decoder.sv(7): 'tswitch_pkg' is not declared
[ERROR (VERI-1128)] /home/rk6650/VeriTriples/malik2627research/repos_6.24/ikryukov_tiny-switch/src/cmd_decoder.sv(18): 'ADDR_WIDTH' is not declared
[ERROR (VERI-1952)] /home/rk6650/VeriTriples/malik2627research/repos_6.24/ikryukov_tiny-switch/src/cmd_decoder.sv(18): range must be bounded by constant expressions
[ERROR (VERI-1128)] /home/rk6650/VeriTriples/malik2627research/repos_6.24/ikryukov_tiny-switch/src/cmd_decoder.sv(19): 'DATA_WIDTH' is not declared
[ERROR (VERI-1952)] /home/rk6650/VeriTriples/malik2627research/repos_6.24/ikryukov_tiny-switch/src/cmd_decoder.sv(19): range must be bounded by constant expressions
[ERROR (VERI-1128)] /home/rk6650/VeriTriples/malik2627research/repos_6.24/ikryukov_tiny-switch/src/cmd_decoder.sv(24): 'ADDR_WIDTH' is not declared
[ERROR (VERI-1952)] /home/rk6650/VeriTriples/malik2627research/repos_6.24/ikryukov_tiny-switch/src/cmd_decoder.sv(24): range must be bounded by constant expressions
[ERROR (VERI-1128)] /home/rk6650/VeriTriples/malik2627research/repos_6.24/ikryukov_tiny-switch/src/cmd_decoder.sv(30): 'GROUP_ID_BITS' is not declared
[ERROR (VERI-1952)] /home/rk6650/VeriTriples/malik2627research/repos_6.24/ikryukov_tiny-switch/src/cmd_decoder.sv(30): range must be bounded by constant expressions
[ERROR (VERI-1128)] /home/rk6650/VeriTriples/malik2627research/repos_6.24/ikryukov_tiny-switch/src/cmd_decoder.sv(36): 'ADDR_WIDTH' is not declared
[ERROR (VERI-1952)] /home/rk6650/VeriTriples/malik2627research/repos_6.24/ikryukov_tiny-switch/src/cmd_decoder.sv(36): range must be bounded by constant expressions
[ERROR (VERI-1128)] /home/rk6650/VeriTriples/malik2627research/repos_6.24/ikryukov_tiny-switch/src/cmd_decoder.sv(37): 'TAG_WIDTH' is not declared
[ERROR (VERI-1952)] /home/rk6650/VeriTriples/malik2627research/repos_6.24/ikryukov_tiny-switch/src/cmd_decoder.sv(37): range must be bounded by constant expressions
[WARN (VERI-1875)] /home/rk6650/VeriTriples/malik2627research/repos_6.24/ikryukov_tiny-switch/src/cmd_decoder.sv(38): identifier 'PORT_BITS' is used before its declaration
[ERROR (VERI-1128)] /home/rk6650/VeriTriples/malik2627research/repos_6.24/ikryukov_tiny-switch/src/cmd_decoder.sv(44): 'ADDR_WIDTH' is not declared
[ERROR (VERI-1952)] /home/rk6650/VeriTriples/malik2627research/repos_6.24/ikryukov_tiny-switch/src/cmd_decoder.sv(44): range must be bounded by constant expressions
[ERROR (VERI-1128)] /home/rk6650/VeriTriples/malik2627research/repos_6.24/ikryukov_tiny-switch/src/cmd_decoder.sv(45): 'DATA_WIDTH' is not declared
[ERROR (VERI-1952)] /home/rk6650/VeriTriples/malik2627research/repos_6.24/ikryukov_tiny-switch/src/cmd_decoder.sv(45): range must be bounded by constant expressions
[ERROR (VERI-1128)] /home/rk6650/VeriTriples/malik2627research/repos_6.24/ikryukov_tiny-switch/src/cmd_decoder.sv(46): 'TAG_WIDTH' is not declared
[ERROR (VERI-1952)] /home/rk6650/VeriTriples/malik2627research/repos_6.24/ikryukov_tiny-switch/src/cmd_decoder.sv(46): range must be bounded by constant expressions
[WARN (VERI-1875)] /home/rk6650/VeriTriples/malik2627research/repos_6.24/ikryukov_tiny-switch/src/cmd_decoder.sv(47): identifier 'PORT_BITS' is used before its declaration
[INFO (VMSG-1000)] Too many errors. Further error messages will be suppressed.
Summary of errors detected:
	[ERROR (VERI-1128)] /home/rk6650/VeriTriples/malik2627research/repos_6.24/ikryukov_tiny-switch/src/cmd_decoder.sv(7): 'tswitch_pkg' is not declared
	[ERROR (VERI-1128)] /home/rk6650/VeriTriples/malik2627research/repos_6.24/ikryukov_tiny-switch/src/cmd_decoder.sv(18): 'ADDR_WIDTH' is not declared
	[ERROR (VERI-1952)] /home/rk6650/VeriTriples/malik2627research/repos_6.24/ikryukov_tiny-switch/src/cmd_decoder.sv(18): range must be bounded by constant expressions
	[ERROR (VERI-1128)] /home/rk6650/VeriTriples/malik2627research/repos_6.24/ikryukov_tiny-switch/src/cmd_decoder.sv(19): 'DATA_WIDTH' is not declared
	[ERROR (VERI-1952)] /home/rk6650/VeriTriples/malik2627research/repos_6.24/ikryukov_tiny-switch/src/cmd_decoder.sv(19): range must be bounded by constant expressions
	[ERROR (VERI-1128)] /home/rk6650/VeriTriples/malik2627research/repos_6.24/ikryukov_tiny-switch/src/cmd_decoder.sv(24): 'ADDR_WIDTH' is not declared
	[ERROR (VERI-1952)] /home/rk6650/VeriTriples/malik2627research/repos_6.24/ikryukov_tiny-switch/src/cmd_decoder.sv(24): range must be bounded by constant expressions
	[ERROR (VERI-1128)] /home/rk6650/VeriTriples/malik2627research/repos_6.24/ikryukov_tiny-switch/src/cmd_decoder.sv(30): 'GROUP_ID_BITS' is not declared
	[ERROR (VERI-1952)] /home/rk6650/VeriTriples/malik2627research/repos_6.24/ikryukov_tiny-switch/src/cmd_decoder.sv(30): range must be bounded by constant expressions
	[ERROR (VERI-1128)] /home/rk6650/VeriTriples/malik2627research/repos_6.24/ikryukov_tiny-switch/src/cmd_decoder.sv(36): 'ADDR_WIDTH' is not declared
	[ERROR (VERI-1952)] /home/rk6650/VeriTriples/malik2627research/repos_6.24/ikryukov_tiny-switch/src/cmd_decoder.sv(36): range must be bounded by constant expressions
	[ERROR (VERI-1128)] /home/rk6650/VeriTriples/malik2627research/repos_6.24/ikryukov_tiny-switch/src/cmd_decoder.sv(37): 'TAG_WIDTH' is not declared
	[ERROR (VERI-1952)] /home/rk6650/VeriTriples/malik2627research/repos_6.24/ikryukov_tiny-switch/src/cmd_decoder.sv(37): range must be bounded by constant expressions
	[ERROR (VERI-1128)] /home/rk6650/VeriTriples/malik2627research/repos_6.24/ikryukov_tiny-switch/src/cmd_decoder.sv(44): 'ADDR_WIDTH' is not declared
	[ERROR (VERI-1952)] /home/rk6650/VeriTriples/malik2627research/repos_6.24/ikryukov_tiny-switch/src/cmd_decoder.sv(44): range must be bounded by constant expressions
	[ERROR (VERI-1128)] /home/rk6650/VeriTriples/malik2627research/repos_6.24/ikryukov_tiny-switch/src/cmd_decoder.sv(45): 'DATA_WIDTH' is not declared
	[ERROR (VERI-1952)] /home/rk6650/VeriTriples/malik2627research/repos_6.24/ikryukov_tiny-switch/src/cmd_decoder.sv(45): range must be bounded by constant expressions
	[ERROR (VERI-1128)] /home/rk6650/VeriTriples/malik2627research/repos_6.24/ikryukov_tiny-switch/src/cmd_decoder.sv(46): 'TAG_WIDTH' is not declared
	[ERROR (VERI-1952)] /home/rk6650/VeriTriples/malik2627research/repos_6.24/ikryukov_tiny-switch/src/cmd_decoder.sv(46): range must be bounded by constant expressions
1
% catch { analyze -sv -incdir /home/rk6650/VeriTriples/malik2627research -incdir /home/rk6650/VeriTriples/malik2627research/src /home/rk6650/VeriTriples/malik2627research/repos_6.24/ikryukov_tiny-switch/src/multicast_engine.sv }
[-- (VERI-1482)] Analyzing Verilog file '/home/rk6650/VeriTriples/malik2627research/repos_6.24/ikryukov_tiny-switch/src/multicast_engine.sv'
[ERROR (VERI-1128)] /home/rk6650/VeriTriples/malik2627research/repos_6.24/ikryukov_tiny-switch/src/multicast_engine.sv(7): 'tswitch_pkg' is not declared
[ERROR (VERI-1128)] /home/rk6650/VeriTriples/malik2627research/repos_6.24/ikryukov_tiny-switch/src/multicast_engine.sv(18): 'ADDR_WIDTH' is not declared
[ERROR (VERI-1952)] /home/rk6650/VeriTriples/malik2627research/repos_6.24/ikryukov_tiny-switch/src/multicast_engine.sv(18): range must be bounded by constant expressions
[ERROR (VERI-1128)] /home/rk6650/VeriTriples/malik2627research/repos_6.24/ikryukov_tiny-switch/src/multicast_engine.sv(19): 'DATA_WIDTH' is not declared
[ERROR (VERI-1952)] /home/rk6650/VeriTriples/malik2627research/repos_6.24/ikryukov_tiny-switch/src/multicast_engine.sv(19): range must be bounded by constant expressions
[ERROR (VERI-1128)] /home/rk6650/VeriTriples/malik2627research/repos_6.24/ikryukov_tiny-switch/src/multicast_engine.sv(20): 'TAG_WIDTH' is not declared
[ERROR (VERI-1952)] /home/rk6650/VeriTriples/malik2627research/repos_6.24/ikryukov_tiny-switch/src/multicast_engine.sv(20): range must be bounded by constant expressions
[WARN (VERI-1875)] /home/rk6650/VeriTriples/malik2627research/repos_6.24/ikryukov_tiny-switch/src/multicast_engine.sv(21): identifier 'PORT_BITS' is used before its declaration
[ERROR (VERI-1128)] /home/rk6650/VeriTriples/malik2627research/repos_6.24/ikryukov_tiny-switch/src/multicast_engine.sv(26): 'ADDR_WIDTH' is not declared
[ERROR (VERI-1952)] /home/rk6650/VeriTriples/malik2627research/repos_6.24/ikryukov_tiny-switch/src/multicast_engine.sv(26): range must be bounded by constant expressions
[ERROR (VERI-1128)] /home/rk6650/VeriTriples/malik2627research/repos_6.24/ikryukov_tiny-switch/src/multicast_engine.sv(27): 'DATA_WIDTH' is not declared
[ERROR (VERI-1952)] /home/rk6650/VeriTriples/malik2627research/repos_6.24/ikryukov_tiny-switch/src/multicast_engine.sv(27): range must be bounded by constant expressions
[ERROR (VERI-1128)] /home/rk6650/VeriTriples/malik2627research/repos_6.24/ikryukov_tiny-switch/src/multicast_engine.sv(35): 'TAG_WIDTH' is not declared
[ERROR (VERI-1952)] /home/rk6650/VeriTriples/malik2627research/repos_6.24/ikryukov_tiny-switch/src/multicast_engine.sv(35): range must be bounded by constant expressions
[WARN (VERI-1875)] /home/rk6650/VeriTriples/malik2627research/repos_6.24/ikryukov_tiny-switch/src/multicast_engine.sv(36): identifier 'PORT_BITS' is used before its declaration
[ERROR (VERI-1128)] /home/rk6650/VeriTriples/malik2627research/repos_6.24/ikryukov_tiny-switch/src/multicast_engine.sv(50): 'ADDR_WIDTH' is not declared
[ERROR (VERI-1952)] /home/rk6650/VeriTriples/malik2627research/repos_6.24/ikryukov_tiny-switch/src/multicast_engine.sv(50): range must be bounded by constant expressions
[ERROR (VERI-1128)] /home/rk6650/VeriTriples/malik2627research/repos_6.24/ikryukov_tiny-switch/src/multicast_engine.sv(51): 'DATA_WIDTH' is not declared
[ERROR (VERI-1952)] /home/rk6650/VeriTriples/malik2627research/repos_6.24/ikryukov_tiny-switch/src/multicast_engine.sv(51): range must be bounded by constant expressions
[ERROR (VERI-1128)] /home/rk6650/VeriTriples/malik2627research/repos_6.24/ikryukov_tiny-switch/src/multicast_engine.sv(52): 'TAG_WIDTH' is not declared
[ERROR (VERI-1952)] /home/rk6650/VeriTriples/malik2627research/repos_6.24/ikryukov_tiny-switch/src/multicast_engine.sv(52): range must be bounded by constant expressions
[INFO (VMSG-1000)] Too many errors. Further error messages will be suppressed.
Summary of errors detected:
	[ERROR (VERI-1128)] /home/rk6650/VeriTriples/malik2627research/repos_6.24/ikryukov_tiny-switch/src/multicast_engine.sv(7): 'tswitch_pkg' is not declared
	[ERROR (VERI-1128)] /home/rk6650/VeriTriples/malik2627research/repos_6.24/ikryukov_tiny-switch/src/multicast_engine.sv(18): 'ADDR_WIDTH' is not declared
	[ERROR (VERI-1952)] /home/rk6650/VeriTriples/malik2627research/repos_6.24/ikryukov_tiny-switch/src/multicast_engine.sv(18): range must be bounded by constant expressions
	[ERROR (VERI-1128)] /home/rk6650/VeriTriples/malik2627research/repos_6.24/ikryukov_tiny-switch/src/multicast_engine.sv(19): 'DATA_WIDTH' is not declared
	[ERROR (VERI-1952)] /home/rk6650/VeriTriples/malik2627research/repos_6.24/ikryukov_tiny-switch/src/multicast_engine.sv(19): range must be bounded by constant expressions
	[ERROR (VERI-1128)] /home/rk6650/VeriTriples/malik2627research/repos_6.24/ikryukov_tiny-switch/src/multicast_engine.sv(20): 'TAG_WIDTH' is not declared
	[ERROR (VERI-1952)] /home/rk6650/VeriTriples/malik2627research/repos_6.24/ikryukov_tiny-switch/src/multicast_engine.sv(20): range must be bounded by constant expressions
	[ERROR (VERI-1128)] /home/rk6650/VeriTriples/malik2627research/repos_6.24/ikryukov_tiny-switch/src/multicast_engine.sv(26): 'ADDR_WIDTH' is not declared
	[ERROR (VERI-1952)] /home/rk6650/VeriTriples/malik2627research/repos_6.24/ikryukov_tiny-switch/src/multicast_engine.sv(26): range must be bounded by constant expressions
	[ERROR (VERI-1128)] /home/rk6650/VeriTriples/malik2627research/repos_6.24/ikryukov_tiny-switch/src/multicast_engine.sv(27): 'DATA_WIDTH' is not declared
	[ERROR (VERI-1952)] /home/rk6650/VeriTriples/malik2627research/repos_6.24/ikryukov_tiny-switch/src/multicast_engine.sv(27): range must be bounded by constant expressions
	[ERROR (VERI-1128)] /home/rk6650/VeriTriples/malik2627research/repos_6.24/ikryukov_tiny-switch/src/multicast_engine.sv(35): 'TAG_WIDTH' is not declared
	[ERROR (VERI-1952)] /home/rk6650/VeriTriples/malik2627research/repos_6.24/ikryukov_tiny-switch/src/multicast_engine.sv(35): range must be bounded by constant expressions
	[ERROR (VERI-1128)] /home/rk6650/VeriTriples/malik2627research/repos_6.24/ikryukov_tiny-switch/src/multicast_engine.sv(50): 'ADDR_WIDTH' is not declared
	[ERROR (VERI-1952)] /home/rk6650/VeriTriples/malik2627research/repos_6.24/ikryukov_tiny-switch/src/multicast_engine.sv(50): range must be bounded by constant expressions
	[ERROR (VERI-1128)] /home/rk6650/VeriTriples/malik2627research/repos_6.24/ikryukov_tiny-switch/src/multicast_engine.sv(51): 'DATA_WIDTH' is not declared
	[ERROR (VERI-1952)] /home/rk6650/VeriTriples/malik2627research/repos_6.24/ikryukov_tiny-switch/src/multicast_engine.sv(51): range must be bounded by constant expressions
	[ERROR (VERI-1128)] /home/rk6650/VeriTriples/malik2627research/repos_6.24/ikryukov_tiny-switch/src/multicast_engine.sv(52): 'TAG_WIDTH' is not declared
	[ERROR (VERI-1952)] /home/rk6650/VeriTriples/malik2627research/repos_6.24/ikryukov_tiny-switch/src/multicast_engine.sv(52): range must be bounded by constant expressions
1
% catch { analyze -sv -incdir /home/rk6650/VeriTriples/malik2627research -incdir /home/rk6650/VeriTriples/malik2627research/src /home/rk6650/VeriTriples/malik2627research/repos_6.24/ikryukov_tiny-switch/src/parallel_issuer.sv }
[-- (VERI-1482)] Analyzing Verilog file '/home/rk6650/VeriTriples/malik2627research/repos_6.24/ikryukov_tiny-switch/src/parallel_issuer.sv'
[ERROR (VERI-1128)] /home/rk6650/VeriTriples/malik2627research/repos_6.24/ikryukov_tiny-switch/src/parallel_issuer.sv(9): 'tswitch_pkg' is not declared
[ERROR (VERI-1072)] /home/rk6650/VeriTriples/malik2627research/repos_6.24/ikryukov_tiny-switch/src/parallel_issuer.sv(101): module 'parallel_issuer' ignored due to previous errors
Summary of errors detected:
	[ERROR (VERI-1128)] /home/rk6650/VeriTriples/malik2627research/repos_6.24/ikryukov_tiny-switch/src/parallel_issuer.sv(9): 'tswitch_pkg' is not declared
	[ERROR (VERI-1072)] /home/rk6650/VeriTriples/malik2627research/repos_6.24/ikryukov_tiny-switch/src/parallel_issuer.sv(101): module 'parallel_issuer' ignored due to previous errors
1
% catch { analyze -sv -incdir /home/rk6650/VeriTriples/malik2627research -incdir /home/rk6650/VeriTriples/malik2627research/src /home/rk6650/VeriTriples/malik2627research/repos_6.24/ikryukov_tiny-switch/src/read_requester.sv }
[-- (VERI-1482)] Analyzing Verilog file '/home/rk6650/VeriTriples/malik2627research/repos_6.24/ikryukov_tiny-switch/src/read_requester.sv'
[ERROR (VERI-1128)] /home/rk6650/VeriTriples/malik2627research/repos_6.24/ikryukov_tiny-switch/src/read_requester.sv(7): 'tswitch_pkg' is not declared
[ERROR (VERI-1128)] /home/rk6650/VeriTriples/malik2627research/repos_6.24/ikryukov_tiny-switch/src/read_requester.sv(18): 'ADDR_WIDTH' is not declared
[ERROR (VERI-1952)] /home/rk6650/VeriTriples/malik2627research/repos_6.24/ikryukov_tiny-switch/src/read_requester.sv(18): range must be bounded by constant expressions
[ERROR (VERI-1128)] /home/rk6650/VeriTriples/malik2627research/repos_6.24/ikryukov_tiny-switch/src/read_requester.sv(19): 'TAG_WIDTH' is not declared
[ERROR (VERI-1952)] /home/rk6650/VeriTriples/malik2627research/repos_6.24/ikryukov_tiny-switch/src/read_requester.sv(19): range must be bounded by constant expressions
[WARN (VERI-1875)] /home/rk6650/VeriTriples/malik2627research/repos_6.24/ikryukov_tiny-switch/src/read_requester.sv(20): identifier 'PORT_BITS' is used before its declaration
[ERROR (VERI-1128)] /home/rk6650/VeriTriples/malik2627research/repos_6.24/ikryukov_tiny-switch/src/read_requester.sv(25): 'ADDR_WIDTH' is not declared
[ERROR (VERI-1952)] /home/rk6650/VeriTriples/malik2627research/repos_6.24/ikryukov_tiny-switch/src/read_requester.sv(25): range must be bounded by constant expressions
[ERROR (VERI-1128)] /home/rk6650/VeriTriples/malik2627research/repos_6.24/ikryukov_tiny-switch/src/read_requester.sv(31): 'TAG_WIDTH' is not declared
[ERROR (VERI-1952)] /home/rk6650/VeriTriples/malik2627research/repos_6.24/ikryukov_tiny-switch/src/read_requester.sv(31): range must be bounded by constant expressions
[WARN (VERI-1875)] /home/rk6650/VeriTriples/malik2627research/repos_6.24/ikryukov_tiny-switch/src/read_requester.sv(32): identifier 'PORT_BITS' is used before its declaration
[ERROR (VERI-1128)] /home/rk6650/VeriTriples/malik2627research/repos_6.24/ikryukov_tiny-switch/src/read_requester.sv(47): 'ADDR_WIDTH' is not declared
[ERROR (VERI-1952)] /home/rk6650/VeriTriples/malik2627research/repos_6.24/ikryukov_tiny-switch/src/read_requester.sv(47): range must be bounded by constant expressions
[ERROR (VERI-1128)] /home/rk6650/VeriTriples/malik2627research/repos_6.24/ikryukov_tiny-switch/src/read_requester.sv(48): 'TAG_WIDTH' is not declared
[ERROR (VERI-1952)] /home/rk6650/VeriTriples/malik2627research/repos_6.24/ikryukov_tiny-switch/src/read_requester.sv(48): range must be bounded by constant expressions
[ERROR (VERI-1128)] /home/rk6650/VeriTriples/malik2627research/repos_6.24/ikryukov_tiny-switch/src/read_requester.sv(58): 'REQ_IDLE' is not declared
[ERROR (VERI-1128)] /home/rk6650/VeriTriples/malik2627research/repos_6.24/ikryukov_tiny-switch/src/read_requester.sv(74): 'REQ_IDLE' is not declared
[ERROR (VERI-1128)] /home/rk6650/VeriTriples/malik2627research/repos_6.24/ikryukov_tiny-switch/src/read_requester.sv(75): 'REQ_DONE' is not declared
[ERROR (VERI-1128)] /home/rk6650/VeriTriples/malik2627research/repos_6.24/ikryukov_tiny-switch/src/read_requester.sv(80): 'REQ_IDLE' is not declared
[ERROR (VERI-1128)] /home/rk6650/VeriTriples/malik2627research/repos_6.24/ikryukov_tiny-switch/src/read_requester.sv(87): 'REQ_IDLE' is not declared
[ERROR (VERI-1128)] /home/rk6650/VeriTriples/malik2627research/repos_6.24/ikryukov_tiny-switch/src/read_requester.sv(93): 'REQ_ISSUING' is not declared
[INFO (VMSG-1000)] Too many errors. Further error messages will be suppressed.
Summary of errors detected:
	[ERROR (VERI-1128)] /home/rk6650/VeriTriples/malik2627research/repos_6.24/ikryukov_tiny-switch/src/read_requester.sv(7): 'tswitch_pkg' is not declared
	[ERROR (VERI-1128)] /home/rk6650/VeriTriples/malik2627research/repos_6.24/ikryukov_tiny-switch/src/read_requester.sv(18): 'ADDR_WIDTH' is not declared
	[ERROR (VERI-1952)] /home/rk6650/VeriTriples/malik2627research/repos_6.24/ikryukov_tiny-switch/src/read_requester.sv(18): range must be bounded by constant expressions
	[ERROR (VERI-1128)] /home/rk6650/VeriTriples/malik2627research/repos_6.24/ikryukov_tiny-switch/src/read_requester.sv(19): 'TAG_WIDTH' is not declared
	[ERROR (VERI-1952)] /home/rk6650/VeriTriples/malik2627research/repos_6.24/ikryukov_tiny-switch/src/read_requester.sv(19): range must be bounded by constant expressions
	[ERROR (VERI-1128)] /home/rk6650/VeriTriples/malik2627research/repos_6.24/ikryukov_tiny-switch/src/read_requester.sv(25): 'ADDR_WIDTH' is not declared
	[ERROR (VERI-1952)] /home/rk6650/VeriTriples/malik2627research/repos_6.24/ikryukov_tiny-switch/src/read_requester.sv(25): range must be bounded by constant expressions
	[ERROR (VERI-1128)] /home/rk6650/VeriTriples/malik2627research/repos_6.24/ikryukov_tiny-switch/src/read_requester.sv(31): 'TAG_WIDTH' is not declared
	[ERROR (VERI-1952)] /home/rk6650/VeriTriples/malik2627research/repos_6.24/ikryukov_tiny-switch/src/read_requester.sv(31): range must be bounded by constant expressions
	[ERROR (VERI-1128)] /home/rk6650/VeriTriples/malik2627research/repos_6.24/ikryukov_tiny-switch/src/read_requester.sv(47): 'ADDR_WIDTH' is not declared
	[ERROR (VERI-1952)] /home/rk6650/VeriTriples/malik2627research/repos_6.24/ikryukov_tiny-switch/src/read_requester.sv(47): range must be bounded by constant expressions
	[ERROR (VERI-1128)] /home/rk6650/VeriTriples/malik2627research/repos_6.24/ikryukov_tiny-switch/src/read_requester.sv(48): 'TAG_WIDTH' is not declared
	[ERROR (VERI-1952)] /home/rk6650/VeriTriples/malik2627research/repos_6.24/ikryukov_tiny-switch/src/read_requester.sv(48): range must be bounded by constant expressions
	[ERROR (VERI-1128)] /home/rk6650/VeriTriples/malik2627research/repos_6.24/ikryukov_tiny-switch/src/read_requester.sv(58): 'REQ_IDLE' is not declared
	[ERROR (VERI-1128)] /home/rk6650/VeriTriples/malik2627research/repos_6.24/ikryukov_tiny-switch/src/read_requester.sv(74): 'REQ_IDLE' is not declared
	[ERROR (VERI-1128)] /home/rk6650/VeriTriples/malik2627research/repos_6.24/ikryukov_tiny-switch/src/read_requester.sv(75): 'REQ_DONE' is not declared
	[ERROR (VERI-1128)] /home/rk6650/VeriTriples/malik2627research/repos_6.24/ikryukov_tiny-switch/src/read_requester.sv(80): 'REQ_IDLE' is not declared
	[ERROR (VERI-1128)] /home/rk6650/VeriTriples/malik2627research/repos_6.24/ikryukov_tiny-switch/src/read_requester.sv(87): 'REQ_IDLE' is not declared
	[ERROR (VERI-1128)] /home/rk6650/VeriTriples/malik2627research/repos_6.24/ikryukov_tiny-switch/src/read_requester.sv(93): 'REQ_ISSUING' is not declared
1
% 
% 
%             if {[catch {elaborate -top reduction_engine} err]} {
            puts "ELAB ERROR: $err"
            exit
            }
INFO (ISW003): Top module name is "reduction_engine".
[ERROR (VERI-9029)] Module reduction_engine has not been analyzed yet
[ERROR (VDB-9017)] Module reduction_engine could not be elaborated
Summary of errors detected:
	[ERROR (VERI-9029)] Module reduction_engine has not been analyzed yet
	[ERROR (VDB-9017)] Module reduction_engine could not be elaborated
ELAB ERROR: ERROR (ENL034): 2 errors detected in the design file(s).

% INFO (IPL005): Received request to exit from the console.
INFO (IPL018): The peak resident set memory use for this session was 0.412 GB.
INFO (IPL014): Waiting for the Tcl-thread to exit.
INFO (IPL015): The Tcl-thread exited with status 0.
INFO (IPL016): Exiting the analysis session with status 0.
