JasperGold Apps 2021.03 FCS 64 bits 2021.03.23 02:50:43 UTC

Any disclosure about the Cadence Design Systems software or its use
model to any third party violates the written Non-Disclosure Agreement
between Cadence Design Systems, Inc. and the customer.

THIS SOFTWARE CONTAINS CONFIDENTIAL INFORMATION AND TRADE SECRETS OF
CADENCE DESIGN SYSTEMS, INC. USE, DISCLOSURE, OR REPRODUCTION IS
PROHIBITED WITHOUT THE PRIOR EXPRESS WRITTEN PERMISSION OF CADENCE
DESIGN SYSTEMS, INC.

Copyright (C) 2000-2021 Cadence Design Systems, Inc. All Rights
Reserved.  Unpublished -- rights reserved under the copyright laws of
the United States.

This product includes software developed by others and redistributed
according to license agreement. See doc/third_party_readme.txt for
further details.

RESTRICTED RIGHTS LEGEND

Use, duplication, or disclosure by the Government is subject to
restrictions as set forth in subparagraph (c) (1) (ii) of the Rights in
Technical Data and Computer Software clause at DFARS 252.227-7013 or
subparagraphs (c) (1) and (2) of Commercial Computer Software -- Restricted
Rights at 48 CFR 52.227-19, as applicable.


                          Cadence Design Systems, Inc. 
                          2655 Seely Avenue
                          San Jose, CA 95134
                          Phone: 408.943.1234

For technical assistance visit http://support.cadence.com.

JasperGold Apps Analysis Session - /home/rk6650/VeriTriples/malik2627research/repos_6.24/bornhorst_DDR3_Mem_Controller/jgproject/sessionLogs/session_0

INFO: successfully checked out license "jasper_fao".
INFO: reading configuration file "/home/rk6650/.config/jasper/jaspergold.conf".
% clear -all
INFO (IPF121): Cleared environment completely for new design analysis.
% 
% catch { analyze -sv -incdir /home/rk6650/VeriTriples/malik2627research -incdir /home/rk6650/VeriTriples/malik2627research/hdl/dut -incdir /home/rk6650/VeriTriples/malik2627research/hvl /home/rk6650/VeriTriples/malik2627research/repos_6.24/bornhorst_DDR3_Mem_Controller/hdl/dut/ddr3_mem_pkg.sv }
[-- (VERI-1482)] Analyzing Verilog file '/usr/licensed/cadence-20210126/jasper_2021.03/lib/verilog/packages/std/std.sv' into library 'std'
[-- (VERI-1482)] Analyzing Verilog file '/home/rk6650/VeriTriples/malik2627research/repos_6.24/bornhorst_DDR3_Mem_Controller/hdl/dut/ddr3_mem_pkg.sv'
0
% 
% catch { analyze -sv -incdir /home/rk6650/VeriTriples/malik2627research -incdir /home/rk6650/VeriTriples/malik2627research/hdl/dut -incdir /home/rk6650/VeriTriples/malik2627research/hvl /home/rk6650/VeriTriples/malik2627research/repos_6.24/bornhorst_DDR3_Mem_Controller/hdl/dut/ddr3_mem_sdram.sv }
[-- (VERI-1482)] Analyzing Verilog file '/home/rk6650/VeriTriples/malik2627research/repos_6.24/bornhorst_DDR3_Mem_Controller/hdl/dut/ddr3_mem_sdram.sv'
0
% catch { analyze -sv -incdir /home/rk6650/VeriTriples/malik2627research -incdir /home/rk6650/VeriTriples/malik2627research/hdl/dut -incdir /home/rk6650/VeriTriples/malik2627research/hvl /home/rk6650/VeriTriples/malik2627research/repos_6.24/bornhorst_DDR3_Mem_Controller/hvl/ddr3_mem_sdram.sv }
[-- (VERI-1482)] Analyzing Verilog file '/home/rk6650/VeriTriples/malik2627research/repos_6.24/bornhorst_DDR3_Mem_Controller/hvl/ddr3_mem_sdram.sv'
[WARN (VERI-1206)] /home/rk6650/VeriTriples/malik2627research/repos_6.24/bornhorst_DDR3_Mem_Controller/hvl/ddr3_mem_sdram.sv(152): overwriting previous definition of module 'ddr3_mem_sdram'
[INFO (VERI-2142)] /home/rk6650/VeriTriples/malik2627research/repos_6.24/bornhorst_DDR3_Mem_Controller/hdl/dut/ddr3_mem_sdram.sv(156): previous definition of design element 'ddr3_mem_sdram' is here
0
% catch { analyze -sv -incdir /home/rk6650/VeriTriples/malik2627research -incdir /home/rk6650/VeriTriples/malik2627research/hdl/dut -incdir /home/rk6650/VeriTriples/malik2627research/hvl /home/rk6650/VeriTriples/malik2627research/repos_6.24/bornhorst_DDR3_Mem_Controller/hdl/dut/lfsr.sv }
[-- (VERI-1482)] Analyzing Verilog file '/home/rk6650/VeriTriples/malik2627research/repos_6.24/bornhorst_DDR3_Mem_Controller/hdl/dut/lfsr.sv'
0
% catch { analyze -sv -incdir /home/rk6650/VeriTriples/malik2627research -incdir /home/rk6650/VeriTriples/malik2627research/hdl/dut -incdir /home/rk6650/VeriTriples/malik2627research/hvl /home/rk6650/VeriTriples/malik2627research/repos_6.24/bornhorst_DDR3_Mem_Controller/hdl/dut/ddr3_mem_cpu.sv }
[-- (VERI-1482)] Analyzing Verilog file '/home/rk6650/VeriTriples/malik2627research/repos_6.24/bornhorst_DDR3_Mem_Controller/hdl/dut/ddr3_mem_cpu.sv'
0
% catch { analyze -sv -incdir /home/rk6650/VeriTriples/malik2627research -incdir /home/rk6650/VeriTriples/malik2627research/hdl/dut -incdir /home/rk6650/VeriTriples/malik2627research/hvl /home/rk6650/VeriTriples/malik2627research/repos_6.24/bornhorst_DDR3_Mem_Controller/hdl/dut/ddr3_mem_cont.sv }
[-- (VERI-1482)] Analyzing Verilog file '/home/rk6650/VeriTriples/malik2627research/repos_6.24/bornhorst_DDR3_Mem_Controller/hdl/dut/ddr3_mem_cont.sv'
0
% catch { analyze -sv -incdir /home/rk6650/VeriTriples/malik2627research -incdir /home/rk6650/VeriTriples/malik2627research/hdl/dut -incdir /home/rk6650/VeriTriples/malik2627research/hvl /home/rk6650/VeriTriples/malik2627research/repos_6.24/bornhorst_DDR3_Mem_Controller/hvl/lfsr.sv }
[-- (VERI-1482)] Analyzing Verilog file '/home/rk6650/VeriTriples/malik2627research/repos_6.24/bornhorst_DDR3_Mem_Controller/hvl/lfsr.sv'
[WARN (VERI-1206)] /home/rk6650/VeriTriples/malik2627research/repos_6.24/bornhorst_DDR3_Mem_Controller/hvl/lfsr.sv(35): overwriting previous definition of module 'lfsr'
[INFO (VERI-2142)] /home/rk6650/VeriTriples/malik2627research/repos_6.24/bornhorst_DDR3_Mem_Controller/hdl/dut/lfsr.sv(35): previous definition of design element 'lfsr' is here
0
% catch { analyze -sv -incdir /home/rk6650/VeriTriples/malik2627research -incdir /home/rk6650/VeriTriples/malik2627research/hdl/dut -incdir /home/rk6650/VeriTriples/malik2627research/hvl /home/rk6650/VeriTriples/malik2627research/repos_6.24/bornhorst_DDR3_Mem_Controller/hvl/ddr3_mem_cpu.sv }
[-- (VERI-1482)] Analyzing Verilog file '/home/rk6650/VeriTriples/malik2627research/repos_6.24/bornhorst_DDR3_Mem_Controller/hvl/ddr3_mem_cpu.sv'
[WARN (VERI-1206)] /home/rk6650/VeriTriples/malik2627research/repos_6.24/bornhorst_DDR3_Mem_Controller/hvl/ddr3_mem_cpu.sv(66): overwriting previous definition of module 'ddr3_mem_cpu'
[INFO (VERI-2142)] /home/rk6650/VeriTriples/malik2627research/repos_6.24/bornhorst_DDR3_Mem_Controller/hdl/dut/ddr3_mem_cpu.sv(66): previous definition of design element 'ddr3_mem_cpu' is here
0
% catch { analyze -sv -incdir /home/rk6650/VeriTriples/malik2627research -incdir /home/rk6650/VeriTriples/malik2627research/hdl/dut -incdir /home/rk6650/VeriTriples/malik2627research/hvl /home/rk6650/VeriTriples/malik2627research/repos_6.24/bornhorst_DDR3_Mem_Controller/hvl/ddr3_mem_cont.sv }
[-- (VERI-1482)] Analyzing Verilog file '/home/rk6650/VeriTriples/malik2627research/repos_6.24/bornhorst_DDR3_Mem_Controller/hvl/ddr3_mem_cont.sv'
[WARN (VERI-1206)] /home/rk6650/VeriTriples/malik2627research/repos_6.24/bornhorst_DDR3_Mem_Controller/hvl/ddr3_mem_cont.sv(293): overwriting previous definition of module 'ddr3_mem_cont'
[INFO (VERI-2142)] /home/rk6650/VeriTriples/malik2627research/repos_6.24/bornhorst_DDR3_Mem_Controller/hdl/dut/ddr3_mem_cont.sv(293): previous definition of design element 'ddr3_mem_cont' is here
0
% 
% catch { analyze -sv -incdir /home/rk6650/VeriTriples/malik2627research -incdir /home/rk6650/VeriTriples/malik2627research/hdl/dut -incdir /home/rk6650/VeriTriples/malik2627research/hvl /home/rk6650/VeriTriples/malik2627research/repos_6.24/bornhorst_DDR3_Mem_Controller/hdl/dut/ddr3_mem_cont.sv }
[-- (VERI-1482)] Analyzing Verilog file '/home/rk6650/VeriTriples/malik2627research/repos_6.24/bornhorst_DDR3_Mem_Controller/hdl/dut/ddr3_mem_cont.sv'
[WARN (VERI-1206)] /home/rk6650/VeriTriples/malik2627research/repos_6.24/bornhorst_DDR3_Mem_Controller/hdl/dut/ddr3_mem_cont.sv(293): overwriting previous definition of module 'ddr3_mem_cont'
[INFO (VERI-2142)] /home/rk6650/VeriTriples/malik2627research/repos_6.24/bornhorst_DDR3_Mem_Controller/hvl/ddr3_mem_cont.sv(293): previous definition of design element 'ddr3_mem_cont' is here
0
% catch { analyze -sv -incdir /home/rk6650/VeriTriples/malik2627research -incdir /home/rk6650/VeriTriples/malik2627research/hdl/dut -incdir /home/rk6650/VeriTriples/malik2627research/hvl /home/rk6650/VeriTriples/malik2627research/repos_6.24/bornhorst_DDR3_Mem_Controller/hvl/ddr3_mem_cont.sv }
[-- (VERI-1482)] Analyzing Verilog file '/home/rk6650/VeriTriples/malik2627research/repos_6.24/bornhorst_DDR3_Mem_Controller/hvl/ddr3_mem_cont.sv'
[WARN (VERI-1206)] /home/rk6650/VeriTriples/malik2627research/repos_6.24/bornhorst_DDR3_Mem_Controller/hvl/ddr3_mem_cont.sv(293): overwriting previous definition of module 'ddr3_mem_cont'
[INFO (VERI-2142)] /home/rk6650/VeriTriples/malik2627research/repos_6.24/bornhorst_DDR3_Mem_Controller/hdl/dut/ddr3_mem_cont.sv(293): previous definition of design element 'ddr3_mem_cont' is here
0
% 
% 
%             if {[catch {elaborate -top ddr3_mem_cpu} err]} {
            puts "ELAB ERROR: $err"
            exit
            }
INFO (ISW003): Top module name is "ddr3_mem_cpu".
[ERROR (VERI-1128)] /home/rk6650/VeriTriples/malik2627research/repos_6.24/bornhorst_DDR3_Mem_Controller/hvl/ddr3_mem_cpu.sv(14): 'ddr3_cpu_intf' is not declared
[INFO (VERI-1018)] /home/rk6650/VeriTriples/malik2627research/repos_6.24/bornhorst_DDR3_Mem_Controller/hvl/lfsr.sv(9): compiling module 'lfsr'
[WARN (VERI-1209)] /home/rk6650/VeriTriples/malik2627research/repos_6.24/bornhorst_DDR3_Mem_Controller/hvl/lfsr.sv(32): expression size 65 truncated to fit in target size 64
[INFO (VERI-8000)] /home/rk6650/VeriTriples/malik2627research/repos_6.24/bornhorst_DDR3_Mem_Controller/hvl/ddr3_mem_cpu.sv(14): Creating net ddr3_cpu_intf.cpu_to_cont
[ERROR (VDB-9017)] Module ddr3_mem_cpu could not be elaborated
Summary of errors detected:
	[ERROR (VERI-1128)] /home/rk6650/VeriTriples/malik2627research/repos_6.24/bornhorst_DDR3_Mem_Controller/hvl/ddr3_mem_cpu.sv(14): 'ddr3_cpu_intf' is not declared
	[ERROR (VDB-9017)] Module ddr3_mem_cpu could not be elaborated
ELAB ERROR: ERROR (ENL034): 2 errors detected in the design file(s).

% INFO (IPL005): Received request to exit from the console.
INFO (IPL018): The peak resident set memory use for this session was 0.413 GB.
INFO (IPL014): Waiting for the Tcl-thread to exit.
INFO (IPL015): The Tcl-thread exited with status 0.
INFO (IPL016): Exiting the analysis session with status 0.
